#
# There is insufficient memory for the Java Runtime Environment to continue.
# Native memory allocation (mmap) failed to map 165675008 bytes for G1 virtual space
# Possible reasons:
#   The system is out of physical RAM or swap space
#   The process is running with CompressedOops enabled, and the Java Heap may be blocking the growth of the native heap
# Possible solutions:
#   Reduce memory load on the system
#   Increase physical memory or swap space
#   Check if swap backing store is full
#   Decrease Java heap size (-Xmx/-Xms)
#   Decrease number of Java threads
#   Decrease Java thread stack sizes (-Xss)
#   Set larger code cache with -XX:ReservedCodeCacheSize=
#   JVM is running with Unscaled Compressed Oops mode in which the Java heap is
#     placed in the first 4GB address space. The Java Heap base address is the
#     maximum limit for the native heap growth. Please use -XX:HeapBaseMinAddress
#     to set the Java Heap base and to place the Java Heap above 4GB virtual address.
# This output file may be truncated or incomplete.
#
#  Out of Memory Error (os_windows.cpp:3535), pid=12540, tid=24948
#
# JRE version: OpenJDK Runtime Environment Temurin-17.0.3+7 (17.0.3+7) (build 17.0.3+7)
# Java VM: OpenJDK 64-Bit Server VM Temurin-17.0.3+7 (17.0.3+7, mixed mode, emulated-client, tiered, compressed oops, compressed class ptrs, g1 gc, windows-amd64)
# No core dump will be written. Minidumps are not enabled by default on client versions of Windows
#

---------------  S U M M A R Y ------------

Command Line: --add-modules=ALL-SYSTEM --add-exports=jdk.compiler/com.sun.tools.javac.file=ALL-UNNAMED --add-exports=jdk.compiler/com.sun.tools.javac.util=ALL-UNNAMED --add-exports=jdk.compiler/com.sun.tools.javac.comp=ALL-UNNAMED --add-exports=jdk.compiler/com.sun.tools.javac.main=ALL-UNNAMED --add-exports=jdk.compiler/com.sun.tools.javac.tree=ALL-UNNAMED --add-exports=jdk.compiler/com.sun.tools.javac.code=ALL-UNNAMED -Dsts.lsp.client=vscode -Dsts.log.file=/dev/null -XX:TieredStopAtLevel=1 -Dspring.config.location=file:c:\Users\user\.vscode\extensions\pivotal.vscode-spring-boot-1.35.0\language-server\BOOT-INF\classes\application.properties org.springframework.ide.vscode.boot.app.BootLanguageServerBootApp

Host: Intel(R) Pentium(R) CPU 4415U @ 2.30GHz, 4 cores, 3G,  Windows 10 , 64 bit Build 19041 (10.0.19041.1706)
Time: Fri Jun 17 16:56:10 2022  Windows 10 , 64 bit Build 19041 (10.0.19041.1706) elapsed time: 26.780882 seconds (0d 0h 0m 26s)

---------------  T H R E A D  ---------------

Current thread (0x0000026de87502e0):  VMThread "VM Thread" [stack: 0x0000007ec4800000,0x0000007ec4900000] [id=24948]

Stack: [0x0000007ec4800000,0x0000007ec4900000]
Native frames: (J=compiled Java code, j=interpreted, Vv=VM code, C=native code)
V  [jvm.dll+0x675efa]
V  [jvm.dll+0x830a24]
V  [jvm.dll+0x8321ce]
V  [jvm.dll+0x832833]
V  [jvm.dll+0x2454b5]
V  [jvm.dll+0x672de9]
V  [jvm.dll+0x667732]
V  [jvm.dll+0x3043ab]
V  [jvm.dll+0x30b8f6]
V  [jvm.dll+0x35b62e]
V  [jvm.dll+0x35b85f]
V  [jvm.dll+0x2db248]
V  [jvm.dll+0x2d94fc]
V  [jvm.dll+0x2d8acc]
V  [jvm.dll+0x31ca2b]
V  [jvm.dll+0x836cdb]
V  [jvm.dll+0x837a14]
V  [jvm.dll+0x837f2c]
V  [jvm.dll+0x838304]
V  [jvm.dll+0x8383d0]
V  [jvm.dll+0x7e0cfa]
V  [jvm.dll+0x674d85]
C  [ucrtbase.dll+0x21bb2]
C  [KERNEL32.DLL+0x17034]
C  [ntdll.dll+0x52651]

VM_Operation (0x0000007ec61fe5f0): G1CollectForAllocation, mode: safepoint, requested by thread 0x0000026deae1ec60


---------------  P R O C E S S  ---------------

Threads class SMR info:
_java_thread_list=0x0000026deb02b540, length=32, elements={
0x0000026de8793740, 0x0000026de87945b0, 0x0000026de87f1550, 0x0000026de87c2140,
0x0000026de87c2af0, 0x0000026de87c34a0, 0x0000026de87c45f0, 0x0000026de87c66a0,
0x0000026de873d3d0, 0x0000026de96377e0, 0x0000026deae1f130, 0x0000026deae1b770,
0x0000026deae1cab0, 0x0000026deae1bc40, 0x0000026deae1c110, 0x0000026deae1c5e0,
0x0000026deae1cf80, 0x0000026deae1d450, 0x0000026deae1e790, 0x0000026deae1d920,
0x0000026deae1ec60, 0x0000026deae1ddf0, 0x0000026deae1e2c0, 0x0000026deaeaaa10,
0x0000026deaea4ea0, 0x0000026deaea9ba0, 0x0000026deaea9200, 0x0000026deaeaa070,
0x0000026deaea7ec0, 0x0000026deaea8390, 0x0000026deaeaaee0, 0x0000026deaeaa540
}

Java Threads: ( => current thread )
  0x0000026de8793740 JavaThread "Reference Handler" daemon [_thread_blocked, id=4000, stack(0x0000007ec4900000,0x0000007ec4a00000)]
  0x0000026de87945b0 JavaThread "Finalizer" daemon [_thread_blocked, id=1392, stack(0x0000007ec4a00000,0x0000007ec4b00000)]
  0x0000026de87f1550 JavaThread "Signal Dispatcher" daemon [_thread_blocked, id=24260, stack(0x0000007ec4b00000,0x0000007ec4c00000)]
  0x0000026de87c2140 JavaThread "Attach Listener" daemon [_thread_blocked, id=26672, stack(0x0000007ec4c00000,0x0000007ec4d00000)]
  0x0000026de87c2af0 JavaThread "Service Thread" daemon [_thread_blocked, id=2464, stack(0x0000007ec4d00000,0x0000007ec4e00000)]
  0x0000026de87c34a0 JavaThread "Monitor Deflation Thread" daemon [_thread_blocked, id=24640, stack(0x0000007ec4e00000,0x0000007ec4f00000)]
  0x0000026de87c45f0 JavaThread "C1 CompilerThread0" daemon [_thread_blocked, id=28844, stack(0x0000007ec4f00000,0x0000007ec5000000)]
  0x0000026de87c66a0 JavaThread "Sweeper thread" daemon [_thread_blocked, id=28404, stack(0x0000007ec5000000,0x0000007ec5100000)]
  0x0000026de873d3d0 JavaThread "Common-Cleaner" daemon [_thread_blocked, id=25204, stack(0x0000007ec5100000,0x0000007ec5200000)]
  0x0000026de96377e0 JavaThread "Notification Thread" daemon [_thread_blocked, id=28004, stack(0x0000007ec5300000,0x0000007ec5400000)]
  0x0000026deae1f130 JavaThread "ForkJoinPool.commonPool-worker-1" daemon [_thread_blocked, id=25264, stack(0x0000007ec5200000,0x0000007ec5300000)]
  0x0000026deae1b770 JavaThread "pool-7-thread-1" [_thread_blocked, id=22260, stack(0x0000007ec5900000,0x0000007ec5a00000)]
  0x0000026deae1cab0 JavaThread "LanguageServerApp-lifecycle" [_thread_blocked, id=34176, stack(0x0000007ec5a00000,0x0000007ec5b00000)]
  0x0000026deae1bc40 JavaThread "DestroyJavaVM" [_thread_blocked, id=29488, stack(0x0000007ec4200000,0x0000007ec4300000)]
  0x0000026deae1c110 JavaThread "ClassGraph-worker-0" daemon [_thread_blocked, id=22688, stack(0x0000007ec5b00000,0x0000007ec5c00000)]
  0x0000026deae1c5e0 JavaThread "ClassGraph-worker-1" daemon [_thread_blocked, id=28588, stack(0x0000007ec5c00000,0x0000007ec5d00000)]
  0x0000026deae1cf80 JavaThread "ClassGraph-worker-2" daemon [_thread_blocked, id=25380, stack(0x0000007ec5d00000,0x0000007ec5e00000)]
  0x0000026deae1d450 JavaThread "ClassGraph-worker-3" daemon [_thread_blocked, id=23364, stack(0x0000007ec5e00000,0x0000007ec5f00000)]
  0x0000026deae1e790 JavaThread "ClassGraph-worker-4" daemon [_thread_blocked, id=21000, stack(0x0000007ec5f00000,0x0000007ec6000000)]
  0x0000026deae1d920 JavaThread "ClassGraph-worker-5" daemon [_thread_blocked, id=33024, stack(0x0000007ec6000000,0x0000007ec6100000)]
  0x0000026deae1ec60 JavaThread "ClassGraph-worker-6" daemon [_thread_blocked, id=10716, stack(0x0000007ec6100000,0x0000007ec6200000)]
  0x0000026deae1ddf0 JavaThread "ClassGraph-worker-7" daemon [_thread_blocked, id=20972, stack(0x0000007ec6200000,0x0000007ec6300000)]
  0x0000026deae1e2c0 JavaThread "pool-8-thread-1" [_thread_in_native, id=12452, stack(0x0000007ec6300000,0x0000007ec6400000)]
  0x0000026deaeaaa10 JavaThread "Simple-Language-Server main thread" daemon [_thread_blocked, id=20692, stack(0x0000007ec6500000,0x0000007ec6600000)]
  0x0000026deaea4ea0 JavaThread "pool-5-thread-1" [_thread_blocked, id=14856, stack(0x0000007ec6600000,0x0000007ec6700000)]
  0x0000026deaea9ba0 JavaThread "Reconciler-1" [_thread_blocked, id=29088, stack(0x0000007ec6700000,0x0000007ec6800000)]
  0x0000026deaea9200 JavaThread "pool-2-thread-1" [_thread_blocked, id=22592, stack(0x0000007ec6800000,0x0000007ec6900000)]
  0x0000026deaeaa070 JavaThread "ForkJoinPool.commonPool-worker-2" daemon [_thread_blocked, id=15312, stack(0x0000007ec6900000,0x0000007ec6a00000)]
  0x0000026deaea7ec0 JavaThread "pool-2-thread-2" [_thread_blocked, id=8644, stack(0x0000007ec6a00000,0x0000007ec6b00000)]
  0x0000026deaea8390 JavaThread "pool-2-thread-3" [_thread_blocked, id=26796, stack(0x0000007ec6b00000,0x0000007ec6c00000)]
  0x0000026deaeaaee0 JavaThread "pool-2-thread-4" [_thread_blocked, id=25232, stack(0x0000007ec6c00000,0x0000007ec6d00000)]
  0x0000026deaeaa540 JavaThread "parallel-1" daemon [_thread_blocked, id=27188, stack(0x0000007ec6d00000,0x0000007ec6e00000)]

Other Threads:
=>0x0000026de87502e0 VMThread "VM Thread" [stack: 0x0000007ec4800000,0x0000007ec4900000] [id=24948]
  0x0000026de9639cc0 WatcherThread [stack: 0x0000007ec5400000,0x0000007ec5500000] [id=21200]
  0x0000026dde356660 GCTaskThread "GC Thread#0" [stack: 0x0000007ec4300000,0x0000007ec4400000] [id=876]
  0x0000026de9d047e0 GCTaskThread "GC Thread#1" [stack: 0x0000007ec5500000,0x0000007ec5600000] [id=19060]
  0x0000026de9ea58d0 GCTaskThread "GC Thread#2" [stack: 0x0000007ec5600000,0x0000007ec5700000] [id=22036]
  0x0000026de9ea5b80 GCTaskThread "GC Thread#3" [stack: 0x0000007ec5700000,0x0000007ec5800000] [id=31048]
  0x0000026dde35f320 ConcurrentGCThread "G1 Main Marker" [stack: 0x0000007ec4400000,0x0000007ec4500000] [id=22868]
  0x0000026dde35fd30 ConcurrentGCThread "G1 Conc#0" [stack: 0x0000007ec4500000,0x0000007ec4600000] [id=8424]
  0x0000026dde3add80 ConcurrentGCThread "G1 Refine#0" [stack: 0x0000007ec4600000,0x0000007ec4700000] [id=28272]
  0x0000026deb03f720 ConcurrentGCThread "G1 Refine#1" [stack: 0x0000007ec6400000,0x0000007ec6500000] [id=25512]
  0x0000026dde3ae7a0 ConcurrentGCThread "G1 Service" [stack: 0x0000007ec4700000,0x0000007ec4800000] [id=20452]

Threads with active compile tasks:

VM state: at safepoint (normal execution)

VM Mutex/Monitor currently owned by a thread:  ([mutex/lock_event])
[0x0000026ddc0e7b60] Threads_lock - owner thread: 0x0000026de87502e0
[0x0000026dde317be0] Heap_lock - owner thread: 0x0000026deae1ec60

Heap address: 0x00000000c1400000, size: 1004 MB, Compressed Oops mode: 32-bit

CDS archive(s) not mapped
Compressed class space mapped at: 0x0000000100000000-0x0000000140000000, reserved size: 1073741824
Narrow klass base: 0x0000000000000000, Narrow klass shift: 3, Narrow klass range: 0x140000000

GC Precious Log:
 CPUs: 4 total, 4 available
 Memory: 4009M
 Large Page Support: Disabled
 NUMA Support: Disabled
 Compressed Oops: Enabled (32-bit)
 Heap Region Size: 1M
 Heap Min Capacity: 8M
 Heap Initial Capacity: 64M
 Heap Max Capacity: 1004M
 Pre-touch: Disabled
 Parallel Workers: 4
 Concurrent Workers: 1
 Concurrent Refinement Workers: 4
 Periodic GC: Disabled

Heap:
 garbage-first heap   total 222208K, used 88336K [0x00000000c1400000, 0x0000000100000000)
  region size 1024K, 9 young (9216K), 9 survivors (9216K)
 Metaspace       used 34313K, committed 34688K, reserved 1081344K
  class space    used 4460K, committed 4608K, reserved 1048576K

Heap Regions: E=young(eden), S=young(survivor), O=old, HS=humongous(starts), HC=humongous(continues), CS=collection set, F=free, OA=open archive, CA=closed archive, TAMS=top-at-mark-start (previous, next)
|   0|0x00000000c1400000, 0x00000000c1500000, 0x00000000c1500000|100%| O|  |TAMS 0x00000000c1500000, 0x00000000c1400000| Untracked 
|   1|0x00000000c1500000, 0x00000000c1600000, 0x00000000c1600000|100%| O|  |TAMS 0x00000000c1500000, 0x00000000c1500000| Untracked 
|   2|0x00000000c1600000, 0x00000000c1700000, 0x00000000c1700000|100%| O|  |TAMS 0x00000000c1700000, 0x00000000c1600000| Untracked 
|   3|0x00000000c1700000, 0x00000000c1800000, 0x00000000c1800000|100%| O|  |TAMS 0x00000000c1800000, 0x00000000c1700000| Untracked 
|   4|0x00000000c1800000, 0x00000000c1900000, 0x00000000c1900000|100%| O|  |TAMS 0x00000000c1900000, 0x00000000c1800000| Untracked 
|   5|0x00000000c1900000, 0x00000000c1a00000, 0x00000000c1a00000|100%| O|  |TAMS 0x00000000c1a00000, 0x00000000c1900000| Untracked 
|   6|0x00000000c1a00000, 0x00000000c1b00000, 0x00000000c1b00000|100%| O|  |TAMS 0x00000000c1b00000, 0x00000000c1a00000| Untracked 
|   7|0x00000000c1b00000, 0x00000000c1c00000, 0x00000000c1c00000|100%| O|  |TAMS 0x00000000c1c00000, 0x00000000c1b00000| Untracked 
|   8|0x00000000c1c00000, 0x00000000c1d00000, 0x00000000c1d00000|100%| O|  |TAMS 0x00000000c1d00000, 0x00000000c1c00000| Untracked 
|   9|0x00000000c1d00000, 0x00000000c1e00000, 0x00000000c1e00000|100%| O|  |TAMS 0x00000000c1e00000, 0x00000000c1d00000| Untracked 
|  10|0x00000000c1e00000, 0x00000000c1f00000, 0x00000000c1f00000|100%| O|  |TAMS 0x00000000c1f00000, 0x00000000c1e00000| Untracked 
|  11|0x00000000c1f00000, 0x00000000c2000000, 0x00000000c2000000|100%| O|  |TAMS 0x00000000c2000000, 0x00000000c1f00000| Untracked 
|  12|0x00000000c2000000, 0x00000000c2100000, 0x00000000c2100000|100%| O|  |TAMS 0x00000000c2100000, 0x00000000c2000000| Untracked 
|  13|0x00000000c2100000, 0x00000000c2200000, 0x00000000c2200000|100%| O|  |TAMS 0x00000000c2200000, 0x00000000c2100000| Untracked 
|  14|0x00000000c2200000, 0x00000000c2300000, 0x00000000c2300000|100%| O|  |TAMS 0x00000000c2300000, 0x00000000c2200000| Untracked 
|  15|0x00000000c2300000, 0x00000000c2400000, 0x00000000c2400000|100%| O|  |TAMS 0x00000000c2400000, 0x00000000c2300000| Untracked 
|  16|0x00000000c2400000, 0x00000000c2500000, 0x00000000c2500000|100%| O|  |TAMS 0x00000000c2500000, 0x00000000c2400000| Untracked 
|  17|0x00000000c2500000, 0x00000000c2600000, 0x00000000c2600000|100%| O|  |TAMS 0x00000000c2600000, 0x00000000c2500000| Untracked 
|  18|0x00000000c2600000, 0x00000000c2700000, 0x00000000c2700000|100%| O|  |TAMS 0x00000000c2700000, 0x00000000c2600000| Untracked 
|  19|0x00000000c2700000, 0x00000000c2800000, 0x00000000c2800000|100%| O|  |TAMS 0x00000000c2800000, 0x00000000c2700000| Untracked 
|  20|0x00000000c2800000, 0x00000000c2900000, 0x00000000c2900000|100%| O|  |TAMS 0x00000000c2900000, 0x00000000c2800000| Untracked 
|  21|0x00000000c2900000, 0x00000000c2a00000, 0x00000000c2a00000|100%| O|  |TAMS 0x00000000c2a00000, 0x00000000c2900000| Untracked 
|  22|0x00000000c2a00000, 0x00000000c2b00000, 0x00000000c2b00000|100%| O|  |TAMS 0x00000000c2b00000, 0x00000000c2a00000| Untracked 
|  23|0x00000000c2b00000, 0x00000000c2c00000, 0x00000000c2c00000|100%| O|  |TAMS 0x00000000c2c00000, 0x00000000c2b00000| Untracked 
|  24|0x00000000c2c00000, 0x00000000c2d00000, 0x00000000c2d00000|100%| O|  |TAMS 0x00000000c2d00000, 0x00000000c2c00000| Untracked 
|  25|0x00000000c2d00000, 0x00000000c2e00000, 0x00000000c2e00000|100%| O|  |TAMS 0x00000000c2e00000, 0x00000000c2d00000| Untracked 
|  26|0x00000000c2e00000, 0x00000000c2f00000, 0x00000000c2f00000|100%| O|  |TAMS 0x00000000c2f00000, 0x00000000c2e00000| Untracked 
|  27|0x00000000c2f00000, 0x00000000c3000000, 0x00000000c3000000|100%| O|  |TAMS 0x00000000c3000000, 0x00000000c2f00000| Untracked 
|  28|0x00000000c3000000, 0x00000000c3100000, 0x00000000c3100000|100%| O|  |TAMS 0x00000000c3100000, 0x00000000c3000000| Untracked 
|  29|0x00000000c3100000, 0x00000000c3200000, 0x00000000c3200000|100%| O|  |TAMS 0x00000000c3200000, 0x00000000c3100000| Untracked 
|  30|0x00000000c3200000, 0x00000000c3300000, 0x00000000c3300000|100%| O|  |TAMS 0x00000000c3300000, 0x00000000c3200000| Untracked 
|  31|0x00000000c3300000, 0x00000000c3400000, 0x00000000c3400000|100%| O|  |TAMS 0x00000000c3400000, 0x00000000c3300000| Untracked 
|  32|0x00000000c3400000, 0x00000000c3500000, 0x00000000c3500000|100%| O|  |TAMS 0x00000000c3400000, 0x00000000c3400000| Untracked 
|  33|0x00000000c3500000, 0x00000000c3600000, 0x00000000c3600000|100%| O|  |TAMS 0x00000000c3600000, 0x00000000c3500000| Untracked 
|  34|0x00000000c3600000, 0x00000000c3700000, 0x00000000c3700000|100%| O|  |TAMS 0x00000000c3700000, 0x00000000c3600000| Untracked 
|  35|0x00000000c3700000, 0x00000000c3800000, 0x00000000c3800000|100%| O|  |TAMS 0x00000000c3800000, 0x00000000c3700000| Untracked 
|  36|0x00000000c3800000, 0x00000000c3900000, 0x00000000c3900000|100%| O|  |TAMS 0x00000000c3900000, 0x00000000c3800000| Untracked 
|  37|0x00000000c3900000, 0x00000000c3a00000, 0x00000000c3a00000|100%| O|  |TAMS 0x00000000c3a00000, 0x00000000c3900000| Untracked 
|  38|0x00000000c3a00000, 0x00000000c3b00000, 0x00000000c3b00000|100%| O|  |TAMS 0x00000000c3b00000, 0x00000000c3a00000| Untracked 
|  39|0x00000000c3b00000, 0x00000000c3c00000, 0x00000000c3c00000|100%| O|  |TAMS 0x00000000c3c00000, 0x00000000c3b00000| Untracked 
|  40|0x00000000c3c00000, 0x00000000c3d00000, 0x00000000c3d00000|100%| O|  |TAMS 0x00000000c3d00000, 0x00000000c3c00000| Untracked 
|  41|0x00000000c3d00000, 0x00000000c3e00000, 0x00000000c3e00000|100%| O|  |TAMS 0x00000000c3e00000, 0x00000000c3d00000| Untracked 
|  42|0x00000000c3e00000, 0x00000000c3f00000, 0x00000000c3f00000|100%| O|  |TAMS 0x00000000c3f00000, 0x00000000c3e00000| Untracked 
|  43|0x00000000c3f00000, 0x00000000c4000000, 0x00000000c4000000|100%| O|  |TAMS 0x00000000c4000000, 0x00000000c3f00000| Untracked 
|  44|0x00000000c4000000, 0x00000000c4100000, 0x00000000c4100000|100%| O|  |TAMS 0x00000000c400e800, 0x00000000c4000000| Untracked 
|  45|0x00000000c4100000, 0x00000000c4200000, 0x00000000c4200000|100%| O|  |TAMS 0x00000000c4100000, 0x00000000c4100000| Untracked 
|  46|0x00000000c4200000, 0x00000000c4300000, 0x00000000c4300000|100%| O|  |TAMS 0x00000000c4200000, 0x00000000c4200000| Untracked 
|  47|0x00000000c4300000, 0x00000000c4400000, 0x00000000c4400000|100%| O|  |TAMS 0x00000000c4300000, 0x00000000c4300000| Untracked 
|  48|0x00000000c4400000, 0x00000000c4500000, 0x00000000c4500000|100%| O|  |TAMS 0x00000000c4400000, 0x00000000c4400000| Untracked 
|  49|0x00000000c4500000, 0x00000000c4600000, 0x00000000c4600000|100%| O|  |TAMS 0x00000000c4500000, 0x00000000c4500000| Untracked 
|  50|0x00000000c4600000, 0x00000000c4700000, 0x00000000c4700000|100%| O|  |TAMS 0x00000000c4600000, 0x00000000c4600000| Untracked 
|  51|0x00000000c4700000, 0x00000000c4800000, 0x00000000c4800000|100%| O|  |TAMS 0x00000000c4700000, 0x00000000c4700000| Untracked 
|  52|0x00000000c4800000, 0x00000000c4900000, 0x00000000c4900000|100%| O|  |TAMS 0x00000000c4800000, 0x00000000c4800000| Untracked 
|  53|0x00000000c4900000, 0x00000000c4a00000, 0x00000000c4a00000|100%| O|  |TAMS 0x00000000c4900000, 0x00000000c4900000| Untracked 
|  54|0x00000000c4a00000, 0x00000000c4b00000, 0x00000000c4b00000|100%| O|  |TAMS 0x00000000c4a00000, 0x00000000c4a00000| Untracked 
|  55|0x00000000c4b00000, 0x00000000c4c00000, 0x00000000c4c00000|100%| O|  |TAMS 0x00000000c4b00000, 0x00000000c4b00000| Untracked 
|  56|0x00000000c4c00000, 0x00000000c4d00000, 0x00000000c4d00000|100%| O|  |TAMS 0x00000000c4c00000, 0x00000000c4c00000| Untracked 
|  57|0x00000000c4d00000, 0x00000000c4e00000, 0x00000000c4e00000|100%| O|  |TAMS 0x00000000c4d00000, 0x00000000c4d00000| Untracked 
|  58|0x00000000c4e00000, 0x00000000c4f00000, 0x00000000c4f00000|100%| O|  |TAMS 0x00000000c4e00000, 0x00000000c4e00000| Untracked 
|  59|0x00000000c4f00000, 0x00000000c5000000, 0x00000000c5000000|100%| O|  |TAMS 0x00000000c4f00000, 0x00000000c4f00000| Untracked 
|  60|0x00000000c5000000, 0x00000000c5100000, 0x00000000c5100000|100%| O|  |TAMS 0x00000000c5000000, 0x00000000c5000000| Untracked 
|  61|0x00000000c5100000, 0x00000000c5200000, 0x00000000c5200000|100%| O|  |TAMS 0x00000000c5100000, 0x00000000c5100000| Untracked 
|  62|0x00000000c5200000, 0x00000000c5300000, 0x00000000c5300000|100%| O|  |TAMS 0x00000000c5200000, 0x00000000c5200000| Untracked 
|  63|0x00000000c5300000, 0x00000000c5400000, 0x00000000c5400000|100%| O|  |TAMS 0x00000000c5300000, 0x00000000c5300000| Untracked 
|  64|0x00000000c5400000, 0x00000000c5500000, 0x00000000c5500000|100%| O|  |TAMS 0x00000000c5400000, 0x00000000c5400000| Untracked 
|  65|0x00000000c5500000, 0x00000000c5600000, 0x00000000c5600000|100%| O|  |TAMS 0x00000000c5500000, 0x00000000c5500000| Untracked 
|  66|0x00000000c5600000, 0x00000000c5700000, 0x00000000c5700000|100%| O|  |TAMS 0x00000000c5600000, 0x00000000c5600000| Untracked 
|  67|0x00000000c5700000, 0x00000000c5800000, 0x00000000c5800000|100%| O|  |TAMS 0x00000000c5700000, 0x00000000c5700000| Untracked 
|  68|0x00000000c5800000, 0x00000000c5900000, 0x00000000c5900000|100%| O|  |TAMS 0x00000000c5800000, 0x00000000c5800000| Untracked 
|  69|0x00000000c5900000, 0x00000000c5a00000, 0x00000000c5a00000|100%| O|  |TAMS 0x00000000c5900000, 0x00000000c5900000| Untracked 
|  70|0x00000000c5a00000, 0x00000000c5b00000, 0x00000000c5b00000|100%| O|  |TAMS 0x00000000c5a00000, 0x00000000c5a00000| Untracked 
|  71|0x00000000c5b00000, 0x00000000c5c00000, 0x00000000c5c00000|100%| O|  |TAMS 0x00000000c5b00000, 0x00000000c5b00000| Untracked 
|  72|0x00000000c5c00000, 0x00000000c5d00000, 0x00000000c5d00000|100%| O|  |TAMS 0x00000000c5c00000, 0x00000000c5c00000| Untracked 
|  73|0x00000000c5d00000, 0x00000000c5e00000, 0x00000000c5e00000|100%| O|  |TAMS 0x00000000c5d00000, 0x00000000c5d00000| Untracked 
|  74|0x00000000c5e00000, 0x00000000c5f00000, 0x00000000c5f00000|100%| O|  |TAMS 0x00000000c5e00000, 0x00000000c5e00000| Untracked 
|  75|0x00000000c5f00000, 0x00000000c6000000, 0x00000000c6000000|100%| O|  |TAMS 0x00000000c5f00000, 0x00000000c5f00000| Untracked 
|  76|0x00000000c6000000, 0x00000000c6100000, 0x00000000c6100000|100%| O|  |TAMS 0x00000000c6000000, 0x00000000c6000000| Untracked 
|  77|0x00000000c6100000, 0x00000000c6144200, 0x00000000c6200000| 26%| O|  |TAMS 0x00000000c6100000, 0x00000000c6100000| Untracked 
|  78|0x00000000c6200000, 0x00000000c6200000, 0x00000000c6300000|  0%| F|  |TAMS 0x00000000c6200000, 0x00000000c6200000| Untracked 
|  79|0x00000000c6300000, 0x00000000c6300000, 0x00000000c6400000|  0%| F|  |TAMS 0x00000000c6300000, 0x00000000c6300000| Untracked 
|  80|0x00000000c6400000, 0x00000000c6400000, 0x00000000c6500000|  0%| F|  |TAMS 0x00000000c6400000, 0x00000000c6400000| Untracked 
|  81|0x00000000c6500000, 0x00000000c6500000, 0x00000000c6600000|  0%| F|  |TAMS 0x00000000c6500000, 0x00000000c6500000| Untracked 
|  82|0x00000000c6600000, 0x00000000c6600000, 0x00000000c6700000|  0%| F|  |TAMS 0x00000000c6600000, 0x00000000c6600000| Untracked 
|  83|0x00000000c6700000, 0x00000000c6700000, 0x00000000c6800000|  0%| F|  |TAMS 0x00000000c6700000, 0x00000000c6700000| Untracked 
|  84|0x00000000c6800000, 0x00000000c6800000, 0x00000000c6900000|  0%| F|  |TAMS 0x00000000c6800000, 0x00000000c6800000| Untracked 
|  85|0x00000000c6900000, 0x00000000c6900000, 0x00000000c6a00000|  0%| F|  |TAMS 0x00000000c6900000, 0x00000000c6900000| Untracked 
|  86|0x00000000c6a00000, 0x00000000c6a00000, 0x00000000c6b00000|  0%| F|  |TAMS 0x00000000c6a00000, 0x00000000c6a00000| Untracked 
|  87|0x00000000c6b00000, 0x00000000c6b00000, 0x00000000c6c00000|  0%| F|  |TAMS 0x00000000c6b00000, 0x00000000c6b00000| Untracked 
|  88|0x00000000c6c00000, 0x00000000c6c00000, 0x00000000c6d00000|  0%| F|  |TAMS 0x00000000c6c00000, 0x00000000c6c00000| Untracked 
|  89|0x00000000c6d00000, 0x00000000c6d00000, 0x00000000c6e00000|  0%| F|  |TAMS 0x00000000c6d00000, 0x00000000c6d00000| Untracked 
|  90|0x00000000c6e00000, 0x00000000c6e00000, 0x00000000c6f00000|  0%| F|  |TAMS 0x00000000c6e00000, 0x00000000c6e00000| Untracked 
|  91|0x00000000c6f00000, 0x00000000c6f00000, 0x00000000c7000000|  0%| F|  |TAMS 0x00000000c6f00000, 0x00000000c6f00000| Untracked 
|  92|0x00000000c7000000, 0x00000000c7000000, 0x00000000c7100000|  0%| F|  |TAMS 0x00000000c7000000, 0x00000000c7000000| Untracked 
|  93|0x00000000c7100000, 0x00000000c7100000, 0x00000000c7200000|  0%| F|  |TAMS 0x00000000c7100000, 0x00000000c7100000| Untracked 
|  94|0x00000000c7200000, 0x00000000c7200000, 0x00000000c7300000|  0%| F|  |TAMS 0x00000000c7200000, 0x00000000c7200000| Untracked 
|  95|0x00000000c7300000, 0x00000000c7300000, 0x00000000c7400000|  0%| F|  |TAMS 0x00000000c7300000, 0x00000000c7300000| Untracked 
|  96|0x00000000c7400000, 0x00000000c7400000, 0x00000000c7500000|  0%| F|  |TAMS 0x00000000c7400000, 0x00000000c7400000| Untracked 
|  97|0x00000000c7500000, 0x00000000c7500000, 0x00000000c7600000|  0%| F|  |TAMS 0x00000000c7500000, 0x00000000c7500000| Untracked 
|  98|0x00000000c7600000, 0x00000000c7600000, 0x00000000c7700000|  0%| F|  |TAMS 0x00000000c7600000, 0x00000000c7600000| Untracked 
|  99|0x00000000c7700000, 0x00000000c7800000, 0x00000000c7800000|100%| S|CS|TAMS 0x00000000c7700000, 0x00000000c7700000| Complete 
| 100|0x00000000c7800000, 0x00000000c7800000, 0x00000000c7900000|  0%| F|  |TAMS 0x00000000c7800000, 0x00000000c7800000| Untracked 
| 101|0x00000000c7900000, 0x00000000c7900000, 0x00000000c7a00000|  0%| F|  |TAMS 0x00000000c7900000, 0x00000000c7900000| Untracked 
| 102|0x00000000c7a00000, 0x00000000c7a00000, 0x00000000c7b00000|  0%| F|  |TAMS 0x00000000c7a00000, 0x00000000c7a00000| Untracked 
| 103|0x00000000c7b00000, 0x00000000c7c00000, 0x00000000c7c00000|100%| S|CS|TAMS 0x00000000c7b00000, 0x00000000c7b00000| Complete 
| 104|0x00000000c7c00000, 0x00000000c7d00000, 0x00000000c7d00000|100%| S|CS|TAMS 0x00000000c7c00000, 0x00000000c7c00000| Complete 
| 105|0x00000000c7d00000, 0x00000000c7d00000, 0x00000000c7e00000|  0%| F|  |TAMS 0x00000000c7d00000, 0x00000000c7d00000| Untracked 
| 106|0x00000000c7e00000, 0x00000000c7e00000, 0x00000000c7f00000|  0%| F|  |TAMS 0x00000000c7e00000, 0x00000000c7e00000| Untracked 
| 107|0x00000000c7f00000, 0x00000000c7f00000, 0x00000000c8000000|  0%| F|  |TAMS 0x00000000c7f00000, 0x00000000c7f00000| Untracked 
| 108|0x00000000c8000000, 0x00000000c8100000, 0x00000000c8100000|100%| S|CS|TAMS 0x00000000c8000000, 0x00000000c8000000| Complete 
| 109|0x00000000c8100000, 0x00000000c8200000, 0x00000000c8200000|100%| S|CS|TAMS 0x00000000c8100000, 0x00000000c8100000| Complete 
| 110|0x00000000c8200000, 0x00000000c8300000, 0x00000000c8300000|100%| S|CS|TAMS 0x00000000c8200000, 0x00000000c8200000| Complete 
| 111|0x00000000c8300000, 0x00000000c8300000, 0x00000000c8400000|  0%| F|  |TAMS 0x00000000c8300000, 0x00000000c8300000| Untracked 
| 112|0x00000000c8400000, 0x00000000c8400000, 0x00000000c8500000|  0%| F|  |TAMS 0x00000000c8400000, 0x00000000c8400000| Untracked 
| 113|0x00000000c8500000, 0x00000000c8500000, 0x00000000c8600000|  0%| F|  |TAMS 0x00000000c8500000, 0x00000000c8500000| Untracked 
| 114|0x00000000c8600000, 0x00000000c8700000, 0x00000000c8700000|100%| S|CS|TAMS 0x00000000c8600000, 0x00000000c8600000| Complete 
| 115|0x00000000c8700000, 0x00000000c8800000, 0x00000000c8800000|100%| S|CS|TAMS 0x00000000c8700000, 0x00000000c8700000| Complete 
| 116|0x00000000c8800000, 0x00000000c8900000, 0x00000000c8900000|100%| S|CS|TAMS 0x00000000c8800000, 0x00000000c8800000| Complete 
| 117|0x00000000c8900000, 0x00000000c8900000, 0x00000000c8a00000|  0%| F|  |TAMS 0x00000000c8900000, 0x00000000c8900000| Untracked 
| 118|0x00000000c8a00000, 0x00000000c8a00000, 0x00000000c8b00000|  0%| F|  |TAMS 0x00000000c8a00000, 0x00000000c8a00000| Untracked 
| 119|0x00000000c8b00000, 0x00000000c8b00000, 0x00000000c8c00000|  0%| F|  |TAMS 0x00000000c8b00000, 0x00000000c8b00000| Untracked 
| 120|0x00000000c8c00000, 0x00000000c8c00000, 0x00000000c8d00000|  0%| F|  |TAMS 0x00000000c8c00000, 0x00000000c8c00000| Untracked 
| 121|0x00000000c8d00000, 0x00000000c8d00000, 0x00000000c8e00000|  0%| F|  |TAMS 0x00000000c8d00000, 0x00000000c8d00000| Untracked 
| 122|0x00000000c8e00000, 0x00000000c8e00000, 0x00000000c8f00000|  0%| F|  |TAMS 0x00000000c8e00000, 0x00000000c8e00000| Untracked 
| 123|0x00000000c8f00000, 0x00000000c8f00000, 0x00000000c9000000|  0%| F|  |TAMS 0x00000000c8f00000, 0x00000000c8f00000| Untracked 
| 124|0x00000000c9000000, 0x00000000c9000000, 0x00000000c9100000|  0%| F|  |TAMS 0x00000000c9000000, 0x00000000c9000000| Untracked 
| 125|0x00000000c9100000, 0x00000000c9100000, 0x00000000c9200000|  0%| F|  |TAMS 0x00000000c9100000, 0x00000000c9100000| Untracked 
| 126|0x00000000c9200000, 0x00000000c9200000, 0x00000000c9300000|  0%| F|  |TAMS 0x00000000c9200000, 0x00000000c9200000| Untracked 
| 127|0x00000000c9300000, 0x00000000c9300000, 0x00000000c9400000|  0%| F|  |TAMS 0x00000000c9300000, 0x00000000c9300000| Untracked 
| 128|0x00000000c9400000, 0x00000000c9400000, 0x00000000c9500000|  0%| F|  |TAMS 0x00000000c9400000, 0x00000000c9400000| Untracked 
| 129|0x00000000c9500000, 0x00000000c9500000, 0x00000000c9600000|  0%| F|  |TAMS 0x00000000c9500000, 0x00000000c9500000| Untracked 
| 130|0x00000000c9600000, 0x00000000c9600000, 0x00000000c9700000|  0%| F|  |TAMS 0x00000000c9600000, 0x00000000c9600000| Untracked 
| 131|0x00000000c9700000, 0x00000000c9700000, 0x00000000c9800000|  0%| F|  |TAMS 0x00000000c9700000, 0x00000000c9700000| Untracked 
| 132|0x00000000c9800000, 0x00000000c9800000, 0x00000000c9900000|  0%| F|  |TAMS 0x00000000c9800000, 0x00000000c9800000| Untracked 
| 133|0x00000000c9900000, 0x00000000c9900000, 0x00000000c9a00000|  0%| F|  |TAMS 0x00000000c9900000, 0x00000000c9900000| Untracked 
| 134|0x00000000c9a00000, 0x00000000c9a00000, 0x00000000c9b00000|  0%| F|  |TAMS 0x00000000c9a00000, 0x00000000c9a00000| Untracked 
| 135|0x00000000c9b00000, 0x00000000c9b00000, 0x00000000c9c00000|  0%| F|  |TAMS 0x00000000c9b00000, 0x00000000c9b00000| Untracked 
| 136|0x00000000c9c00000, 0x00000000c9c00000, 0x00000000c9d00000|  0%| F|  |TAMS 0x00000000c9c00000, 0x00000000c9c00000| Untracked 
| 137|0x00000000c9d00000, 0x00000000c9d00000, 0x00000000c9e00000|  0%| F|  |TAMS 0x00000000c9d00000, 0x00000000c9d00000| Untracked 
| 138|0x00000000c9e00000, 0x00000000c9e00000, 0x00000000c9f00000|  0%| F|  |TAMS 0x00000000c9e00000, 0x00000000c9e00000| Untracked 
| 139|0x00000000c9f00000, 0x00000000c9f00000, 0x00000000ca000000|  0%| F|  |TAMS 0x00000000c9f00000, 0x00000000c9f00000| Untracked 
| 140|0x00000000ca000000, 0x00000000ca000000, 0x00000000ca100000|  0%| F|  |TAMS 0x00000000ca000000, 0x00000000ca000000| Untracked 
| 141|0x00000000ca100000, 0x00000000ca100000, 0x00000000ca200000|  0%| F|  |TAMS 0x00000000ca100000, 0x00000000ca100000| Untracked 
| 142|0x00000000ca200000, 0x00000000ca200000, 0x00000000ca300000|  0%| F|  |TAMS 0x00000000ca200000, 0x00000000ca200000| Untracked 
| 143|0x00000000ca300000, 0x00000000ca300000, 0x00000000ca400000|  0%| F|  |TAMS 0x00000000ca300000, 0x00000000ca300000| Untracked 
| 144|0x00000000ca400000, 0x00000000ca400000, 0x00000000ca500000|  0%| F|  |TAMS 0x00000000ca400000, 0x00000000ca400000| Untracked 
| 145|0x00000000ca500000, 0x00000000ca500000, 0x00000000ca600000|  0%| F|  |TAMS 0x00000000ca500000, 0x00000000ca500000| Untracked 
| 146|0x00000000ca600000, 0x00000000ca600000, 0x00000000ca700000|  0%| F|  |TAMS 0x00000000ca600000, 0x00000000ca600000| Untracked 
| 147|0x00000000ca700000, 0x00000000ca700000, 0x00000000ca800000|  0%| F|  |TAMS 0x00000000ca700000, 0x00000000ca700000| Untracked 
| 148|0x00000000ca800000, 0x00000000ca800000, 0x00000000ca900000|  0%| F|  |TAMS 0x00000000ca800000, 0x00000000ca800000| Untracked 
| 149|0x00000000ca900000, 0x00000000ca900000, 0x00000000caa00000|  0%| F|  |TAMS 0x00000000ca900000, 0x00000000ca900000| Untracked 
| 150|0x00000000caa00000, 0x00000000caa00000, 0x00000000cab00000|  0%| F|  |TAMS 0x00000000caa00000, 0x00000000caa00000| Untracked 
| 151|0x00000000cab00000, 0x00000000cab00000, 0x00000000cac00000|  0%| F|  |TAMS 0x00000000cab00000, 0x00000000cab00000| Untracked 
| 152|0x00000000cac00000, 0x00000000cac00000, 0x00000000cad00000|  0%| F|  |TAMS 0x00000000cac00000, 0x00000000cac00000| Untracked 
| 153|0x00000000cad00000, 0x00000000cad00000, 0x00000000cae00000|  0%| F|  |TAMS 0x00000000cad00000, 0x00000000cad00000| Untracked 
| 154|0x00000000cae00000, 0x00000000cae00000, 0x00000000caf00000|  0%| F|  |TAMS 0x00000000cae00000, 0x00000000cae00000| Untracked 
| 155|0x00000000caf00000, 0x00000000caf00000, 0x00000000cb000000|  0%| F|  |TAMS 0x00000000caf00000, 0x00000000caf00000| Untracked 
| 156|0x00000000cb000000, 0x00000000cb000000, 0x00000000cb100000|  0%| F|  |TAMS 0x00000000cb000000, 0x00000000cb000000| Untracked 
| 157|0x00000000cb100000, 0x00000000cb100000, 0x00000000cb200000|  0%| F|  |TAMS 0x00000000cb100000, 0x00000000cb100000| Untracked 
| 158|0x00000000cb200000, 0x00000000cb200000, 0x00000000cb300000|  0%| F|  |TAMS 0x00000000cb200000, 0x00000000cb200000| Untracked 
| 159|0x00000000cb300000, 0x00000000cb300000, 0x00000000cb400000|  0%| F|  |TAMS 0x00000000cb300000, 0x00000000cb300000| Untracked 
| 160|0x00000000cb400000, 0x00000000cb400000, 0x00000000cb500000|  0%| F|  |TAMS 0x00000000cb400000, 0x00000000cb400000| Untracked 
| 161|0x00000000cb500000, 0x00000000cb500000, 0x00000000cb600000|  0%| F|  |TAMS 0x00000000cb500000, 0x00000000cb500000| Untracked 
| 162|0x00000000cb600000, 0x00000000cb600000, 0x00000000cb700000|  0%| F|  |TAMS 0x00000000cb600000, 0x00000000cb600000| Untracked 
| 163|0x00000000cb700000, 0x00000000cb700000, 0x00000000cb800000|  0%| F|  |TAMS 0x00000000cb700000, 0x00000000cb700000| Untracked 
| 164|0x00000000cb800000, 0x00000000cb800000, 0x00000000cb900000|  0%| F|  |TAMS 0x00000000cb800000, 0x00000000cb800000| Untracked 
| 165|0x00000000cb900000, 0x00000000cb900000, 0x00000000cba00000|  0%| F|  |TAMS 0x00000000cb900000, 0x00000000cb900000| Untracked 
| 166|0x00000000cba00000, 0x00000000cba00000, 0x00000000cbb00000|  0%| F|  |TAMS 0x00000000cba00000, 0x00000000cba00000| Untracked 
| 167|0x00000000cbb00000, 0x00000000cbb00000, 0x00000000cbc00000|  0%| F|  |TAMS 0x00000000cbb00000, 0x00000000cbb00000| Untracked 
| 168|0x00000000cbc00000, 0x00000000cbc00000, 0x00000000cbd00000|  0%| F|  |TAMS 0x00000000cbc00000, 0x00000000cbc00000| Untracked 
| 169|0x00000000cbd00000, 0x00000000cbd00000, 0x00000000cbe00000|  0%| F|  |TAMS 0x00000000cbd00000, 0x00000000cbd00000| Untracked 
| 170|0x00000000cbe00000, 0x00000000cbe00000, 0x00000000cbf00000|  0%| F|  |TAMS 0x00000000cbe00000, 0x00000000cbe00000| Untracked 
| 171|0x00000000cbf00000, 0x00000000cbf00000, 0x00000000cc000000|  0%| F|  |TAMS 0x00000000cbf00000, 0x00000000cbf00000| Untracked 
| 172|0x00000000cc000000, 0x00000000cc000000, 0x00000000cc100000|  0%| F|  |TAMS 0x00000000cc000000, 0x00000000cc000000| Untracked 
| 173|0x00000000cc100000, 0x00000000cc100000, 0x00000000cc200000|  0%| F|  |TAMS 0x00000000cc100000, 0x00000000cc100000| Untracked 
| 174|0x00000000cc200000, 0x00000000cc200000, 0x00000000cc300000|  0%| F|  |TAMS 0x00000000cc200000, 0x00000000cc200000| Untracked 
| 175|0x00000000cc300000, 0x00000000cc300000, 0x00000000cc400000|  0%| F|  |TAMS 0x00000000cc300000, 0x00000000cc300000| Untracked 
| 176|0x00000000cc400000, 0x00000000cc400000, 0x00000000cc500000|  0%| F|  |TAMS 0x00000000cc400000, 0x00000000cc400000| Untracked 
| 177|0x00000000cc500000, 0x00000000cc500000, 0x00000000cc600000|  0%| F|  |TAMS 0x00000000cc500000, 0x00000000cc500000| Untracked 
| 178|0x00000000cc600000, 0x00000000cc600000, 0x00000000cc700000|  0%| F|  |TAMS 0x00000000cc600000, 0x00000000cc600000| Untracked 
| 179|0x00000000cc700000, 0x00000000cc700000, 0x00000000cc800000|  0%| F|  |TAMS 0x00000000cc700000, 0x00000000cc700000| Untracked 
| 180|0x00000000cc800000, 0x00000000cc800000, 0x00000000cc900000|  0%| F|  |TAMS 0x00000000cc800000, 0x00000000cc800000| Untracked 
| 181|0x00000000cc900000, 0x00000000cc900000, 0x00000000cca00000|  0%| F|  |TAMS 0x00000000cc900000, 0x00000000cc900000| Untracked 
| 182|0x00000000cca00000, 0x00000000cca00000, 0x00000000ccb00000|  0%| F|  |TAMS 0x00000000cca00000, 0x00000000cca00000| Untracked 
| 183|0x00000000ccb00000, 0x00000000ccb00000, 0x00000000ccc00000|  0%| F|  |TAMS 0x00000000ccb00000, 0x00000000ccb00000| Untracked 
| 184|0x00000000ccc00000, 0x00000000ccc00000, 0x00000000ccd00000|  0%| F|  |TAMS 0x00000000ccc00000, 0x00000000ccc00000| Untracked 
| 185|0x00000000ccd00000, 0x00000000ccd00000, 0x00000000cce00000|  0%| F|  |TAMS 0x00000000ccd00000, 0x00000000ccd00000| Untracked 
| 186|0x00000000cce00000, 0x00000000cce00000, 0x00000000ccf00000|  0%| F|  |TAMS 0x00000000cce00000, 0x00000000cce00000| Untracked 
| 187|0x00000000ccf00000, 0x00000000ccf00000, 0x00000000cd000000|  0%| F|  |TAMS 0x00000000ccf00000, 0x00000000ccf00000| Untracked 
| 188|0x00000000cd000000, 0x00000000cd000000, 0x00000000cd100000|  0%| F|  |TAMS 0x00000000cd000000, 0x00000000cd000000| Untracked 
| 189|0x00000000cd100000, 0x00000000cd100000, 0x00000000cd200000|  0%| F|  |TAMS 0x00000000cd100000, 0x00000000cd100000| Untracked 
| 190|0x00000000cd200000, 0x00000000cd200000, 0x00000000cd300000|  0%| F|  |TAMS 0x00000000cd200000, 0x00000000cd200000| Untracked 
| 191|0x00000000cd300000, 0x00000000cd300000, 0x00000000cd400000|  0%| F|  |TAMS 0x00000000cd300000, 0x00000000cd300000| Untracked 
| 192|0x00000000cd400000, 0x00000000cd400000, 0x00000000cd500000|  0%| F|  |TAMS 0x00000000cd400000, 0x00000000cd400000| Untracked 
| 193|0x00000000cd500000, 0x00000000cd500000, 0x00000000cd600000|  0%| F|  |TAMS 0x00000000cd500000, 0x00000000cd500000| Untracked 
| 194|0x00000000cd600000, 0x00000000cd600000, 0x00000000cd700000|  0%| F|  |TAMS 0x00000000cd600000, 0x00000000cd600000| Untracked 
| 195|0x00000000cd700000, 0x00000000cd700000, 0x00000000cd800000|  0%| F|  |TAMS 0x00000000cd700000, 0x00000000cd700000| Untracked 
| 196|0x00000000cd800000, 0x00000000cd800000, 0x00000000cd900000|  0%| F|  |TAMS 0x00000000cd800000, 0x00000000cd800000| Untracked 
| 197|0x00000000cd900000, 0x00000000cd900000, 0x00000000cda00000|  0%| F|  |TAMS 0x00000000cd900000, 0x00000000cd900000| Untracked 
| 198|0x00000000cda00000, 0x00000000cda00000, 0x00000000cdb00000|  0%| F|  |TAMS 0x00000000cda00000, 0x00000000cda00000| Untracked 
| 199|0x00000000cdb00000, 0x00000000cdb00000, 0x00000000cdc00000|  0%| F|  |TAMS 0x00000000cdb00000, 0x00000000cdb00000| Untracked 
| 200|0x00000000cdc00000, 0x00000000cdc00000, 0x00000000cdd00000|  0%| F|  |TAMS 0x00000000cdc00000, 0x00000000cdc00000| Untracked 
| 201|0x00000000cdd00000, 0x00000000cdd00000, 0x00000000cde00000|  0%| F|  |TAMS 0x00000000cdd00000, 0x00000000cdd00000| Untracked 
| 202|0x00000000cde00000, 0x00000000cde00000, 0x00000000cdf00000|  0%| F|  |TAMS 0x00000000cde00000, 0x00000000cde00000| Untracked 
| 203|0x00000000cdf00000, 0x00000000cdf00000, 0x00000000ce000000|  0%| F|  |TAMS 0x00000000cdf00000, 0x00000000cdf00000| Untracked 
| 204|0x00000000ce000000, 0x00000000ce000000, 0x00000000ce100000|  0%| F|  |TAMS 0x00000000ce000000, 0x00000000ce000000| Untracked 
| 205|0x00000000ce100000, 0x00000000ce100000, 0x00000000ce200000|  0%| F|  |TAMS 0x00000000ce100000, 0x00000000ce100000| Untracked 
| 206|0x00000000ce200000, 0x00000000ce200000, 0x00000000ce300000|  0%| F|  |TAMS 0x00000000ce200000, 0x00000000ce200000| Untracked 
| 207|0x00000000ce300000, 0x00000000ce300000, 0x00000000ce400000|  0%| F|  |TAMS 0x00000000ce300000, 0x00000000ce300000| Untracked 
| 208|0x00000000ce400000, 0x00000000ce400000, 0x00000000ce500000|  0%| F|  |TAMS 0x00000000ce400000, 0x00000000ce400000| Untracked 
| 209|0x00000000ce500000, 0x00000000ce500000, 0x00000000ce600000|  0%| F|  |TAMS 0x00000000ce500000, 0x00000000ce500000| Untracked 
| 210|0x00000000ce600000, 0x00000000ce600000, 0x00000000ce700000|  0%| F|  |TAMS 0x00000000ce600000, 0x00000000ce600000| Untracked 
| 211|0x00000000ce700000, 0x00000000ce700000, 0x00000000ce800000|  0%| F|  |TAMS 0x00000000ce700000, 0x00000000ce700000| Untracked 
| 212|0x00000000ce800000, 0x00000000ce800000, 0x00000000ce900000|  0%| F|  |TAMS 0x00000000ce800000, 0x00000000ce800000| Untracked 
| 213|0x00000000ce900000, 0x00000000ce900000, 0x00000000cea00000|  0%| F|  |TAMS 0x00000000ce900000, 0x00000000ce900000| Untracked 
| 214|0x00000000cea00000, 0x00000000cea00000, 0x00000000ceb00000|  0%| F|  |TAMS 0x00000000cea00000, 0x00000000cea00000| Untracked 
| 215|0x00000000ceb00000, 0x00000000ceb00000, 0x00000000cec00000|  0%| F|  |TAMS 0x00000000ceb00000, 0x00000000ceb00000| Untracked 
| 216|0x00000000cec00000, 0x00000000cec00000, 0x00000000ced00000|  0%| F|  |TAMS 0x00000000cec00000, 0x00000000cec00000| Untracked 

Card table byte_map: [0x0000026de3f90000,0x0000026de4190000] _byte_map_base: 0x0000026de3986000

Marking Bits (Prev, Next): (CMBitMap*) 0x0000026dde356c70, (CMBitMap*) 0x0000026dde356cb0
 Prev Bits: [0x0000026de4390000, 0x0000026de5340000)
 Next Bits: [0x0000026de5340000, 0x0000026de62f0000)

Polling page: 0x0000026ddc280000

Metaspace:

Usage:
  Non-class:     29.15 MB used.
      Class:      4.36 MB used.
       Both:     33.51 MB used.

Virtual space:
  Non-class space:       32.00 MB reserved,      29.38 MB ( 92%) committed,  4 nodes.
      Class space:        1.00 GB reserved,       4.50 MB ( <1%) committed,  1 nodes.
             Both:        1.03 GB reserved,      33.88 MB (  3%) committed. 

Chunk freelists:
   Non-Class:  1.98 MB
       Class:  3.53 MB
        Both:  5.52 MB

MaxMetaspaceSize: unlimited
CompressedClassSpaceSize: 1.00 GB
Initial GC threshold: 21.00 MB
Current GC threshold: 56.50 MB
CDS: off
MetaspaceReclaimPolicy: balanced
 - commit_granule_bytes: 65536.
 - commit_granule_words: 8192.
 - virtual_space_node_default_size: 1048576.
 - enlarge_chunks_in_place: 1.
 - new_chunks_are_fully_committed: 0.
 - uncommit_free_chunks: 1.
 - use_allocation_guard: 0.
 - handle_deallocations: 1.


Internal statistics:

num_allocs_failed_limit: 5.
num_arena_births: 304.
num_arena_deaths: 0.
num_vsnodes_births: 5.
num_vsnodes_deaths: 0.
num_space_committed: 542.
num_space_uncommitted: 0.
num_chunks_returned_to_freelist: 5.
num_chunks_taken_from_freelist: 1255.
num_chunk_merges: 5.
num_chunk_splits: 872.
num_chunks_enlarged: 690.
num_purges: 0.
num_inconsistent_stats: 0.

CodeCache: size=49152Kb used=7223Kb max_used=7393Kb free=41928Kb
 bounds [0x0000026de0f90000, 0x0000026de1720000, 0x0000026de3f90000]
 total_blobs=4152 nmethods=3630 adapters=450
 compilation: enabled
              stopped_count=0, restarted_count=0
 full_count=0

Compilation events (20 events):
Event: 24.788 Thread 0x0000026de87c45f0 3620       1       io.github.classgraph.AnnotationParameterValue::<init> (22 bytes)
Event: 24.789 Thread 0x0000026de87c45f0 nmethod 3620 0x0000026de16fd710 code [0x0000026de16fd8c0, 0x0000026de16fdac8]
Event: 24.789 Thread 0x0000026de87c45f0 3623       1       io.github.classgraph.AnnotationParameterValue::getValue (19 bytes)
Event: 24.789 Thread 0x0000026de87c45f0 nmethod 3623 0x0000026de16fd390 code [0x0000026de16fd520, 0x0000026de16fd648]
Event: 24.832 Thread 0x0000026de87c45f0 3624       1       java.util.concurrent.ConcurrentHashMap::resizeStamp (9 bytes)
Event: 24.832 Thread 0x0000026de87c45f0 nmethod 3624 0x0000026de16fd090 code [0x0000026de16fd220, 0x0000026de16fd2e8]
Event: 24.834 Thread 0x0000026de87c45f0 3625       1       java.util.concurrent.ConcurrentHashMap::helpTransfer (123 bytes)
Event: 24.835 Thread 0x0000026de87c45f0 nmethod 3625 0x0000026de16fcb10 code [0x0000026de16fccc0, 0x0000026de16fcf38]
Event: 24.940 Thread 0x0000026de87c45f0 3626       1       io.github.classgraph.MethodInfoList::<init> (5 bytes)
Event: 24.940 Thread 0x0000026de87c45f0 nmethod 3626 0x0000026de16fc790 code [0x0000026de16fc920, 0x0000026de16fca58]
Event: 25.119 Thread 0x0000026de87c45f0 3627   !   1       sun.nio.fs.WindowsDirectoryStream::<init> (175 bytes)
Event: 25.122 Thread 0x0000026de87c45f0 nmethod 3627 0x0000026de16fb010 code [0x0000026de16fb2e0, 0x0000026de16fbe68]
Event: 26.421 Thread 0x0000026de87c45f0 3628       1       java.nio.file.Path::resolve (21 bytes)
Event: 26.422 Thread 0x0000026de87c45f0 nmethod 3628 0x0000026de16fab10 code [0x0000026de16facc0, 0x0000026de16faea8]
Event: 26.422 Thread 0x0000026de87c45f0 3629       1       sun.nio.fs.WindowsPath::resolve (6 bytes)
Event: 26.422 Thread 0x0000026de87c45f0 nmethod 3629 0x0000026de16fa810 code [0x0000026de16fa9a0, 0x0000026de16faa88]
Event: 26.422 Thread 0x0000026de87c45f0 3630       1       sun.nio.fs.WindowsPath::resolve (393 bytes)
Event: 26.429 Thread 0x0000026de87c45f0 nmethod 3630 0x0000026de16f7e10 code [0x0000026de16f82c0, 0x0000026de16f9b08]
Event: 26.509 Thread 0x0000026de87c45f0 3631       1       java.util.concurrent.locks.ReentrantLock$NonfairSync::tryAcquire (27 bytes)
Event: 26.510 Thread 0x0000026de87c45f0 nmethod 3631 0x0000026de16f7a90 code [0x0000026de16f7c20, 0x0000026de16f7d98]

GC Heap History (20 events):
Event: 20.458 GC heap after
{Heap after GC invocations=27 (full 0):
 garbage-first heap   total 87040K, used 45291K [0x00000000c1400000, 0x0000000100000000)
  region size 1024K, 2 young (2048K), 2 survivors (2048K)
 Metaspace       used 34311K, committed 34688K, reserved 1081344K
  class space    used 4460K, committed 4608K, reserved 1048576K
}
Event: 20.703 GC heap before
{Heap before GC invocations=27 (full 0):
 garbage-first heap   total 101376K, used 65771K [0x00000000c1400000, 0x0000000100000000)
  region size 1024K, 23 young (23552K), 2 survivors (2048K)
 Metaspace       used 34311K, committed 34688K, reserved 1081344K
  class space    used 4460K, committed 4608K, reserved 1048576K
}
Event: 20.708 GC heap after
{Heap after GC invocations=28 (full 0):
 garbage-first heap   total 222208K, used 46210K [0x00000000c1400000, 0x0000000100000000)
  region size 1024K, 3 young (3072K), 3 survivors (3072K)
 Metaspace       used 34311K, committed 34688K, reserved 1081344K
  class space    used 4460K, committed 4608K, reserved 1048576K
}
Event: 21.865 GC heap before
{Heap before GC invocations=29 (full 0):
 garbage-first heap   total 222208K, used 144514K [0x00000000c1400000, 0x0000000100000000)
  region size 1024K, 100 young (102400K), 3 survivors (3072K)
 Metaspace       used 34311K, committed 34688K, reserved 1081344K
  class space    used 4460K, committed 4608K, reserved 1048576K
}
Event: 21.898 GC heap after
{Heap after GC invocations=30 (full 0):
 garbage-first heap   total 222208K, used 51043K [0x00000000c1400000, 0x0000000100000000)
  region size 1024K, 7 young (7168K), 7 survivors (7168K)
 Metaspace       used 34311K, committed 34688K, reserved 1081344K
  class space    used 4460K, committed 4608K, reserved 1048576K
}
Event: 21.939 GC heap before
{Heap before GC invocations=30 (full 0):
 garbage-first heap   total 222208K, used 53091K [0x00000000c1400000, 0x0000000100000000)
  region size 1024K, 10 young (10240K), 7 survivors (7168K)
 Metaspace       used 34311K, committed 34688K, reserved 1081344K
  class space    used 4460K, committed 4608K, reserved 1048576K
}
Event: 21.968 GC heap after
{Heap after GC invocations=31 (full 0):
 garbage-first heap   total 222208K, used 51330K [0x00000000c1400000, 0x0000000100000000)
  region size 1024K, 1 young (1024K), 1 survivors (1024K)
 Metaspace       used 34311K, committed 34688K, reserved 1081344K
  class space    used 4460K, committed 4608K, reserved 1048576K
}
Event: 22.748 GC heap before
{Heap before GC invocations=31 (full 0):
 garbage-first heap   total 222208K, used 169090K [0x00000000c1400000, 0x0000000100000000)
  region size 1024K, 117 young (119808K), 1 survivors (1024K)
 Metaspace       used 34311K, committed 34688K, reserved 1081344K
  class space    used 4460K, committed 4608K, reserved 1048576K
}
Event: 22.773 GC heap after
{Heap after GC invocations=32 (full 0):
 garbage-first heap   total 222208K, used 56468K [0x00000000c1400000, 0x0000000100000000)
  region size 1024K, 6 young (6144K), 6 survivors (6144K)
 Metaspace       used 34311K, committed 34688K, reserved 1081344K
  class space    used 4460K, committed 4608K, reserved 1048576K
}
Event: 23.804 GC heap before
{Heap before GC invocations=32 (full 0):
 garbage-first heap   total 222208K, used 172180K [0x00000000c1400000, 0x0000000100000000)
  region size 1024K, 120 young (122880K), 6 survivors (6144K)
 Metaspace       used 34311K, committed 34688K, reserved 1081344K
  class space    used 4460K, committed 4608K, reserved 1048576K
}
Event: 23.835 GC heap after
{Heap after GC invocations=33 (full 0):
 garbage-first heap   total 222208K, used 62271K [0x00000000c1400000, 0x0000000100000000)
  region size 1024K, 12 young (12288K), 12 survivors (12288K)
 Metaspace       used 34311K, committed 34688K, reserved 1081344K
  class space    used 4460K, committed 4608K, reserved 1048576K
}
Event: 24.599 GC heap before
{Heap before GC invocations=33 (full 0):
 garbage-first heap   total 222208K, used 175935K [0x00000000c1400000, 0x0000000100000000)
  region size 1024K, 124 young (126976K), 12 survivors (12288K)
 Metaspace       used 34311K, committed 34688K, reserved 1081344K
  class space    used 4460K, committed 4608K, reserved 1048576K
}
Event: 24.632 GC heap after
{Heap after GC invocations=34 (full 0):
 garbage-first heap   total 222208K, used 68064K [0x00000000c1400000, 0x0000000100000000)
  region size 1024K, 12 young (12288K), 12 survivors (12288K)
 Metaspace       used 34311K, committed 34688K, reserved 1081344K
  class space    used 4460K, committed 4608K, reserved 1048576K
}
Event: 25.080 GC heap before
{Heap before GC invocations=34 (full 0):
 garbage-first heap   total 222208K, used 178656K [0x00000000c1400000, 0x0000000100000000)
  region size 1024K, 121 young (123904K), 12 survivors (12288K)
 Metaspace       used 34311K, committed 34688K, reserved 1081344K
  class space    used 4460K, committed 4608K, reserved 1048576K
}
Event: 25.101 GC heap after
{Heap after GC invocations=35 (full 0):
 garbage-first heap   total 222208K, used 74829K [0x00000000c1400000, 0x0000000100000000)
  region size 1024K, 13 young (13312K), 13 survivors (13312K)
 Metaspace       used 34311K, committed 34688K, reserved 1081344K
  class space    used 4460K, committed 4608K, reserved 1048576K
}
Event: 25.988 GC heap before
{Heap before GC invocations=35 (full 0):
 garbage-first heap   total 222208K, used 182349K [0x00000000c1400000, 0x0000000100000000)
  region size 1024K, 119 young (121856K), 13 survivors (13312K)
 Metaspace       used 34311K, committed 34688K, reserved 1081344K
  class space    used 4460K, committed 4608K, reserved 1048576K
}
Event: 26.006 GC heap after
{Heap after GC invocations=36 (full 0):
 garbage-first heap   total 222208K, used 78834K [0x00000000c1400000, 0x0000000100000000)
  region size 1024K, 11 young (11264K), 11 survivors (11264K)
 Metaspace       used 34311K, committed 34688K, reserved 1081344K
  class space    used 4460K, committed 4608K, reserved 1048576K
}
Event: 26.320 GC heap before
{Heap before GC invocations=36 (full 0):
 garbage-first heap   total 222208K, used 184306K [0x00000000c1400000, 0x0000000100000000)
  region size 1024K, 114 young (116736K), 11 survivors (11264K)
 Metaspace       used 34313K, committed 34688K, reserved 1081344K
  class space    used 4460K, committed 4608K, reserved 1048576K
}
Event: 26.337 GC heap after
{Heap after GC invocations=37 (full 0):
 garbage-first heap   total 222208K, used 82966K [0x00000000c1400000, 0x0000000100000000)
  region size 1024K, 9 young (9216K), 9 survivors (9216K)
 Metaspace       used 34313K, committed 34688K, reserved 1081344K
  class space    used 4460K, committed 4608K, reserved 1048576K
}
Event: 26.709 GC heap before
{Heap before GC invocations=37 (full 0):
 garbage-first heap   total 222208K, used 184342K [0x00000000c1400000, 0x0000000100000000)
  region size 1024K, 109 young (111616K), 9 survivors (9216K)
 Metaspace       used 34313K, committed 34688K, reserved 1081344K
  class space    used 4460K, committed 4608K, reserved 1048576K
}

Deoptimization events (18 events):
Event: 2.384 Thread 0x0000026dde31bd10 DEOPT PACKING pc=0x0000026de132a8f5 sp=0x0000007ec42fd9f0
Event: 2.384 Thread 0x0000026dde31bd10 DEOPT UNPACKING pc=0x0000026de0fe2b24 sp=0x0000007ec42fce60 mode 3
Event: 3.825 Thread 0x0000026dde31bd10 DEOPT PACKING pc=0x0000026de1438099 sp=0x0000007ec42fd260
Event: 3.825 Thread 0x0000026dde31bd10 DEOPT UNPACKING pc=0x0000026de0fe2b24 sp=0x0000007ec42fc740 mode 3
Event: 5.157 Thread 0x0000026dde31bd10 DEOPT PACKING pc=0x0000026de1503af5 sp=0x0000007ec42fcf30
Event: 5.157 Thread 0x0000026dde31bd10 DEOPT UNPACKING pc=0x0000026de0fe2b24 sp=0x0000007ec42fc3a0 mode 3
Event: 5.826 Thread 0x0000026dde31bd10 DEOPT PACKING pc=0x0000026de154f49d sp=0x0000007ec42fb2c0
Event: 5.826 Thread 0x0000026dde31bd10 DEOPT UNPACKING pc=0x0000026de0fe2b24 sp=0x0000007ec42fa7d8 mode 3
Event: 8.989 Thread 0x0000026dde31bd10 DEOPT PACKING pc=0x0000026de15b6419 sp=0x0000007ec42fc760
Event: 8.989 Thread 0x0000026dde31bd10 DEOPT UNPACKING pc=0x0000026de0fe2b24 sp=0x0000007ec42fbc40 mode 3
Event: 10.215 Thread 0x0000026deae1f130 DEOPT PACKING pc=0x0000026de10fc7ab sp=0x0000007ec52fe6d0
Event: 10.215 Thread 0x0000026deae1f130 DEOPT UNPACKING pc=0x0000026de0fe2b24 sp=0x0000007ec52fdc18 mode 3
Event: 14.649 Thread 0x0000026deae1cf80 DEOPT PACKING pc=0x0000026de1439101 sp=0x0000007ec5dfefa0
Event: 14.649 Thread 0x0000026deae1cf80 DEOPT UNPACKING pc=0x0000026de0fe2b24 sp=0x0000007ec5dfe430 mode 3
Event: 14.677 Thread 0x0000026deaeaaa10 DEOPT PACKING pc=0x0000026de1300435 sp=0x0000007ec65fd9d0
Event: 14.677 Thread 0x0000026deaeaaa10 DEOPT UNPACKING pc=0x0000026de0fe2b24 sp=0x0000007ec65fcef8 mode 3
Event: 15.030 Thread 0x0000026deaea4ea0 DEOPT PACKING pc=0x0000026de1432497 sp=0x0000007ec66ff090
Event: 15.030 Thread 0x0000026deaea4ea0 DEOPT UNPACKING pc=0x0000026de0fe2b24 sp=0x0000007ec66fe4e8 mode 3

Classes unloaded (0 events):
No events

Classes redefined (0 events):
No events

Internal exceptions (20 events):
Event: 26.276 Thread 0x0000026deae1ec60 Exception <a 'sun/nio/fs/WindowsException'{0x00000000c92ed860}> (0x00000000c92ed860) 
thrown [e:\jenkins\tmp\workspace\build\src\src\hotspot\share\prims\jni.cpp, line 516]
Event: 26.276 Thread 0x0000026deae1ec60 Exception <a 'sun/nio/fs/WindowsException'{0x00000000c92edc98}> (0x00000000c92edc98) 
thrown [e:\jenkins\tmp\workspace\build\src\src\hotspot\share\prims\jni.cpp, line 516]
Event: 26.305 Thread 0x0000026deae1e790 Exception <a 'sun/nio/fs/WindowsException'{0x00000000c8a18fc8}> (0x00000000c8a18fc8) 
thrown [e:\jenkins\tmp\workspace\build\src\src\hotspot\share\prims\jni.cpp, line 516]
Event: 26.305 Thread 0x0000026deae1e790 Exception <a 'sun/nio/fs/WindowsException'{0x00000000c8a19428}> (0x00000000c8a19428) 
thrown [e:\jenkins\tmp\workspace\build\src\src\hotspot\share\prims\jni.cpp, line 516]
Event: 26.307 Thread 0x0000026deae1d450 Exception <a 'sun/nio/fs/WindowsException'{0x00000000c8dcda28}> (0x00000000c8dcda28) 
thrown [e:\jenkins\tmp\workspace\build\src\src\hotspot\share\prims\jni.cpp, line 516]
Event: 26.308 Thread 0x0000026deae1d450 Exception <a 'sun/nio/fs/WindowsException'{0x00000000c8dcdeb8}> (0x00000000c8dcdeb8) 
thrown [e:\jenkins\tmp\workspace\build\src\src\hotspot\share\prims\jni.cpp, line 516]
Event: 26.311 Thread 0x0000026deae1c110 Exception <a 'sun/nio/fs/WindowsException'{0x00000000c8be17e0}> (0x00000000c8be17e0) 
thrown [e:\jenkins\tmp\workspace\build\src\src\hotspot\share\prims\jni.cpp, line 516]
Event: 26.311 Thread 0x0000026deae1c110 Exception <a 'sun/nio/fs/WindowsException'{0x00000000c8be1c10}> (0x00000000c8be1c10) 
thrown [e:\jenkins\tmp\workspace\build\src\src\hotspot\share\prims\jni.cpp, line 516]
Event: 26.417 Thread 0x0000026deae1cf80 Exception <a 'sun/nio/fs/WindowsException'{0x00000000cd81f478}> (0x00000000cd81f478) 
thrown [e:\jenkins\tmp\workspace\build\src\src\hotspot\share\prims\jni.cpp, line 516]
Event: 26.417 Thread 0x0000026deae1cf80 Exception <a 'sun/nio/fs/WindowsException'{0x00000000cd81f898}> (0x00000000cd81f898) 
thrown [e:\jenkins\tmp\workspace\build\src\src\hotspot\share\prims\jni.cpp, line 516]
Event: 26.422 Thread 0x0000026deae1ddf0 Exception <a 'sun/nio/fs/WindowsException'{0x00000000cd9ee950}> (0x00000000cd9ee950) 
thrown [e:\jenkins\tmp\workspace\build\src\src\hotspot\share\prims\jni.cpp, line 516]
Event: 26.422 Thread 0x0000026deae1ddf0 Exception <a 'sun/nio/fs/WindowsException'{0x00000000cd9eed70}> (0x00000000cd9eed70) 
thrown [e:\jenkins\tmp\workspace\build\src\src\hotspot\share\prims\jni.cpp, line 516]
Event: 26.442 Thread 0x0000026deae1cf80 Exception <a 'sun/nio/fs/WindowsException'{0x00000000cd2cdaa8}> (0x00000000cd2cdaa8) 
thrown [e:\jenkins\tmp\workspace\build\src\src\hotspot\share\prims\jni.cpp, line 516]
Event: 26.442 Thread 0x0000026deae1cf80 Exception <a 'sun/nio/fs/WindowsException'{0x00000000cd2cdee8}> (0x00000000cd2cdee8) 
thrown [e:\jenkins\tmp\workspace\build\src\src\hotspot\share\prims\jni.cpp, line 516]
Event: 26.445 Thread 0x0000026deae1c5e0 Exception <a 'sun/nio/fs/WindowsException'{0x00000000cd065c98}> (0x00000000cd065c98) 
thrown [e:\jenkins\tmp\workspace\build\src\src\hotspot\share\prims\jni.cpp, line 516]
Event: 26.445 Thread 0x0000026deae1c5e0 Exception <a 'sun/nio/fs/WindowsException'{0x00000000cd0660b8}> (0x00000000cd0660b8) 
thrown [e:\jenkins\tmp\workspace\build\src\src\hotspot\share\prims\jni.cpp, line 516]
Event: 26.445 Thread 0x0000026deae1cf80 Exception <a 'sun/nio/fs/WindowsException'{0x00000000cd2ef260}> (0x00000000cd2ef260) 
thrown [e:\jenkins\tmp\workspace\build\src\src\hotspot\share\prims\jni.cpp, line 516]
Event: 26.445 Thread 0x0000026deae1cf80 Exception <a 'sun/nio/fs/WindowsException'{0x00000000cd2ef6e0}> (0x00000000cd2ef6e0) 
thrown [e:\jenkins\tmp\workspace\build\src\src\hotspot\share\prims\jni.cpp, line 516]
Event: 26.594 Thread 0x0000026deae1cf80 Exception <a 'sun/nio/fs/WindowsException'{0x00000000c982ba00}> (0x00000000c982ba00) 
thrown [e:\jenkins\tmp\workspace\build\src\src\hotspot\share\prims\jni.cpp, line 516]
Event: 26.595 Thread 0x0000026deae1cf80 Exception <a 'sun/nio/fs/WindowsException'{0x00000000c982be48}> (0x00000000c982be48) 
thrown [e:\jenkins\tmp\workspace\build\src\src\hotspot\share\prims\jni.cpp, line 516]

VM Operations (20 events):
Event: 20.733 Executing VM operation: G1Concurrent done
Event: 21.789 Executing VM operation: G1CollectForAllocation
Event: 21.847 Executing VM operation: G1CollectForAllocation done
Event: 21.852 Executing VM operation: G1CollectForAllocation
Event: 21.898 Executing VM operation: G1CollectForAllocation done
Event: 21.912 Executing VM operation: G1CollectForAllocation
Event: 21.968 Executing VM operation: G1CollectForAllocation done
Event: 22.719 Executing VM operation: G1CollectForAllocation
Event: 22.779 Executing VM operation: G1CollectForAllocation done
Event: 23.786 Executing VM operation: G1CollectForAllocation
Event: 23.836 Executing VM operation: G1CollectForAllocation done
Event: 24.587 Executing VM operation: G1CollectForAllocation
Event: 24.634 Executing VM operation: G1CollectForAllocation done
Event: 25.079 Executing VM operation: G1CollectForAllocation
Event: 25.102 Executing VM operation: G1CollectForAllocation done
Event: 25.949 Executing VM operation: G1CollectForAllocation
Event: 26.007 Executing VM operation: G1CollectForAllocation done
Event: 26.320 Executing VM operation: G1CollectForAllocation
Event: 26.338 Executing VM operation: G1CollectForAllocation done
Event: 26.709 Executing VM operation: G1CollectForAllocation

Events (20 events):
Event: 15.089 loading class java/util/concurrent/CompletableFuture$Signaller done
Event: 15.141 Thread 0x0000026deaeaaee0 Thread added: 0x0000026deaeaaee0
Event: 15.141 loading class java/util/concurrent/CompletableFuture$UniRelay
Event: 15.141 loading class java/util/concurrent/CompletableFuture$UniRelay done
Event: 15.450 Thread 0x0000026deaeaa540 Thread added: 0x0000026deaeaa540
Event: 15.461 loading class java/util/concurrent/CompletionException
Event: 15.461 loading class java/util/concurrent/CompletionException done
Event: 15.483 loading class java/io/PrintWriter
Event: 15.484 loading class java/io/PrintWriter done
Event: 15.515 loading class sun/nio/cs/StringUTF16
Event: 15.515 loading class sun/nio/cs/StringUTF16 done
Event: 15.520 loading class java/util/WeakHashMap$EntrySet
Event: 15.520 loading class java/util/WeakHashMap$EntrySet done
Event: 15.520 loading class java/util/WeakHashMap$EntryIterator
Event: 15.520 loading class java/util/WeakHashMap$HashIterator
Event: 15.521 loading class java/util/WeakHashMap$HashIterator done
Event: 15.521 loading class java/util/WeakHashMap$EntryIterator done
Event: 17.445 Thread 0x0000026de9ed0ce0 Thread exited: 0x0000026de9ed0ce0
Event: 17.710 loading class sun/nio/fs/WindowsChannelFactory$2
Event: 17.711 loading class sun/nio/fs/WindowsChannelFactory$2 done


Dynamic libraries:
0x00007ff7cc240000 - 0x00007ff7cc24e000 	c:\Users\user\.vscode\extensions\redhat.java-1.7.0-win32-x64\jre\17.0.3-win32-x86_64\bin\java.exe
0x00007fff9c270000 - 0x00007fff9c465000 	C:\WINDOWS\SYSTEM32\ntdll.dll
0x00007fff9be40000 - 0x00007fff9befd000 	C:\WINDOWS\System32\KERNEL32.DLL
0x00007fff99d40000 - 0x00007fff9a00d000 	C:\WINDOWS\System32\KERNELBASE.dll
0x00007fff96f40000 - 0x00007fff96fd0000 	C:\WINDOWS\SYSTEM32\apphelp.dll
0x00007fff99ab0000 - 0x00007fff99bb0000 	C:\WINDOWS\System32\ucrtbase.dll
0x00007fff92df0000 - 0x00007fff92e08000 	c:\Users\user\.vscode\extensions\redhat.java-1.7.0-win32-x64\jre\17.0.3-win32-x86_64\bin\jli.dll
0x00007fff9a350000 - 0x00007fff9a4f0000 	C:\WINDOWS\System32\USER32.dll
0x00007fff999e0000 - 0x00007fff99a02000 	C:\WINDOWS\System32\win32u.dll
0x00007fff9bf00000 - 0x00007fff9bf2a000 	C:\WINDOWS\System32\GDI32.dll
0x00007fff99c30000 - 0x00007fff99d3b000 	C:\WINDOWS\System32\gdi32full.dll
0x00007fff99a10000 - 0x00007fff99aad000 	C:\WINDOWS\System32\msvcp_win.dll
0x00007fff927a0000 - 0x00007fff927b9000 	c:\Users\user\.vscode\extensions\redhat.java-1.7.0-win32-x64\jre\17.0.3-win32-x86_64\bin\VCRUNTIME140.dll
0x00007fff84de0000 - 0x00007fff8507a000 	C:\WINDOWS\WinSxS\amd64_microsoft.windows.common-controls_6595b64144ccf1df_6.0.19041.1110_none_60b5254171f9507e\COMCTL32.dll
0x00007fff9afe0000 - 0x00007fff9b07e000 	C:\WINDOWS\System32\msvcrt.dll
0x00007fff9b5e0000 - 0x00007fff9b610000 	C:\WINDOWS\System32\IMM32.DLL
0x00007fff94b10000 - 0x00007fff94b1c000 	c:\Users\user\.vscode\extensions\redhat.java-1.7.0-win32-x64\jre\17.0.3-win32-x86_64\bin\vcruntime140_1.dll
0x00007fff75d20000 - 0x00007fff75db1000 	c:\Users\user\.vscode\extensions\redhat.java-1.7.0-win32-x64\jre\17.0.3-win32-x86_64\bin\msvcp140.dll
0x00007fff539a0000 - 0x00007fff545e8000 	c:\Users\user\.vscode\extensions\redhat.java-1.7.0-win32-x64\jre\17.0.3-win32-x86_64\bin\server\jvm.dll
0x00007fff9b350000 - 0x00007fff9b3fe000 	C:\WINDOWS\System32\ADVAPI32.dll
0x00007fff9aee0000 - 0x00007fff9af7c000 	C:\WINDOWS\System32\sechost.dll
0x00007fff9a4f0000 - 0x00007fff9a615000 	C:\WINDOWS\System32\RPCRT4.dll
0x00007fff9b080000 - 0x00007fff9b088000 	C:\WINDOWS\System32\PSAPI.DLL
0x00007fff979a0000 - 0x00007fff979a9000 	C:\WINDOWS\SYSTEM32\WSOCK32.dll
0x00007fff9bf30000 - 0x00007fff9bf9b000 	C:\WINDOWS\System32\WS2_32.dll
0x00007fff85770000 - 0x00007fff85797000 	C:\WINDOWS\SYSTEM32\WINMM.dll
0x00007fff90c20000 - 0x00007fff90c2a000 	C:\WINDOWS\SYSTEM32\VERSION.dll
0x00007fff98260000 - 0x00007fff98272000 	C:\WINDOWS\SYSTEM32\kernel.appcore.dll
0x00007fff92ee0000 - 0x00007fff92eea000 	c:\Users\user\.vscode\extensions\redhat.java-1.7.0-win32-x64\jre\17.0.3-win32-x86_64\bin\jimage.dll
0x00007fff97790000 - 0x00007fff97974000 	C:\WINDOWS\SYSTEM32\DBGHELP.DLL
0x00007fff82bb0000 - 0x00007fff82bdc000 	C:\WINDOWS\SYSTEM32\dbgcore.DLL
0x00007fff9a010000 - 0x00007fff9a092000 	C:\WINDOWS\System32\bcryptPrimitives.dll
0x00007fff8fae0000 - 0x00007fff8fb05000 	c:\Users\user\.vscode\extensions\redhat.java-1.7.0-win32-x64\jre\17.0.3-win32-x86_64\bin\java.dll
0x00007fff89780000 - 0x00007fff89798000 	c:\Users\user\.vscode\extensions\redhat.java-1.7.0-win32-x64\jre\17.0.3-win32-x86_64\bin\zip.dll
0x00007fff9b6f0000 - 0x00007fff9be34000 	C:\WINDOWS\System32\SHELL32.dll
0x00007fff97ac0000 - 0x00007fff98254000 	C:\WINDOWS\SYSTEM32\windows.storage.dll
0x00007fff9ab80000 - 0x00007fff9aed4000 	C:\WINDOWS\System32\combase.dll
0x00007fff99440000 - 0x00007fff9946c000 	C:\WINDOWS\SYSTEM32\Wldp.dll
0x00007fff9b530000 - 0x00007fff9b5dd000 	C:\WINDOWS\System32\SHCORE.dll
0x00007fff9bfa0000 - 0x00007fff9bff5000 	C:\WINDOWS\System32\shlwapi.dll
0x00007fff99920000 - 0x00007fff9993f000 	C:\WINDOWS\SYSTEM32\profapi.dll
0x00007fff879a0000 - 0x00007fff879b9000 	C:\Users\user\.vscode\extensions\redhat.java-1.7.0-win32-x64\jre\17.0.3-win32-x86_64\bin\net.dll
0x00007fff8f6f0000 - 0x00007fff8f7fa000 	C:\WINDOWS\SYSTEM32\WINHTTP.dll
0x00007fff991a0000 - 0x00007fff9920a000 	C:\WINDOWS\system32\mswsock.dll
0x00007fff87740000 - 0x00007fff87755000 	C:\Users\user\.vscode\extensions\redhat.java-1.7.0-win32-x64\jre\17.0.3-win32-x86_64\bin\nio.dll
0x00007fff8fb30000 - 0x00007fff8fb40000 	c:\Users\user\.vscode\extensions\redhat.java-1.7.0-win32-x64\jre\17.0.3-win32-x86_64\bin\verify.dll
0x00007fff8f9b0000 - 0x00007fff8f9b9000 	C:\Users\user\.vscode\extensions\redhat.java-1.7.0-win32-x64\jre\17.0.3-win32-x86_64\bin\management.dll
0x00007fff8ea70000 - 0x00007fff8ea7b000 	C:\Users\user\.vscode\extensions\redhat.java-1.7.0-win32-x64\jre\17.0.3-win32-x86_64\bin\management_ext.dll
0x00007fff828b0000 - 0x00007fff828c7000 	C:\WINDOWS\system32\napinsp.dll
0x00007fff82890000 - 0x00007fff828ab000 	C:\WINDOWS\system32\pnrpnsp.dll
0x00007fff93fa0000 - 0x00007fff93fb5000 	C:\WINDOWS\system32\wshbth.dll
0x00007fff94860000 - 0x00007fff9487d000 	C:\WINDOWS\system32\NLAapi.dll
0x00007fff98e40000 - 0x00007fff98e7b000 	C:\WINDOWS\SYSTEM32\IPHLPAPI.DLL
0x00007fff98e80000 - 0x00007fff98f4b000 	C:\WINDOWS\SYSTEM32\DNSAPI.dll
0x00007fff9ab70000 - 0x00007fff9ab78000 	C:\WINDOWS\System32\NSI.dll
0x00007fff82870000 - 0x00007fff82882000 	C:\WINDOWS\System32\winrnr.dll
0x00007fff8dd60000 - 0x00007fff8dd6a000 	C:\Windows\System32\rasadhlp.dll
0x00007fff8ddb0000 - 0x00007fff8de30000 	C:\WINDOWS\System32\fwpuclnt.dll
0x00007fff99c00000 - 0x00007fff99c27000 	C:\WINDOWS\System32\bcrypt.dll
0x00007fff993a0000 - 0x00007fff993b8000 	C:\WINDOWS\SYSTEM32\CRYPTSP.dll
0x00007fff98ab0000 - 0x00007fff98ae4000 	C:\WINDOWS\system32\rsaenh.dll
0x00007fff998e0000 - 0x00007fff9990e000 	C:\WINDOWS\SYSTEM32\USERENV.dll
0x00007fff99390000 - 0x00007fff9939c000 	C:\WINDOWS\SYSTEM32\CRYPTBASE.dll
0x00007fff8e230000 - 0x00007fff8e247000 	C:\WINDOWS\SYSTEM32\dhcpcsvc6.DLL
0x00007fff90050000 - 0x00007fff9006d000 	C:\WINDOWS\SYSTEM32\dhcpcsvc.DLL

dbghelp: loaded successfully - version: 4.0.5 - missing functions: none
symbol engine: initialized successfully - sym options: 0x614 - pdb path: .;c:\Users\user\.vscode\extensions\redhat.java-1.7.0-win32-x64\jre\17.0.3-win32-x86_64\bin;C:\WINDOWS\SYSTEM32;C:\WINDOWS\WinSxS\amd64_microsoft.windows.common-controls_6595b64144ccf1df_6.0.19041.1110_none_60b5254171f9507e;c:\Users\user\.vscode\extensions\redhat.java-1.7.0-win32-x64\jre\17.0.3-win32-x86_64\bin\server

VM Arguments:
jvm_args: --add-modules=ALL-SYSTEM --add-exports=jdk.compiler/com.sun.tools.javac.file=ALL-UNNAMED --add-exports=jdk.compiler/com.sun.tools.javac.util=ALL-UNNAMED --add-exports=jdk.compiler/com.sun.tools.javac.comp=ALL-UNNAMED --add-exports=jdk.compiler/com.sun.tools.javac.main=ALL-UNNAMED --add-exports=jdk.compiler/com.sun.tools.javac.tree=ALL-UNNAMED --add-exports=jdk.compiler/com.sun.tools.javac.code=ALL-UNNAMED -Dsts.lsp.client=vscode -Dsts.log.file=/dev/null -XX:TieredStopAtLevel=1 -Dspring.config.location=file:c:\Users\user\.vscode\extensions\pivotal.vscode-spring-boot-1.35.0\language-server\BOOT-INF\classes\application.properties 
java_command: org.springframework.ide.vscode.boot.app.BootLanguageServerBootApp
java_class_path (initial): c:\Users\user\.vscode\extensions\pivotal.vscode-spring-boot-1.35.0\language-server\BOOT-INF\classes;c:\Users\user\.vscode\extensions\pivotal.vscode-spring-boot-1.35.0\language-server\BOOT-INF\lib\annotations-23.0.0.jar;c:\Users\user\.vscode\extensions\pivotal.vscode-spring-boot-1.35.0\language-server\BOOT-INF\lib\antlr-runtime-3.5.2.jar;c:\Users\user\.vscode\extensions\pivotal.vscode-spring-boot-1.35.0\language-server\BOOT-INF\lib\antlr4-4.9.3.jar;c:\Users\user\.vscode\extensions\pivotal.vscode-spring-boot-1.35.0\language-server\BOOT-INF\lib\antlr4-runtime-4.9.3.jar;c:\Users\user\.vscode\extensions\pivotal.vscode-spring-boot-1.35.0\language-server\BOOT-INF\lib\asm-9.3.jar;c:\Users\user\.vscode\extensions\pivotal.vscode-spring-boot-1.35.0\language-server\BOOT-INF\lib\asm-analysis-9.3.jar;c:\Users\user\.vscode\extensions\pivotal.vscode-spring-boot-1.35.0\language-server\BOOT-INF\lib\asm-tree-9.3.jar;c:\Users\user\.vscode\extensions\pivotal.vscode-spring-boot-1.35.0\language-server\BOOT-INF\lib\asm-util-9.3.jar;c:\Users\user\.vscode\extensions\pivotal.vscode-spring-boot-1.35.0\language-server\BOOT-INF\lib\byte-buddy-1.10.18.jar;c:\Users\user\.vscode\extensions\pivotal.vscode-spring-boot-1.35.0\language-server\BOOT-INF\lib\caffeine-2.8.6.jar;c:\Users\user\.vscode\extensions\pivotal.vscode-spring-boot-1.35.0\language-server\BOOT-INF\lib\checker-qual-3.12.0.jar;c:\Users\user\.vscode\extensions\pivotal.vscode-spring-boot-1.35.0\language-server\BOOT-INF\lib\classgraph-4.8.146.jar;c:\Users\user\.vscode\extensions\pivotal.vscode-spring-boot-1.35.0\language-server\BOOT-INF\lib\commons-codec-1.14.jar;c:\Users\user\.vscode\extensions\pivotal.vscode-spring-boot-1.35.0\language-server\BOOT-INF\lib\commons-compress-1.21.jar;c:\Users\user\.vscode\extensions\pivotal.vscode-spring-boot-1.35.0\language-server\BOOT-INF\lib\commons-exec-1.3.jar;c:\Users\user\.vscode\extensions\pivotal.vscode-spring-boot-1.35.0\language-server\BOOT-INF\lib\commons-io-2.4.jar;c
Launcher Type: SUN_STANDARD

[Global flags]
     intx CICompilerCount                          = 3                                         {product} {ergonomic}
     uint ConcGCThreads                            = 1                                         {product} {ergonomic}
     uint G1ConcRefinementThreads                  = 4                                         {product} {ergonomic}
   size_t G1HeapRegionSize                         = 1048576                                   {product} {ergonomic}
    uintx GCDrainStackTargetSize                   = 64                                        {product} {ergonomic}
   size_t InitialHeapSize                          = 67108864                                  {product} {ergonomic}
   size_t MarkStackSize                            = 4194304                                   {product} {ergonomic}
   size_t MaxHeapSize                              = 1052770304                                {product} {ergonomic}
   size_t MaxNewSize                               = 631242752                                 {product} {ergonomic}
   size_t MinHeapDeltaBytes                        = 1048576                                   {product} {ergonomic}
   size_t MinHeapSize                              = 8388608                                   {product} {ergonomic}
    uintx NonProfiledCodeHeapSize                  = 0                                      {pd product} {ergonomic}
     bool ProfileInterpreter                       = false                                  {pd product} {command line}
    uintx ProfiledCodeHeapSize                     = 0                                      {pd product} {ergonomic}
   size_t SoftMaxHeapSize                          = 1052770304                             {manageable} {ergonomic}
     intx TieredStopAtLevel                        = 1                                         {product} {command line}
     bool UseCompressedClassPointers               = true                           {product lp64_product} {ergonomic}
     bool UseCompressedOops                        = true                           {product lp64_product} {ergonomic}
     bool UseG1GC                                  = true                                      {product} {ergonomic}
     bool UseLargePagesIndividualAllocation        = false                                  {pd product} {ergonomic}

Logging:
Log output configuration:
 #0: stdout all=warning uptime,level,tags
 #1: stderr all=off uptime,level,tags

Environment Variables:
JAVA_HOME=C:\Program Files\Java\jdk1.8.0_201
PATH=C:\Program Files\Java\jdk1.8.0_201\bin;C:\20220103_lab\99.devTool\apache-maven-3.8.1\bin;C:\oraclexe\app\oracle\product\11.2.0\server\bin;C:\Program Files (x86)\Common Files\Oracle\Java\javapath;C:\CUBRID\bin\;C:\Program Files (x86)\Intel\iCLS Client\;C:\Program Files\Intel\iCLS Client\;C:\WINDOWS\system32;C:\WINDOWS;C:\WINDOWS\System32\Wbem;C:\WINDOWS\System32\WindowsPowerShell\v1.0\;C:\Program Files\Intel\WiFi\bin\;C:\Program Files\Common Files\Intel\WirelessCommon\;C:\Program Files (x86)\Intel\Intel(R) Management Engine Components\DAL;C:\Program Files\Intel\Intel(R) Management Engine Components\DAL;C:\Program Files (x86)\Intel\Intel(R) Management Engine Components\IPT;C:\Program Files\Intel\Intel(R) Management Engine Components\IPT;C:\WINDOWS\System32\OpenSSH\;C:\Program Files\dotnet\;C:\Program Files\Git\cmd;C:\msys64\mingw64\bin;C:\Program Files\nodejs\;C:\Program Files\PuTTY\;C:\Users\user\anaconda3;C:\Users\user\anaconda3\Library\mingw-w64\bin;C:\Users\user\anaconda3\Library\usr\bin;C:\Users\user\anaconda3\Library\bin;C:\Users\user\anaconda3\Scripts;C:\Program Files\MySQL\MySQL Shell 8.0\bin\;C:\Users\user\AppData\Local\Programs\Python\Launcher\;C:\R\R-4.0.4\bin\x64;C:\CUBRID\bin\;C:\Program Files (x86)\Intel\iCLS Client\;C:\Program Files\Intel\iCLS Client\;C:\WINDOWS\system32;C:\WINDOWS;C:\WINDOWS\System32\Wbem;C:\WINDOWS\System32\WindowsPowerShell\v1.0\;C:\Program Files\Intel\WiFi\bin\;C:\Program Files\Common Files\Intel\WirelessCommon\;C:\Program Files (x86)\Intel\Intel(R) Management Engine Components\DAL;C:\Program Files\Intel\Intel(R) Management Engine Components\DAL;C:\Program Files (x86)\Intel\Intel(R) Management Engine Components\IPT;C:\Program Files\Intel\Intel(R) Management Engine Components\IPT;C:\WINDOWS\System32\OpenSSH\;C:\Users\user\AppData\Local\Microsoft\WindowsApps;C:\Users\user\AppData\Local\Programs\Microsoft VS Code\bin;C:\R\RStudio\bin\rpostback;C:\R\RStudio\bin\postback;C:\Users\user\.dotnet\tools;C:\Users\user\AppData\Roaming\npm
USERNAME=user
OS=Windows_NT
PROCESSOR_IDENTIFIER=Intel64 Family 6 Model 142 Stepping 9, GenuineIntel



---------------  S Y S T E M  ---------------

OS:
 Windows 10 , 64 bit Build 19041 (10.0.19041.1706)
OS uptime: 31 days 8:00 hours

CPU: total 4 (initial active 4) (2 cores per cpu, 2 threads per core) family 6 model 142 stepping 9 microcode 0xb4, cx8, cmov, fxsr, ht, mmx, 3dnowpref, sse, sse2, sse3, ssse3, sse4.1, sse4.2, popcnt, lzcnt, tsc, tscinvbit, aes, erms, clmul, clflush, clflushopt

Memory: 4k page, system-wide physical 4009M (211M free)
TotalPageFile size 16297M (AvailPageFile size 72M)
current process WorkingSet (physical memory assigned to process): 226M, peak: 255M
current process commit charge ("private bytes"): 341M, peak: 499M

vm_info: OpenJDK 64-Bit Server VM (17.0.3+7) for windows-amd64 JRE (17.0.3+7), built on Apr 19 2022 16:55:35 by "" with MS VC++ 16.7 (VS2019)

END.
