#
# There is insufficient memory for the Java Runtime Environment to continue.
# Native memory allocation (malloc) failed to allocate 1096576 bytes for Chunk::new
# Possible reasons:
#   The system is out of physical RAM or swap space
#   The process is running with CompressedOops enabled, and the Java Heap may be blocking the growth of the native heap
# Possible solutions:
#   Reduce memory load on the system
#   Increase physical memory or swap space
#   Check if swap backing store is full
#   Decrease Java heap size (-Xmx/-Xms)
#   Decrease number of Java threads
#   Decrease Java thread stack sizes (-Xss)
#   Set larger code cache with -XX:ReservedCodeCacheSize=
#   JVM is running with Unscaled Compressed Oops mode in which the Java heap is
#     placed in the first 4GB address space. The Java Heap base address is the
#     maximum limit for the native heap growth. Please use -XX:HeapBaseMinAddress
#     to set the Java Heap base and to place the Java Heap above 4GB virtual address.
# This output file may be truncated or incomplete.
#
#  Out of Memory Error (allocation.cpp:390), pid=7708, tid=0x0000000000007d84
#
# JRE version: Java(TM) SE Runtime Environment (8.0_201-b09) (build 1.8.0_201-b09)
# Java VM: Java HotSpot(TM) 64-Bit Server VM (25.201-b09 mixed mode windows-amd64 compressed oops)
# Failed to write core dump. Minidumps are not enabled by default on client versions of Windows
#

---------------  T H R E A D  ---------------

Current thread (0x0000000015330800):  JavaThread "C2 CompilerThread0" daemon [_thread_in_native, id=32132, stack(0x0000000016d10000,0x0000000016e10000)]

Stack: [0x0000000016d10000,0x0000000016e10000]
[error occurred during error reporting (printing stack bounds), id 0xc0000005]

Native frames: (J=compiled Java code, j=interpreted, Vv=VM code, C=native code)


Current CompileTask:
C2: 162443 5197   !   4       java.net.URLClassLoader$1::run (63 bytes)


---------------  P R O C E S S  ---------------

Java Threads: ( => current thread )
  0x000000001ab6d800 JavaThread "DestroyJavaVM" [_thread_blocked, id=26884, stack(0x0000000002750000,0x0000000002850000)]
  0x000000001ab73800 JavaThread "http-nio-8090-Acceptor" daemon [_thread_in_native, id=3224, stack(0x0000000020c70000,0x0000000020d70000)]
  0x000000001ab6f000 JavaThread "http-nio-8090-Poller" daemon [_thread_in_native, id=22880, stack(0x0000000020b70000,0x0000000020c70000)]
  0x000000001ab73000 JavaThread "http-nio-8090-exec-10" daemon [_thread_blocked, id=28888, stack(0x0000000020970000,0x0000000020a70000)]
  0x000000001a3be000 JavaThread "http-nio-8090-exec-9" daemon [_thread_blocked, id=22380, stack(0x0000000020870000,0x0000000020970000)]
  0x000000001a3b7800 JavaThread "http-nio-8090-exec-8" daemon [_thread_blocked, id=21556, stack(0x0000000020770000,0x0000000020870000)]
  0x000000001a3b9000 JavaThread "http-nio-8090-exec-7" daemon [_thread_blocked, id=12804, stack(0x0000000020670000,0x0000000020770000)]
  0x000000001a3b9800 JavaThread "http-nio-8090-exec-6" daemon [_thread_blocked, id=15408, stack(0x0000000020570000,0x0000000020670000)]
  0x000000001a3bd800 JavaThread "http-nio-8090-exec-5" daemon [_thread_blocked, id=2504, stack(0x0000000020470000,0x0000000020570000)]
  0x000000001a3b8000 JavaThread "http-nio-8090-exec-4" daemon [_thread_in_vm, id=25756, stack(0x0000000020370000,0x0000000020470000)]
  0x000000001a3ba800 JavaThread "http-nio-8090-exec-3" daemon [_thread_in_vm, id=19128, stack(0x000000001fd90000,0x000000001fe90000)]
  0x000000001a3bb000 JavaThread "http-nio-8090-exec-2" daemon [_thread_in_Java, id=4544, stack(0x000000001fa70000,0x000000001fb70000)]
  0x000000001a3bc800 JavaThread "http-nio-8090-exec-1" daemon [_thread_in_Java, id=33372, stack(0x000000001f170000,0x000000001f270000)]
  0x000000001a3bc000 JavaThread "HikariPool-1 housekeeper" daemon [_thread_blocked, id=33180, stack(0x000000001f070000,0x000000001f170000)]
  0x000000001aab0800 JavaThread "mysql-cj-abandoned-connection-cleanup" daemon [_thread_blocked, id=27008, stack(0x000000001d3b0000,0x000000001d4b0000)]
  0x000000001a389800 JavaThread "container-0" [_thread_blocked, id=2464, stack(0x000000001d030000,0x000000001d130000)]
  0x0000000018393000 JavaThread "Catalina-utility-2" [_thread_blocked, id=29488, stack(0x000000001cf30000,0x000000001d030000)]
  0x0000000019f3a800 JavaThread "Catalina-utility-1" [_thread_blocked, id=5580, stack(0x000000001ce30000,0x000000001cf30000)]
  0x0000000016772800 JavaThread "Service Thread" daemon [_thread_blocked, id=29612, stack(0x0000000017010000,0x0000000017110000)]
  0x000000001537c800 JavaThread "C1 CompilerThread2" daemon [_thread_blocked, id=30468, stack(0x0000000016f10000,0x0000000017010000)]
  0x0000000015332800 JavaThread "C2 CompilerThread1" daemon [_thread_in_native, id=23020, stack(0x0000000016e10000,0x0000000016f10000)]
=>0x0000000015330800 JavaThread "C2 CompilerThread0" daemon [_thread_in_native, id=32132, stack(0x0000000016d10000,0x0000000016e10000)]
  0x0000000015378000 JavaThread "Attach Listener" daemon [_thread_blocked, id=1584, stack(0x0000000016c10000,0x0000000016d10000)]
  0x0000000015377800 JavaThread "Signal Dispatcher" daemon [_thread_blocked, id=34744, stack(0x0000000016b10000,0x0000000016c10000)]
  0x0000000002cb5800 JavaThread "Finalizer" daemon [_thread_blocked, id=23532, stack(0x0000000016580000,0x0000000016680000)]
  0x0000000002cb2000 JavaThread "Reference Handler" daemon [_thread_blocked, id=31240, stack(0x0000000016480000,0x0000000016580000)]

Other Threads:
  0x00000000152e7800 VMThread [stack: 0x0000000016380000,0x0000000016480000] [id=22116]
  0x00000000167aa000 WatcherThread [stack: 0x0000000017110000,0x0000000017210000] [id=33808]

VM state:not at safepoint (normal execution)

VM Mutex/Monitor currently owned by a thread: None

heap address: 0x00000000c1400000, size: 1004 MB, Compressed Oops mode: 32-bit
Narrow klass base: 0x0000000000000000, Narrow klass shift: 3
Compressed class space size: 1073741824 Address: 0x0000000100000000

Heap:
 PSYoungGen      total 141824K, used 31082K [0x00000000eb180000, 0x00000000f7b00000, 0x0000000100000000)
  eden space 128000K, 24% used [0x00000000eb180000,0x00000000ecfdaa28,0x00000000f2e80000)
  from space 13824K, 0% used [0x00000000f2e80000,0x00000000f2e80000,0x00000000f3c00000)
  to   space 14848K, 0% used [0x00000000f6c80000,0x00000000f6c80000,0x00000000f7b00000)
 ParOldGen       total 69632K, used 26450K [0x00000000c1400000, 0x00000000c5800000, 0x00000000eb180000)
  object space 69632K, 37% used [0x00000000c1400000,0x00000000c2dd4be0,0x00000000c5800000)
 Metaspace       used 58044K, capacity 61902K, committed 62100K, reserved 1103872K
  class space    used 7913K, capacity 8532K, committed 8636K, reserved 1048576K

Card table byte_map: [0x00000000120b0000,0x00000000122b0000] byte_map_base: 0x0000000011aa6000

Marking Bits: (ParMarkBitMap*) 0x000000006ef84ce0
 Begin Bits: [0x0000000012800000, 0x00000000137b0000)
 End Bits:   [0x00000000137b0000, 0x0000000014760000)

Polling page: 0x0000000002ba0000

CodeCache: size=245760Kb used=15667Kb max_used=16546Kb free=230092Kb
 bounds [0x0000000002cf0000, 0x0000000003d60000, 0x0000000011cf0000]
 total_blobs=5044 nmethods=4492 adapters=464
 compilation: enabled

Compilation events (10 events):
Event: 161.945 Thread 0x000000001537c800 5192       3       java.util.regex.Pattern$GroupTail::<init> (17 bytes)
Event: 161.945 Thread 0x000000001537c800 nmethod 5192 0x0000000003093090 code [0x0000000003093200, 0x0000000003093450]
Event: 161.955 Thread 0x000000001537c800 5193       3       java.util.regex.Pattern$7::isSatisfiedBy (28 bytes)
Event: 161.956 Thread 0x000000001537c800 nmethod 5193 0x00000000036bd250 code [0x00000000036bd3e0, 0x00000000036bd778]
Event: 161.957 Thread 0x0000000015332800 5194       4       java.net.URLClassLoader$1::run (5 bytes)
Event: 161.971 Thread 0x0000000015330800 5195       4       java.lang.Character::codePointAt (51 bytes)
Event: 161.971 Thread 0x000000001537c800 5196       3       java.util.regex.Pattern$CharProperty$1::isSatisfiedBy (17 bytes)
Event: 161.971 Thread 0x000000001537c800 nmethod 5196 0x000000000355e4d0 code [0x000000000355e640, 0x000000000355e8a8]
Event: 161.973 Thread 0x0000000015330800 nmethod 5195 0x00000000036c8a50 code [0x00000000036c8ba0, 0x00000000036c8cb8]
Event: 161.978 Thread 0x0000000015330800 5197   !   4       java.net.URLClassLoader$1::run (63 bytes)

GC Heap History (10 events):
Event: 15.349 GC heap before
{Heap before GC invocations=12 (full 1):
 PSYoungGen      total 98304K, used 10979K [0x00000000eb180000, 0x00000000f1d00000, 0x0000000100000000)
  eden space 90624K, 3% used [0x00000000eb180000,0x00000000eb4b98e0,0x00000000f0a00000)
  from space 7680K, 99% used [0x00000000f1380000,0x00000000f1aff488,0x00000000f1b00000)
  to   space 9728K, 0% used [0x00000000f0a00000,0x00000000f0a00000,0x00000000f1380000)
 ParOldGen       total 31232K, used 11860K [0x00000000c1400000, 0x00000000c3280000, 0x00000000eb180000)
  object space 31232K, 37% used [0x00000000c1400000,0x00000000c1f95048,0x00000000c3280000)
 Metaspace       used 33240K, capacity 35314K, committed 35416K, reserved 1079296K
  class space    used 4340K, capacity 4682K, committed 4736K, reserved 1048576K
Event: 15.367 GC heap after
Heap after GC invocations=12 (full 1):
 PSYoungGen      total 100352K, used 629K [0x00000000eb180000, 0x00000000f4980000, 0x0000000100000000)
  eden space 90624K, 0% used [0x00000000eb180000,0x00000000eb180000,0x00000000f0a00000)
  from space 9728K, 6% used [0x00000000f0a00000,0x00000000f0a9d430,0x00000000f1380000)
  to   space 10240K, 0% used [0x00000000f3f80000,0x00000000f3f80000,0x00000000f4980000)
 ParOldGen       total 31232K, used 18153K [0x00000000c1400000, 0x00000000c3280000, 0x00000000eb180000)
  object space 31232K, 58% used [0x00000000c1400000,0x00000000c25ba440,0x00000000c3280000)
 Metaspace       used 33240K, capacity 35314K, committed 35416K, reserved 1079296K
  class space    used 4340K, capacity 4682K, committed 4736K, reserved 1048576K
}
Event: 15.367 GC heap before
{Heap before GC invocations=13 (full 2):
 PSYoungGen      total 100352K, used 629K [0x00000000eb180000, 0x00000000f4980000, 0x0000000100000000)
  eden space 90624K, 0% used [0x00000000eb180000,0x00000000eb180000,0x00000000f0a00000)
  from space 9728K, 6% used [0x00000000f0a00000,0x00000000f0a9d430,0x00000000f1380000)
  to   space 10240K, 0% used [0x00000000f3f80000,0x00000000f3f80000,0x00000000f4980000)
 ParOldGen       total 31232K, used 18153K [0x00000000c1400000, 0x00000000c3280000, 0x00000000eb180000)
  object space 31232K, 58% used [0x00000000c1400000,0x00000000c25ba440,0x00000000c3280000)
 Metaspace       used 33240K, capacity 35314K, committed 35416K, reserved 1079296K
  class space    used 4340K, capacity 4682K, committed 4736K, reserved 1048576K
Event: 15.561 GC heap after
Heap after GC invocations=13 (full 2):
 PSYoungGen      total 100352K, used 0K [0x00000000eb180000, 0x00000000f4980000, 0x0000000100000000)
  eden space 90624K, 0% used [0x00000000eb180000,0x00000000eb180000,0x00000000f0a00000)
  from space 9728K, 0% used [0x00000000f0a00000,0x00000000f0a00000,0x00000000f1380000)
  to   space 10240K, 0% used [0x00000000f3f80000,0x00000000f3f80000,0x00000000f4980000)
 ParOldGen       total 44544K, used 11640K [0x00000000c1400000, 0x00000000c3f80000, 0x00000000eb180000)
  object space 44544K, 26% used [0x00000000c1400000,0x00000000c1f5e3e8,0x00000000c3f80000)
 Metaspace       used 33240K, capacity 35314K, committed 35416K, reserved 1079296K
  class space    used 4340K, capacity 4682K, committed 4736K, reserved 1048576K
}
Event: 21.904 GC heap before
{Heap before GC invocations=14 (full 2):
 PSYoungGen      total 100352K, used 90624K [0x00000000eb180000, 0x00000000f4980000, 0x0000000100000000)
  eden space 90624K, 100% used [0x00000000eb180000,0x00000000f0a00000,0x00000000f0a00000)
  from space 9728K, 0% used [0x00000000f0a00000,0x00000000f0a00000,0x00000000f1380000)
  to   space 10240K, 0% used [0x00000000f3f80000,0x00000000f3f80000,0x00000000f4980000)
 ParOldGen       total 44544K, used 11640K [0x00000000c1400000, 0x00000000c3f80000, 0x00000000eb180000)
  object space 44544K, 26% used [0x00000000c1400000,0x00000000c1f5e3e8,0x00000000c3f80000)
 Metaspace       used 47130K, capacity 49616K, committed 49880K, reserved 1091584K
  class space    used 6380K, capacity 6813K, committed 6912K, reserved 1048576K
Event: 21.943 GC heap after
Heap after GC invocations=14 (full 2):
 PSYoungGen      total 137728K, used 10215K [0x00000000eb180000, 0x00000000f4980000, 0x0000000100000000)
  eden space 127488K, 0% used [0x00000000eb180000,0x00000000eb180000,0x00000000f2e00000)
  from space 10240K, 99% used [0x00000000f3f80000,0x00000000f4979c70,0x00000000f4980000)
  to   space 13824K, 0% used [0x00000000f2e80000,0x00000000f2e80000,0x00000000f3c00000)
 ParOldGen       total 44544K, used 17005K [0x00000000c1400000, 0x00000000c3f80000, 0x00000000eb180000)
  object space 44544K, 38% used [0x00000000c1400000,0x00000000c249b5f0,0x00000000c3f80000)
 Metaspace       used 47130K, capacity 49616K, committed 49880K, reserved 1091584K
  class space    used 6380K, capacity 6813K, committed 6912K, reserved 1048576K
}
Event: 27.499 GC heap before
{Heap before GC invocations=15 (full 2):
 PSYoungGen      total 137728K, used 128642K [0x00000000eb180000, 0x00000000f4980000, 0x0000000100000000)
  eden space 127488K, 92% used [0x00000000eb180000,0x00000000f2526bf8,0x00000000f2e00000)
  from space 10240K, 99% used [0x00000000f3f80000,0x00000000f4979c70,0x00000000f4980000)
  to   space 13824K, 0% used [0x00000000f2e80000,0x00000000f2e80000,0x00000000f3c00000)
 ParOldGen       total 44544K, used 17005K [0x00000000c1400000, 0x00000000c3f80000, 0x00000000eb180000)
  object space 44544K, 38% used [0x00000000c1400000,0x00000000c249b5f0,0x00000000c3f80000)
 Metaspace       used 55546K, capacity 59004K, committed 59028K, reserved 1099776K
  class space    used 7553K, capacity 8109K, committed 8124K, reserved 1048576K
Event: 27.580 GC heap after
Heap after GC invocations=15 (full 2):
 PSYoungGen      total 141824K, used 10653K [0x00000000eb180000, 0x00000000f7b00000, 0x0000000100000000)
  eden space 128000K, 0% used [0x00000000eb180000,0x00000000eb180000,0x00000000f2e80000)
  from space 13824K, 77% used [0x00000000f2e80000,0x00000000f38e7570,0x00000000f3c00000)
  to   space 14848K, 0% used [0x00000000f6c80000,0x00000000f6c80000,0x00000000f7b00000)
 ParOldGen       total 44544K, used 22815K [0x00000000c1400000, 0x00000000c3f80000, 0x00000000eb180000)
  object space 44544K, 51% used [0x00000000c1400000,0x00000000c2a47e58,0x00000000c3f80000)
 Metaspace       used 55546K, capacity 59004K, committed 59028K, reserved 1099776K
  class space    used 7553K, capacity 8109K, committed 8124K, reserved 1048576K
}
Event: 27.580 GC heap before
{Heap before GC invocations=16 (full 3):
 PSYoungGen      total 141824K, used 10653K [0x00000000eb180000, 0x00000000f7b00000, 0x0000000100000000)
  eden space 128000K, 0% used [0x00000000eb180000,0x00000000eb180000,0x00000000f2e80000)
  from space 13824K, 77% used [0x00000000f2e80000,0x00000000f38e7570,0x00000000f3c00000)
  to   space 14848K, 0% used [0x00000000f6c80000,0x00000000f6c80000,0x00000000f7b00000)
 ParOldGen       total 44544K, used 22815K [0x00000000c1400000, 0x00000000c3f80000, 0x00000000eb180000)
  object space 44544K, 51% used [0x00000000c1400000,0x00000000c2a47e58,0x00000000c3f80000)
 Metaspace       used 55546K, capacity 59004K, committed 59028K, reserved 1099776K
  class space    used 7553K, capacity 8109K, committed 8124K, reserved 1048576K
Event: 28.138 GC heap after
Heap after GC invocations=16 (full 3):
 PSYoungGen      total 141824K, used 0K [0x00000000eb180000, 0x00000000f7b00000, 0x0000000100000000)
  eden space 128000K, 0% used [0x00000000eb180000,0x00000000eb180000,0x00000000f2e80000)
  from space 13824K, 0% used [0x00000000f2e80000,0x00000000f2e80000,0x00000000f3c00000)
  to   space 14848K, 0% used [0x00000000f6c80000,0x00000000f6c80000,0x00000000f7b00000)
 ParOldGen       total 69632K, used 26450K [0x00000000c1400000, 0x00000000c5800000, 0x00000000eb180000)
  object space 69632K, 37% used [0x00000000c1400000,0x00000000c2dd4be0,0x00000000c5800000)
 Metaspace       used 55546K, capacity 59004K, committed 59028K, reserved 1099776K
  class space    used 7553K, capacity 8109K, committed 8124K, reserved 1048576K
}

Deoptimization events (10 events):
Event: 27.438 Thread 0x0000000002bc2800 Uncommon trap: reason=class_check action=maybe_recompile pc=0x0000000003b30ab0 method=org.springframework.core.annotation.TypeMappedAnnotations$MergedAnnotationFinder.process(Ljava/lang/Object;ILjava/lang/Object;Ljava/lang/annotation/Annotation;)Lorg/spri
Event: 27.438 Thread 0x0000000002bc2800 Uncommon trap: reason=class_check action=maybe_recompile pc=0x0000000003b30ab0 method=org.springframework.core.annotation.TypeMappedAnnotations$MergedAnnotationFinder.process(Ljava/lang/Object;ILjava/lang/Object;Ljava/lang/annotation/Annotation;)Lorg/spri
Event: 27.439 Thread 0x0000000002bc2800 Uncommon trap: reason=class_check action=maybe_recompile pc=0x0000000003b30ab0 method=org.springframework.core.annotation.TypeMappedAnnotations$MergedAnnotationFinder.process(Ljava/lang/Object;ILjava/lang/Object;Ljava/lang/annotation/Annotation;)Lorg/spri
Event: 27.486 Thread 0x0000000002bc2800 Uncommon trap: reason=unstable_if action=reinterpret pc=0x0000000003b122a0 method=org.springframework.core.annotation.AnnotationsScanner.isWithoutHierarchy(Ljava/lang/reflect/AnnotatedElement;Lorg/springframework/core/annotation/MergedAnnotations$SearchSt
Event: 28.175 Thread 0x0000000002bc2800 Uncommon trap: reason=unstable_if action=reinterpret pc=0x000000000324232c method=java.util.concurrent.ConcurrentHashMap.transfer([Ljava/util/concurrent/ConcurrentHashMap$Node;[Ljava/util/concurrent/ConcurrentHashMap$Node;)V @ 356
Event: 28.176 Thread 0x0000000002bc2800 Uncommon trap: reason=unstable_if action=reinterpret pc=0x00000000031ff13c method=java.util.concurrent.ConcurrentHashMap.transfer([Ljava/util/concurrent/ConcurrentHashMap$Node;[Ljava/util/concurrent/ConcurrentHashMap$Node;)V @ 356
Event: 28.189 Thread 0x0000000002bc2800 Uncommon trap: reason=unstable_if action=reinterpret pc=0x0000000003ace410 method=org.springframework.beans.factory.support.AbstractBeanFactory.isTypeMatch(Ljava/lang/String;Lorg/springframework/core/ResolvableType;Z)Z @ 34
Event: 28.339 Thread 0x0000000002bc2800 Uncommon trap: reason=unstable_if action=reinterpret pc=0x000000000308a4c0 method=org.springframework.beans.factory.support.DefaultSingletonBeanRegistry.getSingleton(Ljava/lang/String;Z)Ljava/lang/Object; @ 39
Event: 29.127 Thread 0x0000000002bc2800 Uncommon trap: reason=unstable_if action=reinterpret pc=0x0000000003cf2f34 method=org.springframework.core.annotation.AnnotationsScanner.processClassInheritedAnnotations(Ljava/lang/Object;Ljava/lang/Class;Lorg/springframework/core/annotation/MergedAnnotat
Event: 29.260 Thread 0x0000000002bc2800 Uncommon trap: reason=unstable_if action=reinterpret pc=0x00000000030cf118 method=org.springframework.util.ConcurrentReferenceHashMap$Segment.clear()V @ 7

Classes redefined (0 events):
No events

Internal exceptions (10 events):
Event: 26.301 Thread 0x0000000002bc2800 Exception <a 'java/lang/ClassNotFoundException': org/springframework/web/servlet/config/annotation/WebMvcConfigurationSupportCustomizer> (0x00000000f0e28d08) thrown at [C:\re\workspace\8-2-build-windows-amd64-cygwin\jdk8u201\12322\hotspot\src\share\vm\cla
Event: 26.302 Thread 0x0000000002bc2800 Exception <a 'java/lang/ClassNotFoundException': org/springframework/web/servlet/config/annotation/DelegatingWebMvcConfigurationCustomizer> (0x00000000f0e58a20) thrown at [C:\re\workspace\8-2-build-windows-amd64-cygwin\jdk8u201\12322\hotspot\src\share\vm\
Event: 26.305 Thread 0x0000000002bc2800 Exception <a 'java/lang/ClassNotFoundException': org/springframework/boot/autoconfigure/web/servlet/WebMvcAutoConfiguration$EnableWebMvcConfigurationCustomizer> (0x00000000f0e7ac28) thrown at [C:\re\workspace\8-2-build-windows-amd64-cygwin\jdk8u201\12322\
Event: 26.307 Thread 0x0000000002bc2800 Exception <a 'java/lang/ClassNotFoundException': org/springframework/context/ResourceLoaderAwareCustomizer> (0x00000000f0ea0e30) thrown at [C:\re\workspace\8-2-build-windows-amd64-cygwin\jdk8u201\12322\hotspot\src\share\vm\classfile\systemDictionary.cpp, 
Event: 26.310 Thread 0x0000000002bc2800 Exception <a 'java/lang/ClassNotFoundException': org/springframework/beans/factory/AwareCustomizer> (0x00000000f0eb1b18) thrown at [C:\re\workspace\8-2-build-windows-amd64-cygwin\jdk8u201\12322\hotspot\src\share\vm\classfile\systemDictionary.cpp, line 210
Event: 26.311 Thread 0x0000000002bc2800 Exception <a 'java/lang/ClassNotFoundException': org/springframework/context/ApplicationContextAwareCustomizer> (0x00000000f0ec41f0) thrown at [C:\re\workspace\8-2-build-windows-amd64-cygwin\jdk8u201\12322\hotspot\src\share\vm\classfile\systemDictionary.c
Event: 26.314 Thread 0x0000000002bc2800 Exception <a 'java/lang/ClassNotFoundException': org/springframework/beans/factory/AwareCustomizer> (0x00000000f0ed54e0) thrown at [C:\re\workspace\8-2-build-windows-amd64-cygwin\jdk8u201\12322\hotspot\src\share\vm\classfile\systemDictionary.cpp, line 210
Event: 26.315 Thread 0x0000000002bc2800 Exception <a 'java/lang/ClassNotFoundException': org/springframework/web/context/ServletContextAwareCustomizer> (0x00000000f0ee7bb0) thrown at [C:\re\workspace\8-2-build-windows-amd64-cygwin\jdk8u201\12322\hotspot\src\share\vm\classfile\systemDictionary.c
Event: 26.317 Thread 0x0000000002bc2800 Exception <a 'java/lang/ClassNotFoundException': org/springframework/beans/factory/AwareCustomizer> (0x00000000f0ef8910) thrown at [C:\re\workspace\8-2-build-windows-amd64-cygwin\jdk8u201\12322\hotspot\src\share\vm\classfile\systemDictionary.cpp, line 210
Event: 28.206 Thread 0x0000000002bc2800 Exception <a 'java/lang/IncompatibleClassChangeError': Found class java.lang.Object, but interface was expected> (0x00000000eb302210) thrown at [C:\re\workspace\8-2-build-windows-amd64-cygwin\jdk8u201\12322\hotspot\src\share\vm\interpreter\linkResolver.cp

Events (10 events):
Event: 162.298 loading class org/springframework/http/server/ServletServerHttpRequest
Event: 162.298 loading class org/springframework/http/server/ServletServerHttpRequest done
Event: 162.335 loading class org/springframework/http/server/ServerHttpAsyncRequestControl
Event: 162.335 loading class org/springframework/http/server/ServerHttpAsyncRequestControl done
Event: 162.336 loading class org/springframework/http/server/ServletServerHttpResponse
Event: 162.336 loading class org/springframework/http/server/ServletServerHttpResponse done
Event: 162.346 loading class org/springframework/http/server/ServletServerHttpResponse$ServletResponseHttpHeaders
Event: 162.346 loading class org/springframework/http/server/ServletServerHttpResponse$ServletResponseHttpHeaders done
Event: 162.351 loading class org/springframework/http/ReadOnlyHttpHeaders
Event: 162.351 loading class org/springframework/http/ReadOnlyHttpHeaders done


Dynamic libraries:
0x00007ff608cd0000 - 0x00007ff608d07000 	C:\Program Files\Java\jdk1.8.0_201\bin\java.exe
0x00007fff9c270000 - 0x00007fff9c465000 	C:\WINDOWS\SYSTEM32\ntdll.dll
0x00007fff9be40000 - 0x00007fff9befd000 	C:\WINDOWS\System32\KERNEL32.DLL
0x00007fff99d40000 - 0x00007fff9a00d000 	C:\WINDOWS\System32\KERNELBASE.dll
0x00007fff96f40000 - 0x00007fff96fd0000 	C:\WINDOWS\SYSTEM32\apphelp.dll
0x00007fff9b350000 - 0x00007fff9b3fe000 	C:\WINDOWS\System32\ADVAPI32.dll
0x00007fff9afe0000 - 0x00007fff9b07e000 	C:\WINDOWS\System32\msvcrt.dll
0x00007fff9aee0000 - 0x00007fff9af7c000 	C:\WINDOWS\System32\sechost.dll
0x00007fff9a4f0000 - 0x00007fff9a615000 	C:\WINDOWS\System32\RPCRT4.dll
0x00007fff9a350000 - 0x00007fff9a4f0000 	C:\WINDOWS\System32\USER32.dll
0x00007fff999e0000 - 0x00007fff99a02000 	C:\WINDOWS\System32\win32u.dll
0x00007fff9bf00000 - 0x00007fff9bf2a000 	C:\WINDOWS\System32\GDI32.dll
0x00007fff99c30000 - 0x00007fff99d3b000 	C:\WINDOWS\System32\gdi32full.dll
0x00007fff99a10000 - 0x00007fff99aad000 	C:\WINDOWS\System32\msvcp_win.dll
0x00007fff99ab0000 - 0x00007fff99bb0000 	C:\WINDOWS\System32\ucrtbase.dll
0x00007fff84de0000 - 0x00007fff8507a000 	C:\WINDOWS\WinSxS\amd64_microsoft.windows.common-controls_6595b64144ccf1df_6.0.19041.1110_none_60b5254171f9507e\COMCTL32.dll
0x00007fff9b5e0000 - 0x00007fff9b610000 	C:\WINDOWS\System32\IMM32.DLL
0x000000006f010000 - 0x000000006f0e1000 	C:\Program Files\Java\jdk1.8.0_201\jre\bin\msvcr100.dll
0x000000006e760000 - 0x000000006f004000 	C:\Program Files\Java\jdk1.8.0_201\jre\bin\server\jvm.dll
0x00007fff9b080000 - 0x00007fff9b088000 	C:\WINDOWS\System32\PSAPI.DLL
0x00007fff979a0000 - 0x00007fff979a9000 	C:\WINDOWS\SYSTEM32\WSOCK32.dll
0x00007fff9bf30000 - 0x00007fff9bf9b000 	C:\WINDOWS\System32\WS2_32.dll
0x00007fff85770000 - 0x00007fff85797000 	C:\WINDOWS\SYSTEM32\WINMM.dll
0x00007fff90c20000 - 0x00007fff90c2a000 	C:\WINDOWS\SYSTEM32\VERSION.dll
0x00007fff94990000 - 0x00007fff9499f000 	C:\Program Files\Java\jdk1.8.0_201\jre\bin\verify.dll
0x00007fff91270000 - 0x00007fff91299000 	C:\Program Files\Java\jdk1.8.0_201\jre\bin\java.dll
0x00007fff8fb40000 - 0x00007fff8fb56000 	C:\Program Files\Java\jdk1.8.0_201\jre\bin\zip.dll
0x00007fff9b6f0000 - 0x00007fff9be34000 	C:\WINDOWS\System32\SHELL32.dll
0x00007fff97ac0000 - 0x00007fff98254000 	C:\WINDOWS\SYSTEM32\windows.storage.dll
0x00007fff9ab80000 - 0x00007fff9aed4000 	C:\WINDOWS\System32\combase.dll
0x00007fff99440000 - 0x00007fff9946c000 	C:\WINDOWS\SYSTEM32\Wldp.dll
0x00007fff9b530000 - 0x00007fff9b5dd000 	C:\WINDOWS\System32\SHCORE.dll
0x00007fff9bfa0000 - 0x00007fff9bff5000 	C:\WINDOWS\System32\shlwapi.dll
0x00007fff99920000 - 0x00007fff9993f000 	C:\WINDOWS\SYSTEM32\profapi.dll
0x00007fff93240000 - 0x00007fff9324d000 	C:\Program Files\Java\jdk1.8.0_201\jre\bin\management.dll
0x00007fff80510000 - 0x00007fff8052a000 	C:\Program Files\Java\jdk1.8.0_201\jre\bin\net.dll
0x00007fff88560000 - 0x00007fff8874c000 	C:\WINDOWS\SYSTEM32\urlmon.dll
0x00007fff8ec00000 - 0x00007fff8eeb1000 	C:\WINDOWS\SYSTEM32\iertutil.dll
0x00007fff8dd80000 - 0x00007fff8dda8000 	C:\WINDOWS\SYSTEM32\srvcli.dll
0x00007fff98f50000 - 0x00007fff98f5c000 	C:\WINDOWS\SYSTEM32\netutils.dll
0x00007fff991a0000 - 0x00007fff9920a000 	C:\WINDOWS\system32\mswsock.dll
0x00007fff828b0000 - 0x00007fff828c7000 	C:\WINDOWS\system32\napinsp.dll
0x00007fff82890000 - 0x00007fff828ab000 	C:\WINDOWS\system32\pnrpnsp.dll
0x00007fff93fa0000 - 0x00007fff93fb5000 	C:\WINDOWS\system32\wshbth.dll
0x00007fff94860000 - 0x00007fff9487d000 	C:\WINDOWS\system32\NLAapi.dll
0x00007fff98e40000 - 0x00007fff98e7b000 	C:\WINDOWS\SYSTEM32\IPHLPAPI.DLL
0x00007fff98e80000 - 0x00007fff98f4b000 	C:\WINDOWS\SYSTEM32\DNSAPI.dll
0x00007fff9ab70000 - 0x00007fff9ab78000 	C:\WINDOWS\System32\NSI.dll
0x00007fff82870000 - 0x00007fff82882000 	C:\WINDOWS\System32\winrnr.dll
0x00007fff8dd60000 - 0x00007fff8dd6a000 	C:\Windows\System32\rasadhlp.dll
0x00007fff8ddb0000 - 0x00007fff8de30000 	C:\WINDOWS\System32\fwpuclnt.dll
0x00007fff99c00000 - 0x00007fff99c27000 	C:\WINDOWS\System32\bcrypt.dll
0x00007fff7f6d0000 - 0x00007fff7f6e1000 	C:\Program Files\Java\jdk1.8.0_201\jre\bin\nio.dll
0x00007fff993a0000 - 0x00007fff993b8000 	C:\WINDOWS\SYSTEM32\CRYPTSP.dll
0x00007fff98ab0000 - 0x00007fff98ae4000 	C:\WINDOWS\system32\rsaenh.dll
0x00007fff998e0000 - 0x00007fff9990e000 	C:\WINDOWS\SYSTEM32\USERENV.dll
0x00007fff9a010000 - 0x00007fff9a092000 	C:\WINDOWS\System32\bcryptprimitives.dll
0x00007fff99390000 - 0x00007fff9939c000 	C:\WINDOWS\SYSTEM32\CRYPTBASE.dll
0x00007fff8e230000 - 0x00007fff8e247000 	C:\WINDOWS\SYSTEM32\dhcpcsvc6.DLL
0x00007fff90050000 - 0x00007fff9006d000 	C:\WINDOWS\SYSTEM32\dhcpcsvc.DLL
0x00007fff897f0000 - 0x00007fff89814000 	C:\Program Files\Java\jdk1.8.0_201\jre\bin\sunec.dll
0x00007fff931b0000 - 0x00007fff931bb000 	C:\Program Files\Java\jdk1.8.0_201\jre\bin\sunmscapi.dll
0x00007fff9a0a0000 - 0x00007fff9a1f6000 	C:\WINDOWS\System32\CRYPT32.dll

VM Arguments:
java_command: dev.pomyharry.stocksimulator.back.BackApplication
java_class_path (initial): C:\Users\user\AppData\Local\Temp\cp_d873ss8wtwg3ukwms3qsee6p.jar
Launcher Type: SUN_STANDARD

Environment Variables:
JAVA_HOME=C:\Program Files\Java\jdk1.8.0_201
PATH=C:\Program Files\Java\jdk1.8.0_201\bin;C:\20220103_lab\99.devTool\apache-maven-3.8.1\bin;C:\oraclexe\app\oracle\product\11.2.0\server\bin;C:\Program Files (x86)\Common Files\Oracle\Java\javapath;C:\CUBRID\bin\;C:\Program Files (x86)\Intel\iCLS Client\;C:\Program Files\Intel\iCLS Client\;C:\WINDOWS\system32;C:\WINDOWS;C:\WINDOWS\System32\Wbem;C:\WINDOWS\System32\WindowsPowerShell\v1.0\;C:\Program Files\Intel\WiFi\bin\;C:\Program Files\Common Files\Intel\WirelessCommon\;C:\Program Files (x86)\Intel\Intel(R) Management Engine Components\DAL;C:\Program Files\Intel\Intel(R) Management Engine Components\DAL;C:\Program Files (x86)\Intel\Intel(R) Management Engine Components\IPT;C:\Program Files\Intel\Intel(R) Management Engine Components\IPT;C:\WINDOWS\System32\OpenSSH\;C:\Program Files\dotnet\;C:\Program Files\Git\cmd;C:\msys64\mingw64\bin;C:\Program Files\nodejs\;C:\Program Files\PuTTY\;C:\Users\user\anaconda3;C:\Users\user\anaconda3\Library\mingw-w64\bin;C:\Users\user\anaconda3\Library\usr\bin;C:\Users\user\anaconda3\Library\bin;C:\Users\user\anaconda3\Scripts;C:\Program Files\MySQL\MySQL Shell 8.0\bin\;C:\Users\user\AppData\Local\Programs\Python\Launcher\;C:\R\R-4.0.4\bin\x64;C:\CUBRID\bin\;C:\Program Files (x86)\Intel\iCLS Client\;C:\Program Files\Intel\iCLS Client\;C:\WINDOWS\system32;C:\WINDOWS;C:\WINDOWS\System32\Wbem;C:\WINDOWS\System32\WindowsPowerShell\v1.0\;C:\Program Files\Intel\WiFi\bin\;C:\Program Files\Common Files\Intel\WirelessCommon\;C:\Program Files (x86)\Intel\Intel(R) Management Engine Components\DAL;C:\Program Files\Intel\Intel(R) Management Engine Components\DAL;C:\Program Files (x86)\Intel\Intel(R) Management Engine Components\IPT;C:\Program Files\Intel\Intel(R) Management Engine Components\IPT;C:\WINDOWS\System32\OpenSSH\;C:\Users\user\AppData\Local\Microsoft\WindowsApps;C:\Users\user\AppData\Local\Programs\Microsoft VS Code\bin;C:\R\RStudio\bin\rpostback;C:\R\RStudio\bin\postback;C:\Users\user\.dotnet\tools;C:\Users\user\AppData\Roaming\npm
USERNAME=user
OS=Windows_NT
PROCESSOR_IDENTIFIER=Intel64 Family 6 Model 142 Stepping 9, GenuineIntel



---------------  S Y S T E M  ---------------

OS: Windows 10.0 , 64 bit Build 19041 (10.0.19041.1706)

CPU:total 4 (initial active 4) (2 cores per cpu, 2 threads per core) family 6 model 142 stepping 9, cmov, cx8, fxsr, mmx, sse, sse2, sse3, ssse3, sse4.1, sse4.2, popcnt, aes, clmul, erms, 3dnowpref, lzcnt, ht, tsc, tscinvbit

Memory: 4k page, physical 4105876k(16592k free), swap 16688788k(6008k free)

vm_info: Java HotSpot(TM) 64-Bit Server VM (25.201-b09) for windows-amd64 JRE (1.8.0_201-b09), built on Dec 15 2018 18:36:39 by "java_re" with MS VC++ 10.0 (VS2010)

time: Fri Jun 17 17:02:07 2022
timezone: 대한민국 표준시
elapsed time: 162 seconds (0d 0h 2m 42s)

