#
# There is insufficient memory for the Java Runtime Environment to continue.
# Native memory allocation (mmap) failed to map 193986560 bytes for G1 virtual space
# Possible reasons:
#   The system is out of physical RAM or swap space
#   The process is running with CompressedOops enabled, and the Java Heap may be blocking the growth of the native heap
# Possible solutions:
#   Reduce memory load on the system
#   Increase physical memory or swap space
#   Check if swap backing store is full
#   Decrease Java heap size (-Xmx/-Xms)
#   Decrease number of Java threads
#   Decrease Java thread stack sizes (-Xss)
#   Set larger code cache with -XX:ReservedCodeCacheSize=
#   JVM is running with Unscaled Compressed Oops mode in which the Java heap is
#     placed in the first 4GB address space. The Java Heap base address is the
#     maximum limit for the native heap growth. Please use -XX:HeapBaseMinAddress
#     to set the Java Heap base and to place the Java Heap above 4GB virtual address.
# This output file may be truncated or incomplete.
#
#  Out of Memory Error (os_windows.cpp:3535), pid=32772, tid=26932
#
# JRE version: OpenJDK Runtime Environment Temurin-17.0.3+7 (17.0.3+7) (build 17.0.3+7)
# Java VM: OpenJDK 64-Bit Server VM Temurin-17.0.3+7 (17.0.3+7, mixed mode, emulated-client, tiered, compressed oops, compressed class ptrs, g1 gc, windows-amd64)
# No core dump will be written. Minidumps are not enabled by default on client versions of Windows
#

---------------  S U M M A R Y ------------

Command Line: --add-modules=ALL-SYSTEM --add-exports=jdk.compiler/com.sun.tools.javac.file=ALL-UNNAMED --add-exports=jdk.compiler/com.sun.tools.javac.util=ALL-UNNAMED --add-exports=jdk.compiler/com.sun.tools.javac.comp=ALL-UNNAMED --add-exports=jdk.compiler/com.sun.tools.javac.main=ALL-UNNAMED --add-exports=jdk.compiler/com.sun.tools.javac.tree=ALL-UNNAMED --add-exports=jdk.compiler/com.sun.tools.javac.code=ALL-UNNAMED -Dsts.lsp.client=vscode -Dsts.log.file=/dev/null -XX:TieredStopAtLevel=1 -Dspring.config.location=file:c:\Users\user\.vscode\extensions\pivotal.vscode-spring-boot-1.35.0\language-server\BOOT-INF\classes\application.properties org.springframework.ide.vscode.boot.app.BootLanguageServerBootApp

Host: Intel(R) Pentium(R) CPU 4415U @ 2.30GHz, 4 cores, 3G,  Windows 10 , 64 bit Build 19041 (10.0.19041.1706)
Time: Fri Jun 17 16:55:43 2022  Windows 10 , 64 bit Build 19041 (10.0.19041.1706) elapsed time: 37.611935 seconds (0d 0h 0m 37s)

---------------  T H R E A D  ---------------

Current thread (0x0000018d4a2f3e90):  VMThread "VM Thread" [stack: 0x0000006be7f00000,0x0000006be8000000] [id=26932]

Stack: [0x0000006be7f00000,0x0000006be8000000]
Native frames: (J=compiled Java code, j=interpreted, Vv=VM code, C=native code)
V  [jvm.dll+0x675efa]
V  [jvm.dll+0x830a24]
V  [jvm.dll+0x8321ce]
V  [jvm.dll+0x832833]
V  [jvm.dll+0x2454b5]
V  [jvm.dll+0x672de9]
V  [jvm.dll+0x667732]
V  [jvm.dll+0x3043ab]
V  [jvm.dll+0x30b8f6]
V  [jvm.dll+0x35b62e]
V  [jvm.dll+0x35b85f]
V  [jvm.dll+0x2db248]
V  [jvm.dll+0x2d94fc]
V  [jvm.dll+0x2d8acc]
V  [jvm.dll+0x31ca2b]
V  [jvm.dll+0x836cdb]
V  [jvm.dll+0x837a14]
V  [jvm.dll+0x837f2c]
V  [jvm.dll+0x838304]
V  [jvm.dll+0x8383d0]
V  [jvm.dll+0x7e0cfa]
V  [jvm.dll+0x674d85]
C  [ucrtbase.dll+0x21bb2]
C  [KERNEL32.DLL+0x17034]
C  [ntdll.dll+0x52651]

VM_Operation (0x0000006be8ffe260): G1CollectForAllocation, mode: safepoint, requested by thread 0x0000018d4c5be100


---------------  P R O C E S S  ---------------

Threads class SMR info:
_java_thread_list=0x0000018d4cb9f3b0, length=25, elements={
0x0000018d4a307740, 0x0000018d4a3084c0, 0x0000018d4a336440, 0x0000018d4a338d10,
0x0000018d4a3395d0, 0x0000018d4a339e90, 0x0000018d4a33a800, 0x0000018d4a33d110,
0x0000018d4a2ac0d0, 0x0000018d4aea9f50, 0x0000018d4c5be100, 0x0000018d4ccb6020,
0x0000018d4c67c4b0, 0x0000018d4b4a58a0, 0x0000018d4b4a6710, 0x0000018d4b4a5d70,
0x0000018d4b4a6be0, 0x0000018d4b4a6240, 0x0000018d4b4a53d0, 0x0000018d4d2bcaf0,
0x0000018d4d2bd960, 0x0000018d4d2bbc80, 0x0000018d4d2bde30, 0x0000018d4d2bc150,
0x0000018d4cdd0fa0
}

Java Threads: ( => current thread )
  0x0000018d4a307740 JavaThread "Reference Handler" daemon [_thread_blocked, id=32672, stack(0x0000006be8000000,0x0000006be8100000)]
  0x0000018d4a3084c0 JavaThread "Finalizer" daemon [_thread_blocked, id=18144, stack(0x0000006be8100000,0x0000006be8200000)]
  0x0000018d4a336440 JavaThread "Signal Dispatcher" daemon [_thread_blocked, id=27964, stack(0x0000006be8200000,0x0000006be8300000)]
  0x0000018d4a338d10 JavaThread "Attach Listener" daemon [_thread_blocked, id=912, stack(0x0000006be8300000,0x0000006be8400000)]
  0x0000018d4a3395d0 JavaThread "Service Thread" daemon [_thread_blocked, id=25344, stack(0x0000006be8400000,0x0000006be8500000)]
  0x0000018d4a339e90 JavaThread "Monitor Deflation Thread" daemon [_thread_blocked, id=24040, stack(0x0000006be8500000,0x0000006be8600000)]
  0x0000018d4a33a800 JavaThread "C1 CompilerThread0" daemon [_thread_blocked, id=25332, stack(0x0000006be8600000,0x0000006be8700000)]
  0x0000018d4a33d110 JavaThread "Sweeper thread" daemon [_thread_blocked, id=27728, stack(0x0000006be8700000,0x0000006be8800000)]
  0x0000018d4a2ac0d0 JavaThread "Common-Cleaner" daemon [_thread_blocked, id=26880, stack(0x0000006be8800000,0x0000006be8900000)]
  0x0000018d4aea9f50 JavaThread "Notification Thread" daemon [_thread_blocked, id=25688, stack(0x0000006be8a00000,0x0000006be8b00000)]
  0x0000018d4c5be100 JavaThread "ForkJoinPool.commonPool-worker-1" daemon [_thread_blocked, id=3680, stack(0x0000006be8f00000,0x0000006be9000000)]
  0x0000018d4ccb6020 JavaThread "pool-7-thread-1" [_thread_blocked, id=29632, stack(0x0000006be9800000,0x0000006be9900000)]
  0x0000018d4c67c4b0 JavaThread "LanguageServerApp-lifecycle" [_thread_blocked, id=34216, stack(0x0000006be9900000,0x0000006be9a00000)]
  0x0000018d4b4a58a0 JavaThread "DestroyJavaVM" [_thread_blocked, id=19580, stack(0x0000006be7900000,0x0000006be7a00000)]
  0x0000018d4b4a6710 JavaThread "pool-8-thread-1" [_thread_in_native, id=28424, stack(0x0000006be9b00000,0x0000006be9c00000)]
  0x0000018d4b4a5d70 JavaThread "Simple-Language-Server main thread" daemon [_thread_blocked, id=21456, stack(0x0000006be9c00000,0x0000006be9d00000)]
  0x0000018d4b4a6be0 JavaThread "pool-5-thread-1" [_thread_blocked, id=7016, stack(0x0000006be9d00000,0x0000006be9e00000)]
  0x0000018d4b4a6240 JavaThread "Reconciler-1" [_thread_blocked, id=12192, stack(0x0000006be9e00000,0x0000006be9f00000)]
  0x0000018d4b4a53d0 JavaThread "parallel-1" daemon [_thread_blocked, id=25612, stack(0x0000006be9f00000,0x0000006bea000000)]
  0x0000018d4d2bcaf0 JavaThread "pool-2-thread-1" [_thread_blocked, id=21560, stack(0x0000006bea000000,0x0000006bea100000)]
  0x0000018d4d2bd960 JavaThread "ForkJoinPool.commonPool-worker-2" daemon [_thread_blocked, id=32248, stack(0x0000006bea100000,0x0000006bea200000)]
  0x0000018d4d2bbc80 JavaThread "pool-2-thread-2" [_thread_blocked, id=22960, stack(0x0000006bea200000,0x0000006bea300000)]
  0x0000018d4d2bde30 JavaThread "pool-2-thread-3" [_thread_blocked, id=30880, stack(0x0000006bea300000,0x0000006bea400000)]
  0x0000018d4d2bc150 JavaThread "pool-3-thread-1" [_thread_blocked, id=11884, stack(0x0000006bea400000,0x0000006bea500000)]
  0x0000018d4cdd0fa0 JavaThread "C1 CompilerThread1" daemon [_thread_blocked, id=32724, stack(0x0000006be8900000,0x0000006be8a00000)]

Other Threads:
=>0x0000018d4a2f3e90 VMThread "VM Thread" [stack: 0x0000006be7f00000,0x0000006be8000000] [id=26932]
  0x0000018d4aeac830 WatcherThread [stack: 0x0000006be8b00000,0x0000006be8c00000] [id=11328]
  0x0000018d3df37550 GCTaskThread "GC Thread#0" [stack: 0x0000006be7a00000,0x0000006be7b00000] [id=32800]
  0x0000018d4b554fc0 GCTaskThread "GC Thread#1" [stack: 0x0000006be8c00000,0x0000006be8d00000] [id=24196]
  0x0000018d4b57fd90 GCTaskThread "GC Thread#2" [stack: 0x0000006be8d00000,0x0000006be8e00000] [id=20952]
  0x0000018d4b732980 GCTaskThread "GC Thread#3" [stack: 0x0000006be8e00000,0x0000006be8f00000] [id=9668]
  0x0000018d3df40120 ConcurrentGCThread "G1 Main Marker" [stack: 0x0000006be7b00000,0x0000006be7c00000] [id=3548]
  0x0000018d3df43ad0 ConcurrentGCThread "G1 Conc#0" [stack: 0x0000006be7c00000,0x0000006be7d00000] [id=31308]
  0x0000018d3df94060 ConcurrentGCThread "G1 Refine#0" [stack: 0x0000006be7d00000,0x0000006be7e00000] [id=32360]
  0x0000018d4b4a93c0 ConcurrentGCThread "G1 Refine#1" [stack: 0x0000006be9a00000,0x0000006be9b00000] [id=16004]
  0x0000018d4d0f0980 ConcurrentGCThread "G1 Refine#2" [stack: 0x0000006be9700000,0x0000006be9800000] [id=33488]
  0x0000018d4cc5dc70 ConcurrentGCThread "G1 Refine#3" [stack: 0x0000006be9100000,0x0000006be9200000] [id=29420]
  0x0000018d3df959a0 ConcurrentGCThread "G1 Service" [stack: 0x0000006be7e00000,0x0000006be7f00000] [id=12128]

Threads with active compile tasks:

VM state: at safepoint (normal execution)

VM Mutex/Monitor currently owned by a thread:  ([mutex/lock_event])
[0x0000018d3dd29590] Threads_lock - owner thread: 0x0000018d4a2f3e90
[0x0000018d3dd29fb0] Heap_lock - owner thread: 0x0000018d4c5be100

Heap address: 0x00000000c1400000, size: 1004 MB, Compressed Oops mode: 32-bit

CDS archive(s) not mapped
Compressed class space mapped at: 0x0000000100000000-0x0000000140000000, reserved size: 1073741824
Narrow klass base: 0x0000000000000000, Narrow klass shift: 3, Narrow klass range: 0x140000000

GC Precious Log:
 CPUs: 4 total, 4 available
 Memory: 4009M
 Large Page Support: Disabled
 NUMA Support: Disabled
 Compressed Oops: Enabled (32-bit)
 Heap Region Size: 1M
 Heap Min Capacity: 8M
 Heap Initial Capacity: 64M
 Heap Max Capacity: 1004M
 Pre-touch: Disabled
 Parallel Workers: 4
 Concurrent Workers: 1
 Concurrent Refinement Workers: 4
 Periodic GC: Disabled

Heap:
 garbage-first heap   total 319488K, used 128567K [0x00000000c1400000, 0x0000000100000000)
  region size 1024K, 2 young (2048K), 2 survivors (2048K)
 Metaspace       used 50416K, committed 50816K, reserved 1097728K
  class space    used 6582K, committed 6784K, reserved 1048576K

Heap Regions: E=young(eden), S=young(survivor), O=old, HS=humongous(starts), HC=humongous(continues), CS=collection set, F=free, OA=open archive, CA=closed archive, TAMS=top-at-mark-start (previous, next)
|   0|0x00000000c1400000, 0x00000000c1500000, 0x00000000c1500000|100%| O|  |TAMS 0x00000000c1500000, 0x00000000c1400000| Untracked 
|   1|0x00000000c1500000, 0x00000000c1600000, 0x00000000c1600000|100%| O|  |TAMS 0x00000000c1600000, 0x00000000c1500000| Untracked 
|   2|0x00000000c1600000, 0x00000000c1700000, 0x00000000c1700000|100%| O|  |TAMS 0x00000000c1700000, 0x00000000c1600000| Untracked 
|   3|0x00000000c1700000, 0x00000000c1800000, 0x00000000c1800000|100%| O|  |TAMS 0x00000000c1800000, 0x00000000c1700000| Untracked 
|   4|0x00000000c1800000, 0x00000000c1900000, 0x00000000c1900000|100%| O|  |TAMS 0x00000000c1900000, 0x00000000c1800000| Untracked 
|   5|0x00000000c1900000, 0x00000000c1a00000, 0x00000000c1a00000|100%| O|  |TAMS 0x00000000c1a00000, 0x00000000c1900000| Untracked 
|   6|0x00000000c1a00000, 0x00000000c1b00000, 0x00000000c1b00000|100%| O|  |TAMS 0x00000000c1b00000, 0x00000000c1a00000| Untracked 
|   7|0x00000000c1b00000, 0x00000000c1c00000, 0x00000000c1c00000|100%|HS|  |TAMS 0x00000000c1c00000, 0x00000000c1b00000| Complete 
|   8|0x00000000c1c00000, 0x00000000c1d00000, 0x00000000c1d00000|100%| O|  |TAMS 0x00000000c1d00000, 0x00000000c1c00000| Untracked 
|   9|0x00000000c1d00000, 0x00000000c1e00000, 0x00000000c1e00000|100%| O|  |TAMS 0x00000000c1e00000, 0x00000000c1d00000| Untracked 
|  10|0x00000000c1e00000, 0x00000000c1ee0600, 0x00000000c1f00000| 87%| O|  |TAMS 0x00000000c1ee0600, 0x00000000c1e00000| Untracked 
|  11|0x00000000c1f00000, 0x00000000c2000000, 0x00000000c2000000|100%| O|  |TAMS 0x00000000c2000000, 0x00000000c1f00000| Untracked 
|  12|0x00000000c2000000, 0x00000000c2100000, 0x00000000c2100000|100%| O|  |TAMS 0x00000000c2100000, 0x00000000c2000000| Untracked 
|  13|0x00000000c2100000, 0x00000000c2200000, 0x00000000c2200000|100%| O|  |TAMS 0x00000000c2200000, 0x00000000c2100000| Untracked 
|  14|0x00000000c2200000, 0x00000000c2300000, 0x00000000c2300000|100%| O|  |TAMS 0x00000000c2300000, 0x00000000c2200000| Untracked 
|  15|0x00000000c2300000, 0x00000000c2400000, 0x00000000c2400000|100%| O|  |TAMS 0x00000000c2400000, 0x00000000c2300000| Untracked 
|  16|0x00000000c2400000, 0x00000000c2500000, 0x00000000c2500000|100%| O|  |TAMS 0x00000000c2500000, 0x00000000c2400000| Untracked 
|  17|0x00000000c2500000, 0x00000000c2600000, 0x00000000c2600000|100%| O|  |TAMS 0x00000000c2600000, 0x00000000c2500000| Untracked 
|  18|0x00000000c2600000, 0x00000000c2700000, 0x00000000c2700000|100%| O|  |TAMS 0x00000000c2700000, 0x00000000c2600000| Untracked 
|  19|0x00000000c2700000, 0x00000000c2800000, 0x00000000c2800000|100%| O|  |TAMS 0x00000000c2800000, 0x00000000c2700000| Untracked 
|  20|0x00000000c2800000, 0x00000000c2900000, 0x00000000c2900000|100%| O|  |TAMS 0x00000000c2900000, 0x00000000c2800000| Untracked 
|  21|0x00000000c2900000, 0x00000000c2a00000, 0x00000000c2a00000|100%| O|  |TAMS 0x00000000c2a00000, 0x00000000c2900000| Untracked 
|  22|0x00000000c2a00000, 0x00000000c2b00000, 0x00000000c2b00000|100%| O|  |TAMS 0x00000000c2b00000, 0x00000000c2a00000| Untracked 
|  23|0x00000000c2b00000, 0x00000000c2c00000, 0x00000000c2c00000|100%| O|  |TAMS 0x00000000c2c00000, 0x00000000c2b00000| Untracked 
|  24|0x00000000c2c00000, 0x00000000c2d00000, 0x00000000c2d00000|100%| O|  |TAMS 0x00000000c2d00000, 0x00000000c2c00000| Untracked 
|  25|0x00000000c2d00000, 0x00000000c2e00000, 0x00000000c2e00000|100%| O|  |TAMS 0x00000000c2e00000, 0x00000000c2d00000| Untracked 
|  26|0x00000000c2e00000, 0x00000000c2f00000, 0x00000000c2f00000|100%| O|  |TAMS 0x00000000c2f00000, 0x00000000c2e00000| Untracked 
|  27|0x00000000c2f00000, 0x00000000c3000000, 0x00000000c3000000|100%| O|  |TAMS 0x00000000c3000000, 0x00000000c2f00000| Untracked 
|  28|0x00000000c3000000, 0x00000000c3100000, 0x00000000c3100000|100%| O|  |TAMS 0x00000000c3100000, 0x00000000c3000000| Untracked 
|  29|0x00000000c3100000, 0x00000000c3200000, 0x00000000c3200000|100%| O|  |TAMS 0x00000000c3200000, 0x00000000c3100000| Untracked 
|  30|0x00000000c3200000, 0x00000000c3200000, 0x00000000c3300000|  0%| F|  |TAMS 0x00000000c3200000, 0x00000000c3200000| Untracked 
|  31|0x00000000c3300000, 0x00000000c3400000, 0x00000000c3400000|100%| O|  |TAMS 0x00000000c3400000, 0x00000000c3300000| Untracked 
|  32|0x00000000c3400000, 0x00000000c3500000, 0x00000000c3500000|100%| O|  |TAMS 0x00000000c3500000, 0x00000000c3400000| Untracked 
|  33|0x00000000c3500000, 0x00000000c3600000, 0x00000000c3600000|100%| O|  |TAMS 0x00000000c3600000, 0x00000000c3500000| Untracked 
|  34|0x00000000c3600000, 0x00000000c3700000, 0x00000000c3700000|100%| O|  |TAMS 0x00000000c3700000, 0x00000000c3600000| Untracked 
|  35|0x00000000c3700000, 0x00000000c3800000, 0x00000000c3800000|100%| O|  |TAMS 0x00000000c3700000, 0x00000000c3700000| Untracked 
|  36|0x00000000c3800000, 0x00000000c3900000, 0x00000000c3900000|100%|HS|  |TAMS 0x00000000c3900000, 0x00000000c3800000| Complete 
|  37|0x00000000c3900000, 0x00000000c3a00000, 0x00000000c3a00000|100%|HC|  |TAMS 0x00000000c3a00000, 0x00000000c3900000| Complete 
|  38|0x00000000c3a00000, 0x00000000c3b00000, 0x00000000c3b00000|100%|HS|  |TAMS 0x00000000c3b00000, 0x00000000c3a00000| Complete 
|  39|0x00000000c3b00000, 0x00000000c3c00000, 0x00000000c3c00000|100%| O|  |TAMS 0x00000000c3b00000, 0x00000000c3b00000| Untracked 
|  40|0x00000000c3c00000, 0x00000000c3d00000, 0x00000000c3d00000|100%| O|  |TAMS 0x00000000c3c00000, 0x00000000c3c00000| Untracked 
|  41|0x00000000c3d00000, 0x00000000c3e00000, 0x00000000c3e00000|100%| O|  |TAMS 0x00000000c3d00000, 0x00000000c3d00000| Untracked 
|  42|0x00000000c3e00000, 0x00000000c3f00000, 0x00000000c3f00000|100%| O|  |TAMS 0x00000000c3e00000, 0x00000000c3e00000| Untracked 
|  43|0x00000000c3f00000, 0x00000000c4000000, 0x00000000c4000000|100%| O|  |TAMS 0x00000000c3f00000, 0x00000000c3f00000| Untracked 
|  44|0x00000000c4000000, 0x00000000c4100000, 0x00000000c4100000|100%| O|  |TAMS 0x00000000c4000000, 0x00000000c4000000| Untracked 
|  45|0x00000000c4100000, 0x00000000c4200000, 0x00000000c4200000|100%| O|  |TAMS 0x00000000c4100000, 0x00000000c4100000| Untracked 
|  46|0x00000000c4200000, 0x00000000c4300000, 0x00000000c4300000|100%| O|  |TAMS 0x00000000c4300000, 0x00000000c4200000| Untracked 
|  47|0x00000000c4300000, 0x00000000c4400000, 0x00000000c4400000|100%| O|  |TAMS 0x00000000c4300000, 0x00000000c4300000| Untracked 
|  48|0x00000000c4400000, 0x00000000c4500000, 0x00000000c4500000|100%| O|  |TAMS 0x00000000c4500000, 0x00000000c4400000| Untracked 
|  49|0x00000000c4500000, 0x00000000c4600000, 0x00000000c4600000|100%| O|  |TAMS 0x00000000c4600000, 0x00000000c4500000| Untracked 
|  50|0x00000000c4600000, 0x00000000c4700000, 0x00000000c4700000|100%| O|  |TAMS 0x00000000c4700000, 0x00000000c4600000| Untracked 
|  51|0x00000000c4700000, 0x00000000c4800000, 0x00000000c4800000|100%| O|  |TAMS 0x00000000c4700000, 0x00000000c4700000| Untracked 
|  52|0x00000000c4800000, 0x00000000c4900000, 0x00000000c4900000|100%| O|  |TAMS 0x00000000c4900000, 0x00000000c4800000| Untracked 
|  53|0x00000000c4900000, 0x00000000c4a00000, 0x00000000c4a00000|100%| O|  |TAMS 0x00000000c4a00000, 0x00000000c4900000| Untracked 
|  54|0x00000000c4a00000, 0x00000000c4b00000, 0x00000000c4b00000|100%| O|  |TAMS 0x00000000c4b00000, 0x00000000c4a00000| Untracked 
|  55|0x00000000c4b00000, 0x00000000c4c00000, 0x00000000c4c00000|100%| O|  |TAMS 0x00000000c4c00000, 0x00000000c4b00000| Untracked 
|  56|0x00000000c4c00000, 0x00000000c4d00000, 0x00000000c4d00000|100%| O|  |TAMS 0x00000000c4d00000, 0x00000000c4c00000| Untracked 
|  57|0x00000000c4d00000, 0x00000000c4e00000, 0x00000000c4e00000|100%| O|  |TAMS 0x00000000c4e00000, 0x00000000c4d00000| Untracked 
|  58|0x00000000c4e00000, 0x00000000c4e00000, 0x00000000c4f00000|  0%| F|  |TAMS 0x00000000c4e00000, 0x00000000c4e00000| Untracked 
|  59|0x00000000c4f00000, 0x00000000c5000000, 0x00000000c5000000|100%| O|  |TAMS 0x00000000c5000000, 0x00000000c4f00000| Complete 
|  60|0x00000000c5000000, 0x00000000c5100000, 0x00000000c5100000|100%| O|  |TAMS 0x00000000c5100000, 0x00000000c5000000| Complete 
|  61|0x00000000c5100000, 0x00000000c5200000, 0x00000000c5200000|100%| O|  |TAMS 0x00000000c5200000, 0x00000000c5100000| Complete 
|  62|0x00000000c5200000, 0x00000000c5200000, 0x00000000c5300000|  0%| F|  |TAMS 0x00000000c5200000, 0x00000000c5200000| Untracked 
|  63|0x00000000c5300000, 0x00000000c5400000, 0x00000000c5400000|100%| O|  |TAMS 0x00000000c5300000, 0x00000000c5300000| Untracked 
|  64|0x00000000c5400000, 0x00000000c5500000, 0x00000000c5500000|100%| O|  |TAMS 0x00000000c5400000, 0x00000000c5400000| Untracked 
|  65|0x00000000c5500000, 0x00000000c5600000, 0x00000000c5600000|100%| O|  |TAMS 0x00000000c5600000, 0x00000000c5500000| Complete 
|  66|0x00000000c5600000, 0x00000000c5600000, 0x00000000c5700000|  0%| F|  |TAMS 0x00000000c5600000, 0x00000000c5600000| Untracked 
|  67|0x00000000c5700000, 0x00000000c5700000, 0x00000000c5800000|  0%| F|  |TAMS 0x00000000c5700000, 0x00000000c5700000| Untracked 
|  68|0x00000000c5800000, 0x00000000c5900000, 0x00000000c5900000|100%| O|  |TAMS 0x00000000c5900000, 0x00000000c5800000| Untracked 
|  69|0x00000000c5900000, 0x00000000c5a00000, 0x00000000c5a00000|100%| O|  |TAMS 0x00000000c5a00000, 0x00000000c5900000| Complete 
|  70|0x00000000c5a00000, 0x00000000c5a00000, 0x00000000c5b00000|  0%| F|  |TAMS 0x00000000c5a00000, 0x00000000c5a00000| Untracked 
|  71|0x00000000c5b00000, 0x00000000c5b00000, 0x00000000c5c00000|  0%| F|  |TAMS 0x00000000c5b00000, 0x00000000c5b00000| Untracked 
|  72|0x00000000c5c00000, 0x00000000c5cfb800, 0x00000000c5d00000| 98%| O|  |TAMS 0x00000000c5c00000, 0x00000000c5c00000| Untracked 
|  73|0x00000000c5d00000, 0x00000000c5e00000, 0x00000000c5e00000|100%| O|  |TAMS 0x00000000c5e00000, 0x00000000c5d00000| Untracked 
|  74|0x00000000c5e00000, 0x00000000c5e00000, 0x00000000c5f00000|  0%| F|  |TAMS 0x00000000c5e00000, 0x00000000c5e00000| Untracked 
|  75|0x00000000c5f00000, 0x00000000c5f00000, 0x00000000c6000000|  0%| F|  |TAMS 0x00000000c5f00000, 0x00000000c5f00000| Untracked 
|  76|0x00000000c6000000, 0x00000000c6000000, 0x00000000c6100000|  0%| F|  |TAMS 0x00000000c6000000, 0x00000000c6000000| Untracked 
|  77|0x00000000c6100000, 0x00000000c6100000, 0x00000000c6200000|  0%| F|  |TAMS 0x00000000c6100000, 0x00000000c6100000| Untracked 
|  78|0x00000000c6200000, 0x00000000c6300000, 0x00000000c6300000|100%| O|  |TAMS 0x00000000c6300000, 0x00000000c6200000| Untracked 
|  79|0x00000000c6300000, 0x00000000c6300000, 0x00000000c6400000|  0%| F|  |TAMS 0x00000000c6300000, 0x00000000c6300000| Untracked 
|  80|0x00000000c6400000, 0x00000000c6400000, 0x00000000c6500000|  0%| F|  |TAMS 0x00000000c6400000, 0x00000000c6400000| Untracked 
|  81|0x00000000c6500000, 0x00000000c6500000, 0x00000000c6600000|  0%| F|  |TAMS 0x00000000c6500000, 0x00000000c6500000| Untracked 
|  82|0x00000000c6600000, 0x00000000c6700000, 0x00000000c6700000|100%| O|  |TAMS 0x00000000c6700000, 0x00000000c6600000| Untracked 
|  83|0x00000000c6700000, 0x00000000c6700000, 0x00000000c6800000|  0%| F|  |TAMS 0x00000000c6700000, 0x00000000c6700000| Untracked 
|  84|0x00000000c6800000, 0x00000000c6800000, 0x00000000c6900000|  0%| F|  |TAMS 0x00000000c6800000, 0x00000000c6800000| Untracked 
|  85|0x00000000c6900000, 0x00000000c6900000, 0x00000000c6a00000|  0%| F|  |TAMS 0x00000000c6900000, 0x00000000c6900000| Untracked 
|  86|0x00000000c6a00000, 0x00000000c6a00000, 0x00000000c6b00000|  0%| F|  |TAMS 0x00000000c6a00000, 0x00000000c6a00000| Untracked 
|  87|0x00000000c6b00000, 0x00000000c6c00000, 0x00000000c6c00000|100%| O|  |TAMS 0x00000000c6c00000, 0x00000000c6b00000| Untracked 
|  88|0x00000000c6c00000, 0x00000000c6d00000, 0x00000000c6d00000|100%| O|  |TAMS 0x00000000c6d00000, 0x00000000c6c00000| Complete 
|  89|0x00000000c6d00000, 0x00000000c6d00000, 0x00000000c6e00000|  0%| F|  |TAMS 0x00000000c6d00000, 0x00000000c6d00000| Untracked 
|  90|0x00000000c6e00000, 0x00000000c6e00000, 0x00000000c6f00000|  0%| F|  |TAMS 0x00000000c6e00000, 0x00000000c6e00000| Untracked 
|  91|0x00000000c6f00000, 0x00000000c6f00000, 0x00000000c7000000|  0%| F|  |TAMS 0x00000000c6f00000, 0x00000000c6f00000| Untracked 
|  92|0x00000000c7000000, 0x00000000c7100000, 0x00000000c7100000|100%| O|  |TAMS 0x00000000c7100000, 0x00000000c7000000| Complete 
|  93|0x00000000c7100000, 0x00000000c7100000, 0x00000000c7200000|  0%| F|  |TAMS 0x00000000c7100000, 0x00000000c7100000| Untracked 
|  94|0x00000000c7200000, 0x00000000c7200000, 0x00000000c7300000|  0%| F|  |TAMS 0x00000000c7200000, 0x00000000c7200000| Untracked 
|  95|0x00000000c7300000, 0x00000000c7300000, 0x00000000c7400000|  0%| F|  |TAMS 0x00000000c7300000, 0x00000000c7300000| Untracked 
|  96|0x00000000c7400000, 0x00000000c7400000, 0x00000000c7500000|  0%| F|  |TAMS 0x00000000c7400000, 0x00000000c7400000| Untracked 
|  97|0x00000000c7500000, 0x00000000c7600000, 0x00000000c7600000|100%| O|  |TAMS 0x00000000c7600000, 0x00000000c7500000| Complete 
|  98|0x00000000c7600000, 0x00000000c7700000, 0x00000000c7700000|100%| O|  |TAMS 0x00000000c7700000, 0x00000000c7600000| Complete 
|  99|0x00000000c7700000, 0x00000000c7700000, 0x00000000c7800000|  0%| F|  |TAMS 0x00000000c7700000, 0x00000000c7700000| Untracked 
| 100|0x00000000c7800000, 0x00000000c7800000, 0x00000000c7900000|  0%| F|  |TAMS 0x00000000c7800000, 0x00000000c7800000| Untracked 
| 101|0x00000000c7900000, 0x00000000c7a00000, 0x00000000c7a00000|100%| O|  |TAMS 0x00000000c7900000, 0x00000000c7900000| Untracked 
| 102|0x00000000c7a00000, 0x00000000c7b00000, 0x00000000c7b00000|100%| O|  |TAMS 0x00000000c7b00000, 0x00000000c7a00000| Complete 
| 103|0x00000000c7b00000, 0x00000000c7b00000, 0x00000000c7c00000|  0%| F|  |TAMS 0x00000000c7b00000, 0x00000000c7b00000| Untracked 
| 104|0x00000000c7c00000, 0x00000000c7c00000, 0x00000000c7d00000|  0%| F|  |TAMS 0x00000000c7c00000, 0x00000000c7c00000| Untracked 
| 105|0x00000000c7d00000, 0x00000000c7d00000, 0x00000000c7e00000|  0%| F|  |TAMS 0x00000000c7d00000, 0x00000000c7d00000| Untracked 
| 106|0x00000000c7e00000, 0x00000000c7e00000, 0x00000000c7f00000|  0%| F|  |TAMS 0x00000000c7e00000, 0x00000000c7e00000| Untracked 
| 107|0x00000000c7f00000, 0x00000000c7f00000, 0x00000000c8000000|  0%| F|  |TAMS 0x00000000c7f00000, 0x00000000c7f00000| Untracked 
| 108|0x00000000c8000000, 0x00000000c8100000, 0x00000000c8100000|100%| O|  |TAMS 0x00000000c8100000, 0x00000000c8000000| Complete 
| 109|0x00000000c8100000, 0x00000000c8100000, 0x00000000c8200000|  0%| F|  |TAMS 0x00000000c8100000, 0x00000000c8100000| Untracked 
| 110|0x00000000c8200000, 0x00000000c8200000, 0x00000000c8300000|  0%| F|  |TAMS 0x00000000c8200000, 0x00000000c8200000| Untracked 
| 111|0x00000000c8300000, 0x00000000c8300000, 0x00000000c8400000|  0%| F|  |TAMS 0x00000000c8300000, 0x00000000c8300000| Untracked 
| 112|0x00000000c8400000, 0x00000000c8400000, 0x00000000c8500000|  0%| F|  |TAMS 0x00000000c8400000, 0x00000000c8400000| Untracked 
| 113|0x00000000c8500000, 0x00000000c8500000, 0x00000000c8600000|  0%| F|  |TAMS 0x00000000c8500000, 0x00000000c8500000| Untracked 
| 114|0x00000000c8600000, 0x00000000c8700000, 0x00000000c8700000|100%| O|  |TAMS 0x00000000c8600000, 0x00000000c8600000| Untracked 
| 115|0x00000000c8700000, 0x00000000c8800000, 0x00000000c8800000|100%| O|  |TAMS 0x00000000c8700000, 0x00000000c8700000| Untracked 
| 116|0x00000000c8800000, 0x00000000c8900000, 0x00000000c8900000|100%| O|  |TAMS 0x00000000c8900000, 0x00000000c8800000| Untracked 
| 117|0x00000000c8900000, 0x00000000c8900000, 0x00000000c8a00000|  0%| F|  |TAMS 0x00000000c8900000, 0x00000000c8900000| Untracked 
| 118|0x00000000c8a00000, 0x00000000c8a00000, 0x00000000c8b00000|  0%| F|  |TAMS 0x00000000c8a00000, 0x00000000c8a00000| Untracked 
| 119|0x00000000c8b00000, 0x00000000c8b00000, 0x00000000c8c00000|  0%| F|  |TAMS 0x00000000c8b00000, 0x00000000c8b00000| Untracked 
| 120|0x00000000c8c00000, 0x00000000c8c00000, 0x00000000c8d00000|  0%| F|  |TAMS 0x00000000c8c00000, 0x00000000c8c00000| Untracked 
| 121|0x00000000c8d00000, 0x00000000c8e00000, 0x00000000c8e00000|100%| O|  |TAMS 0x00000000c8e00000, 0x00000000c8d00000| Untracked 
| 122|0x00000000c8e00000, 0x00000000c8f00000, 0x00000000c8f00000|100%| O|  |TAMS 0x00000000c8f00000, 0x00000000c8e00000| Untracked 
| 123|0x00000000c8f00000, 0x00000000c8f00000, 0x00000000c9000000|  0%| F|  |TAMS 0x00000000c8f00000, 0x00000000c8f00000| Untracked 
| 124|0x00000000c9000000, 0x00000000c9000000, 0x00000000c9100000|  0%| F|  |TAMS 0x00000000c9000000, 0x00000000c9000000| Untracked 
| 125|0x00000000c9100000, 0x00000000c9100000, 0x00000000c9200000|  0%| F|  |TAMS 0x00000000c9100000, 0x00000000c9100000| Untracked 
| 126|0x00000000c9200000, 0x00000000c9300000, 0x00000000c9300000|100%| O|  |TAMS 0x00000000c9300000, 0x00000000c9200000| Complete 
| 127|0x00000000c9300000, 0x00000000c9400000, 0x00000000c9400000|100%| O|  |TAMS 0x00000000c9400000, 0x00000000c9300000| Complete 
| 128|0x00000000c9400000, 0x00000000c9400000, 0x00000000c9500000|  0%| F|  |TAMS 0x00000000c9400000, 0x00000000c9400000| Untracked 
| 129|0x00000000c9500000, 0x00000000c9500000, 0x00000000c9600000|  0%| F|  |TAMS 0x00000000c9500000, 0x00000000c9500000| Untracked 
| 130|0x00000000c9600000, 0x00000000c9600000, 0x00000000c9700000|  0%| F|  |TAMS 0x00000000c9600000, 0x00000000c9600000| Untracked 
| 131|0x00000000c9700000, 0x00000000c9700000, 0x00000000c9800000|  0%| F|  |TAMS 0x00000000c9700000, 0x00000000c9700000| Untracked 
| 132|0x00000000c9800000, 0x00000000c9900000, 0x00000000c9900000|100%| O|  |TAMS 0x00000000c9900000, 0x00000000c9800000| Complete 
| 133|0x00000000c9900000, 0x00000000c9a00000, 0x00000000c9a00000|100%| O|  |TAMS 0x00000000c9a00000, 0x00000000c9900000| Complete 
| 134|0x00000000c9a00000, 0x00000000c9a00000, 0x00000000c9b00000|  0%| F|  |TAMS 0x00000000c9a00000, 0x00000000c9a00000| Untracked 
| 135|0x00000000c9b00000, 0x00000000c9b00000, 0x00000000c9c00000|  0%| F|  |TAMS 0x00000000c9b00000, 0x00000000c9b00000| Untracked 
| 136|0x00000000c9c00000, 0x00000000c9d00000, 0x00000000c9d00000|100%| O|  |TAMS 0x00000000c9d00000, 0x00000000c9c00000| Complete 
| 137|0x00000000c9d00000, 0x00000000c9e00000, 0x00000000c9e00000|100%| O|  |TAMS 0x00000000c9e00000, 0x00000000c9d00000| Complete 
| 138|0x00000000c9e00000, 0x00000000c9e00000, 0x00000000c9f00000|  0%| F|  |TAMS 0x00000000c9e00000, 0x00000000c9e00000| Untracked 
| 139|0x00000000c9f00000, 0x00000000c9f00000, 0x00000000ca000000|  0%| F|  |TAMS 0x00000000c9f00000, 0x00000000c9f00000| Untracked 
| 140|0x00000000ca000000, 0x00000000ca000000, 0x00000000ca100000|  0%| F|  |TAMS 0x00000000ca000000, 0x00000000ca000000| Untracked 
| 141|0x00000000ca100000, 0x00000000ca100000, 0x00000000ca200000|  0%| F|  |TAMS 0x00000000ca100000, 0x00000000ca100000| Untracked 
| 142|0x00000000ca200000, 0x00000000ca200000, 0x00000000ca300000|  0%| F|  |TAMS 0x00000000ca200000, 0x00000000ca200000| Untracked 
| 143|0x00000000ca300000, 0x00000000ca300000, 0x00000000ca400000|  0%| F|  |TAMS 0x00000000ca300000, 0x00000000ca300000| Untracked 
| 144|0x00000000ca400000, 0x00000000ca400000, 0x00000000ca500000|  0%| F|  |TAMS 0x00000000ca400000, 0x00000000ca400000| Untracked 
| 145|0x00000000ca500000, 0x00000000ca500000, 0x00000000ca600000|  0%| F|  |TAMS 0x00000000ca500000, 0x00000000ca500000| Untracked 
| 146|0x00000000ca600000, 0x00000000ca600000, 0x00000000ca700000|  0%| F|  |TAMS 0x00000000ca600000, 0x00000000ca600000| Untracked 
| 147|0x00000000ca700000, 0x00000000ca700000, 0x00000000ca800000|  0%| F|  |TAMS 0x00000000ca700000, 0x00000000ca700000| Untracked 
| 148|0x00000000ca800000, 0x00000000ca900000, 0x00000000ca900000|100%| O|  |TAMS 0x00000000ca900000, 0x00000000ca800000| Untracked 
| 149|0x00000000ca900000, 0x00000000caa00000, 0x00000000caa00000|100%| O|  |TAMS 0x00000000caa00000, 0x00000000ca900000| Untracked 
| 150|0x00000000caa00000, 0x00000000cab00000, 0x00000000cab00000|100%| O|  |TAMS 0x00000000cab00000, 0x00000000caa00000| Complete 
| 151|0x00000000cab00000, 0x00000000cab00000, 0x00000000cac00000|  0%| F|  |TAMS 0x00000000cab00000, 0x00000000cab00000| Untracked 
| 152|0x00000000cac00000, 0x00000000cad00000, 0x00000000cad00000|100%| O|  |TAMS 0x00000000cad00000, 0x00000000cac00000| Untracked 
| 153|0x00000000cad00000, 0x00000000cae00000, 0x00000000cae00000|100%| O|  |TAMS 0x00000000cae00000, 0x00000000cad00000| Untracked 
| 154|0x00000000cae00000, 0x00000000caf00000, 0x00000000caf00000|100%| O|  |TAMS 0x00000000caf00000, 0x00000000cae00000| Untracked 
| 155|0x00000000caf00000, 0x00000000cb000000, 0x00000000cb000000|100%| O|  |TAMS 0x00000000cb000000, 0x00000000caf00000| Untracked 
| 156|0x00000000cb000000, 0x00000000cb100000, 0x00000000cb100000|100%| O|  |TAMS 0x00000000cb100000, 0x00000000cb000000| Untracked 
| 157|0x00000000cb100000, 0x00000000cb200000, 0x00000000cb200000|100%| O|  |TAMS 0x00000000cb200000, 0x00000000cb100000| Untracked 
| 158|0x00000000cb200000, 0x00000000cb300000, 0x00000000cb300000|100%| O|  |TAMS 0x00000000cb300000, 0x00000000cb200000| Untracked 
| 159|0x00000000cb300000, 0x00000000cb400000, 0x00000000cb400000|100%| O|  |TAMS 0x00000000cb400000, 0x00000000cb300000| Untracked 
| 160|0x00000000cb400000, 0x00000000cb500000, 0x00000000cb500000|100%| O|  |TAMS 0x00000000cb500000, 0x00000000cb400000| Untracked 
| 161|0x00000000cb500000, 0x00000000cb600000, 0x00000000cb600000|100%| O|  |TAMS 0x00000000cb600000, 0x00000000cb500000| Untracked 
| 162|0x00000000cb600000, 0x00000000cb700000, 0x00000000cb700000|100%| O|  |TAMS 0x00000000cb700000, 0x00000000cb600000| Untracked 
| 163|0x00000000cb700000, 0x00000000cb800000, 0x00000000cb800000|100%| O|  |TAMS 0x00000000cb800000, 0x00000000cb700000| Untracked 
| 164|0x00000000cb800000, 0x00000000cb900000, 0x00000000cb900000|100%| O|  |TAMS 0x00000000cb8aa000, 0x00000000cb800000| Untracked 
| 165|0x00000000cb900000, 0x00000000cba00000, 0x00000000cba00000|100%| O|  |TAMS 0x00000000cb900000, 0x00000000cb900000| Untracked 
| 166|0x00000000cba00000, 0x00000000cbb00000, 0x00000000cbb00000|100%| O|  |TAMS 0x00000000cba00000, 0x00000000cba00000| Untracked 
| 167|0x00000000cbb00000, 0x00000000cbc00000, 0x00000000cbc00000|100%| O|  |TAMS 0x00000000cbb00000, 0x00000000cbb00000| Untracked 
| 168|0x00000000cbc00000, 0x00000000cbd00000, 0x00000000cbd00000|100%| O|  |TAMS 0x00000000cbc00000, 0x00000000cbc00000| Untracked 
| 169|0x00000000cbd00000, 0x00000000cbe00000, 0x00000000cbe00000|100%| O|  |TAMS 0x00000000cbd00000, 0x00000000cbd00000| Untracked 
| 170|0x00000000cbe00000, 0x00000000cbf00000, 0x00000000cbf00000|100%| O|  |TAMS 0x00000000cbe00000, 0x00000000cbe00000| Untracked 
| 171|0x00000000cbf00000, 0x00000000cc000000, 0x00000000cc000000|100%| O|  |TAMS 0x00000000cbf00000, 0x00000000cbf00000| Untracked 
| 172|0x00000000cc000000, 0x00000000cc100000, 0x00000000cc100000|100%| O|  |TAMS 0x00000000cc000000, 0x00000000cc000000| Untracked 
| 173|0x00000000cc100000, 0x00000000cc200000, 0x00000000cc200000|100%| O|  |TAMS 0x00000000cc100000, 0x00000000cc100000| Untracked 
| 174|0x00000000cc200000, 0x00000000cc300000, 0x00000000cc300000|100%| O|  |TAMS 0x00000000cc200000, 0x00000000cc200000| Untracked 
| 175|0x00000000cc300000, 0x00000000cc400000, 0x00000000cc400000|100%| O|  |TAMS 0x00000000cc300000, 0x00000000cc300000| Untracked 
| 176|0x00000000cc400000, 0x00000000cc500000, 0x00000000cc500000|100%| O|  |TAMS 0x00000000cc400000, 0x00000000cc400000| Untracked 
| 177|0x00000000cc500000, 0x00000000cc600000, 0x00000000cc600000|100%| O|  |TAMS 0x00000000cc500000, 0x00000000cc500000| Untracked 
| 178|0x00000000cc600000, 0x00000000cc700000, 0x00000000cc700000|100%| O|  |TAMS 0x00000000cc600000, 0x00000000cc600000| Untracked 
| 179|0x00000000cc700000, 0x00000000cc800000, 0x00000000cc800000|100%| O|  |TAMS 0x00000000cc700000, 0x00000000cc700000| Untracked 
| 180|0x00000000cc800000, 0x00000000cc900000, 0x00000000cc900000|100%| O|  |TAMS 0x00000000cc800000, 0x00000000cc800000| Untracked 
| 181|0x00000000cc900000, 0x00000000cca00000, 0x00000000cca00000|100%| O|  |TAMS 0x00000000cc900000, 0x00000000cc900000| Untracked 
| 182|0x00000000cca00000, 0x00000000ccb00000, 0x00000000ccb00000|100%| O|  |TAMS 0x00000000cca00000, 0x00000000cca00000| Untracked 
| 183|0x00000000ccb00000, 0x00000000ccc00000, 0x00000000ccc00000|100%| O|  |TAMS 0x00000000ccb00000, 0x00000000ccb00000| Untracked 
| 184|0x00000000ccc00000, 0x00000000ccd00000, 0x00000000ccd00000|100%| O|  |TAMS 0x00000000ccc00000, 0x00000000ccc00000| Untracked 
| 185|0x00000000ccd00000, 0x00000000ccd00000, 0x00000000cce00000|  0%| F|  |TAMS 0x00000000ccd00000, 0x00000000ccd00000| Untracked 
| 186|0x00000000cce00000, 0x00000000cce00000, 0x00000000ccf00000|  0%| F|  |TAMS 0x00000000cce00000, 0x00000000cce00000| Untracked 
| 187|0x00000000ccf00000, 0x00000000ccf00000, 0x00000000cd000000|  0%| F|  |TAMS 0x00000000ccf00000, 0x00000000ccf00000| Untracked 
| 188|0x00000000cd000000, 0x00000000cd000000, 0x00000000cd100000|  0%| F|  |TAMS 0x00000000cd000000, 0x00000000cd000000| Untracked 
| 189|0x00000000cd100000, 0x00000000cd100000, 0x00000000cd200000|  0%| F|  |TAMS 0x00000000cd100000, 0x00000000cd100000| Untracked 
| 190|0x00000000cd200000, 0x00000000cd200000, 0x00000000cd300000|  0%| F|  |TAMS 0x00000000cd200000, 0x00000000cd200000| Untracked 
| 191|0x00000000cd300000, 0x00000000cd300000, 0x00000000cd400000|  0%| F|  |TAMS 0x00000000cd300000, 0x00000000cd300000| Untracked 
| 192|0x00000000cd400000, 0x00000000cd400000, 0x00000000cd500000|  0%| F|  |TAMS 0x00000000cd400000, 0x00000000cd400000| Untracked 
| 193|0x00000000cd500000, 0x00000000cd500000, 0x00000000cd600000|  0%| F|  |TAMS 0x00000000cd500000, 0x00000000cd500000| Untracked 
| 194|0x00000000cd600000, 0x00000000cd600000, 0x00000000cd700000|  0%| F|  |TAMS 0x00000000cd600000, 0x00000000cd600000| Untracked 
| 195|0x00000000cd700000, 0x00000000cd700000, 0x00000000cd800000|  0%| F|  |TAMS 0x00000000cd700000, 0x00000000cd700000| Untracked 
| 196|0x00000000cd800000, 0x00000000cd800000, 0x00000000cd900000|  0%| F|  |TAMS 0x00000000cd800000, 0x00000000cd800000| Untracked 
| 197|0x00000000cd900000, 0x00000000cd900000, 0x00000000cda00000|  0%| F|  |TAMS 0x00000000cd900000, 0x00000000cd900000| Untracked 
| 198|0x00000000cda00000, 0x00000000cda00000, 0x00000000cdb00000|  0%| F|  |TAMS 0x00000000cda00000, 0x00000000cda00000| Untracked 
| 199|0x00000000cdb00000, 0x00000000cdb00000, 0x00000000cdc00000|  0%| F|  |TAMS 0x00000000cdb00000, 0x00000000cdb00000| Untracked 
| 200|0x00000000cdc00000, 0x00000000cdc00000, 0x00000000cdd00000|  0%| F|  |TAMS 0x00000000cdc00000, 0x00000000cdc00000| Untracked 
| 201|0x00000000cdd00000, 0x00000000cdd00000, 0x00000000cde00000|  0%| F|  |TAMS 0x00000000cdd00000, 0x00000000cdd00000| Untracked 
| 202|0x00000000cde00000, 0x00000000cde00000, 0x00000000cdf00000|  0%| F|  |TAMS 0x00000000cde00000, 0x00000000cde00000| Untracked 
| 203|0x00000000cdf00000, 0x00000000cdf00000, 0x00000000ce000000|  0%| F|  |TAMS 0x00000000cdf00000, 0x00000000cdf00000| Untracked 
| 204|0x00000000ce000000, 0x00000000ce000000, 0x00000000ce100000|  0%| F|  |TAMS 0x00000000ce000000, 0x00000000ce000000| Untracked 
| 205|0x00000000ce100000, 0x00000000ce100000, 0x00000000ce200000|  0%| F|  |TAMS 0x00000000ce100000, 0x00000000ce100000| Untracked 
| 206|0x00000000ce200000, 0x00000000ce200000, 0x00000000ce300000|  0%| F|  |TAMS 0x00000000ce200000, 0x00000000ce200000| Untracked 
| 207|0x00000000ce300000, 0x00000000ce300000, 0x00000000ce400000|  0%| F|  |TAMS 0x00000000ce300000, 0x00000000ce300000| Untracked 
| 208|0x00000000ce400000, 0x00000000ce400000, 0x00000000ce500000|  0%| F|  |TAMS 0x00000000ce400000, 0x00000000ce400000| Untracked 
| 209|0x00000000ce500000, 0x00000000ce500000, 0x00000000ce600000|  0%| F|  |TAMS 0x00000000ce500000, 0x00000000ce500000| Untracked 
| 210|0x00000000ce600000, 0x00000000ce600000, 0x00000000ce700000|  0%| F|  |TAMS 0x00000000ce600000, 0x00000000ce600000| Untracked 
| 211|0x00000000ce700000, 0x00000000ce700000, 0x00000000ce800000|  0%| F|  |TAMS 0x00000000ce700000, 0x00000000ce700000| Untracked 
| 212|0x00000000ce800000, 0x00000000ce800000, 0x00000000ce900000|  0%| F|  |TAMS 0x00000000ce800000, 0x00000000ce800000| Untracked 
| 213|0x00000000ce900000, 0x00000000ce900000, 0x00000000cea00000|  0%| F|  |TAMS 0x00000000ce900000, 0x00000000ce900000| Untracked 
| 214|0x00000000cea00000, 0x00000000cea00000, 0x00000000ceb00000|  0%| F|  |TAMS 0x00000000cea00000, 0x00000000cea00000| Untracked 
| 215|0x00000000ceb00000, 0x00000000ceb00000, 0x00000000cec00000|  0%| F|  |TAMS 0x00000000ceb00000, 0x00000000ceb00000| Untracked 
| 216|0x00000000cec00000, 0x00000000cec00000, 0x00000000ced00000|  0%| F|  |TAMS 0x00000000cec00000, 0x00000000cec00000| Untracked 
| 217|0x00000000ced00000, 0x00000000ced00000, 0x00000000cee00000|  0%| F|  |TAMS 0x00000000ced00000, 0x00000000ced00000| Untracked 
| 218|0x00000000cee00000, 0x00000000cee00000, 0x00000000cef00000|  0%| F|  |TAMS 0x00000000cee00000, 0x00000000cee00000| Untracked 
| 219|0x00000000cef00000, 0x00000000cef00000, 0x00000000cf000000|  0%| F|  |TAMS 0x00000000cef00000, 0x00000000cef00000| Untracked 
| 220|0x00000000cf000000, 0x00000000cf000000, 0x00000000cf100000|  0%| F|  |TAMS 0x00000000cf000000, 0x00000000cf000000| Untracked 
| 221|0x00000000cf100000, 0x00000000cf100000, 0x00000000cf200000|  0%| F|  |TAMS 0x00000000cf100000, 0x00000000cf100000| Untracked 
| 222|0x00000000cf200000, 0x00000000cf200000, 0x00000000cf300000|  0%| F|  |TAMS 0x00000000cf200000, 0x00000000cf200000| Untracked 
| 223|0x00000000cf300000, 0x00000000cf300000, 0x00000000cf400000|  0%| F|  |TAMS 0x00000000cf300000, 0x00000000cf300000| Untracked 
| 224|0x00000000cf400000, 0x00000000cf400000, 0x00000000cf500000|  0%| F|  |TAMS 0x00000000cf400000, 0x00000000cf400000| Untracked 
| 225|0x00000000cf500000, 0x00000000cf500000, 0x00000000cf600000|  0%| F|  |TAMS 0x00000000cf500000, 0x00000000cf500000| Untracked 
| 226|0x00000000cf600000, 0x00000000cf600000, 0x00000000cf700000|  0%| F|  |TAMS 0x00000000cf600000, 0x00000000cf600000| Untracked 
| 227|0x00000000cf700000, 0x00000000cf700000, 0x00000000cf800000|  0%| F|  |TAMS 0x00000000cf700000, 0x00000000cf700000| Untracked 
| 228|0x00000000cf800000, 0x00000000cf800000, 0x00000000cf900000|  0%| F|  |TAMS 0x00000000cf800000, 0x00000000cf800000| Untracked 
| 229|0x00000000cf900000, 0x00000000cf900000, 0x00000000cfa00000|  0%| F|  |TAMS 0x00000000cf900000, 0x00000000cf900000| Untracked 
| 230|0x00000000cfa00000, 0x00000000cfa00000, 0x00000000cfb00000|  0%| F|  |TAMS 0x00000000cfa00000, 0x00000000cfa00000| Untracked 
| 231|0x00000000cfb00000, 0x00000000cfb00000, 0x00000000cfc00000|  0%| F|  |TAMS 0x00000000cfb00000, 0x00000000cfb00000| Untracked 
| 232|0x00000000cfc00000, 0x00000000cfc00000, 0x00000000cfd00000|  0%| F|  |TAMS 0x00000000cfc00000, 0x00000000cfc00000| Untracked 
| 233|0x00000000cfd00000, 0x00000000cfd00000, 0x00000000cfe00000|  0%| F|  |TAMS 0x00000000cfd00000, 0x00000000cfd00000| Untracked 
| 234|0x00000000cfe00000, 0x00000000cfe00000, 0x00000000cff00000|  0%| F|  |TAMS 0x00000000cfe00000, 0x00000000cfe00000| Untracked 
| 235|0x00000000cff00000, 0x00000000cff00000, 0x00000000d0000000|  0%| F|  |TAMS 0x00000000cff00000, 0x00000000cff00000| Untracked 
| 236|0x00000000d0000000, 0x00000000d0000000, 0x00000000d0100000|  0%| F|  |TAMS 0x00000000d0000000, 0x00000000d0000000| Untracked 
| 237|0x00000000d0100000, 0x00000000d0100000, 0x00000000d0200000|  0%| F|  |TAMS 0x00000000d0100000, 0x00000000d0100000| Untracked 
| 238|0x00000000d0200000, 0x00000000d0200000, 0x00000000d0300000|  0%| F|  |TAMS 0x00000000d0200000, 0x00000000d0200000| Untracked 
| 239|0x00000000d0300000, 0x00000000d0300000, 0x00000000d0400000|  0%| F|  |TAMS 0x00000000d0300000, 0x00000000d0300000| Untracked 
| 240|0x00000000d0400000, 0x00000000d0400000, 0x00000000d0500000|  0%| F|  |TAMS 0x00000000d0400000, 0x00000000d0400000| Untracked 
| 241|0x00000000d0500000, 0x00000000d0500000, 0x00000000d0600000|  0%| F|  |TAMS 0x00000000d0500000, 0x00000000d0500000| Untracked 
| 242|0x00000000d0600000, 0x00000000d0600000, 0x00000000d0700000|  0%| F|  |TAMS 0x00000000d0600000, 0x00000000d0600000| Untracked 
| 243|0x00000000d0700000, 0x00000000d0700000, 0x00000000d0800000|  0%| F|  |TAMS 0x00000000d0700000, 0x00000000d0700000| Untracked 
| 244|0x00000000d0800000, 0x00000000d0800000, 0x00000000d0900000|  0%| F|  |TAMS 0x00000000d0800000, 0x00000000d0800000| Untracked 
| 245|0x00000000d0900000, 0x00000000d0900000, 0x00000000d0a00000|  0%| F|  |TAMS 0x00000000d0900000, 0x00000000d0900000| Untracked 
| 246|0x00000000d0a00000, 0x00000000d0a00000, 0x00000000d0b00000|  0%| F|  |TAMS 0x00000000d0a00000, 0x00000000d0a00000| Untracked 
| 247|0x00000000d0b00000, 0x00000000d0b00000, 0x00000000d0c00000|  0%| F|  |TAMS 0x00000000d0b00000, 0x00000000d0b00000| Untracked 
| 248|0x00000000d0c00000, 0x00000000d0c00000, 0x00000000d0d00000|  0%| F|  |TAMS 0x00000000d0c00000, 0x00000000d0c00000| Untracked 
| 249|0x00000000d0d00000, 0x00000000d0d00000, 0x00000000d0e00000|  0%| F|  |TAMS 0x00000000d0d00000, 0x00000000d0d00000| Untracked 
| 250|0x00000000d0e00000, 0x00000000d0e00000, 0x00000000d0f00000|  0%| F|  |TAMS 0x00000000d0e00000, 0x00000000d0e00000| Untracked 
| 251|0x00000000d0f00000, 0x00000000d0f00000, 0x00000000d1000000|  0%| F|  |TAMS 0x00000000d0f00000, 0x00000000d0f00000| Untracked 
| 252|0x00000000d1000000, 0x00000000d1000000, 0x00000000d1100000|  0%| F|  |TAMS 0x00000000d1000000, 0x00000000d1000000| Untracked 
| 253|0x00000000d1100000, 0x00000000d1100000, 0x00000000d1200000|  0%| F|  |TAMS 0x00000000d1100000, 0x00000000d1100000| Untracked 
| 254|0x00000000d1200000, 0x00000000d1200000, 0x00000000d1300000|  0%| F|  |TAMS 0x00000000d1200000, 0x00000000d1200000| Untracked 
| 255|0x00000000d1300000, 0x00000000d1300000, 0x00000000d1400000|  0%| F|  |TAMS 0x00000000d1300000, 0x00000000d1300000| Untracked 
| 256|0x00000000d1400000, 0x00000000d1400000, 0x00000000d1500000|  0%| F|  |TAMS 0x00000000d1400000, 0x00000000d1400000| Untracked 
| 257|0x00000000d1500000, 0x00000000d1500000, 0x00000000d1600000|  0%| F|  |TAMS 0x00000000d1500000, 0x00000000d1500000| Untracked 
| 258|0x00000000d1600000, 0x00000000d1600000, 0x00000000d1700000|  0%| F|  |TAMS 0x00000000d1600000, 0x00000000d1600000| Untracked 
| 259|0x00000000d1700000, 0x00000000d1700000, 0x00000000d1800000|  0%| F|  |TAMS 0x00000000d1700000, 0x00000000d1700000| Untracked 
| 260|0x00000000d1800000, 0x00000000d1800000, 0x00000000d1900000|  0%| F|  |TAMS 0x00000000d1800000, 0x00000000d1800000| Untracked 
| 261|0x00000000d1900000, 0x00000000d1900000, 0x00000000d1a00000|  0%| F|  |TAMS 0x00000000d1900000, 0x00000000d1900000| Untracked 
| 262|0x00000000d1a00000, 0x00000000d1a00000, 0x00000000d1b00000|  0%| F|  |TAMS 0x00000000d1a00000, 0x00000000d1a00000| Untracked 
| 263|0x00000000d1b00000, 0x00000000d1b00000, 0x00000000d1c00000|  0%| F|  |TAMS 0x00000000d1b00000, 0x00000000d1b00000| Untracked 
| 264|0x00000000d1c00000, 0x00000000d1c00000, 0x00000000d1d00000|  0%| F|  |TAMS 0x00000000d1c00000, 0x00000000d1c00000| Untracked 
| 265|0x00000000d1d00000, 0x00000000d1d00000, 0x00000000d1e00000|  0%| F|  |TAMS 0x00000000d1d00000, 0x00000000d1d00000| Untracked 
| 266|0x00000000d1e00000, 0x00000000d1e00000, 0x00000000d1f00000|  0%| F|  |TAMS 0x00000000d1e00000, 0x00000000d1e00000| Untracked 
| 267|0x00000000d1f00000, 0x00000000d1f00000, 0x00000000d2000000|  0%| F|  |TAMS 0x00000000d1f00000, 0x00000000d1f00000| Untracked 
| 268|0x00000000d2000000, 0x00000000d2000000, 0x00000000d2100000|  0%| F|  |TAMS 0x00000000d2000000, 0x00000000d2000000| Untracked 
| 269|0x00000000d2100000, 0x00000000d2100000, 0x00000000d2200000|  0%| F|  |TAMS 0x00000000d2100000, 0x00000000d2100000| Untracked 
| 270|0x00000000d2200000, 0x00000000d2200000, 0x00000000d2300000|  0%| F|  |TAMS 0x00000000d2200000, 0x00000000d2200000| Untracked 
| 271|0x00000000d2300000, 0x00000000d2300000, 0x00000000d2400000|  0%| F|  |TAMS 0x00000000d2300000, 0x00000000d2300000| Untracked 
| 272|0x00000000d2400000, 0x00000000d2400000, 0x00000000d2500000|  0%| F|  |TAMS 0x00000000d2400000, 0x00000000d2400000| Untracked 
| 273|0x00000000d2500000, 0x00000000d2500000, 0x00000000d2600000|  0%| F|  |TAMS 0x00000000d2500000, 0x00000000d2500000| Untracked 
| 274|0x00000000d2600000, 0x00000000d2600000, 0x00000000d2700000|  0%| F|  |TAMS 0x00000000d2600000, 0x00000000d2600000| Untracked 
| 275|0x00000000d2700000, 0x00000000d2700000, 0x00000000d2800000|  0%| F|  |TAMS 0x00000000d2700000, 0x00000000d2700000| Untracked 
| 276|0x00000000d2800000, 0x00000000d2800000, 0x00000000d2900000|  0%| F|  |TAMS 0x00000000d2800000, 0x00000000d2800000| Untracked 
| 277|0x00000000d2900000, 0x00000000d2900000, 0x00000000d2a00000|  0%| F|  |TAMS 0x00000000d2900000, 0x00000000d2900000| Untracked 
| 278|0x00000000d2a00000, 0x00000000d2a00000, 0x00000000d2b00000|  0%| F|  |TAMS 0x00000000d2a00000, 0x00000000d2a00000| Untracked 
| 279|0x00000000d2b00000, 0x00000000d2b00000, 0x00000000d2c00000|  0%| F|  |TAMS 0x00000000d2b00000, 0x00000000d2b00000| Untracked 
| 280|0x00000000d2c00000, 0x00000000d2c00000, 0x00000000d2d00000|  0%| F|  |TAMS 0x00000000d2c00000, 0x00000000d2c00000| Untracked 
| 281|0x00000000d2d00000, 0x00000000d2d00000, 0x00000000d2e00000|  0%| F|  |TAMS 0x00000000d2d00000, 0x00000000d2d00000| Untracked 
| 282|0x00000000d2e00000, 0x00000000d2e00000, 0x00000000d2f00000|  0%| F|  |TAMS 0x00000000d2e00000, 0x00000000d2e00000| Untracked 
| 283|0x00000000d2f00000, 0x00000000d2f00000, 0x00000000d3000000|  0%| F|  |TAMS 0x00000000d2f00000, 0x00000000d2f00000| Untracked 
| 284|0x00000000d3000000, 0x00000000d3000000, 0x00000000d3100000|  0%| F|  |TAMS 0x00000000d3000000, 0x00000000d3000000| Untracked 
| 285|0x00000000d3100000, 0x00000000d3100000, 0x00000000d3200000|  0%| F|  |TAMS 0x00000000d3100000, 0x00000000d3100000| Untracked 
| 286|0x00000000d3200000, 0x00000000d3200000, 0x00000000d3300000|  0%| F|  |TAMS 0x00000000d3200000, 0x00000000d3200000| Untracked 
| 287|0x00000000d3300000, 0x00000000d3300000, 0x00000000d3400000|  0%| F|  |TAMS 0x00000000d3300000, 0x00000000d3300000| Untracked 
| 288|0x00000000d3400000, 0x00000000d3400000, 0x00000000d3500000|  0%| F|  |TAMS 0x00000000d3400000, 0x00000000d3400000| Untracked 
| 289|0x00000000d3500000, 0x00000000d3500000, 0x00000000d3600000|  0%| F|  |TAMS 0x00000000d3500000, 0x00000000d3500000| Untracked 
| 290|0x00000000d3600000, 0x00000000d3600000, 0x00000000d3700000|  0%| F|  |TAMS 0x00000000d3600000, 0x00000000d3600000| Untracked 
| 291|0x00000000d3700000, 0x00000000d3700000, 0x00000000d3800000|  0%| F|  |TAMS 0x00000000d3700000, 0x00000000d3700000| Untracked 
| 292|0x00000000d3800000, 0x00000000d3800000, 0x00000000d3900000|  0%| F|  |TAMS 0x00000000d3800000, 0x00000000d3800000| Untracked 
| 293|0x00000000d3900000, 0x00000000d3900000, 0x00000000d3a00000|  0%| F|  |TAMS 0x00000000d3900000, 0x00000000d3900000| Untracked 
| 294|0x00000000d3a00000, 0x00000000d3a00000, 0x00000000d3b00000|  0%| F|  |TAMS 0x00000000d3a00000, 0x00000000d3a00000| Untracked 
| 295|0x00000000d3b00000, 0x00000000d3bb2040, 0x00000000d3c00000| 69%| S|CS|TAMS 0x00000000d3b00000, 0x00000000d3b00000| Complete 
| 296|0x00000000d3c00000, 0x00000000d3d00000, 0x00000000d3d00000|100%| S|CS|TAMS 0x00000000d3c00000, 0x00000000d3c00000| Complete 
| 297|0x00000000d3d00000, 0x00000000d3d00000, 0x00000000d3e00000|  0%| F|  |TAMS 0x00000000d3d00000, 0x00000000d3d00000| Untracked 
| 298|0x00000000d3e00000, 0x00000000d3e00000, 0x00000000d3f00000|  0%| F|  |TAMS 0x00000000d3e00000, 0x00000000d3e00000| Untracked 
| 299|0x00000000d3f00000, 0x00000000d3f00000, 0x00000000d4000000|  0%| F|  |TAMS 0x00000000d3f00000, 0x00000000d3f00000| Untracked 
| 300|0x00000000d4000000, 0x00000000d4000000, 0x00000000d4100000|  0%| F|  |TAMS 0x00000000d4000000, 0x00000000d4000000| Untracked 
| 301|0x00000000d4100000, 0x00000000d4100000, 0x00000000d4200000|  0%| F|  |TAMS 0x00000000d4100000, 0x00000000d4100000| Untracked 
| 302|0x00000000d4200000, 0x00000000d4200000, 0x00000000d4300000|  0%| F|  |TAMS 0x00000000d4200000, 0x00000000d4200000| Untracked 
| 303|0x00000000d4300000, 0x00000000d4300000, 0x00000000d4400000|  0%| F|  |TAMS 0x00000000d4300000, 0x00000000d4300000| Untracked 
| 304|0x00000000d4400000, 0x00000000d4400000, 0x00000000d4500000|  0%| F|  |TAMS 0x00000000d4400000, 0x00000000d4400000| Untracked 
| 305|0x00000000d4500000, 0x00000000d4500000, 0x00000000d4600000|  0%| F|  |TAMS 0x00000000d4500000, 0x00000000d4500000| Untracked 
| 306|0x00000000d4600000, 0x00000000d4600000, 0x00000000d4700000|  0%| F|  |TAMS 0x00000000d4600000, 0x00000000d4600000| Untracked 
| 307|0x00000000d4700000, 0x00000000d4700000, 0x00000000d4800000|  0%| F|  |TAMS 0x00000000d4700000, 0x00000000d4700000| Untracked 
| 308|0x00000000d4800000, 0x00000000d4800000, 0x00000000d4900000|  0%| F|  |TAMS 0x00000000d4800000, 0x00000000d4800000| Untracked 
| 309|0x00000000d4900000, 0x00000000d4900000, 0x00000000d4a00000|  0%| F|  |TAMS 0x00000000d4900000, 0x00000000d4900000| Untracked 
| 310|0x00000000d4a00000, 0x00000000d4a00000, 0x00000000d4b00000|  0%| F|  |TAMS 0x00000000d4a00000, 0x00000000d4a00000| Untracked 
| 311|0x00000000d4b00000, 0x00000000d4b00000, 0x00000000d4c00000|  0%| F|  |TAMS 0x00000000d4b00000, 0x00000000d4b00000| Untracked 

Card table byte_map: [0x0000018d459c0000,0x0000018d45bc0000] _byte_map_base: 0x0000018d453b6000

Marking Bits (Prev, Next): (CMBitMap*) 0x0000018d3df37a70, (CMBitMap*) 0x0000018d3df37ab0
 Prev Bits: [0x0000018d45dc0000, 0x0000018d46d70000)
 Next Bits: [0x0000018d46d70000, 0x0000018d47d20000)

Polling page: 0x0000018d3dcc0000

Metaspace:

Usage:
  Non-class:     42.81 MB used.
      Class:      6.43 MB used.
       Both:     49.23 MB used.

Virtual space:
  Non-class space:       48.00 MB reserved,      43.00 MB ( 90%) committed,  6 nodes.
      Class space:        1.00 GB reserved,       6.62 MB ( <1%) committed,  1 nodes.
             Both:        1.05 GB reserved,      49.62 MB (  5%) committed. 

Chunk freelists:
   Non-Class:  519.00 KB
       Class:  1.37 MB
        Both:  1.88 MB

MaxMetaspaceSize: unlimited
CompressedClassSpaceSize: 1.00 GB
Initial GC threshold: 21.00 MB
Current GC threshold: 80.31 MB
CDS: off
MetaspaceReclaimPolicy: balanced
 - commit_granule_bytes: 65536.
 - commit_granule_words: 8192.
 - virtual_space_node_default_size: 1048576.
 - enlarge_chunks_in_place: 1.
 - new_chunks_are_fully_committed: 0.
 - uncommit_free_chunks: 1.
 - use_allocation_guard: 0.
 - handle_deallocations: 1.


Internal statistics:

num_allocs_failed_limit: 3.
num_arena_births: 394.
num_arena_deaths: 0.
num_vsnodes_births: 7.
num_vsnodes_deaths: 0.
num_space_committed: 794.
num_space_uncommitted: 0.
num_chunks_returned_to_freelist: 3.
num_chunks_taken_from_freelist: 1920.
num_chunk_merges: 3.
num_chunk_splits: 1405.
num_chunks_enlarged: 1161.
num_purges: 0.
num_inconsistent_stats: 0.

CodeCache: size=49152Kb used=13303Kb max_used=13303Kb free=35848Kb
 bounds [0x0000018d42320000, 0x0000018d43020000, 0x0000018d45320000]
 total_blobs=7134 nmethods=6523 adapters=538
 compilation: enabled
              stopped_count=0, restarted_count=0
 full_count=0

Compilation events (20 events):
Event: 37.497 Thread 0x0000018d4a33a800 6516   !   1       com.fasterxml.jackson.databind.jsontype.impl.TypeDeserializerBase::_findDeserializer (167 bytes)
Event: 37.499 Thread 0x0000018d4a33a800 nmethod 6516 0x0000018d4301a710 code [0x0000018d4301a960, 0x0000018d4301af98]
Event: 37.501 Thread 0x0000018d4cdd0fa0 6517       1       org.openrewrite.Recipe::getTags (4 bytes)
Event: 37.501 Thread 0x0000018d4cdd0fa0 nmethod 6517 0x0000018d4301b510 code [0x0000018d4301b6a0, 0x0000018d4301b778]
Event: 37.501 Thread 0x0000018d4a33a800 6518   !   1       org.openrewrite.internal.RecipeIntrospectionUtils::recipeDescriptorFromRecipe (125 bytes)
Event: 37.502 Thread 0x0000018d4cdd0fa0 6519       1       org.openrewrite.config.DeclarativeRecipe::getName (5 bytes)
Event: 37.502 Thread 0x0000018d4cdd0fa0 nmethod 6519 0x0000018d4301b810 code [0x0000018d4301b9a0, 0x0000018d4301ba78]
Event: 37.503 Thread 0x0000018d4a33a800 nmethod 6518 0x0000018d4301bb10 code [0x0000018d4301bda0, 0x0000018d4301c4f8]
Event: 37.506 Thread 0x0000018d4cdd0fa0 6520       1       java.util.ArrayList::spliterator (12 bytes)
Event: 37.506 Thread 0x0000018d4a33a800 6521       1       java.util.ArrayList$ArrayListSpliterator::<init> (26 bytes)
Event: 37.506 Thread 0x0000018d4a33a800 nmethod 6521 0x0000018d4301ca90 code [0x0000018d4301cc20, 0x0000018d4301cd38]
Event: 37.506 Thread 0x0000018d4cdd0fa0 nmethod 6520 0x0000018d4301cd90 code [0x0000018d4301cf20, 0x0000018d4301d098]
Event: 37.556 Thread 0x0000018d4a33a800 6522       1       org.openrewrite.yaml.ChangePropertyKey::getDisplayName (3 bytes)
Event: 37.556 Thread 0x0000018d4cdd0fa0 6523       1       org.openrewrite.yaml.ChangePropertyKey::getDescription (3 bytes)
Event: 37.556 Thread 0x0000018d4a33a800 nmethod 6522 0x0000018d4301d110 code [0x0000018d4301d2a0, 0x0000018d4301d378]
Event: 37.556 Thread 0x0000018d4cdd0fa0 nmethod 6523 0x0000018d4301d410 code [0x0000018d4301d5a0, 0x0000018d4301d678]
Event: 37.556 Thread 0x0000018d4a33a800 6524       1       org.openrewrite.properties.ChangePropertyKey::getDisplayName (3 bytes)
Event: 37.556 Thread 0x0000018d4cdd0fa0 6525       1       org.openrewrite.properties.ChangePropertyKey::getDescription (3 bytes)
Event: 37.556 Thread 0x0000018d4cdd0fa0 nmethod 6525 0x0000018d4301d710 code [0x0000018d4301d8a0, 0x0000018d4301d978]
Event: 37.556 Thread 0x0000018d4a33a800 nmethod 6524 0x0000018d4301da10 code [0x0000018d4301dba0, 0x0000018d4301dc78]

GC Heap History (20 events):
Event: 27.965 GC heap after
{Heap after GC invocations=37 (full 0):
 garbage-first heap   total 263168K, used 135553K [0x00000000c1400000, 0x0000000100000000)
  region size 1024K, 12 young (12288K), 12 survivors (12288K)
 Metaspace       used 43812K, committed 44096K, reserved 1089536K
  class space    used 5393K, committed 5504K, reserved 1048576K
}
Event: 28.482 GC heap before
{Heap before GC invocations=37 (full 0):
 garbage-first heap   total 263168K, used 221569K [0x00000000c1400000, 0x0000000100000000)
  region size 1024K, 97 young (99328K), 12 survivors (12288K)
 Metaspace       used 43815K, committed 44096K, reserved 1089536K
  class space    used 5393K, committed 5504K, reserved 1048576K
}
Event: 28.503 GC heap after
{Heap after GC invocations=38 (full 0):
 garbage-first heap   total 263168K, used 140149K [0x00000000c1400000, 0x0000000100000000)
  region size 1024K, 11 young (11264K), 11 survivors (11264K)
 Metaspace       used 43815K, committed 44096K, reserved 1089536K
  class space    used 5393K, committed 5504K, reserved 1048576K
}
Event: 29.082 GC heap before
{Heap before GC invocations=38 (full 0):
 garbage-first heap   total 263168K, used 222069K [0x00000000c1400000, 0x0000000100000000)
  region size 1024K, 92 young (94208K), 11 survivors (11264K)
 Metaspace       used 43815K, committed 44096K, reserved 1089536K
  class space    used 5393K, committed 5504K, reserved 1048576K
}
Event: 29.099 GC heap after
{Heap after GC invocations=39 (full 0):
 garbage-first heap   total 263168K, used 144466K [0x00000000c1400000, 0x0000000100000000)
  region size 1024K, 9 young (9216K), 9 survivors (9216K)
 Metaspace       used 43815K, committed 44096K, reserved 1089536K
  class space    used 5393K, committed 5504K, reserved 1048576K
}
Event: 29.449 GC heap before
{Heap before GC invocations=39 (full 0):
 garbage-first heap   total 263168K, used 223314K [0x00000000c1400000, 0x0000000100000000)
  region size 1024K, 87 young (89088K), 9 survivors (9216K)
 Metaspace       used 43815K, committed 44096K, reserved 1089536K
  class space    used 5393K, committed 5504K, reserved 1048576K
}
Event: 29.462 GC heap after
{Heap after GC invocations=40 (full 0):
 garbage-first heap   total 263168K, used 148126K [0x00000000c1400000, 0x0000000100000000)
  region size 1024K, 8 young (8192K), 8 survivors (8192K)
 Metaspace       used 43815K, committed 44096K, reserved 1089536K
  class space    used 5393K, committed 5504K, reserved 1048576K
}
Event: 29.781 GC heap before
{Heap before GC invocations=40 (full 0):
 garbage-first heap   total 263168K, used 224926K [0x00000000c1400000, 0x0000000100000000)
  region size 1024K, 84 young (86016K), 8 survivors (8192K)
 Metaspace       used 43815K, committed 44096K, reserved 1089536K
  class space    used 5393K, committed 5504K, reserved 1048576K
}
Event: 29.792 GC heap after
{Heap after GC invocations=41 (full 0):
 garbage-first heap   total 293888K, used 152668K [0x00000000c1400000, 0x0000000100000000)
  region size 1024K, 9 young (9216K), 9 survivors (9216K)
 Metaspace       used 43815K, committed 44096K, reserved 1089536K
  class space    used 5393K, committed 5504K, reserved 1048576K
}
Event: 31.241 GC heap before
{Heap before GC invocations=42 (full 0):
 garbage-first heap   total 306176K, used 248924K [0x00000000c1400000, 0x0000000100000000)
  region size 1024K, 104 young (106496K), 9 survivors (9216K)
 Metaspace       used 43858K, committed 44160K, reserved 1089536K
  class space    used 5399K, committed 5504K, reserved 1048576K
}
Event: 31.340 GC heap after
{Heap after GC invocations=43 (full 0):
 garbage-first heap   total 306176K, used 165509K [0x00000000c1400000, 0x0000000100000000)
  region size 1024K, 13 young (13312K), 13 survivors (13312K)
 Metaspace       used 43858K, committed 44160K, reserved 1089536K
  class space    used 5399K, committed 5504K, reserved 1048576K
}
Event: 31.377 GC heap before
{Heap before GC invocations=43 (full 0):
 garbage-first heap   total 306176K, used 166533K [0x00000000c1400000, 0x0000000100000000)
  region size 1024K, 14 young (14336K), 13 survivors (13312K)
 Metaspace       used 43858K, committed 44160K, reserved 1089536K
  class space    used 5399K, committed 5504K, reserved 1048576K
}
Event: 31.428 GC heap after
{Heap after GC invocations=44 (full 0):
 garbage-first heap   total 306176K, used 164393K [0x00000000c1400000, 0x0000000100000000)
  region size 1024K, 2 young (2048K), 2 survivors (2048K)
 Metaspace       used 43858K, committed 44160K, reserved 1089536K
  class space    used 5399K, committed 5504K, reserved 1048576K
}
Event: 35.708 GC heap before
{Heap before GC invocations=44 (full 0):
 garbage-first heap   total 306176K, used 251433K [0x00000000c1400000, 0x0000000100000000)
  region size 1024K, 88 young (90112K), 2 survivors (2048K)
 Metaspace       used 48544K, committed 48960K, reserved 1097728K
  class space    used 6313K, committed 6528K, reserved 1048576K
}
Event: 35.767 GC heap after
{Heap after GC invocations=45 (full 0):
 garbage-first heap   total 306176K, used 189825K [0x00000000c1400000, 0x0000000100000000)
  region size 1024K, 11 young (11264K), 11 survivors (11264K)
 Metaspace       used 48544K, committed 48960K, reserved 1097728K
  class space    used 6313K, committed 6528K, reserved 1048576K
}
Event: 37.182 GC heap before
{Heap before GC invocations=46 (full 0):
 garbage-first heap   total 319488K, used 241025K [0x00000000c1400000, 0x0000000100000000)
  region size 1024K, 68 young (69632K), 11 survivors (11264K)
 Metaspace       used 50377K, committed 50816K, reserved 1097728K
  class space    used 6578K, committed 6784K, reserved 1048576K
}
Event: 37.230 GC heap after
{Heap after GC invocations=47 (full 0):
 garbage-first heap   total 319488K, used 188242K [0x00000000c1400000, 0x0000000100000000)
  region size 1024K, 5 young (5120K), 5 survivors (5120K)
 Metaspace       used 50377K, committed 50816K, reserved 1097728K
  class space    used 6578K, committed 6784K, reserved 1048576K
}
Event: 37.401 GC heap before
{Heap before GC invocations=47 (full 0):
 garbage-first heap   total 319488K, used 198482K [0x00000000c1400000, 0x0000000100000000)
  region size 1024K, 15 young (15360K), 5 survivors (5120K)
 Metaspace       used 50407K, committed 50816K, reserved 1097728K
  class space    used 6580K, committed 6784K, reserved 1048576K
}
Event: 37.429 GC heap after
{Heap after GC invocations=48 (full 0):
 garbage-first heap   total 319488K, used 157563K [0x00000000c1400000, 0x0000000100000000)
  region size 1024K, 1 young (1024K), 1 survivors (1024K)
 Metaspace       used 50407K, committed 50816K, reserved 1097728K
  class space    used 6580K, committed 6784K, reserved 1048576K
}
Event: 37.575 GC heap before
{Heap before GC invocations=48 (full 0):
 garbage-first heap   total 319488K, used 171899K [0x00000000c1400000, 0x0000000100000000)
  region size 1024K, 15 young (15360K), 1 survivors (1024K)
 Metaspace       used 50416K, committed 50816K, reserved 1097728K
  class space    used 6582K, committed 6784K, reserved 1048576K
}

Deoptimization events (20 events):
Event: 15.789 Thread 0x0000018d4cc9e850 DEOPT PACKING pc=0x0000018d4273c481 sp=0x0000006be94fee70
Event: 15.790 Thread 0x0000018d4cc9e850 DEOPT UNPACKING pc=0x0000018d42372b24 sp=0x0000006be94fe300 mode 3
Event: 15.790 Thread 0x0000018d4cc9e850 DEOPT PACKING pc=0x0000018d42737597 sp=0x0000006be94ff070
Event: 15.790 Thread 0x0000018d4cc9e850 DEOPT UNPACKING pc=0x0000018d42372b24 sp=0x0000006be94fe4c8 mode 3
Event: 15.981 Thread 0x0000018d4b4a5d70 DEOPT PACKING pc=0x0000018d42a3e835 sp=0x0000006be9cfd6a0
Event: 15.981 Thread 0x0000018d4b4a5d70 DEOPT UNPACKING pc=0x0000018d42372b24 sp=0x0000006be9cfcbc8 mode 3
Event: 21.396 Thread 0x0000018d4d2bcaf0 DEOPT PACKING pc=0x0000018d42511eea sp=0x0000006bea0fe540
Event: 21.396 Thread 0x0000018d4d2bcaf0 DEOPT UNPACKING pc=0x0000018d42372b24 sp=0x0000006bea0fda00 mode 3
Event: 22.002 Thread 0x0000018d4d2bc150 DEOPT PACKING pc=0x0000018d42bb2df0 sp=0x0000006bea4fe760
Event: 22.004 Thread 0x0000018d4d2bc150 DEOPT UNPACKING pc=0x0000018d42372b24 sp=0x0000006bea4fdc58 mode 3
Event: 22.266 Thread 0x0000018d4d2bcaf0 DEOPT PACKING pc=0x0000018d42bc055b sp=0x0000006bea0fe2a0
Event: 22.266 Thread 0x0000018d4d2bcaf0 DEOPT UNPACKING pc=0x0000018d42372b24 sp=0x0000006bea0fd738 mode 3
Event: 23.682 Thread 0x0000018d4d2bc150 DEOPT PACKING pc=0x0000018d42c15994 sp=0x0000006bea4fdd20
Event: 23.682 Thread 0x0000018d4d2bc150 DEOPT UNPACKING pc=0x0000018d42372b24 sp=0x0000006bea4fd1b0 mode 3
Event: 25.069 Thread 0x0000018d4d2bc150 DEOPT PACKING pc=0x0000018d42c6bb46 sp=0x0000006bea4fe720
Event: 25.069 Thread 0x0000018d4d2bc150 DEOPT UNPACKING pc=0x0000018d42372b24 sp=0x0000006bea4fdc10 mode 3
Event: 36.613 Thread 0x0000018d4c5be100 DEOPT PACKING pc=0x0000018d42725552 sp=0x0000006be8ffcad0
Event: 36.614 Thread 0x0000018d4c5be100 DEOPT UNPACKING pc=0x0000018d42372b24 sp=0x0000006be8ffbfd8 mode 3
Event: 37.326 Thread 0x0000018d4c5be100 DEOPT PACKING pc=0x0000018d42f9f22c sp=0x0000006be8ffe180
Event: 37.326 Thread 0x0000018d4c5be100 DEOPT UNPACKING pc=0x0000018d42372b24 sp=0x0000006be8ffd610 mode 0

Classes unloaded (0 events):
No events

Classes redefined (0 events):
No events

Internal exceptions (20 events):
Event: 34.954 Thread 0x0000018d4d2bb7b0 Exception <a 'sun/nio/fs/WindowsException'{0x00000000d123bfe8}> (0x00000000d123bfe8) 
thrown [e:\jenkins\tmp\workspace\build\src\src\hotspot\share\prims\jni.cpp, line 516]
Event: 34.955 Thread 0x0000018d4d2bb7b0 Exception <a 'sun/nio/fs/WindowsException'{0x00000000d123ca20}> (0x00000000d123ca20) 
thrown [e:\jenkins\tmp\workspace\build\src\src\hotspot\share\prims\jni.cpp, line 516]
Event: 34.955 Thread 0x0000018d4d2bb7b0 Exception <a 'sun/nio/fs/WindowsException'{0x00000000d123ce28}> (0x00000000d123ce28) 
thrown [e:\jenkins\tmp\workspace\build\src\src\hotspot\share\prims\jni.cpp, line 516]
Event: 34.956 Thread 0x0000018d4d2bb7b0 Exception <a 'sun/nio/fs/WindowsException'{0x00000000d123d838}> (0x00000000d123d838) 
thrown [e:\jenkins\tmp\workspace\build\src\src\hotspot\share\prims\jni.cpp, line 516]
Event: 34.956 Thread 0x0000018d4d2bb7b0 Exception <a 'sun/nio/fs/WindowsException'{0x00000000d123dc10}> (0x00000000d123dc10) 
thrown [e:\jenkins\tmp\workspace\build\src\src\hotspot\share\prims\jni.cpp, line 516]
Event: 34.957 Thread 0x0000018d4d2bb7b0 Exception <a 'sun/nio/fs/WindowsException'{0x00000000d123e5f8}> (0x00000000d123e5f8) 
thrown [e:\jenkins\tmp\workspace\build\src\src\hotspot\share\prims\jni.cpp, line 516]
Event: 34.957 Thread 0x0000018d4d2bb7b0 Exception <a 'sun/nio/fs/WindowsException'{0x00000000d123e998}> (0x00000000d123e998) 
thrown [e:\jenkins\tmp\workspace\build\src\src\hotspot\share\prims\jni.cpp, line 516]
Event: 34.958 Thread 0x0000018d4d2bcfc0 Exception <a 'java/lang/NoSuchMethodError'{0x00000000d1276b98}: 'java.lang.Object java.lang.invoke.Invokers$Holder.invoke_MT(java.lang.Object, java.lang.Object, java.lang.Object)'> (0x00000000d1276b98) 
thrown [e:\jenkins\tmp\workspace\build\src\src\hotspot\share\interpreter\linkResolver.cpp, line 766]
Event: 34.959 Thread 0x0000018d4d2bb7b0 Exception <a 'sun/nio/fs/WindowsException'{0x00000000d123f390}> (0x00000000d123f390) 
thrown [e:\jenkins\tmp\workspace\build\src\src\hotspot\share\prims\jni.cpp, line 516]
Event: 34.959 Thread 0x0000018d4d2bb7b0 Exception <a 'sun/nio/fs/WindowsException'{0x00000000d123f748}> (0x00000000d123f748) 
thrown [e:\jenkins\tmp\workspace\build\src\src\hotspot\share\prims\jni.cpp, line 516]
Event: 34.959 Thread 0x0000018d4d2bb7b0 Exception <a 'sun/nio/fs/WindowsException'{0x00000000d1240130}> (0x00000000d1240130) 
thrown [e:\jenkins\tmp\workspace\build\src\src\hotspot\share\prims\jni.cpp, line 516]
Event: 34.959 Thread 0x0000018d4d2bb7b0 Exception <a 'sun/nio/fs/WindowsException'{0x00000000d12404d8}> (0x00000000d12404d8) 
thrown [e:\jenkins\tmp\workspace\build\src\src\hotspot\share\prims\jni.cpp, line 516]
Event: 34.962 Thread 0x0000018d4d2bb7b0 Exception <a 'sun/nio/fs/WindowsException'{0x00000000d1240ed0}> (0x00000000d1240ed0) 
thrown [e:\jenkins\tmp\workspace\build\src\src\hotspot\share\prims\jni.cpp, line 516]
Event: 34.962 Thread 0x0000018d4d2bb7b0 Exception <a 'sun/nio/fs/WindowsException'{0x00000000d1241288}> (0x00000000d1241288) 
thrown [e:\jenkins\tmp\workspace\build\src\src\hotspot\share\prims\jni.cpp, line 516]
Event: 34.967 Thread 0x0000018d4d2bb7b0 Exception <a 'sun/nio/fs/WindowsException'{0x00000000d1241c98}> (0x00000000d1241c98) 
thrown [e:\jenkins\tmp\workspace\build\src\src\hotspot\share\prims\jni.cpp, line 516]
Event: 34.968 Thread 0x0000018d4d2bb7b0 Exception <a 'sun/nio/fs/WindowsException'{0x00000000d1242070}> (0x00000000d1242070) 
thrown [e:\jenkins\tmp\workspace\build\src\src\hotspot\share\prims\jni.cpp, line 516]
Event: 34.972 Thread 0x0000018d4d2bb7b0 Exception <a 'sun/nio/fs/WindowsException'{0x00000000d1242a98}> (0x00000000d1242a98) 
thrown [e:\jenkins\tmp\workspace\build\src\src\hotspot\share\prims\jni.cpp, line 516]
Event: 34.973 Thread 0x0000018d4d2bb7b0 Exception <a 'sun/nio/fs/WindowsException'{0x00000000d1242e88}> (0x00000000d1242e88) 
thrown [e:\jenkins\tmp\workspace\build\src\src\hotspot\share\prims\jni.cpp, line 516]
Event: 34.975 Thread 0x0000018d4d2bb7b0 Exception <a 'sun/nio/fs/WindowsException'{0x00000000d12438a8}> (0x00000000d12438a8) 
thrown [e:\jenkins\tmp\workspace\build\src\src\hotspot\share\prims\jni.cpp, line 516]
Event: 34.975 Thread 0x0000018d4d2bb7b0 Exception <a 'sun/nio/fs/WindowsException'{0x00000000d1243c90}> (0x00000000d1243c90) 
thrown [e:\jenkins\tmp\workspace\build\src\src\hotspot\share\prims\jni.cpp, line 516]

VM Operations (20 events):
Event: 35.626 Executing VM operation: ICBufferFull done
Event: 35.700 Executing VM operation: G1CollectForAllocation
Event: 35.770 Executing VM operation: G1CollectForAllocation done
Event: 36.126 Executing VM operation: HandshakeAllThreads
Event: 36.126 Executing VM operation: HandshakeAllThreads done
Event: 36.193 Executing VM operation: G1Concurrent
Event: 36.214 Executing VM operation: G1Concurrent done
Event: 36.368 Executing VM operation: G1Concurrent
Event: 36.368 Executing VM operation: G1Concurrent done
Event: 36.400 Executing VM operation: HandshakeAllThreads
Event: 36.400 Executing VM operation: HandshakeAllThreads done
Event: 37.105 Executing VM operation: ICBufferFull
Event: 37.106 Executing VM operation: ICBufferFull done
Event: 37.182 Executing VM operation: G1CollectForAllocation
Event: 37.230 Executing VM operation: G1CollectForAllocation done
Event: 37.320 Executing VM operation: HandshakeAllThreads
Event: 37.320 Executing VM operation: HandshakeAllThreads done
Event: 37.401 Executing VM operation: G1CollectForAllocation
Event: 37.429 Executing VM operation: G1CollectForAllocation done
Event: 37.575 Executing VM operation: G1CollectForAllocation

Events (20 events):
Event: 36.504 loading class java/io/ObjectInputStream
Event: 36.506 loading class java/io/ObjectInput
Event: 36.507 loading class java/io/ObjectInput done
Event: 36.507 loading class java/io/ObjectStreamConstants
Event: 36.507 loading class java/io/ObjectStreamConstants done
Event: 36.507 loading class java/io/ObjectInputStream done
Event: 36.507 loading class java/io/ObjectOutputStream
Event: 36.508 loading class java/io/ObjectOutput
Event: 36.508 loading class java/io/ObjectOutput done
Event: 36.508 loading class java/io/ObjectOutputStream done
Event: 36.508 loading class java/util/concurrent/ConcurrentHashMap$TreeNode
Event: 36.509 loading class java/util/concurrent/ConcurrentHashMap$TreeNode done
Event: 36.509 loading class java/util/concurrent/ConcurrentHashMap$TreeBin
Event: 36.509 loading class java/util/concurrent/ConcurrentHashMap$TreeBin done
Event: 36.704 loading class java/util/stream/Collectors$Partition
Event: 36.705 loading class java/util/stream/Collectors$Partition done
Event: 36.707 loading class java/util/stream/Collectors$Partition$1
Event: 36.708 loading class java/util/stream/Collectors$Partition$1 done
Event: 36.761 loading class sun/reflect/generics/scope/ConstructorScope
Event: 36.762 loading class sun/reflect/generics/scope/ConstructorScope done


Dynamic libraries:
0x00007ff7cc240000 - 0x00007ff7cc24e000 	c:\Users\user\.vscode\extensions\redhat.java-1.7.0-win32-x64\jre\17.0.3-win32-x86_64\bin\java.exe
0x00007fff9c270000 - 0x00007fff9c465000 	C:\WINDOWS\SYSTEM32\ntdll.dll
0x00007fff9be40000 - 0x00007fff9befd000 	C:\WINDOWS\System32\KERNEL32.DLL
0x00007fff99d40000 - 0x00007fff9a00d000 	C:\WINDOWS\System32\KERNELBASE.dll
0x00007fff96f40000 - 0x00007fff96fd0000 	C:\WINDOWS\SYSTEM32\apphelp.dll
0x00007fff99ab0000 - 0x00007fff99bb0000 	C:\WINDOWS\System32\ucrtbase.dll
0x00007fff927a0000 - 0x00007fff927b9000 	c:\Users\user\.vscode\extensions\redhat.java-1.7.0-win32-x64\jre\17.0.3-win32-x86_64\bin\VCRUNTIME140.dll
0x00007fff92df0000 - 0x00007fff92e08000 	c:\Users\user\.vscode\extensions\redhat.java-1.7.0-win32-x64\jre\17.0.3-win32-x86_64\bin\jli.dll
0x00007fff9a350000 - 0x00007fff9a4f0000 	C:\WINDOWS\System32\USER32.dll
0x00007fff999e0000 - 0x00007fff99a02000 	C:\WINDOWS\System32\win32u.dll
0x00007fff9bf00000 - 0x00007fff9bf2a000 	C:\WINDOWS\System32\GDI32.dll
0x00007fff99c30000 - 0x00007fff99d3b000 	C:\WINDOWS\System32\gdi32full.dll
0x00007fff99a10000 - 0x00007fff99aad000 	C:\WINDOWS\System32\msvcp_win.dll
0x00007fff84de0000 - 0x00007fff8507a000 	C:\WINDOWS\WinSxS\amd64_microsoft.windows.common-controls_6595b64144ccf1df_6.0.19041.1110_none_60b5254171f9507e\COMCTL32.dll
0x00007fff9afe0000 - 0x00007fff9b07e000 	C:\WINDOWS\System32\msvcrt.dll
0x00007fff9b5e0000 - 0x00007fff9b610000 	C:\WINDOWS\System32\IMM32.DLL
0x00007fff94b10000 - 0x00007fff94b1c000 	c:\Users\user\.vscode\extensions\redhat.java-1.7.0-win32-x64\jre\17.0.3-win32-x86_64\bin\vcruntime140_1.dll
0x00007fff75d20000 - 0x00007fff75db1000 	c:\Users\user\.vscode\extensions\redhat.java-1.7.0-win32-x64\jre\17.0.3-win32-x86_64\bin\msvcp140.dll
0x00007fff539a0000 - 0x00007fff545e8000 	c:\Users\user\.vscode\extensions\redhat.java-1.7.0-win32-x64\jre\17.0.3-win32-x86_64\bin\server\jvm.dll
0x00007fff9b350000 - 0x00007fff9b3fe000 	C:\WINDOWS\System32\ADVAPI32.dll
0x00007fff9aee0000 - 0x00007fff9af7c000 	C:\WINDOWS\System32\sechost.dll
0x00007fff9a4f0000 - 0x00007fff9a615000 	C:\WINDOWS\System32\RPCRT4.dll
0x00007fff9b080000 - 0x00007fff9b088000 	C:\WINDOWS\System32\PSAPI.DLL
0x00007fff979a0000 - 0x00007fff979a9000 	C:\WINDOWS\SYSTEM32\WSOCK32.dll
0x00007fff9bf30000 - 0x00007fff9bf9b000 	C:\WINDOWS\System32\WS2_32.dll
0x00007fff85770000 - 0x00007fff85797000 	C:\WINDOWS\SYSTEM32\WINMM.dll
0x00007fff90c20000 - 0x00007fff90c2a000 	C:\WINDOWS\SYSTEM32\VERSION.dll
0x00007fff98260000 - 0x00007fff98272000 	C:\WINDOWS\SYSTEM32\kernel.appcore.dll
0x00007fff92ee0000 - 0x00007fff92eea000 	c:\Users\user\.vscode\extensions\redhat.java-1.7.0-win32-x64\jre\17.0.3-win32-x86_64\bin\jimage.dll
0x00007fff97790000 - 0x00007fff97974000 	C:\WINDOWS\SYSTEM32\DBGHELP.DLL
0x00007fff82bb0000 - 0x00007fff82bdc000 	C:\WINDOWS\SYSTEM32\dbgcore.DLL
0x00007fff9a010000 - 0x00007fff9a092000 	C:\WINDOWS\System32\bcryptPrimitives.dll
0x00007fff8fae0000 - 0x00007fff8fb05000 	c:\Users\user\.vscode\extensions\redhat.java-1.7.0-win32-x64\jre\17.0.3-win32-x86_64\bin\java.dll
0x00007fff89780000 - 0x00007fff89798000 	c:\Users\user\.vscode\extensions\redhat.java-1.7.0-win32-x64\jre\17.0.3-win32-x86_64\bin\zip.dll
0x00007fff9b6f0000 - 0x00007fff9be34000 	C:\WINDOWS\System32\SHELL32.dll
0x00007fff97ac0000 - 0x00007fff98254000 	C:\WINDOWS\SYSTEM32\windows.storage.dll
0x00007fff9ab80000 - 0x00007fff9aed4000 	C:\WINDOWS\System32\combase.dll
0x00007fff99440000 - 0x00007fff9946c000 	C:\WINDOWS\SYSTEM32\Wldp.dll
0x00007fff9b530000 - 0x00007fff9b5dd000 	C:\WINDOWS\System32\SHCORE.dll
0x00007fff9bfa0000 - 0x00007fff9bff5000 	C:\WINDOWS\System32\shlwapi.dll
0x00007fff99920000 - 0x00007fff9993f000 	C:\WINDOWS\SYSTEM32\profapi.dll
0x00007fff879a0000 - 0x00007fff879b9000 	C:\Users\user\.vscode\extensions\redhat.java-1.7.0-win32-x64\jre\17.0.3-win32-x86_64\bin\net.dll
0x00007fff8f6f0000 - 0x00007fff8f7fa000 	C:\WINDOWS\SYSTEM32\WINHTTP.dll
0x00007fff991a0000 - 0x00007fff9920a000 	C:\WINDOWS\system32\mswsock.dll
0x00007fff87740000 - 0x00007fff87755000 	C:\Users\user\.vscode\extensions\redhat.java-1.7.0-win32-x64\jre\17.0.3-win32-x86_64\bin\nio.dll
0x00007fff8fb30000 - 0x00007fff8fb40000 	c:\Users\user\.vscode\extensions\redhat.java-1.7.0-win32-x64\jre\17.0.3-win32-x86_64\bin\verify.dll
0x00007fff8f9b0000 - 0x00007fff8f9b9000 	C:\Users\user\.vscode\extensions\redhat.java-1.7.0-win32-x64\jre\17.0.3-win32-x86_64\bin\management.dll
0x00007fff8ea70000 - 0x00007fff8ea7b000 	C:\Users\user\.vscode\extensions\redhat.java-1.7.0-win32-x64\jre\17.0.3-win32-x86_64\bin\management_ext.dll
0x00007fff828b0000 - 0x00007fff828c7000 	C:\WINDOWS\system32\napinsp.dll
0x00007fff82890000 - 0x00007fff828ab000 	C:\WINDOWS\system32\pnrpnsp.dll
0x00007fff93fa0000 - 0x00007fff93fb5000 	C:\WINDOWS\system32\wshbth.dll
0x00007fff94860000 - 0x00007fff9487d000 	C:\WINDOWS\system32\NLAapi.dll
0x00007fff98e40000 - 0x00007fff98e7b000 	C:\WINDOWS\SYSTEM32\IPHLPAPI.DLL
0x00007fff98e80000 - 0x00007fff98f4b000 	C:\WINDOWS\SYSTEM32\DNSAPI.dll
0x00007fff9ab70000 - 0x00007fff9ab78000 	C:\WINDOWS\System32\NSI.dll
0x00007fff82870000 - 0x00007fff82882000 	C:\WINDOWS\System32\winrnr.dll
0x00007fff8dd60000 - 0x00007fff8dd6a000 	C:\Windows\System32\rasadhlp.dll
0x00007fff8ddb0000 - 0x00007fff8de30000 	C:\WINDOWS\System32\fwpuclnt.dll
0x00007fff99c00000 - 0x00007fff99c27000 	C:\WINDOWS\System32\bcrypt.dll
0x00007fff993a0000 - 0x00007fff993b8000 	C:\WINDOWS\SYSTEM32\CRYPTSP.dll
0x00007fff98ab0000 - 0x00007fff98ae4000 	C:\WINDOWS\system32\rsaenh.dll
0x00007fff998e0000 - 0x00007fff9990e000 	C:\WINDOWS\SYSTEM32\USERENV.dll
0x00007fff99390000 - 0x00007fff9939c000 	C:\WINDOWS\SYSTEM32\CRYPTBASE.dll
0x00007fff8e230000 - 0x00007fff8e247000 	C:\WINDOWS\SYSTEM32\dhcpcsvc6.DLL
0x00007fff90050000 - 0x00007fff9006d000 	C:\WINDOWS\SYSTEM32\dhcpcsvc.DLL

dbghelp: loaded successfully - version: 4.0.5 - missing functions: none
symbol engine: initialized successfully - sym options: 0x614 - pdb path: .;c:\Users\user\.vscode\extensions\redhat.java-1.7.0-win32-x64\jre\17.0.3-win32-x86_64\bin;C:\WINDOWS\SYSTEM32;C:\WINDOWS\WinSxS\amd64_microsoft.windows.common-controls_6595b64144ccf1df_6.0.19041.1110_none_60b5254171f9507e;c:\Users\user\.vscode\extensions\redhat.java-1.7.0-win32-x64\jre\17.0.3-win32-x86_64\bin\server

VM Arguments:
jvm_args: --add-modules=ALL-SYSTEM --add-exports=jdk.compiler/com.sun.tools.javac.file=ALL-UNNAMED --add-exports=jdk.compiler/com.sun.tools.javac.util=ALL-UNNAMED --add-exports=jdk.compiler/com.sun.tools.javac.comp=ALL-UNNAMED --add-exports=jdk.compiler/com.sun.tools.javac.main=ALL-UNNAMED --add-exports=jdk.compiler/com.sun.tools.javac.tree=ALL-UNNAMED --add-exports=jdk.compiler/com.sun.tools.javac.code=ALL-UNNAMED -Dsts.lsp.client=vscode -Dsts.log.file=/dev/null -XX:TieredStopAtLevel=1 -Dspring.config.location=file:c:\Users\user\.vscode\extensions\pivotal.vscode-spring-boot-1.35.0\language-server\BOOT-INF\classes\application.properties 
java_command: org.springframework.ide.vscode.boot.app.BootLanguageServerBootApp
java_class_path (initial): c:\Users\user\.vscode\extensions\pivotal.vscode-spring-boot-1.35.0\language-server\BOOT-INF\classes;c:\Users\user\.vscode\extensions\pivotal.vscode-spring-boot-1.35.0\language-server\BOOT-INF\lib\annotations-23.0.0.jar;c:\Users\user\.vscode\extensions\pivotal.vscode-spring-boot-1.35.0\language-server\BOOT-INF\lib\antlr-runtime-3.5.2.jar;c:\Users\user\.vscode\extensions\pivotal.vscode-spring-boot-1.35.0\language-server\BOOT-INF\lib\antlr4-4.9.3.jar;c:\Users\user\.vscode\extensions\pivotal.vscode-spring-boot-1.35.0\language-server\BOOT-INF\lib\antlr4-runtime-4.9.3.jar;c:\Users\user\.vscode\extensions\pivotal.vscode-spring-boot-1.35.0\language-server\BOOT-INF\lib\asm-9.3.jar;c:\Users\user\.vscode\extensions\pivotal.vscode-spring-boot-1.35.0\language-server\BOOT-INF\lib\asm-analysis-9.3.jar;c:\Users\user\.vscode\extensions\pivotal.vscode-spring-boot-1.35.0\language-server\BOOT-INF\lib\asm-tree-9.3.jar;c:\Users\user\.vscode\extensions\pivotal.vscode-spring-boot-1.35.0\language-server\BOOT-INF\lib\asm-util-9.3.jar;c:\Users\user\.vscode\extensions\pivotal.vscode-spring-boot-1.35.0\language-server\BOOT-INF\lib\byte-buddy-1.10.18.jar;c:\Users\user\.vscode\extensions\pivotal.vscode-spring-boot-1.35.0\language-server\BOOT-INF\lib\caffeine-2.8.6.jar;c:\Users\user\.vscode\extensions\pivotal.vscode-spring-boot-1.35.0\language-server\BOOT-INF\lib\checker-qual-3.12.0.jar;c:\Users\user\.vscode\extensions\pivotal.vscode-spring-boot-1.35.0\language-server\BOOT-INF\lib\classgraph-4.8.146.jar;c:\Users\user\.vscode\extensions\pivotal.vscode-spring-boot-1.35.0\language-server\BOOT-INF\lib\commons-codec-1.14.jar;c:\Users\user\.vscode\extensions\pivotal.vscode-spring-boot-1.35.0\language-server\BOOT-INF\lib\commons-compress-1.21.jar;c:\Users\user\.vscode\extensions\pivotal.vscode-spring-boot-1.35.0\language-server\BOOT-INF\lib\commons-exec-1.3.jar;c:\Users\user\.vscode\extensions\pivotal.vscode-spring-boot-1.35.0\language-server\BOOT-INF\lib\commons-io-2.4.jar;c
Launcher Type: SUN_STANDARD

[Global flags]
     intx CICompilerCount                          = 3                                         {product} {ergonomic}
     uint ConcGCThreads                            = 1                                         {product} {ergonomic}
     uint G1ConcRefinementThreads                  = 4                                         {product} {ergonomic}
   size_t G1HeapRegionSize                         = 1048576                                   {product} {ergonomic}
    uintx GCDrainStackTargetSize                   = 64                                        {product} {ergonomic}
   size_t InitialHeapSize                          = 67108864                                  {product} {ergonomic}
   size_t MarkStackSize                            = 4194304                                   {product} {ergonomic}
   size_t MaxHeapSize                              = 1052770304                                {product} {ergonomic}
   size_t MaxNewSize                               = 631242752                                 {product} {ergonomic}
   size_t MinHeapDeltaBytes                        = 1048576                                   {product} {ergonomic}
   size_t MinHeapSize                              = 8388608                                   {product} {ergonomic}
    uintx NonProfiledCodeHeapSize                  = 0                                      {pd product} {ergonomic}
     bool ProfileInterpreter                       = false                                  {pd product} {command line}
    uintx ProfiledCodeHeapSize                     = 0                                      {pd product} {ergonomic}
   size_t SoftMaxHeapSize                          = 1052770304                             {manageable} {ergonomic}
     intx TieredStopAtLevel                        = 1                                         {product} {command line}
     bool UseCompressedClassPointers               = true                           {product lp64_product} {ergonomic}
     bool UseCompressedOops                        = true                           {product lp64_product} {ergonomic}
     bool UseG1GC                                  = true                                      {product} {ergonomic}
     bool UseLargePagesIndividualAllocation        = false                                  {pd product} {ergonomic}

Logging:
Log output configuration:
 #0: stdout all=warning uptime,level,tags
 #1: stderr all=off uptime,level,tags

Environment Variables:
JAVA_HOME=C:\Program Files\Java\jdk1.8.0_201
PATH=C:\Program Files\Java\jdk1.8.0_201\bin;C:\20220103_lab\99.devTool\apache-maven-3.8.1\bin;C:\oraclexe\app\oracle\product\11.2.0\server\bin;C:\Program Files (x86)\Common Files\Oracle\Java\javapath;C:\CUBRID\bin\;C:\Program Files (x86)\Intel\iCLS Client\;C:\Program Files\Intel\iCLS Client\;C:\WINDOWS\system32;C:\WINDOWS;C:\WINDOWS\System32\Wbem;C:\WINDOWS\System32\WindowsPowerShell\v1.0\;C:\Program Files\Intel\WiFi\bin\;C:\Program Files\Common Files\Intel\WirelessCommon\;C:\Program Files (x86)\Intel\Intel(R) Management Engine Components\DAL;C:\Program Files\Intel\Intel(R) Management Engine Components\DAL;C:\Program Files (x86)\Intel\Intel(R) Management Engine Components\IPT;C:\Program Files\Intel\Intel(R) Management Engine Components\IPT;C:\WINDOWS\System32\OpenSSH\;C:\Program Files\dotnet\;C:\Program Files\Git\cmd;C:\msys64\mingw64\bin;C:\Program Files\nodejs\;C:\Program Files\PuTTY\;C:\Users\user\anaconda3;C:\Users\user\anaconda3\Library\mingw-w64\bin;C:\Users\user\anaconda3\Library\usr\bin;C:\Users\user\anaconda3\Library\bin;C:\Users\user\anaconda3\Scripts;C:\Program Files\MySQL\MySQL Shell 8.0\bin\;C:\Users\user\AppData\Local\Programs\Python\Launcher\;C:\R\R-4.0.4\bin\x64;C:\CUBRID\bin\;C:\Program Files (x86)\Intel\iCLS Client\;C:\Program Files\Intel\iCLS Client\;C:\WINDOWS\system32;C:\WINDOWS;C:\WINDOWS\System32\Wbem;C:\WINDOWS\System32\WindowsPowerShell\v1.0\;C:\Program Files\Intel\WiFi\bin\;C:\Program Files\Common Files\Intel\WirelessCommon\;C:\Program Files (x86)\Intel\Intel(R) Management Engine Components\DAL;C:\Program Files\Intel\Intel(R) Management Engine Components\DAL;C:\Program Files (x86)\Intel\Intel(R) Management Engine Components\IPT;C:\Program Files\Intel\Intel(R) Management Engine Components\IPT;C:\WINDOWS\System32\OpenSSH\;C:\Users\user\AppData\Local\Microsoft\WindowsApps;C:\Users\user\AppData\Local\Programs\Microsoft VS Code\bin;C:\R\RStudio\bin\rpostback;C:\R\RStudio\bin\postback;C:\Users\user\.dotnet\tools;C:\Users\user\AppData\Roaming\npm
USERNAME=user
OS=Windows_NT
PROCESSOR_IDENTIFIER=Intel64 Family 6 Model 142 Stepping 9, GenuineIntel



---------------  S Y S T E M  ---------------

OS:
 Windows 10 , 64 bit Build 19041 (10.0.19041.1706)
OS uptime: 31 days 7:59 hours

CPU: total 4 (initial active 4) (2 cores per cpu, 2 threads per core) family 6 model 142 stepping 9 microcode 0xb4, cx8, cmov, fxsr, ht, mmx, 3dnowpref, sse, sse2, sse3, ssse3, sse4.1, sse4.2, popcnt, lzcnt, tsc, tscinvbit, aes, erms, clmul, clflush, clflushopt

Memory: 4k page, system-wide physical 4009M (258M free)
TotalPageFile size 16297M (AvailPageFile size 99M)
current process WorkingSet (physical memory assigned to process): 390M, peak: 390M
current process commit charge ("private bytes"): 469M, peak: 654M

vm_info: OpenJDK 64-Bit Server VM (17.0.3+7) for windows-amd64 JRE (17.0.3+7), built on Apr 19 2022 16:55:35 by "" with MS VC++ 16.7 (VS2019)

END.
