#
# There is insufficient memory for the Java Runtime Environment to continue.
# Native memory allocation (malloc) failed to allocate 1048576 bytes for AllocateHeap
# Possible reasons:
#   The system is out of physical RAM or swap space
#   The process is running with CompressedOops enabled, and the Java Heap may be blocking the growth of the native heap
# Possible solutions:
#   Reduce memory load on the system
#   Increase physical memory or swap space
#   Check if swap backing store is full
#   Decrease Java heap size (-Xmx/-Xms)
#   Decrease number of Java threads
#   Decrease Java thread stack sizes (-Xss)
#   Set larger code cache with -XX:ReservedCodeCacheSize=
#   JVM is running with Unscaled Compressed Oops mode in which the Java heap is
#     placed in the first 4GB address space. The Java Heap base address is the
#     maximum limit for the native heap growth. Please use -XX:HeapBaseMinAddress
#     to set the Java Heap base and to place the Java Heap above 4GB virtual address.
# This output file may be truncated or incomplete.
#
#  Out of Memory Error (allocation.cpp:44), pid=34276, tid=8432
#
# JRE version: OpenJDK Runtime Environment Temurin-17.0.3+7 (17.0.3+7) (build 17.0.3+7)
# Java VM: OpenJDK 64-Bit Server VM Temurin-17.0.3+7 (17.0.3+7, mixed mode, emulated-client, tiered, compressed oops, compressed class ptrs, g1 gc, windows-amd64)
# No core dump will be written. Minidumps are not enabled by default on client versions of Windows
#

---------------  S U M M A R Y ------------

Command Line: --add-modules=ALL-SYSTEM --add-exports=jdk.compiler/com.sun.tools.javac.file=ALL-UNNAMED --add-exports=jdk.compiler/com.sun.tools.javac.util=ALL-UNNAMED --add-exports=jdk.compiler/com.sun.tools.javac.comp=ALL-UNNAMED --add-exports=jdk.compiler/com.sun.tools.javac.main=ALL-UNNAMED --add-exports=jdk.compiler/com.sun.tools.javac.tree=ALL-UNNAMED --add-exports=jdk.compiler/com.sun.tools.javac.code=ALL-UNNAMED -Dsts.lsp.client=vscode -Dsts.log.file=/dev/null -XX:TieredStopAtLevel=1 -Dspring.config.location=file:c:\Users\user\.vscode\extensions\pivotal.vscode-spring-boot-1.35.0\language-server\BOOT-INF\classes\application.properties org.springframework.ide.vscode.boot.app.BootLanguageServerBootApp

Host: Intel(R) Pentium(R) CPU 4415U @ 2.30GHz, 4 cores, 3G,  Windows 10 , 64 bit Build 19041 (10.0.19041.1706)
Time: Fri Jun 17 17:32:27 2022  Windows 10 , 64 bit Build 19041 (10.0.19041.1706) elapsed time: 2173.248409 seconds (0d 0h 36m 13s)

---------------  T H R E A D  ---------------

Current thread (0x000001836b30eb80):  VMThread "VM Thread" [stack: 0x0000004b92600000,0x0000004b92700000] [id=8432]

Stack: [0x0000004b92600000,0x0000004b92700000]
Native frames: (J=compiled Java code, j=interpreted, Vv=VM code, C=native code)
V  [jvm.dll+0x675efa]
V  [jvm.dll+0x830a24]
V  [jvm.dll+0x8321ce]
V  [jvm.dll+0x832833]
V  [jvm.dll+0x2454b5]
V  [jvm.dll+0xa6393]
V  [jvm.dll+0x2f55c3]
V  [jvm.dll+0x2f12d0]
V  [jvm.dll+0x2d99b7]
V  [jvm.dll+0x31cac7]
V  [jvm.dll+0x836cdb]
V  [jvm.dll+0x837a14]
V  [jvm.dll+0x837f2c]
V  [jvm.dll+0x838304]
V  [jvm.dll+0x8383d0]
V  [jvm.dll+0x7e0cfa]
V  [jvm.dll+0x674d85]
C  [ucrtbase.dll+0x21bb2]
C  [KERNEL32.DLL+0x17034]
C  [ntdll.dll+0x52651]

VM_Operation (0x0000004b938fef20): G1CollectFull, mode: safepoint, requested by thread 0x000001836da08580


---------------  P R O C E S S  ---------------

Threads class SMR info:
_java_thread_list=0x000001836e280370, length=18, elements={
0x000001836b353740, 0x000001836b3544c0, 0x000001836b3b1560, 0x000001836b384f10,
0x000001836b3857d0, 0x000001836b386090, 0x000001836b386950, 0x000001836b38ad70,
0x000001836b2fce00, 0x000001836bea9970, 0x000001836da08580, 0x000001836da08a50,
0x000001835ef39d70, 0x000001836dc8d8d0, 0x000001836dc8b720, 0x000001836dc8c590,
0x000001836dc89f10, 0x000001836dc8a3e0
}

Java Threads: ( => current thread )
  0x000001836b353740 JavaThread "Reference Handler" daemon [_thread_blocked, id=29240, stack(0x0000004b92700000,0x0000004b92800000)]
  0x000001836b3544c0 JavaThread "Finalizer" daemon [_thread_blocked, id=27884, stack(0x0000004b92800000,0x0000004b92900000)]
  0x000001836b3b1560 JavaThread "Signal Dispatcher" daemon [_thread_blocked, id=648, stack(0x0000004b92900000,0x0000004b92a00000)]
  0x000001836b384f10 JavaThread "Attach Listener" daemon [_thread_blocked, id=33484, stack(0x0000004b92a00000,0x0000004b92b00000)]
  0x000001836b3857d0 JavaThread "Service Thread" daemon [_thread_blocked, id=20696, stack(0x0000004b92b00000,0x0000004b92c00000)]
  0x000001836b386090 JavaThread "Monitor Deflation Thread" daemon [_thread_blocked, id=24676, stack(0x0000004b92c00000,0x0000004b92d00000)]
  0x000001836b386950 JavaThread "C1 CompilerThread0" daemon [_thread_blocked, id=10860, stack(0x0000004b92d00000,0x0000004b92e00000)]
  0x000001836b38ad70 JavaThread "Sweeper thread" daemon [_thread_blocked, id=27668, stack(0x0000004b92e00000,0x0000004b92f00000)]
  0x000001836b2fce00 JavaThread "Common-Cleaner" daemon [_thread_blocked, id=9472, stack(0x0000004b92f00000,0x0000004b93000000)]
  0x000001836bea9970 JavaThread "Notification Thread" daemon [_thread_blocked, id=23996, stack(0x0000004b93000000,0x0000004b93100000)]
  0x000001836da08580 JavaThread "pool-7-thread-1" [_thread_blocked, id=7676, stack(0x0000004b93800000,0x0000004b93900000)]
  0x000001836da08a50 JavaThread "LanguageServerApp-lifecycle" [_thread_blocked, id=11484, stack(0x0000004b93900000,0x0000004b93a00000)]
  0x000001835ef39d70 JavaThread "DestroyJavaVM" [_thread_blocked, id=25036, stack(0x0000004b92000000,0x0000004b92100000)]
  0x000001836dc8d8d0 JavaThread "pool-8-thread-1" [_thread_in_native, id=34132, stack(0x0000004b94200000,0x0000004b94300000)]
  0x000001836dc8b720 JavaThread "Simple-Language-Server main thread" daemon [_thread_blocked, id=27964, stack(0x0000004b94400000,0x0000004b94500000)]
  0x000001836dc8c590 JavaThread "pool-5-thread-1" [_thread_blocked, id=912, stack(0x0000004b94500000,0x0000004b94600000)]
  0x000001836dc89f10 JavaThread "Reconciler-1" [_thread_blocked, id=25344, stack(0x0000004b94600000,0x0000004b94700000)]
  0x000001836dc8a3e0 JavaThread "parallel-1" daemon [_thread_blocked, id=33040, stack(0x0000004b94a00000,0x0000004b94b00000)]

Other Threads:
=>0x000001836b30eb80 VMThread "VM Thread" [stack: 0x0000004b92600000,0x0000004b92700000] [id=8432]
  0x000001836beabe50 WatcherThread [stack: 0x0000004b93100000,0x0000004b93200000] [id=2272]
  0x000001835ef76190 GCTaskThread "GC Thread#0" [stack: 0x0000004b92100000,0x0000004b92200000] [id=14984]
  0x000001836c707bf0 GCTaskThread "GC Thread#1" [stack: 0x0000004b93200000,0x0000004b93300000] [id=17876]
  0x000001836c71d120 GCTaskThread "GC Thread#2" [stack: 0x0000004b93300000,0x0000004b93400000] [id=30092]
  0x000001836c71d3d0 GCTaskThread "GC Thread#3" [stack: 0x0000004b93400000,0x0000004b93500000] [id=24268]
  0x000001835ef7ed60 ConcurrentGCThread "G1 Main Marker" [stack: 0x0000004b92200000,0x0000004b92300000] [id=2420]
  0x000001835ef7f680 ConcurrentGCThread "G1 Conc#0" [stack: 0x0000004b92300000,0x0000004b92400000] [id=23584]
  0x000001835efce3b0 ConcurrentGCThread "G1 Refine#0" [stack: 0x0000004b92400000,0x0000004b92500000] [id=7024]
  0x000001836dcb50d0 ConcurrentGCThread "G1 Refine#1" [stack: 0x0000004b94300000,0x0000004b94400000] [id=32800]
  0x000001836e0415e0 ConcurrentGCThread "G1 Refine#2" [stack: 0x0000004b94100000,0x0000004b94200000] [id=23272]
  0x000001835efcece0 ConcurrentGCThread "G1 Service" [stack: 0x0000004b92500000,0x0000004b92600000] [id=21416]

Threads with active compile tasks:

VM state: at safepoint (normal execution)

VM Mutex/Monitor currently owned by a thread:  ([mutex/lock_event])
[0x000001835ee35cb0] Threads_lock - owner thread: 0x000001836b30eb80
[0x000001835ef35730] Heap_lock - owner thread: 0x000001836da08580

Heap address: 0x00000000c1400000, size: 1004 MB, Compressed Oops mode: 32-bit

CDS archive(s) not mapped
Compressed class space mapped at: 0x0000000100000000-0x0000000140000000, reserved size: 1073741824
Narrow klass base: 0x0000000000000000, Narrow klass shift: 3, Narrow klass range: 0x140000000

GC Precious Log:
 CPUs: 4 total, 4 available
 Memory: 4009M
 Large Page Support: Disabled
 NUMA Support: Disabled
 Compressed Oops: Enabled (32-bit)
 Heap Region Size: 1M
 Heap Min Capacity: 8M
 Heap Initial Capacity: 64M
 Heap Max Capacity: 1004M
 Pre-touch: Disabled
 Parallel Workers: 4
 Concurrent Workers: 1
 Concurrent Refinement Workers: 4
 Periodic GC: Disabled

Heap:
 garbage-first heap   total 55296K, used 15547K [0x00000000c1400000, 0x0000000100000000)
  region size 1024K, 1 young (1024K), 0 survivors (0K)
 Metaspace       used 41291K, committed 41792K, reserved 1089536K
  class space    used 5704K, committed 5888K, reserved 1048576K

Heap Regions: E=young(eden), S=young(survivor), O=old, HS=humongous(starts), HC=humongous(continues), CS=collection set, F=free, OA=open archive, CA=closed archive, TAMS=top-at-mark-start (previous, next)
|   0|0x00000000c1400000, 0x00000000c1500000, 0x00000000c1500000|100%| O|  |TAMS 0x00000000c1500000, 0x00000000c1400000| Untracked 
|   1|0x00000000c1500000, 0x00000000c15ffff8, 0x00000000c1600000| 99%| O|  |TAMS 0x00000000c15ffff8, 0x00000000c1500000| Untracked 
|   2|0x00000000c1600000, 0x00000000c1700000, 0x00000000c1700000|100%| O|  |TAMS 0x00000000c1700000, 0x00000000c1600000| Untracked 
|   3|0x00000000c1700000, 0x00000000c1800000, 0x00000000c1800000|100%| O|  |TAMS 0x00000000c1800000, 0x00000000c1700000| Untracked 
|   4|0x00000000c1800000, 0x00000000c18ffff8, 0x00000000c1900000| 99%| O|  |TAMS 0x00000000c18ffff8, 0x00000000c1800000| Untracked 
|   5|0x00000000c1900000, 0x00000000c19fffd0, 0x00000000c1a00000| 99%| O|  |TAMS 0x00000000c19fffd0, 0x00000000c1900000| Untracked 
|   6|0x00000000c1a00000, 0x00000000c1afffd0, 0x00000000c1b00000| 99%| O|  |TAMS 0x00000000c1afffd0, 0x00000000c1a00000| Untracked 
|   7|0x00000000c1b00000, 0x00000000c1bfcc08, 0x00000000c1c00000| 98%| O|  |TAMS 0x00000000c1bfcc08, 0x00000000c1b00000| Untracked 
|   8|0x00000000c1c00000, 0x00000000c1d00000, 0x00000000c1d00000|100%| O|  |TAMS 0x00000000c1d00000, 0x00000000c1c00000| Untracked 
|   9|0x00000000c1d00000, 0x00000000c1dffff0, 0x00000000c1e00000| 99%| O|  |TAMS 0x00000000c1dffff0, 0x00000000c1d00000| Untracked 
|  10|0x00000000c1e00000, 0x00000000c1f00000, 0x00000000c1f00000|100%| O|  |TAMS 0x00000000c1f00000, 0x00000000c1e00000| Untracked 
|  11|0x00000000c1f00000, 0x00000000c1ffffd0, 0x00000000c2000000| 99%| O|  |TAMS 0x00000000c1ffffd0, 0x00000000c1f00000| Untracked 
|  12|0x00000000c2000000, 0x00000000c2100000, 0x00000000c2100000|100%| O|  |TAMS 0x00000000c2100000, 0x00000000c2000000| Untracked 
|  13|0x00000000c2100000, 0x00000000c21fe850, 0x00000000c2200000| 99%| O|  |TAMS 0x00000000c21fe850, 0x00000000c2100000| Untracked 
|  14|0x00000000c2200000, 0x00000000c22ffff0, 0x00000000c2300000| 99%| O|  |TAMS 0x00000000c22ffff0, 0x00000000c2200000| Untracked 
|  15|0x00000000c2300000, 0x00000000c23319c8, 0x00000000c2400000| 19%| O|  |TAMS 0x00000000c2300000, 0x00000000c2300000| Untracked 
|  16|0x00000000c2400000, 0x00000000c2402278, 0x00000000c2500000|  0%| O|  |TAMS 0x00000000c2400000, 0x00000000c2400000| Untracked 
|  17|0x00000000c2500000, 0x00000000c2500000, 0x00000000c2600000|  0%| F|  |TAMS 0x00000000c2500000, 0x00000000c2500000| Untracked 
|  18|0x00000000c2600000, 0x00000000c2600000, 0x00000000c2700000|  0%| F|  |TAMS 0x00000000c2600000, 0x00000000c2600000| Untracked 
|  19|0x00000000c2700000, 0x00000000c2700000, 0x00000000c2800000|  0%| F|  |TAMS 0x00000000c2700000, 0x00000000c2700000| Untracked 
|  20|0x00000000c2800000, 0x00000000c2800000, 0x00000000c2900000|  0%| F|  |TAMS 0x00000000c2800000, 0x00000000c2800000| Untracked 
|  21|0x00000000c2900000, 0x00000000c2900000, 0x00000000c2a00000|  0%| F|  |TAMS 0x00000000c2900000, 0x00000000c2900000| Untracked 
|  22|0x00000000c2a00000, 0x00000000c2a00000, 0x00000000c2b00000|  0%| F|  |TAMS 0x00000000c2a00000, 0x00000000c2a00000| Untracked 
|  23|0x00000000c2b00000, 0x00000000c2b00000, 0x00000000c2c00000|  0%| F|  |TAMS 0x00000000c2b00000, 0x00000000c2b00000| Untracked 
|  24|0x00000000c2c00000, 0x00000000c2c00000, 0x00000000c2d00000|  0%| F|  |TAMS 0x00000000c2c00000, 0x00000000c2c00000| Untracked 
|  25|0x00000000c2d00000, 0x00000000c2d00000, 0x00000000c2e00000|  0%| F|  |TAMS 0x00000000c2d00000, 0x00000000c2d00000| Untracked 
|  26|0x00000000c2e00000, 0x00000000c2e00000, 0x00000000c2f00000|  0%| F|  |TAMS 0x00000000c2e00000, 0x00000000c2e00000| Untracked 
|  27|0x00000000c2f00000, 0x00000000c2f00000, 0x00000000c3000000|  0%| F|  |TAMS 0x00000000c2f00000, 0x00000000c2f00000| Untracked 
|  28|0x00000000c3000000, 0x00000000c3000000, 0x00000000c3100000|  0%| F|  |TAMS 0x00000000c3000000, 0x00000000c3000000| Untracked 
|  29|0x00000000c3100000, 0x00000000c3100000, 0x00000000c3200000|  0%| F|  |TAMS 0x00000000c3100000, 0x00000000c3100000| Untracked 
|  30|0x00000000c3200000, 0x00000000c3200000, 0x00000000c3300000|  0%| F|  |TAMS 0x00000000c3200000, 0x00000000c3200000| Untracked 
|  31|0x00000000c3300000, 0x00000000c3300000, 0x00000000c3400000|  0%| F|  |TAMS 0x00000000c3300000, 0x00000000c3300000| Untracked 
|  32|0x00000000c3400000, 0x00000000c3400000, 0x00000000c3500000|  0%| F|  |TAMS 0x00000000c3400000, 0x00000000c3400000| Untracked 
|  33|0x00000000c3500000, 0x00000000c3500000, 0x00000000c3600000|  0%| F|  |TAMS 0x00000000c3500000, 0x00000000c3500000| Untracked 
|  34|0x00000000c3600000, 0x00000000c3600000, 0x00000000c3700000|  0%| F|  |TAMS 0x00000000c3600000, 0x00000000c3600000| Untracked 
|  35|0x00000000c3700000, 0x00000000c3700000, 0x00000000c3800000|  0%| F|  |TAMS 0x00000000c3700000, 0x00000000c3700000| Untracked 
|  36|0x00000000c3800000, 0x00000000c3800000, 0x00000000c3900000|  0%| F|  |TAMS 0x00000000c3800000, 0x00000000c3800000| Untracked 
|  37|0x00000000c3900000, 0x00000000c3900000, 0x00000000c3a00000|  0%| F|  |TAMS 0x00000000c3900000, 0x00000000c3900000| Untracked 
|  38|0x00000000c3a00000, 0x00000000c3a00000, 0x00000000c3b00000|  0%| F|  |TAMS 0x00000000c3a00000, 0x00000000c3a00000| Untracked 
|  39|0x00000000c3b00000, 0x00000000c3b00000, 0x00000000c3c00000|  0%| F|  |TAMS 0x00000000c3b00000, 0x00000000c3b00000| Untracked 
|  40|0x00000000c3c00000, 0x00000000c3c00000, 0x00000000c3d00000|  0%| F|  |TAMS 0x00000000c3c00000, 0x00000000c3c00000| Untracked 
|  41|0x00000000c3d00000, 0x00000000c3d00000, 0x00000000c3e00000|  0%| F|  |TAMS 0x00000000c3d00000, 0x00000000c3d00000| Untracked 
|  42|0x00000000c3e00000, 0x00000000c3e00000, 0x00000000c3f00000|  0%| F|  |TAMS 0x00000000c3e00000, 0x00000000c3e00000| Untracked 
|  43|0x00000000c3f00000, 0x00000000c3f00000, 0x00000000c4000000|  0%| F|  |TAMS 0x00000000c3f00000, 0x00000000c3f00000| Untracked 
|  44|0x00000000c4000000, 0x00000000c4000000, 0x00000000c4100000|  0%| F|  |TAMS 0x00000000c4000000, 0x00000000c4000000| Untracked 
|  45|0x00000000c4100000, 0x00000000c4100000, 0x00000000c4200000|  0%| F|  |TAMS 0x00000000c4100000, 0x00000000c4100000| Untracked 
|  46|0x00000000c4200000, 0x00000000c4200000, 0x00000000c4300000|  0%| F|  |TAMS 0x00000000c4200000, 0x00000000c4200000| Untracked 
|  47|0x00000000c4300000, 0x00000000c4300000, 0x00000000c4400000|  0%| F|  |TAMS 0x00000000c4300000, 0x00000000c4300000| Untracked 
|  48|0x00000000c4400000, 0x00000000c4400000, 0x00000000c4500000|  0%| F|  |TAMS 0x00000000c4400000, 0x00000000c4400000| Untracked 
|  49|0x00000000c4500000, 0x00000000c4500000, 0x00000000c4600000|  0%| F|  |TAMS 0x00000000c4500000, 0x00000000c4500000| Untracked 
|  50|0x00000000c4600000, 0x00000000c4600000, 0x00000000c4700000|  0%| F|  |TAMS 0x00000000c4600000, 0x00000000c4600000| Untracked 
|  51|0x00000000c4700000, 0x00000000c4700000, 0x00000000c4800000|  0%| F|  |TAMS 0x00000000c4700000, 0x00000000c4700000| Untracked 
|  52|0x00000000c4800000, 0x00000000c4800000, 0x00000000c4900000|  0%| F|  |TAMS 0x00000000c4800000, 0x00000000c4800000| Untracked 
|  53|0x00000000c4900000, 0x00000000c4905dd8, 0x00000000c4a00000|  2%| E|  |TAMS 0x00000000c4900000, 0x00000000c4900000| Complete 

Card table byte_map: [0x0000018366a40000,0x0000018366c40000] _byte_map_base: 0x0000018366436000

Marking Bits (Prev, Next): (CMBitMap*) 0x000001835ef766f0, (CMBitMap*) 0x000001835ef766b0
 Prev Bits: [0x0000018367df0000, 0x0000018368da0000)
 Next Bits: [0x0000018366e40000, 0x0000018367df0000)

Polling page: 0x000001835edc0000

Metaspace:

Usage:
  Non-class:     34.75 MB used.
      Class:      5.57 MB used.
       Both:     40.32 MB used.

Virtual space:
  Non-class space:       40.00 MB reserved,      35.06 MB ( 88%) committed,  5 nodes.
      Class space:        1.00 GB reserved,       5.75 MB ( <1%) committed,  1 nodes.
             Both:        1.04 GB reserved,      40.81 MB (  4%) committed. 

Chunk freelists:
   Non-Class:  662.00 KB
       Class:  2.12 MB
        Both:  2.77 MB

MaxMetaspaceSize: unlimited
CompressedClassSpaceSize: 1.00 GB
Initial GC threshold: 21.00 MB
Current GC threshold: 68.06 MB
CDS: off
MetaspaceReclaimPolicy: balanced
 - commit_granule_bytes: 65536.
 - commit_granule_words: 8192.
 - virtual_space_node_default_size: 1048576.
 - enlarge_chunks_in_place: 1.
 - new_chunks_are_fully_committed: 0.
 - uncommit_free_chunks: 1.
 - use_allocation_guard: 0.
 - handle_deallocations: 1.


Internal statistics:

num_allocs_failed_limit: 5.
num_arena_births: 416.
num_arena_deaths: 102.
num_vsnodes_births: 6.
num_vsnodes_deaths: 0.
num_space_committed: 653.
num_space_uncommitted: 0.
num_chunks_returned_to_freelist: 115.
num_chunks_taken_from_freelist: 1640.
num_chunk_merges: 39.
num_chunk_splits: 1164.
num_chunks_enlarged: 909.
num_purges: 4.
num_inconsistent_stats: 0.

CodeCache: size=49152Kb used=10151Kb max_used=10709Kb free=39000Kb
 bounds [0x00000183633a0000, 0x0000018363e20000, 0x00000183663a0000]
 total_blobs=5955 nmethods=5397 adapters=486
 compilation: enabled
              stopped_count=0, restarted_count=0
 full_count=0

Compilation events (20 events):
Event: 1993.453 Thread 0x000001836b386950 5391       1       ch.qos.logback.core.util.COWArrayList::isFresh (8 bytes)
Event: 1993.453 Thread 0x000001836b386950 nmethod 5391 0x0000018363e14090 code [0x0000018363e14220, 0x0000018363e14318]
Event: 1993.453 Thread 0x000001836e17bed0 5392       1       java.lang.Thread::getName (5 bytes)
Event: 1993.453 Thread 0x000001836e17bed0 nmethod 5392 0x0000018363e14390 code [0x0000018363e14520, 0x0000018363e145f8]
Event: 1993.454 Thread 0x000001836b386950 5393       1       ch.qos.logback.core.LayoutBase::isStarted (5 bytes)
Event: 1993.454 Thread 0x000001836e17bed0 5394       1       ch.qos.logback.classic.spi.LoggingEvent::getTimeStamp (5 bytes)
Event: 1993.454 Thread 0x000001836b386950 nmethod 5393 0x0000018363e14690 code [0x0000018363e14820, 0x0000018363e148f8]
Event: 1993.454 Thread 0x000001836b386950 5395       1       ch.qos.logback.classic.spi.LoggingEvent::getLevel (5 bytes)
Event: 1993.454 Thread 0x000001836e17bed0 nmethod 5394 0x0000018363e14990 code [0x0000018363e14b20, 0x0000018363e14bf8]
Event: 1993.454 Thread 0x000001836e17bed0 5396       1       ch.qos.logback.classic.spi.LoggingEvent::getLoggerName (5 bytes)
Event: 1993.455 Thread 0x000001836e17bed0 nmethod 5396 0x0000018363e14c90 code [0x0000018363e14e20, 0x0000018363e14ef8]
Event: 1993.455 Thread 0x000001836e17bed0 5397       1       ch.qos.logback.classic.spi.LoggingEvent::getThrowableProxy (5 bytes)
Event: 1993.457 Thread 0x000001836b386950 nmethod 5395 0x0000018363e14f90 code [0x0000018363e15120, 0x0000018363e151f8]
Event: 1993.459 Thread 0x000001836e17bed0 nmethod 5397 0x0000018363e15290 code [0x0000018363e15420, 0x0000018363e154f8]
Event: 1993.962 Thread 0x000001836b386950 5398       1       org.springframework.ide.vscode.commons.languageserver.util.TrackedDocument::getDocument (5 bytes)
Event: 1993.966 Thread 0x000001836b386950 nmethod 5398 0x0000018363e13490 code [0x0000018363e13620, 0x0000018363e136f8]
Event: 2011.218 Thread 0x000001836b386950 5399       1       java.util.concurrent.ForkJoinPool$WorkQueue::getSlot (9 bytes)
Event: 2011.262 Thread 0x000001836b386950 nmethod 5399 0x0000018363e12d10 code [0x0000018363e12ee0, 0x0000018363e13248]
Event: 2011.262 Thread 0x000001836b386950 5400       1       java.lang.invoke.VarHandleReferences$Array::getAcquire (49 bytes)
Event: 2011.274 Thread 0x000001836b386950 nmethod 5400 0x0000018363e12310 code [0x0000018363e12500, 0x0000018363e12a48]

GC Heap History (20 events):
Event: 2067.380 GC heap before
{Heap before GC invocations=181 (full 136):
 garbage-first heap   total 55296K, used 15550K [0x00000000c1400000, 0x0000000100000000)
  region size 1024K, 1 young (1024K), 0 survivors (0K)
 Metaspace       used 41291K, committed 41792K, reserved 1089536K
  class space    used 5704K, committed 5888K, reserved 1048576K
}
Event: 2067.422 GC heap after
{Heap after GC invocations=182 (full 137):
 garbage-first heap   total 55296K, used 15550K [0x00000000c1400000, 0x0000000100000000)
  region size 1024K, 0 young (0K), 0 survivors (0K)
 Metaspace       used 41291K, committed 41792K, reserved 1089536K
  class space    used 5704K, committed 5888K, reserved 1048576K
}
Event: 2077.784 GC heap before
{Heap before GC invocations=182 (full 137):
 garbage-first heap   total 55296K, used 15550K [0x00000000c1400000, 0x0000000100000000)
  region size 1024K, 1 young (1024K), 0 survivors (0K)
 Metaspace       used 41291K, committed 41792K, reserved 1089536K
  class space    used 5704K, committed 5888K, reserved 1048576K
}
Event: 2077.826 GC heap after
{Heap after GC invocations=183 (full 138):
 garbage-first heap   total 55296K, used 15547K [0x00000000c1400000, 0x0000000100000000)
  region size 1024K, 0 young (0K), 0 survivors (0K)
 Metaspace       used 41291K, committed 41792K, reserved 1089536K
  class space    used 5704K, committed 5888K, reserved 1048576K
}
Event: 2088.228 GC heap before
{Heap before GC invocations=183 (full 138):
 garbage-first heap   total 55296K, used 15547K [0x00000000c1400000, 0x0000000100000000)
  region size 1024K, 1 young (1024K), 0 survivors (0K)
 Metaspace       used 41291K, committed 41792K, reserved 1089536K
  class space    used 5704K, committed 5888K, reserved 1048576K
}
Event: 2088.281 GC heap after
{Heap after GC invocations=184 (full 139):
 garbage-first heap   total 55296K, used 15547K [0x00000000c1400000, 0x0000000100000000)
  region size 1024K, 0 young (0K), 0 survivors (0K)
 Metaspace       used 41291K, committed 41792K, reserved 1089536K
  class space    used 5704K, committed 5888K, reserved 1048576K
}
Event: 2098.644 GC heap before
{Heap before GC invocations=184 (full 139):
 garbage-first heap   total 55296K, used 15547K [0x00000000c1400000, 0x0000000100000000)
  region size 1024K, 1 young (1024K), 0 survivors (0K)
 Metaspace       used 41291K, committed 41792K, reserved 1089536K
  class space    used 5704K, committed 5888K, reserved 1048576K
}
Event: 2098.690 GC heap after
{Heap after GC invocations=185 (full 140):
 garbage-first heap   total 55296K, used 15547K [0x00000000c1400000, 0x0000000100000000)
  region size 1024K, 0 young (0K), 0 survivors (0K)
 Metaspace       used 41291K, committed 41792K, reserved 1089536K
  class space    used 5704K, committed 5888K, reserved 1048576K
}
Event: 2110.422 GC heap before
{Heap before GC invocations=185 (full 140):
 garbage-first heap   total 55296K, used 15547K [0x00000000c1400000, 0x0000000100000000)
  region size 1024K, 1 young (1024K), 0 survivors (0K)
 Metaspace       used 41291K, committed 41792K, reserved 1089536K
  class space    used 5704K, committed 5888K, reserved 1048576K
}
Event: 2110.468 GC heap after
{Heap after GC invocations=186 (full 141):
 garbage-first heap   total 55296K, used 15547K [0x00000000c1400000, 0x0000000100000000)
  region size 1024K, 0 young (0K), 0 survivors (0K)
 Metaspace       used 41291K, committed 41792K, reserved 1089536K
  class space    used 5704K, committed 5888K, reserved 1048576K
}
Event: 2120.948 GC heap before
{Heap before GC invocations=186 (full 141):
 garbage-first heap   total 55296K, used 15547K [0x00000000c1400000, 0x0000000100000000)
  region size 1024K, 1 young (1024K), 0 survivors (0K)
 Metaspace       used 41291K, committed 41792K, reserved 1089536K
  class space    used 5704K, committed 5888K, reserved 1048576K
}
Event: 2120.995 GC heap after
{Heap after GC invocations=187 (full 142):
 garbage-first heap   total 55296K, used 15547K [0x00000000c1400000, 0x0000000100000000)
  region size 1024K, 0 young (0K), 0 survivors (0K)
 Metaspace       used 41291K, committed 41792K, reserved 1089536K
  class space    used 5704K, committed 5888K, reserved 1048576K
}
Event: 2131.435 GC heap before
{Heap before GC invocations=187 (full 142):
 garbage-first heap   total 55296K, used 15547K [0x00000000c1400000, 0x0000000100000000)
  region size 1024K, 1 young (1024K), 0 survivors (0K)
 Metaspace       used 41291K, committed 41792K, reserved 1089536K
  class space    used 5704K, committed 5888K, reserved 1048576K
}
Event: 2131.475 GC heap after
{Heap after GC invocations=188 (full 143):
 garbage-first heap   total 55296K, used 15547K [0x00000000c1400000, 0x0000000100000000)
  region size 1024K, 0 young (0K), 0 survivors (0K)
 Metaspace       used 41291K, committed 41792K, reserved 1089536K
  class space    used 5704K, committed 5888K, reserved 1048576K
}
Event: 2141.972 GC heap before
{Heap before GC invocations=188 (full 143):
 garbage-first heap   total 55296K, used 15547K [0x00000000c1400000, 0x0000000100000000)
  region size 1024K, 1 young (1024K), 0 survivors (0K)
 Metaspace       used 41291K, committed 41792K, reserved 1089536K
  class space    used 5704K, committed 5888K, reserved 1048576K
}
Event: 2142.013 GC heap after
{Heap after GC invocations=189 (full 144):
 garbage-first heap   total 55296K, used 15547K [0x00000000c1400000, 0x0000000100000000)
  region size 1024K, 0 young (0K), 0 survivors (0K)
 Metaspace       used 41291K, committed 41792K, reserved 1089536K
  class space    used 5704K, committed 5888K, reserved 1048576K
}
Event: 2152.452 GC heap before
{Heap before GC invocations=189 (full 144):
 garbage-first heap   total 55296K, used 15547K [0x00000000c1400000, 0x0000000100000000)
  region size 1024K, 1 young (1024K), 0 survivors (0K)
 Metaspace       used 41291K, committed 41792K, reserved 1089536K
  class space    used 5704K, committed 5888K, reserved 1048576K
}
Event: 2152.503 GC heap after
{Heap after GC invocations=190 (full 145):
 garbage-first heap   total 55296K, used 15547K [0x00000000c1400000, 0x0000000100000000)
  region size 1024K, 0 young (0K), 0 survivors (0K)
 Metaspace       used 41291K, committed 41792K, reserved 1089536K
  class space    used 5704K, committed 5888K, reserved 1048576K
}
Event: 2163.019 GC heap before
{Heap before GC invocations=190 (full 145):
 garbage-first heap   total 55296K, used 15547K [0x00000000c1400000, 0x0000000100000000)
  region size 1024K, 1 young (1024K), 0 survivors (0K)
 Metaspace       used 41291K, committed 41792K, reserved 1089536K
  class space    used 5704K, committed 5888K, reserved 1048576K
}
Event: 2163.063 GC heap after
{Heap after GC invocations=191 (full 146):
 garbage-first heap   total 55296K, used 15547K [0x00000000c1400000, 0x0000000100000000)
  region size 1024K, 0 young (0K), 0 survivors (0K)
 Metaspace       used 41291K, committed 41792K, reserved 1089536K
  class space    used 5704K, committed 5888K, reserved 1048576K
}

Deoptimization events (20 events):
Event: 6.111 Thread 0x000001835ef39d70 DEOPT PACKING pc=0x00000183636a8e75 sp=0x0000004b920fd5c0
Event: 6.111 Thread 0x000001835ef39d70 DEOPT UNPACKING pc=0x00000183633f2b24 sp=0x0000004b920fca30 mode 3
Event: 8.295 Thread 0x000001835ef39d70 DEOPT PACKING pc=0x00000183637b5b99 sp=0x0000004b920fce30
Event: 8.295 Thread 0x000001835ef39d70 DEOPT UNPACKING pc=0x00000183633f2b24 sp=0x0000004b920fc310 mode 3
Event: 9.902 Thread 0x000001835ef39d70 DEOPT PACKING pc=0x0000018363882e75 sp=0x0000004b920fcb00
Event: 9.902 Thread 0x000001835ef39d70 DEOPT UNPACKING pc=0x00000183633f2b24 sp=0x0000004b920fbf70 mode 3
Event: 10.415 Thread 0x000001835ef39d70 DEOPT PACKING pc=0x00000183638ca81d sp=0x0000004b920fae90
Event: 10.415 Thread 0x000001835ef39d70 DEOPT UNPACKING pc=0x00000183633f2b24 sp=0x0000004b920fa3a8 mode 3
Event: 13.411 Thread 0x000001836c5aaee0 DEOPT PACKING pc=0x000001836398072b sp=0x0000004b935fe540
Event: 13.411 Thread 0x000001836c5aaee0 DEOPT UNPACKING pc=0x00000183633f2b24 sp=0x0000004b935fda88 mode 3
Event: 14.644 Thread 0x000001836dc8b720 DEOPT PACKING pc=0x0000018363a9a735 sp=0x0000004b944fdba0
Event: 14.644 Thread 0x000001836dc8b720 DEOPT UNPACKING pc=0x00000183633f2b24 sp=0x0000004b944fd0c8 mode 3
Event: 14.717 Thread 0x000001836d9b3a30 DEOPT PACKING pc=0x00000183637b6c01 sp=0x0000004b93fff0a0
Event: 14.717 Thread 0x000001836d9b3a30 DEOPT UNPACKING pc=0x00000183633f2b24 sp=0x0000004b93ffe530 mode 3
Event: 14.880 Thread 0x000001836dc8c590 DEOPT PACKING pc=0x00000183637b0597 sp=0x0000004b945febc0
Event: 14.881 Thread 0x000001836dc8c590 DEOPT UNPACKING pc=0x00000183633f2b24 sp=0x0000004b945fe018 mode 3
Event: 34.306 Thread 0x000001836c5aaee0 DEOPT PACKING pc=0x000001836379f052 sp=0x0000004b935fcb20
Event: 34.312 Thread 0x000001836c5aaee0 DEOPT UNPACKING pc=0x00000183633f2b24 sp=0x0000004b935fc028 mode 3
Event: 153.597 Thread 0x000001836dc8d8d0 DEOPT PACKING pc=0x00000183636552d4 sp=0x0000004b942feff0
Event: 153.597 Thread 0x000001836dc8d8d0 DEOPT UNPACKING pc=0x00000183633f2b24 sp=0x0000004b942fe498 mode 0

Classes unloaded (20 events):
Event: 229.241 Thread 0x000001836b30eb80 Unloading class 0x000000010033a000 'java/lang/invoke/LambdaForm$MH+0x000000010033a000'
Event: 229.241 Thread 0x000001836b30eb80 Unloading class 0x0000000100339c00 'java/lang/invoke/LambdaForm$MH+0x0000000100339c00'
Event: 229.241 Thread 0x000001836b30eb80 Unloading class 0x0000000100339800 'java/lang/invoke/LambdaForm$MH+0x0000000100339800'
Event: 229.241 Thread 0x000001836b30eb80 Unloading class 0x0000000100339400 'java/lang/invoke/LambdaForm$MH+0x0000000100339400'
Event: 229.241 Thread 0x000001836b30eb80 Unloading class 0x0000000100338c00 'java/lang/invoke/LambdaForm$DMH+0x0000000100338c00'
Event: 229.241 Thread 0x000001836b30eb80 Unloading class 0x0000000100338400 'java/lang/invoke/LambdaForm$DMH+0x0000000100338400'
Event: 229.242 Thread 0x000001836b30eb80 Unloading class 0x00000001001a6800 'java/lang/invoke/LambdaForm$MH+0x00000001001a6800'
Event: 229.242 Thread 0x000001836b30eb80 Unloading class 0x00000001001a6400 'java/lang/invoke/LambdaForm$MH+0x00000001001a6400'
Event: 229.242 Thread 0x000001836b30eb80 Unloading class 0x00000001001a6000 'java/lang/invoke/LambdaForm$MH+0x00000001001a6000'
Event: 229.243 Thread 0x000001836b30eb80 Unloading class 0x00000001001a5c00 'java/lang/invoke/LambdaForm$MH+0x00000001001a5c00'
Event: 229.243 Thread 0x000001836b30eb80 Unloading class 0x00000001001a5800 'java/lang/invoke/LambdaForm$MH+0x00000001001a5800'
Event: 229.244 Thread 0x000001836b30eb80 Unloading class 0x00000001001a5000 'java/lang/invoke/LambdaForm$MH+0x00000001001a5000'
Event: 229.244 Thread 0x000001836b30eb80 Unloading class 0x00000001000d6800 'java/lang/invoke/LambdaForm$MH+0x00000001000d6800'
Event: 229.245 Thread 0x000001836b30eb80 Unloading class 0x00000001000d6000 'java/lang/invoke/LambdaForm$MH+0x00000001000d6000'
Event: 229.245 Thread 0x000001836b30eb80 Unloading class 0x00000001000d5c00 'java/lang/invoke/LambdaForm$MH+0x00000001000d5c00'
Event: 229.245 Thread 0x000001836b30eb80 Unloading class 0x00000001000d5800 'java/lang/invoke/LambdaForm$MH+0x00000001000d5800'
Event: 229.245 Thread 0x000001836b30eb80 Unloading class 0x00000001000d5000 'java/lang/invoke/LambdaForm$MH+0x00000001000d5000'
Event: 229.245 Thread 0x000001836b30eb80 Unloading class 0x00000001000d4c00 'java/lang/invoke/LambdaForm$MH+0x00000001000d4c00'
Event: 229.245 Thread 0x000001836b30eb80 Unloading class 0x00000001000d4800 'java/lang/invoke/LambdaForm$MH+0x00000001000d4800'
Event: 229.245 Thread 0x000001836b30eb80 Unloading class 0x00000001000d4000 'java/lang/invoke/LambdaForm$MH+0x00000001000d4000'

Classes redefined (0 events):
No events

Internal exceptions (20 events):
Event: 31.391 Thread 0x000001836dc8a8b0 Exception <a 'sun/nio/fs/WindowsException'{0x00000000cd989fa0}> (0x00000000cd989fa0) 
thrown [e:\jenkins\tmp\workspace\build\src\src\hotspot\share\prims\jni.cpp, line 516]
Event: 31.392 Thread 0x000001836dc8a8b0 Exception <a 'sun/nio/fs/WindowsException'{0x00000000cd98a988}> (0x00000000cd98a988) 
thrown [e:\jenkins\tmp\workspace\build\src\src\hotspot\share\prims\jni.cpp, line 516]
Event: 31.392 Thread 0x000001836dc8a8b0 Exception <a 'sun/nio/fs/WindowsException'{0x00000000cd98ad30}> (0x00000000cd98ad30) 
thrown [e:\jenkins\tmp\workspace\build\src\src\hotspot\share\prims\jni.cpp, line 516]
Event: 31.393 Thread 0x000001836dc8a8b0 Exception <a 'sun/nio/fs/WindowsException'{0x00000000cd98b728}> (0x00000000cd98b728) 
thrown [e:\jenkins\tmp\workspace\build\src\src\hotspot\share\prims\jni.cpp, line 516]
Event: 31.393 Thread 0x000001836dc8a8b0 Exception <a 'sun/nio/fs/WindowsException'{0x00000000cd98bae0}> (0x00000000cd98bae0) 
thrown [e:\jenkins\tmp\workspace\build\src\src\hotspot\share\prims\jni.cpp, line 516]
Event: 31.394 Thread 0x000001836dc8a8b0 Exception <a 'sun/nio/fs/WindowsException'{0x00000000cd98c4f0}> (0x00000000cd98c4f0) 
thrown [e:\jenkins\tmp\workspace\build\src\src\hotspot\share\prims\jni.cpp, line 516]
Event: 31.394 Thread 0x000001836dc8a8b0 Exception <a 'sun/nio/fs/WindowsException'{0x00000000cd98c8c8}> (0x00000000cd98c8c8) 
thrown [e:\jenkins\tmp\workspace\build\src\src\hotspot\share\prims\jni.cpp, line 516]
Event: 31.395 Thread 0x000001836dc8a8b0 Exception <a 'sun/nio/fs/WindowsException'{0x00000000cd98d2f0}> (0x00000000cd98d2f0) 
thrown [e:\jenkins\tmp\workspace\build\src\src\hotspot\share\prims\jni.cpp, line 516]
Event: 31.395 Thread 0x000001836dc8a8b0 Exception <a 'sun/nio/fs/WindowsException'{0x00000000cd98d6e0}> (0x00000000cd98d6e0) 
thrown [e:\jenkins\tmp\workspace\build\src\src\hotspot\share\prims\jni.cpp, line 516]
Event: 31.396 Thread 0x000001836dc8a8b0 Exception <a 'sun/nio/fs/WindowsException'{0x00000000cd98e100}> (0x00000000cd98e100) 
thrown [e:\jenkins\tmp\workspace\build\src\src\hotspot\share\prims\jni.cpp, line 516]
Event: 31.396 Thread 0x000001836dc8a8b0 Exception <a 'sun/nio/fs/WindowsException'{0x00000000cd98e4e8}> (0x00000000cd98e4e8) 
thrown [e:\jenkins\tmp\workspace\build\src\src\hotspot\share\prims\jni.cpp, line 516]
Event: 31.499 Thread 0x000001836e0367d0 Exception <a 'java/lang/NoSuchMethodError'{0x00000000cd8a6118}: 'java.lang.Object java.lang.invoke.Invokers$Holder.invoke_MT(java.lang.Object, java.lang.Object, java.lang.Object)'> (0x00000000cd8a6118) 
thrown [e:\jenkins\tmp\workspace\build\src\src\hotspot\share\interpreter\linkResolver.cpp, line 766]
Event: 32.785 Thread 0x000001836c5aaee0 Exception <a 'java/lang/NoSuchMethodError'{0x00000000cfae91b8}: 'void java.lang.invoke.DirectMethodHandle$Holder.invokeStatic(java.lang.Object, java.lang.Object, java.lang.Object, java.lang.Object, java.lang.Object, java.lang.Object)'> (0x00000000cfae91b8) 
thrown [e:\jenkins\tmp\workspace\build\src\src\hotspot\share\interpreter\linkResolver.cpp, line 766]
Event: 35.878 Thread 0x000001836dc8d8d0 Exception <a 'java/lang/NullPointerException'{0x00000000ce6c5fd0}> (0x00000000ce6c5fd0) 
thrown [e:\jenkins\tmp\workspace\build\src\src\hotspot\share\interpreter\linkResolver.cpp, line 1357]
Event: 143.954 Thread 0x000001836da08580 Exception <a 'java/lang/NoSuchMethodError'{0x00000000d173cd18}: 'void java.lang.invoke.DirectMethodHandle$Holder.invokeStatic(java.lang.Object, long)'> (0x00000000d173cd18) 
thrown [e:\jenkins\tmp\workspace\build\src\src\hotspot\share\interpreter\linkResolver.cpp, line 766]
Event: 143.961 Thread 0x000001836da08580 Exception <a 'java/lang/NoSuchMethodError'{0x00000000d1742110}: 'java.lang.Object java.lang.invoke.DirectMethodHandle$Holder.newInvokeSpecial(java.lang.Object, long)'> (0x00000000d1742110) 
thrown [e:\jenkins\tmp\workspace\build\src\src\hotspot\share\interpreter\linkResolver.cpp, line 766]
Event: 143.975 Thread 0x000001836da08580 Exception <a 'java/lang/NoSuchMethodError'{0x00000000d1748a10}: 'java.lang.Object java.lang.invoke.DirectMethodHandle$Holder.invokeStatic(java.lang.Object, java.lang.Object, long, java.lang.Object)'> (0x00000000d1748a10) 
thrown [e:\jenkins\tmp\workspace\build\src\src\hotspot\share\interpreter\linkResolver.cpp, line 766]
Event: 143.977 Thread 0x000001836da08580 Exception <a 'java/lang/NoSuchMethodError'{0x00000000d174c1f8}: 'java.lang.Object java.lang.invoke.DirectMethodHandle$Holder.invokeStaticInit(java.lang.Object, java.lang.Object, long, java.lang.Object)'> (0x00000000d174c1f8) 
thrown [e:\jenkins\tmp\workspace\build\src\src\hotspot\share\interpreter\linkResolver.cpp, line 766]
Event: 144.019 Thread 0x000001836da08580 Exception <a 'java/lang/NoSuchMethodError'{0x00000000d17525f8}: 'java.lang.Object java.lang.invoke.DirectMethodHandle$Holder.newInvokeSpecial(java.lang.Object, java.lang.Object, long)'> (0x00000000d17525f8) 
thrown [e:\jenkins\tmp\workspace\build\src\src\hotspot\share\interpreter\linkResolver.cpp, line 766]
Event: 144.020 Thread 0x000001836da08580 Exception <a 'java/lang/NoSuchMethodError'{0x00000000d1756180}: 'java.lang.Object java.lang.invoke.Invokers$Holder.linkToTargetMethod(java.lang.Object, long, java.lang.Object)'> (0x00000000d1756180) 
thrown [e:\jenkins\tmp\workspace\build\src\src\hotspot\share\interpreter\linkResolver.cpp, line 766]

VM Operations (20 events):
Event: 2067.422 Executing VM operation: G1CollectFull done
Event: 2077.784 Executing VM operation: G1CollectFull
Event: 2077.827 Executing VM operation: G1CollectFull done
Event: 2088.227 Executing VM operation: G1CollectFull
Event: 2088.281 Executing VM operation: G1CollectFull done
Event: 2098.644 Executing VM operation: G1CollectFull
Event: 2098.690 Executing VM operation: G1CollectFull done
Event: 2110.422 Executing VM operation: G1CollectFull
Event: 2110.468 Executing VM operation: G1CollectFull done
Event: 2120.948 Executing VM operation: G1CollectFull
Event: 2120.995 Executing VM operation: G1CollectFull done
Event: 2131.435 Executing VM operation: G1CollectFull
Event: 2131.475 Executing VM operation: G1CollectFull done
Event: 2141.971 Executing VM operation: G1CollectFull
Event: 2142.013 Executing VM operation: G1CollectFull done
Event: 2152.452 Executing VM operation: G1CollectFull
Event: 2152.503 Executing VM operation: G1CollectFull done
Event: 2163.019 Executing VM operation: G1CollectFull
Event: 2163.063 Executing VM operation: G1CollectFull done
Event: 2173.185 Executing VM operation: G1CollectFull

Events (20 events):
Event: 911.158 Thread 0x000001836dc8ca60 Thread exited: 0x000001836dc8ca60
Event: 911.158 Thread 0x000001836dc8bbf0 Thread exited: 0x000001836dc8bbf0
Event: 1326.259 Thread 0x000001836dc8d400 Thread added: 0x000001836dc8d400
Event: 1386.495 Thread 0x000001836dc8d400 Thread exited: 0x000001836dc8d400
Event: 1453.384 Thread 0x000001836dc8ad80 Thread added: 0x000001836dc8ad80
Event: 1453.597 Thread 0x000001836dc8b250 Thread added: 0x000001836dc8b250
Event: 1453.598 Thread 0x000001836dc8bbf0 Thread added: 0x000001836dc8bbf0
Event: 1500.613 Thread 0x000001836dc8c0c0 Thread added: 0x000001836dc8c0c0
Event: 1560.629 Thread 0x000001836dc8ad80 Thread exited: 0x000001836dc8ad80
Event: 1563.331 Thread 0x000001836dc8c0c0 Thread exited: 0x000001836dc8c0c0
Event: 1589.424 Thread 0x000001836dc8b250 Thread exited: 0x000001836dc8b250
Event: 1589.752 Thread 0x000001836dc8bbf0 Thread exited: 0x000001836dc8bbf0
Event: 1990.585 Thread 0x000001836dc8ad80 Thread added: 0x000001836dc8ad80
Event: 1991.025 Thread 0x000001836dc8b250 Thread added: 0x000001836dc8b250
Event: 1993.427 Thread 0x000001836e17bed0 Thread added: 0x000001836e17bed0
Event: 1993.957 Thread 0x000001836dc8bbf0 Thread added: 0x000001836dc8bbf0
Event: 1993.962 Thread 0x000001836e17bed0 Thread exited: 0x000001836e17bed0
Event: 2053.987 Thread 0x000001836dc8b250 Thread exited: 0x000001836dc8b250
Event: 2071.227 Thread 0x000001836dc8bbf0 Thread exited: 0x000001836dc8bbf0
Event: 2071.228 Thread 0x000001836dc8ad80 Thread exited: 0x000001836dc8ad80


Dynamic libraries:
0x00007ff7cc240000 - 0x00007ff7cc24e000 	c:\Users\user\.vscode\extensions\redhat.java-1.7.0-win32-x64\jre\17.0.3-win32-x86_64\bin\java.exe
0x00007fff9c270000 - 0x00007fff9c465000 	C:\WINDOWS\SYSTEM32\ntdll.dll
0x00007fff9be40000 - 0x00007fff9befd000 	C:\WINDOWS\System32\KERNEL32.DLL
0x00007fff99d40000 - 0x00007fff9a00d000 	C:\WINDOWS\System32\KERNELBASE.dll
0x00007fff96f40000 - 0x00007fff96fd0000 	C:\WINDOWS\SYSTEM32\apphelp.dll
0x00007fff99ab0000 - 0x00007fff99bb0000 	C:\WINDOWS\System32\ucrtbase.dll
0x00007fff92df0000 - 0x00007fff92e08000 	c:\Users\user\.vscode\extensions\redhat.java-1.7.0-win32-x64\jre\17.0.3-win32-x86_64\bin\jli.dll
0x00007fff9a350000 - 0x00007fff9a4f0000 	C:\WINDOWS\System32\USER32.dll
0x00007fff999e0000 - 0x00007fff99a02000 	C:\WINDOWS\System32\win32u.dll
0x00007fff9bf00000 - 0x00007fff9bf2a000 	C:\WINDOWS\System32\GDI32.dll
0x00007fff99c30000 - 0x00007fff99d3b000 	C:\WINDOWS\System32\gdi32full.dll
0x00007fff99a10000 - 0x00007fff99aad000 	C:\WINDOWS\System32\msvcp_win.dll
0x00007fff927a0000 - 0x00007fff927b9000 	c:\Users\user\.vscode\extensions\redhat.java-1.7.0-win32-x64\jre\17.0.3-win32-x86_64\bin\VCRUNTIME140.dll
0x00007fff84de0000 - 0x00007fff8507a000 	C:\WINDOWS\WinSxS\amd64_microsoft.windows.common-controls_6595b64144ccf1df_6.0.19041.1110_none_60b5254171f9507e\COMCTL32.dll
0x00007fff9afe0000 - 0x00007fff9b07e000 	C:\WINDOWS\System32\msvcrt.dll
0x00007fff9b5e0000 - 0x00007fff9b610000 	C:\WINDOWS\System32\IMM32.DLL
0x00007fff94b10000 - 0x00007fff94b1c000 	c:\Users\user\.vscode\extensions\redhat.java-1.7.0-win32-x64\jre\17.0.3-win32-x86_64\bin\vcruntime140_1.dll
0x00007fff75d20000 - 0x00007fff75db1000 	c:\Users\user\.vscode\extensions\redhat.java-1.7.0-win32-x64\jre\17.0.3-win32-x86_64\bin\msvcp140.dll
0x00007fff539a0000 - 0x00007fff545e8000 	c:\Users\user\.vscode\extensions\redhat.java-1.7.0-win32-x64\jre\17.0.3-win32-x86_64\bin\server\jvm.dll
0x00007fff9b350000 - 0x00007fff9b3fe000 	C:\WINDOWS\System32\ADVAPI32.dll
0x00007fff9aee0000 - 0x00007fff9af7c000 	C:\WINDOWS\System32\sechost.dll
0x00007fff9a4f0000 - 0x00007fff9a615000 	C:\WINDOWS\System32\RPCRT4.dll
0x00007fff9b080000 - 0x00007fff9b088000 	C:\WINDOWS\System32\PSAPI.DLL
0x00007fff979a0000 - 0x00007fff979a9000 	C:\WINDOWS\SYSTEM32\WSOCK32.dll
0x00007fff9bf30000 - 0x00007fff9bf9b000 	C:\WINDOWS\System32\WS2_32.dll
0x00007fff85770000 - 0x00007fff85797000 	C:\WINDOWS\SYSTEM32\WINMM.dll
0x00007fff90c20000 - 0x00007fff90c2a000 	C:\WINDOWS\SYSTEM32\VERSION.dll
0x00007fff98260000 - 0x00007fff98272000 	C:\WINDOWS\SYSTEM32\kernel.appcore.dll
0x00007fff92ee0000 - 0x00007fff92eea000 	c:\Users\user\.vscode\extensions\redhat.java-1.7.0-win32-x64\jre\17.0.3-win32-x86_64\bin\jimage.dll
0x00007fff97790000 - 0x00007fff97974000 	C:\WINDOWS\SYSTEM32\DBGHELP.DLL
0x00007fff82bb0000 - 0x00007fff82bdc000 	C:\WINDOWS\SYSTEM32\dbgcore.DLL
0x00007fff9a010000 - 0x00007fff9a092000 	C:\WINDOWS\System32\bcryptPrimitives.dll
0x00007fff8fae0000 - 0x00007fff8fb05000 	c:\Users\user\.vscode\extensions\redhat.java-1.7.0-win32-x64\jre\17.0.3-win32-x86_64\bin\java.dll
0x00007fff89780000 - 0x00007fff89798000 	c:\Users\user\.vscode\extensions\redhat.java-1.7.0-win32-x64\jre\17.0.3-win32-x86_64\bin\zip.dll
0x00007fff9b6f0000 - 0x00007fff9be34000 	C:\WINDOWS\System32\SHELL32.dll
0x00007fff97ac0000 - 0x00007fff98254000 	C:\WINDOWS\SYSTEM32\windows.storage.dll
0x00007fff9ab80000 - 0x00007fff9aed4000 	C:\WINDOWS\System32\combase.dll
0x00007fff99440000 - 0x00007fff9946c000 	C:\WINDOWS\SYSTEM32\Wldp.dll
0x00007fff9b530000 - 0x00007fff9b5dd000 	C:\WINDOWS\System32\SHCORE.dll
0x00007fff9bfa0000 - 0x00007fff9bff5000 	C:\WINDOWS\System32\shlwapi.dll
0x00007fff99920000 - 0x00007fff9993f000 	C:\WINDOWS\SYSTEM32\profapi.dll
0x00007fff879a0000 - 0x00007fff879b9000 	C:\Users\user\.vscode\extensions\redhat.java-1.7.0-win32-x64\jre\17.0.3-win32-x86_64\bin\net.dll
0x00007fff8f6f0000 - 0x00007fff8f7fa000 	C:\WINDOWS\SYSTEM32\WINHTTP.dll
0x00007fff991a0000 - 0x00007fff9920a000 	C:\WINDOWS\system32\mswsock.dll
0x00007fff87740000 - 0x00007fff87755000 	C:\Users\user\.vscode\extensions\redhat.java-1.7.0-win32-x64\jre\17.0.3-win32-x86_64\bin\nio.dll
0x00007fff8fb30000 - 0x00007fff8fb40000 	c:\Users\user\.vscode\extensions\redhat.java-1.7.0-win32-x64\jre\17.0.3-win32-x86_64\bin\verify.dll
0x00007fff8fb70000 - 0x00007fff8fb79000 	C:\Users\user\.vscode\extensions\redhat.java-1.7.0-win32-x64\jre\17.0.3-win32-x86_64\bin\management.dll
0x00007fff8fb60000 - 0x00007fff8fb6b000 	C:\Users\user\.vscode\extensions\redhat.java-1.7.0-win32-x64\jre\17.0.3-win32-x86_64\bin\management_ext.dll
0x00007fff828b0000 - 0x00007fff828c7000 	C:\WINDOWS\system32\napinsp.dll
0x00007fff82890000 - 0x00007fff828ab000 	C:\WINDOWS\system32\pnrpnsp.dll
0x00007fff93fa0000 - 0x00007fff93fb5000 	C:\WINDOWS\system32\wshbth.dll
0x00007fff94860000 - 0x00007fff9487d000 	C:\WINDOWS\system32\NLAapi.dll
0x00007fff98e40000 - 0x00007fff98e7b000 	C:\WINDOWS\SYSTEM32\IPHLPAPI.DLL
0x00007fff98e80000 - 0x00007fff98f4b000 	C:\WINDOWS\SYSTEM32\DNSAPI.dll
0x00007fff9ab70000 - 0x00007fff9ab78000 	C:\WINDOWS\System32\NSI.dll
0x00007fff82870000 - 0x00007fff82882000 	C:\WINDOWS\System32\winrnr.dll
0x00007fff8dd60000 - 0x00007fff8dd6a000 	C:\Windows\System32\rasadhlp.dll
0x00007fff8ddb0000 - 0x00007fff8de30000 	C:\WINDOWS\System32\fwpuclnt.dll
0x00007fff99c00000 - 0x00007fff99c27000 	C:\WINDOWS\System32\bcrypt.dll
0x00007fff993a0000 - 0x00007fff993b8000 	C:\WINDOWS\SYSTEM32\CRYPTSP.dll
0x00007fff98ab0000 - 0x00007fff98ae4000 	C:\WINDOWS\system32\rsaenh.dll
0x00007fff998e0000 - 0x00007fff9990e000 	C:\WINDOWS\SYSTEM32\USERENV.dll
0x00007fff99390000 - 0x00007fff9939c000 	C:\WINDOWS\SYSTEM32\CRYPTBASE.dll
0x00007fff8e230000 - 0x00007fff8e247000 	C:\WINDOWS\SYSTEM32\dhcpcsvc6.DLL
0x00007fff90050000 - 0x00007fff9006d000 	C:\WINDOWS\SYSTEM32\dhcpcsvc.DLL

dbghelp: loaded successfully - version: 4.0.5 - missing functions: none
symbol engine: initialized successfully - sym options: 0x614 - pdb path: .;c:\Users\user\.vscode\extensions\redhat.java-1.7.0-win32-x64\jre\17.0.3-win32-x86_64\bin;C:\WINDOWS\SYSTEM32;C:\WINDOWS\WinSxS\amd64_microsoft.windows.common-controls_6595b64144ccf1df_6.0.19041.1110_none_60b5254171f9507e;c:\Users\user\.vscode\extensions\redhat.java-1.7.0-win32-x64\jre\17.0.3-win32-x86_64\bin\server

VM Arguments:
jvm_args: --add-modules=ALL-SYSTEM --add-exports=jdk.compiler/com.sun.tools.javac.file=ALL-UNNAMED --add-exports=jdk.compiler/com.sun.tools.javac.util=ALL-UNNAMED --add-exports=jdk.compiler/com.sun.tools.javac.comp=ALL-UNNAMED --add-exports=jdk.compiler/com.sun.tools.javac.main=ALL-UNNAMED --add-exports=jdk.compiler/com.sun.tools.javac.tree=ALL-UNNAMED --add-exports=jdk.compiler/com.sun.tools.javac.code=ALL-UNNAMED -Dsts.lsp.client=vscode -Dsts.log.file=/dev/null -XX:TieredStopAtLevel=1 -Dspring.config.location=file:c:\Users\user\.vscode\extensions\pivotal.vscode-spring-boot-1.35.0\language-server\BOOT-INF\classes\application.properties 
java_command: org.springframework.ide.vscode.boot.app.BootLanguageServerBootApp
java_class_path (initial): c:\Users\user\.vscode\extensions\pivotal.vscode-spring-boot-1.35.0\language-server\BOOT-INF\classes;c:\Users\user\.vscode\extensions\pivotal.vscode-spring-boot-1.35.0\language-server\BOOT-INF\lib\annotations-23.0.0.jar;c:\Users\user\.vscode\extensions\pivotal.vscode-spring-boot-1.35.0\language-server\BOOT-INF\lib\antlr-runtime-3.5.2.jar;c:\Users\user\.vscode\extensions\pivotal.vscode-spring-boot-1.35.0\language-server\BOOT-INF\lib\antlr4-4.9.3.jar;c:\Users\user\.vscode\extensions\pivotal.vscode-spring-boot-1.35.0\language-server\BOOT-INF\lib\antlr4-runtime-4.9.3.jar;c:\Users\user\.vscode\extensions\pivotal.vscode-spring-boot-1.35.0\language-server\BOOT-INF\lib\asm-9.3.jar;c:\Users\user\.vscode\extensions\pivotal.vscode-spring-boot-1.35.0\language-server\BOOT-INF\lib\asm-analysis-9.3.jar;c:\Users\user\.vscode\extensions\pivotal.vscode-spring-boot-1.35.0\language-server\BOOT-INF\lib\asm-tree-9.3.jar;c:\Users\user\.vscode\extensions\pivotal.vscode-spring-boot-1.35.0\language-server\BOOT-INF\lib\asm-util-9.3.jar;c:\Users\user\.vscode\extensions\pivotal.vscode-spring-boot-1.35.0\language-server\BOOT-INF\lib\byte-buddy-1.10.18.jar;c:\Users\user\.vscode\extensions\pivotal.vscode-spring-boot-1.35.0\language-server\BOOT-INF\lib\caffeine-2.8.6.jar;c:\Users\user\.vscode\extensions\pivotal.vscode-spring-boot-1.35.0\language-server\BOOT-INF\lib\checker-qual-3.12.0.jar;c:\Users\user\.vscode\extensions\pivotal.vscode-spring-boot-1.35.0\language-server\BOOT-INF\lib\classgraph-4.8.146.jar;c:\Users\user\.vscode\extensions\pivotal.vscode-spring-boot-1.35.0\language-server\BOOT-INF\lib\commons-codec-1.14.jar;c:\Users\user\.vscode\extensions\pivotal.vscode-spring-boot-1.35.0\language-server\BOOT-INF\lib\commons-compress-1.21.jar;c:\Users\user\.vscode\extensions\pivotal.vscode-spring-boot-1.35.0\language-server\BOOT-INF\lib\commons-exec-1.3.jar;c:\Users\user\.vscode\extensions\pivotal.vscode-spring-boot-1.35.0\language-server\BOOT-INF\lib\commons-io-2.4.jar;c
Launcher Type: SUN_STANDARD

[Global flags]
     intx CICompilerCount                          = 3                                         {product} {ergonomic}
     uint ConcGCThreads                            = 1                                         {product} {ergonomic}
     uint G1ConcRefinementThreads                  = 4                                         {product} {ergonomic}
   size_t G1HeapRegionSize                         = 1048576                                   {product} {ergonomic}
    uintx GCDrainStackTargetSize                   = 64                                        {product} {ergonomic}
   size_t InitialHeapSize                          = 67108864                                  {product} {ergonomic}
   size_t MarkStackSize                            = 4194304                                   {product} {ergonomic}
   size_t MaxHeapSize                              = 1052770304                                {product} {ergonomic}
   size_t MaxNewSize                               = 631242752                                 {product} {ergonomic}
   size_t MinHeapDeltaBytes                        = 1048576                                   {product} {ergonomic}
   size_t MinHeapSize                              = 8388608                                   {product} {ergonomic}
    uintx NonProfiledCodeHeapSize                  = 0                                      {pd product} {ergonomic}
     bool ProfileInterpreter                       = false                                  {pd product} {command line}
    uintx ProfiledCodeHeapSize                     = 0                                      {pd product} {ergonomic}
   size_t SoftMaxHeapSize                          = 1052770304                             {manageable} {ergonomic}
     intx TieredStopAtLevel                        = 1                                         {product} {command line}
     bool UseCompressedClassPointers               = true                           {product lp64_product} {ergonomic}
     bool UseCompressedOops                        = true                           {product lp64_product} {ergonomic}
     bool UseG1GC                                  = true                                      {product} {ergonomic}
     bool UseLargePagesIndividualAllocation        = false                                  {pd product} {ergonomic}

Logging:
Log output configuration:
 #0: stdout all=warning uptime,level,tags
 #1: stderr all=off uptime,level,tags

Environment Variables:
JAVA_HOME=C:\Program Files\Java\jdk1.8.0_201
PATH=C:\Program Files\Java\jdk1.8.0_201\bin;C:\20220103_lab\99.devTool\apache-maven-3.8.1\bin;C:\oraclexe\app\oracle\product\11.2.0\server\bin;C:\Program Files (x86)\Common Files\Oracle\Java\javapath;C:\CUBRID\bin\;C:\Program Files (x86)\Intel\iCLS Client\;C:\Program Files\Intel\iCLS Client\;C:\WINDOWS\system32;C:\WINDOWS;C:\WINDOWS\System32\Wbem;C:\WINDOWS\System32\WindowsPowerShell\v1.0\;C:\Program Files\Intel\WiFi\bin\;C:\Program Files\Common Files\Intel\WirelessCommon\;C:\Program Files (x86)\Intel\Intel(R) Management Engine Components\DAL;C:\Program Files\Intel\Intel(R) Management Engine Components\DAL;C:\Program Files (x86)\Intel\Intel(R) Management Engine Components\IPT;C:\Program Files\Intel\Intel(R) Management Engine Components\IPT;C:\WINDOWS\System32\OpenSSH\;C:\Program Files\dotnet\;C:\Program Files\Git\cmd;C:\msys64\mingw64\bin;C:\Program Files\nodejs\;C:\Program Files\PuTTY\;C:\Users\user\anaconda3;C:\Users\user\anaconda3\Library\mingw-w64\bin;C:\Users\user\anaconda3\Library\usr\bin;C:\Users\user\anaconda3\Library\bin;C:\Users\user\anaconda3\Scripts;C:\Program Files\MySQL\MySQL Shell 8.0\bin\;C:\Users\user\AppData\Local\Programs\Python\Launcher\;C:\R\R-4.0.4\bin\x64;C:\CUBRID\bin\;C:\Program Files (x86)\Intel\iCLS Client\;C:\Program Files\Intel\iCLS Client\;C:\WINDOWS\system32;C:\WINDOWS;C:\WINDOWS\System32\Wbem;C:\WINDOWS\System32\WindowsPowerShell\v1.0\;C:\Program Files\Intel\WiFi\bin\;C:\Program Files\Common Files\Intel\WirelessCommon\;C:\Program Files (x86)\Intel\Intel(R) Management Engine Components\DAL;C:\Program Files\Intel\Intel(R) Management Engine Components\DAL;C:\Program Files (x86)\Intel\Intel(R) Management Engine Components\IPT;C:\Program Files\Intel\Intel(R) Management Engine Components\IPT;C:\WINDOWS\System32\OpenSSH\;C:\Users\user\AppData\Local\Microsoft\WindowsApps;C:\Users\user\AppData\Local\Programs\Microsoft VS Code\bin;C:\R\RStudio\bin\rpostback;C:\R\RStudio\bin\postback;C:\Users\user\.dotnet\tools;C:\Users\user\AppData\Roaming\npm
USERNAME=user
OS=Windows_NT
PROCESSOR_IDENTIFIER=Intel64 Family 6 Model 142 Stepping 9, GenuineIntel



---------------  S Y S T E M  ---------------

OS:
 Windows 10 , 64 bit Build 19041 (10.0.19041.1706)
OS uptime: 31 days 8:36 hours

CPU: total 4 (initial active 4) (2 cores per cpu, 2 threads per core) family 6 model 142 stepping 9 microcode 0xb4, cx8, cmov, fxsr, ht, mmx, 3dnowpref, sse, sse2, sse3, ssse3, sse4.1, sse4.2, popcnt, lzcnt, tsc, tscinvbit, aes, erms, clmul, clflush, clflushopt

Memory: 4k page, system-wide physical 4009M (239M free)
TotalPageFile size 16297M (AvailPageFile size 7M)
current process WorkingSet (physical memory assigned to process): 42M, peak: 335M
current process commit charge ("private bytes"): 183M, peak: 410M

vm_info: OpenJDK 64-Bit Server VM (17.0.3+7) for windows-amd64 JRE (17.0.3+7), built on Apr 19 2022 16:55:35 by "" with MS VC++ 16.7 (VS2019)

END.
