#
# There is insufficient memory for the Java Runtime Environment to continue.
# Native memory allocation (malloc) failed to allocate 1048576 bytes for AllocateHeap
# Possible reasons:
#   The system is out of physical RAM or swap space
#   The process is running with CompressedOops enabled, and the Java Heap may be blocking the growth of the native heap
# Possible solutions:
#   Reduce memory load on the system
#   Increase physical memory or swap space
#   Check if swap backing store is full
#   Decrease Java heap size (-Xmx/-Xms)
#   Decrease number of Java threads
#   Decrease Java thread stack sizes (-Xss)
#   Set larger code cache with -XX:ReservedCodeCacheSize=
#   JVM is running with Unscaled Compressed Oops mode in which the Java heap is
#     placed in the first 4GB address space. The Java Heap base address is the
#     maximum limit for the native heap growth. Please use -XX:HeapBaseMinAddress
#     to set the Java Heap base and to place the Java Heap above 4GB virtual address.
# This output file may be truncated or incomplete.
#
#  Out of Memory Error (allocation.cpp:44), pid=5116, tid=13280
#
# JRE version: OpenJDK Runtime Environment Temurin-17.0.3+7 (17.0.3+7) (build 17.0.3+7)
# Java VM: OpenJDK 64-Bit Server VM Temurin-17.0.3+7 (17.0.3+7, mixed mode, emulated-client, tiered, compressed oops, compressed class ptrs, g1 gc, windows-amd64)
# No core dump will be written. Minidumps are not enabled by default on client versions of Windows
#

---------------  S U M M A R Y ------------

Command Line: --add-modules=ALL-SYSTEM --add-exports=jdk.compiler/com.sun.tools.javac.file=ALL-UNNAMED --add-exports=jdk.compiler/com.sun.tools.javac.util=ALL-UNNAMED --add-exports=jdk.compiler/com.sun.tools.javac.comp=ALL-UNNAMED --add-exports=jdk.compiler/com.sun.tools.javac.main=ALL-UNNAMED --add-exports=jdk.compiler/com.sun.tools.javac.tree=ALL-UNNAMED --add-exports=jdk.compiler/com.sun.tools.javac.code=ALL-UNNAMED -Dsts.lsp.client=vscode -Dsts.log.file=/dev/null -XX:TieredStopAtLevel=1 -Dspring.config.location=file:c:\Users\user\.vscode\extensions\pivotal.vscode-spring-boot-1.36.0\language-server\BOOT-INF\classes\application.properties org.springframework.ide.vscode.boot.app.BootLanguageServerBootApp

Host: Intel(R) Pentium(R) CPU 4415U @ 2.30GHz, 4 cores, 3G,  Windows 10 , 64 bit Build 19041 (10.0.19041.1741)
Time: Sun Jun 19 01:01:53 2022  Windows 10 , 64 bit Build 19041 (10.0.19041.1741) elapsed time: 32204.804682 seconds (0d 8h 56m 44s)

---------------  T H R E A D  ---------------

Current thread (0x00000290e996ece0):  VMThread "VM Thread" [stack: 0x000000eca9d00000,0x000000eca9e00000] [id=13280]

Stack: [0x000000eca9d00000,0x000000eca9e00000]
Native frames: (J=compiled Java code, j=interpreted, Vv=VM code, C=native code)
V  [jvm.dll+0x675efa]
V  [jvm.dll+0x830a24]
V  [jvm.dll+0x8321ce]
V  [jvm.dll+0x832833]
V  [jvm.dll+0x2454b5]
V  [jvm.dll+0xa6393]
V  [jvm.dll+0x2f55c3]
V  [jvm.dll+0x2f12d0]
V  [jvm.dll+0x2d99b7]
V  [jvm.dll+0x31cac7]
V  [jvm.dll+0x836cdb]
V  [jvm.dll+0x837a14]
V  [jvm.dll+0x837f2c]
V  [jvm.dll+0x838304]
V  [jvm.dll+0x8383d0]
V  [jvm.dll+0x7e0cfa]
V  [jvm.dll+0x674d85]
C  [ucrtbase.dll+0x21bb2]
C  [KERNEL32.DLL+0x17034]
C  [ntdll.dll+0x52651]

VM_Operation (0x000000ecaaefeab0): G1CollectFull, mode: safepoint, requested by thread 0x00000290f623d2f0


---------------  P R O C E S S  ---------------

Threads class SMR info:
_java_thread_list=0x00000290f8a2d560, length=24, elements={
0x00000290f3d17b40, 0x00000290f3d188c0, 0x00000290f3d82540, 0x00000290f3d2c210,
0x00000290f3d2cad0, 0x00000290f3d2d390, 0x00000290f3d2dc50, 0x00000290f3d2e550,
0x00000290f3ccd2b0, 0x00000290f4a0dc10, 0x00000290f623d2f0, 0x00000290f4eb2f40,
0x00000290f64ad8c0, 0x00000290f64af0d0, 0x00000290f64afa70, 0x00000290f64ae730,
0x00000290f64add90, 0x00000290f64ae260, 0x00000290f64aca50, 0x00000290f64ac580,
0x00000290f64acf20, 0x00000290f876fcc0, 0x00000290f8771e70, 0x00000290f876dfe0
}

Java Threads: ( => current thread )
  0x00000290f3d17b40 JavaThread "Reference Handler" daemon [_thread_blocked, id=13328, stack(0x000000eca9e00000,0x000000eca9f00000)]
  0x00000290f3d188c0 JavaThread "Finalizer" daemon [_thread_blocked, id=15308, stack(0x000000eca9f00000,0x000000ecaa000000)]
  0x00000290f3d82540 JavaThread "Signal Dispatcher" daemon [_thread_blocked, id=6888, stack(0x000000ecaa000000,0x000000ecaa100000)]
  0x00000290f3d2c210 JavaThread "Attach Listener" daemon [_thread_blocked, id=9984, stack(0x000000ecaa100000,0x000000ecaa200000)]
  0x00000290f3d2cad0 JavaThread "Service Thread" daemon [_thread_blocked, id=12816, stack(0x000000ecaa200000,0x000000ecaa300000)]
  0x00000290f3d2d390 JavaThread "Monitor Deflation Thread" daemon [_thread_blocked, id=14924, stack(0x000000ecaa300000,0x000000ecaa400000)]
  0x00000290f3d2dc50 JavaThread "C1 CompilerThread0" daemon [_thread_blocked, id=7844, stack(0x000000ecaa400000,0x000000ecaa500000)]
  0x00000290f3d2e550 JavaThread "Sweeper thread" daemon [_thread_blocked, id=7148, stack(0x000000ecaa500000,0x000000ecaa600000)]
  0x00000290f3ccd2b0 JavaThread "Common-Cleaner" daemon [_thread_blocked, id=17824, stack(0x000000ecaa600000,0x000000ecaa700000)]
  0x00000290f4a0dc10 JavaThread "Notification Thread" daemon [_thread_blocked, id=10752, stack(0x000000ecaa700000,0x000000ecaa800000)]
  0x00000290f623d2f0 JavaThread "pool-7-thread-1" [_thread_blocked, id=11228, stack(0x000000ecaae00000,0x000000ecaaf00000)]
  0x00000290f4eb2f40 JavaThread "LanguageServerApp-lifecycle" [_thread_blocked, id=3536, stack(0x000000ecab400000,0x000000ecab500000)]
  0x00000290f64ad8c0 JavaThread "DestroyJavaVM" [_thread_blocked, id=11184, stack(0x000000eca9700000,0x000000eca9800000)]
  0x00000290f64af0d0 JavaThread "pool-8-thread-1" [_thread_in_native, id=14484, stack(0x000000ecab800000,0x000000ecab900000)]
  0x00000290f64afa70 JavaThread "Simple-Language-Server main thread" daemon [_thread_blocked, id=2124, stack(0x000000ecab900000,0x000000ecaba00000)]
  0x00000290f64ae730 JavaThread "Reconciler-1" [_thread_blocked, id=11236, stack(0x000000ecaba00000,0x000000ecabb00000)]
  0x00000290f64add90 JavaThread "pool-5-thread-1" [_thread_blocked, id=17372, stack(0x000000ecabb00000,0x000000ecabc00000)]
  0x00000290f64ae260 JavaThread "parallel-1" daemon [_thread_blocked, id=15844, stack(0x000000ecabc00000,0x000000ecabd00000)]
  0x00000290f64aca50 JavaThread "pool-3-thread-1" [_thread_blocked, id=3244, stack(0x000000ecaa900000,0x000000ecaaa00000)]
  0x00000290f64ac580 JavaThread "parallel-2" daemon [_thread_blocked, id=17568, stack(0x000000ecaad00000,0x000000ecaae00000)]
  0x00000290f64acf20 JavaThread "parallel-3" daemon [_thread_blocked, id=11200, stack(0x000000ecab100000,0x000000ecab200000)]
  0x00000290f876fcc0 JavaThread "ForkJoinPool.commonPool-worker-85" daemon [_thread_blocked, id=28580, stack(0x000000eca9600000,0x000000eca9700000)]
  0x00000290f8771e70 JavaThread "pool-2-thread-343" [_thread_blocked, id=29372, stack(0x000000ecaaf00000,0x000000ecab000000)]
  0x00000290f876dfe0 JavaThread "ForkJoinPool.commonPool-worker-86" daemon [_thread_blocked, id=27968, stack(0x000000ecab600000,0x000000ecab700000)]

Other Threads:
=>0x00000290e996ece0 VMThread "VM Thread" [stack: 0x000000eca9d00000,0x000000eca9e00000] [id=13280]
  0x00000290f4a0e0e0 WatcherThread [stack: 0x000000ecaa800000,0x000000ecaa900000] [id=724]
  0x00000290e98d9cc0 GCTaskThread "GC Thread#0" [stack: 0x000000eca9800000,0x000000eca9900000] [id=15952]
  0x00000290f51a0740 GCTaskThread "GC Thread#1" [stack: 0x000000ecaaa00000,0x000000ecaab00000] [id=13816]
  0x00000290f4e49fd0 GCTaskThread "GC Thread#2" [stack: 0x000000ecaab00000,0x000000ecaac00000] [id=18272]
  0x00000290f4acdfc0 GCTaskThread "GC Thread#3" [stack: 0x000000ecaac00000,0x000000ecaad00000] [id=3528]
  0x00000290e98e2890 ConcurrentGCThread "G1 Main Marker" [stack: 0x000000eca9900000,0x000000eca9a00000] [id=3760]
  0x00000290e98e31b0 ConcurrentGCThread "G1 Conc#0" [stack: 0x000000eca9a00000,0x000000eca9b00000] [id=14836]
  0x00000290e9930100 ConcurrentGCThread "G1 Refine#0" [stack: 0x000000eca9b00000,0x000000eca9c00000] [id=6544]
  0x00000290f6a2b840 ConcurrentGCThread "G1 Refine#1" [stack: 0x000000ecac100000,0x000000ecac200000] [id=8724]
  0x00000290f6a051a0 ConcurrentGCThread "G1 Refine#2" [stack: 0x000000ecac200000,0x000000ecac300000] [id=1160]
  0x00000290f632de30 ConcurrentGCThread "G1 Refine#3" [stack: 0x000000ecab200000,0x000000ecab300000] [id=10948]
  0x00000290e9930a30 ConcurrentGCThread "G1 Service" [stack: 0x000000eca9c00000,0x000000eca9d00000] [id=7360]

Threads with active compile tasks:

VM state: at safepoint (normal execution)

VM Mutex/Monitor currently owned by a thread:  ([mutex/lock_event])
[0x00000290e76be5c0] Threads_lock - owner thread: 0x00000290e996ece0
[0x00000290e989a730] Heap_lock - owner thread: 0x00000290f623d2f0

Heap address: 0x00000000c1400000, size: 1004 MB, Compressed Oops mode: 32-bit

CDS archive(s) not mapped
Compressed class space mapped at: 0x0000000100000000-0x0000000140000000, reserved size: 1073741824
Narrow klass base: 0x0000000000000000, Narrow klass shift: 3, Narrow klass range: 0x140000000

GC Precious Log:
 CPUs: 4 total, 4 available
 Memory: 4009M
 Large Page Support: Disabled
 NUMA Support: Disabled
 Compressed Oops: Enabled (32-bit)
 Heap Region Size: 1M
 Heap Min Capacity: 8M
 Heap Initial Capacity: 64M
 Heap Max Capacity: 1004M
 Pre-touch: Disabled
 Parallel Workers: 4
 Concurrent Workers: 1
 Concurrent Refinement Workers: 4
 Periodic GC: Disabled

Heap:
 garbage-first heap   total 109568K, used 34429K [0x00000000c1400000, 0x0000000100000000)
  region size 1024K, 1 young (1024K), 0 survivors (0K)
 Metaspace       used 54546K, committed 55040K, reserved 1097728K
  class space    used 7240K, committed 7488K, reserved 1048576K

Heap Regions: E=young(eden), S=young(survivor), O=old, HS=humongous(starts), HC=humongous(continues), CS=collection set, F=free, OA=open archive, CA=closed archive, TAMS=top-at-mark-start (previous, next)
|   0|0x00000000c1400000, 0x00000000c14fffe0, 0x00000000c1500000| 99%| O|  |TAMS 0x00000000c14fffe0, 0x00000000c1400000| Untracked 
|   1|0x00000000c1500000, 0x00000000c15fffe8, 0x00000000c1600000| 99%| O|  |TAMS 0x00000000c15fffe8, 0x00000000c1500000| Untracked 
|   2|0x00000000c1600000, 0x00000000c16ffff0, 0x00000000c1700000| 99%| O|  |TAMS 0x00000000c16ffff0, 0x00000000c1600000| Untracked 
|   3|0x00000000c1700000, 0x00000000c1800000, 0x00000000c1800000|100%| O|  |TAMS 0x00000000c1800000, 0x00000000c1700000| Untracked 
|   4|0x00000000c1800000, 0x00000000c18ffff0, 0x00000000c1900000| 99%| O|  |TAMS 0x00000000c18ffff0, 0x00000000c1800000| Untracked 
|   5|0x00000000c1900000, 0x00000000c19fff70, 0x00000000c1a00000| 99%| O|  |TAMS 0x00000000c19fff70, 0x00000000c1900000| Untracked 
|   6|0x00000000c1a00000, 0x00000000c1affff0, 0x00000000c1b00000| 99%| O|  |TAMS 0x00000000c1affff0, 0x00000000c1a00000| Untracked 
|   7|0x00000000c1b00000, 0x00000000c1bfffd0, 0x00000000c1c00000| 99%| O|  |TAMS 0x00000000c1bfffd0, 0x00000000c1b00000| Untracked 
|   8|0x00000000c1c00000, 0x00000000c1cfffe8, 0x00000000c1d00000| 99%| O|  |TAMS 0x00000000c1cfffe8, 0x00000000c1c00000| Untracked 
|   9|0x00000000c1d00000, 0x00000000c1dfdd20, 0x00000000c1e00000| 99%| O|  |TAMS 0x00000000c1dfdd20, 0x00000000c1d00000| Untracked 
|  10|0x00000000c1e00000, 0x00000000c1effff0, 0x00000000c1f00000| 99%| O|  |TAMS 0x00000000c1effff0, 0x00000000c1e00000| Untracked 
|  11|0x00000000c1f00000, 0x00000000c1ffffb0, 0x00000000c2000000| 99%| O|  |TAMS 0x00000000c1ffffb0, 0x00000000c1f00000| Untracked 
|  12|0x00000000c2000000, 0x00000000c20ffff0, 0x00000000c2100000| 99%| O|  |TAMS 0x00000000c20ffff0, 0x00000000c2000000| Untracked 
|  13|0x00000000c2100000, 0x00000000c21ffff8, 0x00000000c2200000| 99%| O|  |TAMS 0x00000000c21ffff8, 0x00000000c2100000| Untracked 
|  14|0x00000000c2200000, 0x00000000c22fffe8, 0x00000000c2300000| 99%| O|  |TAMS 0x00000000c22fffe8, 0x00000000c2200000| Untracked 
|  15|0x00000000c2300000, 0x00000000c23fe1f8, 0x00000000c2400000| 99%| O|  |TAMS 0x00000000c23fe1f8, 0x00000000c2300000| Untracked 
|  16|0x00000000c2400000, 0x00000000c24ffc30, 0x00000000c2500000| 99%| O|  |TAMS 0x00000000c24ffc30, 0x00000000c2400000| Untracked 
|  17|0x00000000c2500000, 0x00000000c25fe140, 0x00000000c2600000| 99%| O|  |TAMS 0x00000000c25fe140, 0x00000000c2500000| Untracked 
|  18|0x00000000c2600000, 0x00000000c26fffc0, 0x00000000c2700000| 99%| O|  |TAMS 0x00000000c26fffc0, 0x00000000c2600000| Untracked 
|  19|0x00000000c2700000, 0x00000000c27ffff8, 0x00000000c2800000| 99%| O|  |TAMS 0x00000000c27ffff8, 0x00000000c2700000| Untracked 
|  20|0x00000000c2800000, 0x00000000c28ff600, 0x00000000c2900000| 99%| O|  |TAMS 0x00000000c28ff600, 0x00000000c2800000| Untracked 
|  21|0x00000000c2900000, 0x00000000c29fffe0, 0x00000000c2a00000| 99%| O|  |TAMS 0x00000000c29fffe0, 0x00000000c2900000| Untracked 
|  22|0x00000000c2a00000, 0x00000000c2afffe8, 0x00000000c2b00000| 99%| O|  |TAMS 0x00000000c2afffe8, 0x00000000c2a00000| Untracked 
|  23|0x00000000c2b00000, 0x00000000c2bfbb80, 0x00000000c2c00000| 98%| O|  |TAMS 0x00000000c2bfbb80, 0x00000000c2b00000| Untracked 
|  24|0x00000000c2c00000, 0x00000000c2cfd108, 0x00000000c2d00000| 98%| O|  |TAMS 0x00000000c2cfd108, 0x00000000c2c00000| Untracked 
|  25|0x00000000c2d00000, 0x00000000c2dc9900, 0x00000000c2e00000| 78%| O|  |TAMS 0x00000000c2d00000, 0x00000000c2d00000| Untracked 
|  26|0x00000000c2e00000, 0x00000000c2ee4070, 0x00000000c2f00000| 89%| O|  |TAMS 0x00000000c2e00000, 0x00000000c2e00000| Untracked 
|  27|0x00000000c2f00000, 0x00000000c2f00000, 0x00000000c3000000|  0%| F|  |TAMS 0x00000000c2f00000, 0x00000000c2f00000| Untracked 
|  28|0x00000000c3000000, 0x00000000c3000000, 0x00000000c3100000|  0%| F|  |TAMS 0x00000000c3000000, 0x00000000c3000000| Untracked 
|  29|0x00000000c3100000, 0x00000000c3100000, 0x00000000c3200000|  0%| F|  |TAMS 0x00000000c3100000, 0x00000000c3100000| Untracked 
|  30|0x00000000c3200000, 0x00000000c3200000, 0x00000000c3300000|  0%| F|  |TAMS 0x00000000c3200000, 0x00000000c3200000| Untracked 
|  31|0x00000000c3300000, 0x00000000c3300000, 0x00000000c3400000|  0%| F|  |TAMS 0x00000000c3300000, 0x00000000c3300000| Untracked 
|  32|0x00000000c3400000, 0x00000000c3400000, 0x00000000c3500000|  0%| F|  |TAMS 0x00000000c3400000, 0x00000000c3400000| Untracked 
|  33|0x00000000c3500000, 0x00000000c3500000, 0x00000000c3600000|  0%| F|  |TAMS 0x00000000c3500000, 0x00000000c3500000| Untracked 
|  34|0x00000000c3600000, 0x00000000c3600000, 0x00000000c3700000|  0%| F|  |TAMS 0x00000000c3600000, 0x00000000c3600000| Untracked 
|  35|0x00000000c3700000, 0x00000000c3700000, 0x00000000c3800000|  0%| F|  |TAMS 0x00000000c3700000, 0x00000000c3700000| Untracked 
|  36|0x00000000c3800000, 0x00000000c3800000, 0x00000000c3900000|  0%| F|  |TAMS 0x00000000c3800000, 0x00000000c3800000| Untracked 
|  37|0x00000000c3900000, 0x00000000c3900000, 0x00000000c3a00000|  0%| F|  |TAMS 0x00000000c3900000, 0x00000000c3900000| Untracked 
|  38|0x00000000c3a00000, 0x00000000c3a00000, 0x00000000c3b00000|  0%| F|  |TAMS 0x00000000c3a00000, 0x00000000c3a00000| Untracked 
|  39|0x00000000c3b00000, 0x00000000c3b00000, 0x00000000c3c00000|  0%| F|  |TAMS 0x00000000c3b00000, 0x00000000c3b00000| Untracked 
|  40|0x00000000c3c00000, 0x00000000c3c00000, 0x00000000c3d00000|  0%| F|  |TAMS 0x00000000c3c00000, 0x00000000c3c00000| Untracked 
|  41|0x00000000c3d00000, 0x00000000c3d00000, 0x00000000c3e00000|  0%| F|  |TAMS 0x00000000c3d00000, 0x00000000c3d00000| Untracked 
|  42|0x00000000c3e00000, 0x00000000c3e00000, 0x00000000c3f00000|  0%| F|  |TAMS 0x00000000c3e00000, 0x00000000c3e00000| Untracked 
|  43|0x00000000c3f00000, 0x00000000c3f00000, 0x00000000c4000000|  0%| F|  |TAMS 0x00000000c3f00000, 0x00000000c3f00000| Untracked 
|  44|0x00000000c4000000, 0x00000000c4100000, 0x00000000c4100000|100%|HS|  |TAMS 0x00000000c4100000, 0x00000000c4000000| Untracked 
|  45|0x00000000c4100000, 0x00000000c4200000, 0x00000000c4200000|100%|HC|  |TAMS 0x00000000c4200000, 0x00000000c4100000| Untracked 
|  46|0x00000000c4200000, 0x00000000c4300000, 0x00000000c4300000|100%|HS|  |TAMS 0x00000000c4300000, 0x00000000c4200000| Untracked 
|  47|0x00000000c4300000, 0x00000000c4400000, 0x00000000c4400000|100%|HS|  |TAMS 0x00000000c4400000, 0x00000000c4300000| Untracked 
|  48|0x00000000c4400000, 0x00000000c4400000, 0x00000000c4500000|  0%| F|  |TAMS 0x00000000c4400000, 0x00000000c4400000| Untracked 
|  49|0x00000000c4500000, 0x00000000c4600000, 0x00000000c4600000|100%| O|  |TAMS 0x00000000c4600000, 0x00000000c4500000| Untracked 
|  50|0x00000000c4600000, 0x00000000c4600000, 0x00000000c4700000|  0%| F|  |TAMS 0x00000000c4600000, 0x00000000c4600000| Untracked 
|  51|0x00000000c4700000, 0x00000000c4800000, 0x00000000c4800000|100%| O|  |TAMS 0x00000000c4800000, 0x00000000c4700000| Untracked 
|  52|0x00000000c4800000, 0x00000000c4800000, 0x00000000c4900000|  0%| F|  |TAMS 0x00000000c4800000, 0x00000000c4800000| Untracked 
|  53|0x00000000c4900000, 0x00000000c4900000, 0x00000000c4a00000|  0%| F|  |TAMS 0x00000000c4900000, 0x00000000c4900000| Untracked 
|  54|0x00000000c4a00000, 0x00000000c4a00000, 0x00000000c4b00000|  0%| F|  |TAMS 0x00000000c4a00000, 0x00000000c4a00000| Untracked 
|  55|0x00000000c4b00000, 0x00000000c4c00000, 0x00000000c4c00000|100%| O|  |TAMS 0x00000000c4c00000, 0x00000000c4b00000| Untracked 
|  56|0x00000000c4c00000, 0x00000000c4c00000, 0x00000000c4d00000|  0%| F|  |TAMS 0x00000000c4c00000, 0x00000000c4c00000| Untracked 
|  57|0x00000000c4d00000, 0x00000000c4d00000, 0x00000000c4e00000|  0%| F|  |TAMS 0x00000000c4d00000, 0x00000000c4d00000| Untracked 
|  58|0x00000000c4e00000, 0x00000000c4e00000, 0x00000000c4f00000|  0%| F|  |TAMS 0x00000000c4e00000, 0x00000000c4e00000| Untracked 
|  59|0x00000000c4f00000, 0x00000000c4f00000, 0x00000000c5000000|  0%| F|  |TAMS 0x00000000c4f00000, 0x00000000c4f00000| Untracked 
|  60|0x00000000c5000000, 0x00000000c5000000, 0x00000000c5100000|  0%| F|  |TAMS 0x00000000c5000000, 0x00000000c5000000| Untracked 
|  61|0x00000000c5100000, 0x00000000c5100000, 0x00000000c5200000|  0%| F|  |TAMS 0x00000000c5100000, 0x00000000c5100000| Untracked 
|  62|0x00000000c5200000, 0x00000000c5200000, 0x00000000c5300000|  0%| F|  |TAMS 0x00000000c5200000, 0x00000000c5200000| Untracked 
|  63|0x00000000c5300000, 0x00000000c5300000, 0x00000000c5400000|  0%| F|  |TAMS 0x00000000c5300000, 0x00000000c5300000| Untracked 
|  64|0x00000000c5400000, 0x00000000c5400000, 0x00000000c5500000|  0%| F|  |TAMS 0x00000000c5400000, 0x00000000c5400000| Untracked 
|  65|0x00000000c5500000, 0x00000000c5500000, 0x00000000c5600000|  0%| F|  |TAMS 0x00000000c5500000, 0x00000000c5500000| Untracked 
|  66|0x00000000c5600000, 0x00000000c5600000, 0x00000000c5700000|  0%| F|  |TAMS 0x00000000c5600000, 0x00000000c5600000| Untracked 
|  67|0x00000000c5700000, 0x00000000c5700000, 0x00000000c5800000|  0%| F|  |TAMS 0x00000000c5700000, 0x00000000c5700000| Untracked 
|  68|0x00000000c5800000, 0x00000000c5800000, 0x00000000c5900000|  0%| F|  |TAMS 0x00000000c5800000, 0x00000000c5800000| Untracked 
|  69|0x00000000c5900000, 0x00000000c5900000, 0x00000000c5a00000|  0%| F|  |TAMS 0x00000000c5900000, 0x00000000c5900000| Untracked 
|  70|0x00000000c5a00000, 0x00000000c5a00000, 0x00000000c5b00000|  0%| F|  |TAMS 0x00000000c5a00000, 0x00000000c5a00000| Untracked 
|  71|0x00000000c5b00000, 0x00000000c5b00000, 0x00000000c5c00000|  0%| F|  |TAMS 0x00000000c5b00000, 0x00000000c5b00000| Untracked 
|  72|0x00000000c5c00000, 0x00000000c5c00000, 0x00000000c5d00000|  0%| F|  |TAMS 0x00000000c5c00000, 0x00000000c5c00000| Untracked 
|  73|0x00000000c5d00000, 0x00000000c5d00000, 0x00000000c5e00000|  0%| F|  |TAMS 0x00000000c5d00000, 0x00000000c5d00000| Untracked 
|  74|0x00000000c5e00000, 0x00000000c5e00000, 0x00000000c5f00000|  0%| F|  |TAMS 0x00000000c5e00000, 0x00000000c5e00000| Untracked 
|  75|0x00000000c5f00000, 0x00000000c5f00000, 0x00000000c6000000|  0%| F|  |TAMS 0x00000000c5f00000, 0x00000000c5f00000| Untracked 
|  76|0x00000000c6000000, 0x00000000c6000000, 0x00000000c6100000|  0%| F|  |TAMS 0x00000000c6000000, 0x00000000c6000000| Untracked 
|  77|0x00000000c6100000, 0x00000000c6100000, 0x00000000c6200000|  0%| F|  |TAMS 0x00000000c6100000, 0x00000000c6100000| Untracked 
|  78|0x00000000c6200000, 0x00000000c6200000, 0x00000000c6300000|  0%| F|  |TAMS 0x00000000c6200000, 0x00000000c6200000| Untracked 
|  79|0x00000000c6300000, 0x00000000c6300000, 0x00000000c6400000|  0%| F|  |TAMS 0x00000000c6300000, 0x00000000c6300000| Untracked 
|  80|0x00000000c6400000, 0x00000000c6400000, 0x00000000c6500000|  0%| F|  |TAMS 0x00000000c6400000, 0x00000000c6400000| Untracked 
|  81|0x00000000c6500000, 0x00000000c6500000, 0x00000000c6600000|  0%| F|  |TAMS 0x00000000c6500000, 0x00000000c6500000| Untracked 
|  82|0x00000000c6600000, 0x00000000c6600000, 0x00000000c6700000|  0%| F|  |TAMS 0x00000000c6600000, 0x00000000c6600000| Untracked 
|  83|0x00000000c6700000, 0x00000000c6700000, 0x00000000c6800000|  0%| F|  |TAMS 0x00000000c6700000, 0x00000000c6700000| Untracked 
|  84|0x00000000c6800000, 0x00000000c6800000, 0x00000000c6900000|  0%| F|  |TAMS 0x00000000c6800000, 0x00000000c6800000| Untracked 
|  85|0x00000000c6900000, 0x00000000c6900000, 0x00000000c6a00000|  0%| F|  |TAMS 0x00000000c6900000, 0x00000000c6900000| Untracked 
|  86|0x00000000c6a00000, 0x00000000c6a00000, 0x00000000c6b00000|  0%| F|  |TAMS 0x00000000c6a00000, 0x00000000c6a00000| Untracked 
|  87|0x00000000c6b00000, 0x00000000c6b00000, 0x00000000c6c00000|  0%| F|  |TAMS 0x00000000c6b00000, 0x00000000c6b00000| Untracked 
|  88|0x00000000c6c00000, 0x00000000c6c00000, 0x00000000c6d00000|  0%| F|  |TAMS 0x00000000c6c00000, 0x00000000c6c00000| Untracked 
|  89|0x00000000c6d00000, 0x00000000c6d00000, 0x00000000c6e00000|  0%| F|  |TAMS 0x00000000c6d00000, 0x00000000c6d00000| Untracked 
|  90|0x00000000c6e00000, 0x00000000c6e00000, 0x00000000c6f00000|  0%| F|  |TAMS 0x00000000c6e00000, 0x00000000c6e00000| Untracked 
|  91|0x00000000c6f00000, 0x00000000c6f00000, 0x00000000c7000000|  0%| F|  |TAMS 0x00000000c6f00000, 0x00000000c6f00000| Untracked 
|  92|0x00000000c7000000, 0x00000000c7000000, 0x00000000c7100000|  0%| F|  |TAMS 0x00000000c7000000, 0x00000000c7000000| Untracked 
|  93|0x00000000c7100000, 0x00000000c7100000, 0x00000000c7200000|  0%| F|  |TAMS 0x00000000c7100000, 0x00000000c7100000| Untracked 
|  94|0x00000000c7200000, 0x00000000c7200000, 0x00000000c7300000|  0%| F|  |TAMS 0x00000000c7200000, 0x00000000c7200000| Untracked 
|  95|0x00000000c7300000, 0x00000000c7300000, 0x00000000c7400000|  0%| F|  |TAMS 0x00000000c7300000, 0x00000000c7300000| Untracked 
|  96|0x00000000c7400000, 0x00000000c7400000, 0x00000000c7500000|  0%| F|  |TAMS 0x00000000c7400000, 0x00000000c7400000| Untracked 
|  97|0x00000000c7500000, 0x00000000c7500000, 0x00000000c7600000|  0%| F|  |TAMS 0x00000000c7500000, 0x00000000c7500000| Untracked 
|  98|0x00000000c7600000, 0x00000000c7600000, 0x00000000c7700000|  0%| F|  |TAMS 0x00000000c7600000, 0x00000000c7600000| Untracked 
|  99|0x00000000c7700000, 0x00000000c7700000, 0x00000000c7800000|  0%| F|  |TAMS 0x00000000c7700000, 0x00000000c7700000| Untracked 
| 100|0x00000000c7800000, 0x00000000c7800000, 0x00000000c7900000|  0%| F|  |TAMS 0x00000000c7800000, 0x00000000c7800000| Untracked 
| 101|0x00000000c7900000, 0x00000000c7900000, 0x00000000c7a00000|  0%| F|  |TAMS 0x00000000c7900000, 0x00000000c7900000| Untracked 
| 102|0x00000000c7a00000, 0x00000000c7a00000, 0x00000000c7b00000|  0%| F|  |TAMS 0x00000000c7a00000, 0x00000000c7a00000| Untracked 
| 103|0x00000000c7b00000, 0x00000000c7b00000, 0x00000000c7c00000|  0%| F|  |TAMS 0x00000000c7b00000, 0x00000000c7b00000| Untracked 
| 104|0x00000000c7c00000, 0x00000000c7c00000, 0x00000000c7d00000|  0%| F|  |TAMS 0x00000000c7c00000, 0x00000000c7c00000| Untracked 
| 105|0x00000000c7d00000, 0x00000000c7d00000, 0x00000000c7e00000|  0%| F|  |TAMS 0x00000000c7d00000, 0x00000000c7d00000| Untracked 
| 106|0x00000000c7e00000, 0x00000000c7e6df38, 0x00000000c7f00000| 42%| E|  |TAMS 0x00000000c7e00000, 0x00000000c7e00000| Complete 

Card table byte_map: [0x00000290ef520000,0x00000290ef720000] _byte_map_base: 0x00000290eef16000

Marking Bits (Prev, Next): (CMBitMap*) 0x00000290e98da1e0, (CMBitMap*) 0x00000290e98da220
 Prev Bits: [0x00000290ef920000, 0x00000290f08d0000)
 Next Bits: [0x00000290f08d0000, 0x00000290f1880000)

Polling page: 0x00000290e77f0000

Metaspace:

Usage:
  Non-class:     46.20 MB used.
      Class:      7.07 MB used.
       Both:     53.27 MB used.

Virtual space:
  Non-class space:       48.00 MB reserved,      46.44 MB ( 97%) committed,  6 nodes.
      Class space:        1.00 GB reserved,       7.31 MB ( <1%) committed,  1 nodes.
             Both:        1.05 GB reserved,      53.75 MB (  5%) committed. 

Chunk freelists:
   Non-Class:  865.00 KB
       Class:  697.00 KB
        Both:  1.53 MB

MaxMetaspaceSize: unlimited
CompressedClassSpaceSize: 1.00 GB
Initial GC threshold: 21.00 MB
Current GC threshold: 89.38 MB
CDS: off
MetaspaceReclaimPolicy: balanced
 - commit_granule_bytes: 65536.
 - commit_granule_words: 8192.
 - virtual_space_node_default_size: 1048576.
 - enlarge_chunks_in_place: 1.
 - new_chunks_are_fully_committed: 0.
 - uncommit_free_chunks: 1.
 - use_allocation_guard: 0.
 - handle_deallocations: 1.


Internal statistics:

num_allocs_failed_limit: 3.
num_arena_births: 1130.
num_arena_deaths: 652.
num_vsnodes_births: 7.
num_vsnodes_deaths: 0.
num_space_committed: 860.
num_space_uncommitted: 0.
num_chunks_returned_to_freelist: 845.
num_chunks_taken_from_freelist: 3166.
num_chunk_merges: 268.
num_chunk_splits: 1899.
num_chunks_enlarged: 1315.
num_purges: 86.
num_inconsistent_stats: 0.

CodeCache: size=49152Kb used=24346Kb max_used=24806Kb free=24806Kb
 bounds [0x00000290ec520000, 0x00000290edde0000, 0x00000290ef520000]
 total_blobs=12708 nmethods=12091 adapters=543
 compilation: enabled
              stopped_count=0, restarted_count=0
 full_count=0

Compilation events (20 events):
Event: 32002.360 Thread 0x00000290f3d2dc50 12422       1       java.lang.StackTraceElement::toString (322 bytes)
Event: 32002.385 Thread 0x00000290f3d2dc50 nmethod 12422 0x00000290edc90f10 code [0x00000290edc91340, 0x00000290edc92738]
Event: 32002.385 Thread 0x00000290f3d2dc50 12423       1       java.lang.StackTraceElement::dropClassLoaderName (16 bytes)
Event: 32002.385 Thread 0x00000290f3d2dc50 nmethod 12423 0x00000290edc90c10 code [0x00000290edc90da0, 0x00000290edc90e78]
Event: 32002.385 Thread 0x00000290f3d2dc50 12424       1       java.lang.StackTraceElement::isNativeMethod (15 bytes)
Event: 32002.385 Thread 0x00000290f3d2dc50 nmethod 12424 0x00000290edc90910 code [0x00000290edc90aa0, 0x00000290edc90b78]
Event: 32002.386 Thread 0x00000290f3d2dc50 12425       1       ch.qos.logback.classic.pattern.ThrowableProxyConverter::isIgnoredStackTraceLine (51 bytes)
Event: 32002.417 Thread 0x00000290f3d2dc50 nmethod 12425 0x00000290edc90390 code [0x00000290edc90560, 0x00000290edc90778]
Event: 32038.868 Thread 0x00000290f3d2dc50 12427       1       org.eclipse.jdt.internal.compiler.problem.ProblemReporter::methodCanBePotentiallyDeclaredStatic (126 bytes)
Event: 32038.894 Thread 0x00000290f3d2dc50 nmethod 12427 0x00000290edc8f010 code [0x00000290edc8f280, 0x00000290edc8fd78]
Event: 32129.704 Thread 0x00000290f3d2dc50 12428   !   1       jdk.internal.reflect.GeneratedMethodAccessor191::invoke (80 bytes)
Event: 32129.731 Thread 0x00000290f3d2dc50 nmethod 12428 0x00000290edc8e690 code [0x00000290edc8e880, 0x00000290edc8ecf8]
Event: 32129.731 Thread 0x00000290f3d2dc50 12433   !   1       jdk.internal.reflect.GeneratedConstructorAccessor127::newInstance (49 bytes)
Event: 32129.732 Thread 0x00000290f3d2dc50 nmethod 12433 0x00000290edc8df10 code [0x00000290edc8e0e0, 0x00000290edc8e428]
Event: 32129.732 Thread 0x00000290f3d2dc50 12429   !   1       jdk.internal.reflect.GeneratedMethodAccessor192::invoke (45 bytes)
Event: 32129.736 Thread 0x00000290f3d2dc50 nmethod 12429 0x00000290edc8d810 code [0x00000290edc8d9e0, 0x00000290edc8dd18]
Event: 32129.736 Thread 0x00000290f3d2dc50 12430   !   1       jdk.internal.reflect.GeneratedMethodAccessor193::invoke (45 bytes)
Event: 32129.738 Thread 0x00000290f3d2dc50 nmethod 12430 0x00000290edc8d110 code [0x00000290edc8d2e0, 0x00000290edc8d618]
Event: 32129.738 Thread 0x00000290f3d2dc50 12431   !   1       jdk.internal.reflect.GeneratedConstructorAccessor126::newInstance (124 bytes)
Event: 32129.757 Thread 0x00000290f3d2dc50 nmethod 12431 0x00000290edc8c310 code [0x00000290edc8c520, 0x00000290edc8cc78]

GC Heap History (20 events):
Event: 32112.640 GC heap before
{Heap before GC invocations=1968 (full 1165):
 garbage-first heap   total 109568K, used 93377K [0x00000000c1400000, 0x0000000100000000)
  region size 1024K, 58 young (59392K), 2 survivors (2048K)
 Metaspace       used 54546K, committed 55040K, reserved 1097728K
  class space    used 7240K, committed 7488K, reserved 1048576K
}
Event: 32112.643 GC heap after
{Heap after GC invocations=1969 (full 1165):
 garbage-first heap   total 109568K, used 35255K [0x00000000c1400000, 0x0000000100000000)
  region size 1024K, 1 young (1024K), 1 survivors (1024K)
 Metaspace       used 54546K, committed 55040K, reserved 1097728K
  class space    used 7240K, committed 7488K, reserved 1048576K
}
Event: 32117.266 GC heap before
{Heap before GC invocations=1969 (full 1165):
 garbage-first heap   total 109568K, used 92599K [0x00000000c1400000, 0x0000000100000000)
  region size 1024K, 58 young (59392K), 1 survivors (1024K)
 Metaspace       used 54546K, committed 55040K, reserved 1097728K
  class space    used 7240K, committed 7488K, reserved 1048576K
}
Event: 32117.269 GC heap after
{Heap after GC invocations=1970 (full 1165):
 garbage-first heap   total 109568K, used 35379K [0x00000000c1400000, 0x0000000100000000)
  region size 1024K, 1 young (1024K), 1 survivors (1024K)
 Metaspace       used 54546K, committed 55040K, reserved 1097728K
  class space    used 7240K, committed 7488K, reserved 1048576K
}
Event: 32120.809 GC heap before
{Heap before GC invocations=1970 (full 1165):
 garbage-first heap   total 109568K, used 93747K [0x00000000c1400000, 0x0000000100000000)
  region size 1024K, 58 young (59392K), 1 survivors (1024K)
 Metaspace       used 54546K, committed 55040K, reserved 1097728K
  class space    used 7240K, committed 7488K, reserved 1048576K
}
Event: 32120.812 GC heap after
{Heap after GC invocations=1971 (full 1165):
 garbage-first heap   total 109568K, used 35341K [0x00000000c1400000, 0x0000000100000000)
  region size 1024K, 1 young (1024K), 1 survivors (1024K)
 Metaspace       used 54546K, committed 55040K, reserved 1097728K
  class space    used 7240K, committed 7488K, reserved 1048576K
}
Event: 32124.813 GC heap before
{Heap before GC invocations=1971 (full 1165):
 garbage-first heap   total 109568K, used 93709K [0x00000000c1400000, 0x0000000100000000)
  region size 1024K, 58 young (59392K), 1 survivors (1024K)
 Metaspace       used 54546K, committed 55040K, reserved 1097728K
  class space    used 7240K, committed 7488K, reserved 1048576K
}
Event: 32124.816 GC heap after
{Heap after GC invocations=1972 (full 1165):
 garbage-first heap   total 109568K, used 35931K [0x00000000c1400000, 0x0000000100000000)
  region size 1024K, 2 young (2048K), 2 survivors (2048K)
 Metaspace       used 54546K, committed 55040K, reserved 1097728K
  class space    used 7240K, committed 7488K, reserved 1048576K
}
Event: 32132.146 GC heap before
{Heap before GC invocations=1972 (full 1165):
 garbage-first heap   total 109568K, used 93275K [0x00000000c1400000, 0x0000000100000000)
  region size 1024K, 58 young (59392K), 2 survivors (2048K)
 Metaspace       used 54546K, committed 55040K, reserved 1097728K
  class space    used 7240K, committed 7488K, reserved 1048576K
}
Event: 32132.151 GC heap after
{Heap after GC invocations=1973 (full 1165):
 garbage-first heap   total 109568K, used 35404K [0x00000000c1400000, 0x0000000100000000)
  region size 1024K, 1 young (1024K), 1 survivors (1024K)
 Metaspace       used 54546K, committed 55040K, reserved 1097728K
  class space    used 7240K, committed 7488K, reserved 1048576K
}
Event: 32136.753 GC heap before
{Heap before GC invocations=1973 (full 1165):
 garbage-first heap   total 109568K, used 92748K [0x00000000c1400000, 0x0000000100000000)
  region size 1024K, 58 young (59392K), 1 survivors (1024K)
 Metaspace       used 54546K, committed 55040K, reserved 1097728K
  class space    used 7240K, committed 7488K, reserved 1048576K
}
Event: 32136.755 GC heap after
{Heap after GC invocations=1974 (full 1165):
 garbage-first heap   total 109568K, used 35681K [0x00000000c1400000, 0x0000000100000000)
  region size 1024K, 2 young (2048K), 2 survivors (2048K)
 Metaspace       used 54546K, committed 55040K, reserved 1097728K
  class space    used 7240K, committed 7488K, reserved 1048576K
}
Event: 32139.522 GC heap before
{Heap before GC invocations=1974 (full 1165):
 garbage-first heap   total 109568K, used 93025K [0x00000000c1400000, 0x0000000100000000)
  region size 1024K, 58 young (59392K), 2 survivors (2048K)
 Metaspace       used 54546K, committed 55040K, reserved 1097728K
  class space    used 7240K, committed 7488K, reserved 1048576K
}
Event: 32139.524 GC heap after
{Heap after GC invocations=1975 (full 1165):
 garbage-first heap   total 109568K, used 35987K [0x00000000c1400000, 0x0000000100000000)
  region size 1024K, 2 young (2048K), 2 survivors (2048K)
 Metaspace       used 54546K, committed 55040K, reserved 1097728K
  class space    used 7240K, committed 7488K, reserved 1048576K
}
Event: 32145.919 GC heap before
{Heap before GC invocations=1975 (full 1165):
 garbage-first heap   total 109568K, used 93331K [0x00000000c1400000, 0x0000000100000000)
  region size 1024K, 58 young (59392K), 2 survivors (2048K)
 Metaspace       used 54546K, committed 55040K, reserved 1097728K
  class space    used 7240K, committed 7488K, reserved 1048576K
}
Event: 32145.925 GC heap after
{Heap after GC invocations=1976 (full 1165):
 garbage-first heap   total 109568K, used 35696K [0x00000000c1400000, 0x0000000100000000)
  region size 1024K, 2 young (2048K), 2 survivors (2048K)
 Metaspace       used 54546K, committed 55040K, reserved 1097728K
  class space    used 7240K, committed 7488K, reserved 1048576K
}
Event: 32182.588 GC heap before
{Heap before GC invocations=1976 (full 1165):
 garbage-first heap   total 109568K, used 37744K [0x00000000c1400000, 0x0000000100000000)
  region size 1024K, 5 young (5120K), 2 survivors (2048K)
 Metaspace       used 54546K, committed 55040K, reserved 1097728K
  class space    used 7240K, committed 7488K, reserved 1048576K
}
Event: 32183.396 GC heap after
{Heap after GC invocations=1977 (full 1166):
 garbage-first heap   total 109568K, used 34472K [0x00000000c1400000, 0x0000000100000000)
  region size 1024K, 0 young (0K), 0 survivors (0K)
 Metaspace       used 54546K, committed 55040K, reserved 1097728K
  class space    used 7240K, committed 7488K, reserved 1048576K
}
Event: 32193.894 GC heap before
{Heap before GC invocations=1977 (full 1166):
 garbage-first heap   total 109568K, used 34472K [0x00000000c1400000, 0x0000000100000000)
  region size 1024K, 1 young (1024K), 0 survivors (0K)
 Metaspace       used 54546K, committed 55040K, reserved 1097728K
  class space    used 7240K, committed 7488K, reserved 1048576K
}
Event: 32193.985 GC heap after
{Heap after GC invocations=1978 (full 1167):
 garbage-first heap   total 109568K, used 34429K [0x00000000c1400000, 0x0000000100000000)
  region size 1024K, 0 young (0K), 0 survivors (0K)
 Metaspace       used 54546K, committed 55040K, reserved 1097728K
  class space    used 7240K, committed 7488K, reserved 1048576K
}

Deoptimization events (20 events):
Event: 3590.408 Thread 0x00000290f64ae730 DEOPT PACKING pc=0x00000290ed3de6bc sp=0x000000ecabafd550
Event: 3590.408 Thread 0x00000290f64ae730 DEOPT UNPACKING pc=0x00000290ec572b24 sp=0x000000ecabafca38 mode 0
Event: 5651.833 Thread 0x00000290f64ae730 DEOPT PACKING pc=0x00000290ed88a098 sp=0x000000ecabafd9a0
Event: 5651.833 Thread 0x00000290f64ae730 DEOPT UNPACKING pc=0x00000290ec572b24 sp=0x000000ecabafce90 mode 3
Event: 10181.553 Thread 0x00000290f87731b0 DEOPT PACKING pc=0x00000290edaba60b sp=0x000000ecaaffe690
Event: 10181.554 Thread 0x00000290f87731b0 DEOPT UNPACKING pc=0x00000290ec572b24 sp=0x000000ecaaffdbb8 mode 3
Event: 10211.016 Thread 0x00000290f87731b0 DEOPT PACKING pc=0x00000290edabf9f6 sp=0x000000ecaaffdc70
Event: 10211.018 Thread 0x00000290f87731b0 DEOPT UNPACKING pc=0x00000290ec572b24 sp=0x000000ecaaffd170 mode 3
Event: 11043.200 Thread 0x00000290f64ae730 DEOPT PACKING pc=0x00000290ed2752f5 sp=0x000000ecabafce50
Event: 11043.206 Thread 0x00000290f64ae730 DEOPT UNPACKING pc=0x00000290ec572b24 sp=0x000000ecabafc3e0 mode 3
Event: 11433.233 Thread 0x00000290f876e4b0 DEOPT PACKING pc=0x00000290eda25c0f sp=0x000000ecaaffd560
Event: 11433.233 Thread 0x00000290f876e4b0 DEOPT UNPACKING pc=0x00000290ec572b24 sp=0x000000ecaaffca68 mode 3
Event: 14308.970 Thread 0x00000290f64ae730 DEOPT PACKING pc=0x00000290ed4d2984 sp=0x000000ecabafcc40
Event: 14308.971 Thread 0x00000290f64ae730 DEOPT UNPACKING pc=0x00000290ec572b24 sp=0x000000ecabafc220 mode 3
Event: 16356.830 Thread 0x00000290f64aca50 DEOPT PACKING pc=0x00000290edc14a38 sp=0x000000ecaa9fe8c0
Event: 16356.833 Thread 0x00000290f64aca50 DEOPT UNPACKING pc=0x00000290ec572b24 sp=0x000000ecaa9fdf08 mode 3
Event: 20323.647 Thread 0x00000290f8775360 DEOPT PACKING pc=0x00000290edbad344 sp=0x000000ecab5fe2c0
Event: 20323.650 Thread 0x00000290f8775360 DEOPT UNPACKING pc=0x00000290ec572b24 sp=0x000000ecab5fd7e8 mode 3
Event: 27601.676 Thread 0x00000290f64ae730 DEOPT PACKING pc=0x00000290ed25efec sp=0x000000ecabafd530
Event: 27601.679 Thread 0x00000290f64ae730 DEOPT UNPACKING pc=0x00000290ec572b24 sp=0x000000ecabafcab0 mode 0

Classes unloaded (20 events):
Event: 28828.629 Thread 0x00000290e996ece0 Unloading class 0x0000000100750c00 'jdk/internal/reflect/GeneratedMethodAccessor175'
Event: 28828.630 Thread 0x00000290e996ece0 Unloading class 0x000000010071d800 'jdk/internal/reflect/GeneratedConstructorAccessor117'
Event: 31329.161 Thread 0x00000290e996ece0 Unloading class 0x0000000100751000 'jdk/internal/reflect/GeneratedConstructorAccessor123'
Event: 31329.161 Thread 0x00000290e996ece0 Unloading class 0x0000000100752c00 'jdk/internal/reflect/GeneratedConstructorAccessor122'
Event: 31329.162 Thread 0x00000290e996ece0 Unloading class 0x0000000100752800 'jdk/internal/reflect/GeneratedConstructorAccessor121'
Event: 31329.162 Thread 0x00000290e996ece0 Unloading class 0x0000000100752400 'jdk/internal/reflect/GeneratedMethodAccessor185'
Event: 31329.162 Thread 0x00000290e996ece0 Unloading class 0x000000010071d800 'jdk/internal/reflect/GeneratedMethodAccessor184'
Event: 31329.162 Thread 0x00000290e996ece0 Unloading class 0x0000000100750c00 'jdk/internal/reflect/GeneratedConstructorAccessor120'
Event: 31329.162 Thread 0x00000290e996ece0 Unloading class 0x0000000100740400 'jdk/internal/reflect/GeneratedMethodAccessor183'
Event: 31329.162 Thread 0x00000290e996ece0 Unloading class 0x0000000100721000 'jdk/internal/reflect/GeneratedConstructorAccessor119'
Event: 31329.162 Thread 0x00000290e996ece0 Unloading class 0x000000010074d400 'jdk/internal/reflect/GeneratedMethodAccessor182'
Event: 31329.162 Thread 0x00000290e996ece0 Unloading class 0x0000000100753000 'jdk/internal/reflect/GeneratedMethodAccessor181'
Event: 31329.162 Thread 0x00000290e996ece0 Unloading class 0x0000000100720800 'jdk/internal/reflect/GeneratedMethodAccessor180'
Event: 31543.662 Thread 0x00000290e996ece0 Unloading class 0x0000000100753000 'jdk/internal/reflect/GeneratedMethodAccessor190'
Event: 31543.662 Thread 0x00000290e996ece0 Unloading class 0x000000010074d400 'jdk/internal/reflect/GeneratedConstructorAccessor125'
Event: 31543.662 Thread 0x00000290e996ece0 Unloading class 0x0000000100721000 'jdk/internal/reflect/GeneratedMethodAccessor189'
Event: 31543.662 Thread 0x00000290e996ece0 Unloading class 0x0000000100740400 'jdk/internal/reflect/GeneratedConstructorAccessor124'
Event: 31543.662 Thread 0x00000290e996ece0 Unloading class 0x0000000100750c00 'jdk/internal/reflect/GeneratedMethodAccessor188'
Event: 31543.662 Thread 0x00000290e996ece0 Unloading class 0x000000010071d800 'jdk/internal/reflect/GeneratedMethodAccessor187'
Event: 31543.662 Thread 0x00000290e996ece0 Unloading class 0x0000000100752400 'jdk/internal/reflect/GeneratedMethodAccessor186'

Classes redefined (0 events):
No events

Internal exceptions (20 events):
Event: 3208.487 Thread 0x00000290f8772ce0 Implicit null exception at 0x00000290ed71a95b to 0x00000290ed71b096
Event: 3249.663 Thread 0x00000290f64ae730 Implicit null exception at 0x00000290ed70b955 to 0x00000290ed70c226
Event: 3443.029 Thread 0x00000290f8771000 Exception <a 'java/io/FileNotFoundException'{0x00000000c5967828}> (0x00000000c5967828) 
thrown [e:\jenkins\tmp\workspace\build\src\src\hotspot\share\prims\jni.cpp, line 516]
Event: 3443.030 Thread 0x00000290f8771000 Exception <a 'java/io/FileNotFoundException'{0x00000000c5968968}> (0x00000000c5968968) 
thrown [e:\jenkins\tmp\workspace\build\src\src\hotspot\share\prims\jni.cpp, line 516]
Event: 3443.030 Thread 0x00000290f8771000 Exception <a 'java/io/FileNotFoundException'{0x00000000c5969aa8}> (0x00000000c5969aa8) 
thrown [e:\jenkins\tmp\workspace\build\src\src\hotspot\share\prims\jni.cpp, line 516]
Event: 3449.676 Thread 0x00000290f8770190 Exception <a 'java/io/FileNotFoundException'{0x00000000c64a8848}> (0x00000000c64a8848) 
thrown [e:\jenkins\tmp\workspace\build\src\src\hotspot\share\prims\jni.cpp, line 516]
Event: 3449.677 Thread 0x00000290f8770190 Exception <a 'java/io/FileNotFoundException'{0x00000000c64a9988}> (0x00000000c64a9988) 
thrown [e:\jenkins\tmp\workspace\build\src\src\hotspot\share\prims\jni.cpp, line 516]
Event: 3449.677 Thread 0x00000290f8770190 Exception <a 'java/io/FileNotFoundException'{0x00000000c64aaac8}> (0x00000000c64aaac8) 
thrown [e:\jenkins\tmp\workspace\build\src\src\hotspot\share\prims\jni.cpp, line 516]
Event: 3545.689 Thread 0x00000290f876e980 Exception <a 'java/io/FileNotFoundException'{0x00000000c67198a0}> (0x00000000c67198a0) 
thrown [e:\jenkins\tmp\workspace\build\src\src\hotspot\share\prims\jni.cpp, line 516]
Event: 3545.689 Thread 0x00000290f876e980 Exception <a 'java/io/FileNotFoundException'{0x00000000c671a9e0}> (0x00000000c671a9e0) 
thrown [e:\jenkins\tmp\workspace\build\src\src\hotspot\share\prims\jni.cpp, line 516]
Event: 3545.690 Thread 0x00000290f876e980 Exception <a 'java/io/FileNotFoundException'{0x00000000c671bb20}> (0x00000000c671bb20) 
thrown [e:\jenkins\tmp\workspace\build\src\src\hotspot\share\prims\jni.cpp, line 516]
Event: 3590.365 Thread 0x00000290f64ae730 Implicit null exception at 0x00000290ed6451a2 to 0x00000290ed6475c4
Event: 5651.830 Thread 0x00000290f64ae730 Implicit null exception at 0x00000290ed889d3a to 0x00000290ed88a093
Event: 10181.552 Thread 0x00000290f87731b0 Implicit null exception at 0x00000290edab9b80 to 0x00000290edaba606
Event: 10211.016 Thread 0x00000290f87731b0 Implicit null exception at 0x00000290edabf72a to 0x00000290edabf9f1
Event: 11043.199 Thread 0x00000290f64ae730 Implicit null exception at 0x00000290ed2739de to 0x00000290ed2752f0
Event: 11433.233 Thread 0x00000290f876e4b0 Implicit null exception at 0x00000290eda2597f to 0x00000290eda25c0a
Event: 14308.969 Thread 0x00000290f64ae730 Implicit null exception at 0x00000290ed4d2391 to 0x00000290ed4d297f
Event: 16356.826 Thread 0x00000290f64aca50 Implicit null exception at 0x00000290edc135ad to 0x00000290edc14a33
Event: 20323.630 Thread 0x00000290f8775360 Implicit null exception at 0x00000290edbad1b2 to 0x00000290edbad33f

VM Operations (20 events):
Event: 32112.643 Executing VM operation: G1CollectForAllocation done
Event: 32117.266 Executing VM operation: G1CollectForAllocation
Event: 32117.269 Executing VM operation: G1CollectForAllocation done
Event: 32120.809 Executing VM operation: G1CollectForAllocation
Event: 32120.812 Executing VM operation: G1CollectForAllocation done
Event: 32124.813 Executing VM operation: G1CollectForAllocation
Event: 32124.816 Executing VM operation: G1CollectForAllocation done
Event: 32132.146 Executing VM operation: G1CollectForAllocation
Event: 32132.151 Executing VM operation: G1CollectForAllocation done
Event: 32136.753 Executing VM operation: G1CollectForAllocation
Event: 32136.755 Executing VM operation: G1CollectForAllocation done
Event: 32139.522 Executing VM operation: G1CollectForAllocation
Event: 32139.524 Executing VM operation: G1CollectForAllocation done
Event: 32145.919 Executing VM operation: G1CollectForAllocation
Event: 32145.925 Executing VM operation: G1CollectForAllocation done
Event: 32182.567 Executing VM operation: G1CollectFull
Event: 32183.399 Executing VM operation: G1CollectFull done
Event: 32193.892 Executing VM operation: G1CollectFull
Event: 32193.985 Executing VM operation: G1CollectFull done
Event: 32204.639 Executing VM operation: G1CollectFull

Events (20 events):
Event: 31396.366 Thread 0x00000290f8772ce0 Thread added: 0x00000290f8772ce0
Event: 31396.652 Thread 0x00000290f8774020 Thread added: 0x00000290f8774020
Event: 31435.231 Thread 0x00000290f8774e90 Thread added: 0x00000290f8774e90
Event: 31518.063 Thread 0x00000290f87744f0 Thread exited: 0x00000290f87744f0
Event: 31527.645 Thread 0x00000290f8772ce0 Thread exited: 0x00000290f8772ce0
Event: 31533.103 Thread 0x00000290f8774020 Thread exited: 0x00000290f8774020
Event: 31533.103 Thread 0x00000290f8774e90 Thread exited: 0x00000290f8774e90
Event: 31891.259 Thread 0x00000290f8773680 Thread added: 0x00000290f8773680
Event: 31893.769 Thread 0x00000290f876fcc0 Thread added: 0x00000290f876fcc0
Event: 31898.715 Thread 0x00000290f876f7f0 Thread added: 0x00000290f876f7f0
Event: 31912.572 Thread 0x00000290f8774e90 Thread added: 0x00000290f8774e90
Event: 31960.447 Thread 0x00000290f8772340 Thread added: 0x00000290f8772340
Event: 32070.530 Thread 0x00000290f876f7f0 Thread exited: 0x00000290f876f7f0
Event: 32105.318 Thread 0x00000290f8771e70 Thread added: 0x00000290f8771e70
Event: 32110.255 Thread 0x00000290f8774020 Thread added: 0x00000290f8774020
Event: 32134.391 Thread 0x00000290f876dfe0 Thread added: 0x00000290f876dfe0
Event: 32170.283 Thread 0x00000290f8772340 Thread exited: 0x00000290f8772340
Event: 32193.051 Thread 0x00000290f8774e90 Thread exited: 0x00000290f8774e90
Event: 32199.322 Thread 0x00000290f8774020 Thread exited: 0x00000290f8774020
Event: 32200.976 Thread 0x00000290f8773680 Thread exited: 0x00000290f8773680


Dynamic libraries:
0x00007ff77d7f0000 - 0x00007ff77d7fe000 	c:\Users\user\.vscode\extensions\redhat.java-1.7.0-win32-x64\jre\17.0.3-win32-x86_64\bin\java.exe
0x00007ffd815b0000 - 0x00007ffd817a7000 	C:\WINDOWS\SYSTEM32\ntdll.dll
0x00007ffd80c70000 - 0x00007ffd80d2d000 	C:\WINDOWS\System32\KERNEL32.DLL
0x00007ffd7eeb0000 - 0x00007ffd7f17d000 	C:\WINDOWS\System32\KERNELBASE.dll
0x00007ffd7f180000 - 0x00007ffd7f280000 	C:\WINDOWS\System32\ucrtbase.dll
0x00007ffd59f40000 - 0x00007ffd59f58000 	c:\Users\user\.vscode\extensions\redhat.java-1.7.0-win32-x64\jre\17.0.3-win32-x86_64\bin\jli.dll
0x00007ffd7f850000 - 0x00007ffd7f9f0000 	C:\WINDOWS\System32\USER32.dll
0x00007ffd7ede0000 - 0x00007ffd7ee02000 	C:\WINDOWS\System32\win32u.dll
0x00007ffd7fa60000 - 0x00007ffd7fa8a000 	C:\WINDOWS\System32\GDI32.dll
0x00007ffd7f590000 - 0x00007ffd7f69b000 	C:\WINDOWS\System32\gdi32full.dll
0x00007ffd7ee10000 - 0x00007ffd7eead000 	C:\WINDOWS\System32\msvcp_win.dll
0x00007ffd59d00000 - 0x00007ffd59d19000 	c:\Users\user\.vscode\extensions\redhat.java-1.7.0-win32-x64\jre\17.0.3-win32-x86_64\bin\VCRUNTIME140.dll
0x00007ffd68840000 - 0x00007ffd68ada000 	C:\WINDOWS\WinSxS\amd64_microsoft.windows.common-controls_6595b64144ccf1df_6.0.19041.1110_none_60b5254171f9507e\COMCTL32.dll
0x00007ffd80ab0000 - 0x00007ffd80b4e000 	C:\WINDOWS\System32\msvcrt.dll
0x00007ffd81240000 - 0x00007ffd81270000 	C:\WINDOWS\System32\IMM32.DLL
0x00007ffd67250000 - 0x00007ffd6725c000 	c:\Users\user\.vscode\extensions\redhat.java-1.7.0-win32-x64\jre\17.0.3-win32-x86_64\bin\vcruntime140_1.dll
0x00007ffd37f30000 - 0x00007ffd37fc1000 	c:\Users\user\.vscode\extensions\redhat.java-1.7.0-win32-x64\jre\17.0.3-win32-x86_64\bin\msvcp140.dll
0x00007ffd27ca0000 - 0x00007ffd288e8000 	c:\Users\user\.vscode\extensions\redhat.java-1.7.0-win32-x64\jre\17.0.3-win32-x86_64\bin\server\jvm.dll
0x00007ffd814b0000 - 0x00007ffd8155e000 	C:\WINDOWS\System32\ADVAPI32.dll
0x00007ffd808e0000 - 0x00007ffd8097c000 	C:\WINDOWS\System32\sechost.dll
0x00007ffd81320000 - 0x00007ffd81445000 	C:\WINDOWS\System32\RPCRT4.dll
0x00007ffd7fa50000 - 0x00007ffd7fa58000 	C:\WINDOWS\System32\PSAPI.DLL
0x00007ffd7d4d0000 - 0x00007ffd7d4d9000 	C:\WINDOWS\SYSTEM32\WSOCK32.dll
0x00007ffd7f7e0000 - 0x00007ffd7f84b000 	C:\WINDOWS\System32\WS2_32.dll
0x00007ffd6b560000 - 0x00007ffd6b587000 	C:\WINDOWS\SYSTEM32\WINMM.dll
0x00007ffd77270000 - 0x00007ffd7727a000 	C:\WINDOWS\SYSTEM32\VERSION.dll
0x00007ffd7d5f0000 - 0x00007ffd7d602000 	C:\WINDOWS\SYSTEM32\kernel.appcore.dll
0x00007ffd66de0000 - 0x00007ffd66dea000 	c:\Users\user\.vscode\extensions\redhat.java-1.7.0-win32-x64\jre\17.0.3-win32-x86_64\bin\jimage.dll
0x00007ffd7cb10000 - 0x00007ffd7ccf4000 	C:\WINDOWS\SYSTEM32\DBGHELP.DLL
0x00007ffd75480000 - 0x00007ffd754ac000 	C:\WINDOWS\SYSTEM32\dbgcore.DLL
0x00007ffd7f280000 - 0x00007ffd7f302000 	C:\WINDOWS\System32\bcryptPrimitives.dll
0x00007ffd528b0000 - 0x00007ffd528d5000 	c:\Users\user\.vscode\extensions\redhat.java-1.7.0-win32-x64\jre\17.0.3-win32-x86_64\bin\java.dll
0x00007ffd59a30000 - 0x00007ffd59a48000 	c:\Users\user\.vscode\extensions\redhat.java-1.7.0-win32-x64\jre\17.0.3-win32-x86_64\bin\zip.dll
0x00007ffd7fb30000 - 0x00007ffd80274000 	C:\WINDOWS\System32\SHELL32.dll
0x00007ffd7cd00000 - 0x00007ffd7d494000 	C:\WINDOWS\SYSTEM32\windows.storage.dll
0x00007ffd80ee0000 - 0x00007ffd81234000 	C:\WINDOWS\System32\combase.dll
0x00007ffd7e7c0000 - 0x00007ffd7e7ec000 	C:\WINDOWS\SYSTEM32\Wldp.dll
0x00007ffd80b50000 - 0x00007ffd80bfd000 	C:\WINDOWS\System32\SHCORE.dll
0x00007ffd7f6a0000 - 0x00007ffd7f6f5000 	C:\WINDOWS\System32\shlwapi.dll
0x00007ffd7eca0000 - 0x00007ffd7ecbf000 	C:\WINDOWS\SYSTEM32\profapi.dll
0x00007ffd575d0000 - 0x00007ffd575e9000 	C:\Users\user\.vscode\extensions\redhat.java-1.7.0-win32-x64\jre\17.0.3-win32-x86_64\bin\net.dll
0x00007ffd6f6e0000 - 0x00007ffd6f7ea000 	C:\WINDOWS\SYSTEM32\WINHTTP.dll
0x00007ffd7e520000 - 0x00007ffd7e58a000 	C:\WINDOWS\system32\mswsock.dll
0x00007ffd55060000 - 0x00007ffd55075000 	C:\Users\user\.vscode\extensions\redhat.java-1.7.0-win32-x64\jre\17.0.3-win32-x86_64\bin\nio.dll
0x00007ffd65460000 - 0x00007ffd65470000 	c:\Users\user\.vscode\extensions\redhat.java-1.7.0-win32-x64\jre\17.0.3-win32-x86_64\bin\verify.dll
0x00007ffd7b9f0000 - 0x00007ffd7b9f9000 	C:\Users\user\.vscode\extensions\redhat.java-1.7.0-win32-x64\jre\17.0.3-win32-x86_64\bin\management.dll
0x00007ffd7b9e0000 - 0x00007ffd7b9eb000 	C:\Users\user\.vscode\extensions\redhat.java-1.7.0-win32-x64\jre\17.0.3-win32-x86_64\bin\management_ext.dll
0x00007ffd69670000 - 0x00007ffd69687000 	C:\WINDOWS\system32\napinsp.dll
0x00007ffd668b0000 - 0x00007ffd668cb000 	C:\WINDOWS\system32\pnrpnsp.dll
0x00007ffd794b0000 - 0x00007ffd794c5000 	C:\WINDOWS\system32\wshbth.dll
0x00007ffd77c70000 - 0x00007ffd77c8d000 	C:\WINDOWS\system32\NLAapi.dll
0x00007ffd7e1c0000 - 0x00007ffd7e1fb000 	C:\WINDOWS\SYSTEM32\IPHLPAPI.DLL
0x00007ffd7e210000 - 0x00007ffd7e2db000 	C:\WINDOWS\SYSTEM32\DNSAPI.dll
0x00007ffd81560000 - 0x00007ffd81568000 	C:\WINDOWS\System32\NSI.dll
0x00007ffd65580000 - 0x00007ffd65592000 	C:\WINDOWS\System32\winrnr.dll
0x00007ffd6ed70000 - 0x00007ffd6ed7a000 	C:\Windows\System32\rasadhlp.dll
0x00007ffd6f130000 - 0x00007ffd6f1b0000 	C:\WINDOWS\System32\fwpuclnt.dll
0x00007ffd7ed60000 - 0x00007ffd7ed87000 	C:\WINDOWS\System32\bcrypt.dll
0x00007ffd7e710000 - 0x00007ffd7e728000 	C:\WINDOWS\SYSTEM32\CRYPTSP.dll
0x00007ffd7de30000 - 0x00007ffd7de64000 	C:\WINDOWS\system32\rsaenh.dll
0x00007ffd7ec60000 - 0x00007ffd7ec8e000 	C:\WINDOWS\SYSTEM32\USERENV.dll
0x00007ffd7e730000 - 0x00007ffd7e73c000 	C:\WINDOWS\SYSTEM32\CRYPTBASE.dll
0x00007ffd752c0000 - 0x00007ffd752d7000 	C:\WINDOWS\SYSTEM32\dhcpcsvc6.DLL
0x00007ffd76ba0000 - 0x00007ffd76bbd000 	C:\WINDOWS\SYSTEM32\dhcpcsvc.DLL

dbghelp: loaded successfully - version: 4.0.5 - missing functions: none
symbol engine: initialized successfully - sym options: 0x614 - pdb path: .;c:\Users\user\.vscode\extensions\redhat.java-1.7.0-win32-x64\jre\17.0.3-win32-x86_64\bin;C:\WINDOWS\SYSTEM32;C:\WINDOWS\WinSxS\amd64_microsoft.windows.common-controls_6595b64144ccf1df_6.0.19041.1110_none_60b5254171f9507e;c:\Users\user\.vscode\extensions\redhat.java-1.7.0-win32-x64\jre\17.0.3-win32-x86_64\bin\server

VM Arguments:
jvm_args: --add-modules=ALL-SYSTEM --add-exports=jdk.compiler/com.sun.tools.javac.file=ALL-UNNAMED --add-exports=jdk.compiler/com.sun.tools.javac.util=ALL-UNNAMED --add-exports=jdk.compiler/com.sun.tools.javac.comp=ALL-UNNAMED --add-exports=jdk.compiler/com.sun.tools.javac.main=ALL-UNNAMED --add-exports=jdk.compiler/com.sun.tools.javac.tree=ALL-UNNAMED --add-exports=jdk.compiler/com.sun.tools.javac.code=ALL-UNNAMED -Dsts.lsp.client=vscode -Dsts.log.file=/dev/null -XX:TieredStopAtLevel=1 -Dspring.config.location=file:c:\Users\user\.vscode\extensions\pivotal.vscode-spring-boot-1.36.0\language-server\BOOT-INF\classes\application.properties 
java_command: org.springframework.ide.vscode.boot.app.BootLanguageServerBootApp
java_class_path (initial): c:\Users\user\.vscode\extensions\pivotal.vscode-spring-boot-1.36.0\language-server\BOOT-INF\classes;c:\Users\user\.vscode\extensions\pivotal.vscode-spring-boot-1.36.0\language-server\BOOT-INF\lib\annotations-23.0.0.jar;c:\Users\user\.vscode\extensions\pivotal.vscode-spring-boot-1.36.0\language-server\BOOT-INF\lib\antlr-runtime-3.5.2.jar;c:\Users\user\.vscode\extensions\pivotal.vscode-spring-boot-1.36.0\language-server\BOOT-INF\lib\antlr4-4.9.3.jar;c:\Users\user\.vscode\extensions\pivotal.vscode-spring-boot-1.36.0\language-server\BOOT-INF\lib\antlr4-runtime-4.9.3.jar;c:\Users\user\.vscode\extensions\pivotal.vscode-spring-boot-1.36.0\language-server\BOOT-INF\lib\asm-9.3.jar;c:\Users\user\.vscode\extensions\pivotal.vscode-spring-boot-1.36.0\language-server\BOOT-INF\lib\asm-analysis-9.3.jar;c:\Users\user\.vscode\extensions\pivotal.vscode-spring-boot-1.36.0\language-server\BOOT-INF\lib\asm-tree-9.3.jar;c:\Users\user\.vscode\extensions\pivotal.vscode-spring-boot-1.36.0\language-server\BOOT-INF\lib\asm-util-9.3.jar;c:\Users\user\.vscode\extensions\pivotal.vscode-spring-boot-1.36.0\language-server\BOOT-INF\lib\byte-buddy-1.10.18.jar;c:\Users\user\.vscode\extensions\pivotal.vscode-spring-boot-1.36.0\language-server\BOOT-INF\lib\caffeine-2.8.6.jar;c:\Users\user\.vscode\extensions\pivotal.vscode-spring-boot-1.36.0\language-server\BOOT-INF\lib\checker-qual-3.12.0.jar;c:\Users\user\.vscode\extensions\pivotal.vscode-spring-boot-1.36.0\language-server\BOOT-INF\lib\classgraph-4.8.146.jar;c:\Users\user\.vscode\extensions\pivotal.vscode-spring-boot-1.36.0\language-server\BOOT-INF\lib\commons-codec-1.14.jar;c:\Users\user\.vscode\extensions\pivotal.vscode-spring-boot-1.36.0\language-server\BOOT-INF\lib\commons-compress-1.21.jar;c:\Users\user\.vscode\extensions\pivotal.vscode-spring-boot-1.36.0\language-server\BOOT-INF\lib\commons-exec-1.3.jar;c:\Users\user\.vscode\extensions\pivotal.vscode-spring-boot-1.36.0\language-server\BOOT-INF\lib\commons-io-2.4.jar;c
Launcher Type: SUN_STANDARD

[Global flags]
     intx CICompilerCount                          = 3                                         {product} {ergonomic}
     uint ConcGCThreads                            = 1                                         {product} {ergonomic}
     uint G1ConcRefinementThreads                  = 4                                         {product} {ergonomic}
   size_t G1HeapRegionSize                         = 1048576                                   {product} {ergonomic}
    uintx GCDrainStackTargetSize                   = 64                                        {product} {ergonomic}
   size_t InitialHeapSize                          = 67108864                                  {product} {ergonomic}
   size_t MarkStackSize                            = 4194304                                   {product} {ergonomic}
   size_t MaxHeapSize                              = 1052770304                                {product} {ergonomic}
   size_t MaxNewSize                               = 631242752                                 {product} {ergonomic}
   size_t MinHeapDeltaBytes                        = 1048576                                   {product} {ergonomic}
   size_t MinHeapSize                              = 8388608                                   {product} {ergonomic}
    uintx NonProfiledCodeHeapSize                  = 0                                      {pd product} {ergonomic}
     bool ProfileInterpreter                       = false                                  {pd product} {command line}
    uintx ProfiledCodeHeapSize                     = 0                                      {pd product} {ergonomic}
   size_t SoftMaxHeapSize                          = 1052770304                             {manageable} {ergonomic}
     intx TieredStopAtLevel                        = 1                                         {product} {command line}
     bool UseCompressedClassPointers               = true                           {product lp64_product} {ergonomic}
     bool UseCompressedOops                        = true                           {product lp64_product} {ergonomic}
     bool UseG1GC                                  = true                                      {product} {ergonomic}
     bool UseLargePagesIndividualAllocation        = false                                  {pd product} {ergonomic}

Logging:
Log output configuration:
 #0: stdout all=warning uptime,level,tags
 #1: stderr all=off uptime,level,tags

Environment Variables:
JAVA_HOME=C:\Program Files\Java\jdk1.8.0_201
PATH=C:\Program Files\Java\jdk1.8.0_201\bin;C:\20220103_lab\99.devTool\apache-maven-3.8.1\bin;C:\oraclexe\app\oracle\product\11.2.0\server\bin;C:\Program Files (x86)\Common Files\Oracle\Java\javapath;C:\CUBRID\bin\;C:\Program Files (x86)\Intel\iCLS Client\;C:\Program Files\Intel\iCLS Client\;C:\WINDOWS\system32;C:\WINDOWS;C:\WINDOWS\System32\Wbem;C:\WINDOWS\System32\WindowsPowerShell\v1.0\;C:\Program Files\Intel\WiFi\bin\;C:\Program Files\Common Files\Intel\WirelessCommon\;C:\Program Files (x86)\Intel\Intel(R) Management Engine Components\DAL;C:\Program Files\Intel\Intel(R) Management Engine Components\DAL;C:\Program Files (x86)\Intel\Intel(R) Management Engine Components\IPT;C:\Program Files\Intel\Intel(R) Management Engine Components\IPT;C:\WINDOWS\System32\OpenSSH\;C:\Program Files\dotnet\;C:\Program Files\Git\cmd;C:\msys64\mingw64\bin;C:\Program Files\nodejs\;C:\Program Files\PuTTY\;C:\Users\user\anaconda3;C:\Users\user\anaconda3\Library\mingw-w64\bin;C:\Users\user\anaconda3\Library\usr\bin;C:\Users\user\anaconda3\Library\bin;C:\Users\user\anaconda3\Scripts;C:\Program Files\MySQL\MySQL Shell 8.0\bin\;C:\Users\user\AppData\Local\Programs\Python\Launcher\;C:\R\R-4.0.4\bin\x64;C:\CUBRID\bin\;C:\Program Files (x86)\Intel\iCLS Client\;C:\Program Files\Intel\iCLS Client\;C:\WINDOWS\system32;C:\WINDOWS;C:\WINDOWS\System32\Wbem;C:\WINDOWS\System32\WindowsPowerShell\v1.0\;C:\Program Files\Intel\WiFi\bin\;C:\Program Files\Common Files\Intel\WirelessCommon\;C:\Program Files (x86)\Intel\Intel(R) Management Engine Components\DAL;C:\Program Files\Intel\Intel(R) Management Engine Components\DAL;C:\Program Files (x86)\Intel\Intel(R) Management Engine Components\IPT;C:\Program Files\Intel\Intel(R) Management Engine Components\IPT;C:\WINDOWS\System32\OpenSSH\;C:\Users\user\AppData\Local\Microsoft\WindowsApps;C:\Users\user\AppData\Local\Programs\Microsoft VS Code\bin;C:\R\RStudio\bin\rpostback;C:\R\RStudio\bin\postback;C:\Users\user\.dotnet\tools;C:\Users\user\AppData\Roaming\npm
USERNAME=user
OS=Windows_NT
PROCESSOR_IDENTIFIER=Intel64 Family 6 Model 142 Stepping 9, GenuineIntel



---------------  S Y S T E M  ---------------

OS:
 Windows 10 , 64 bit Build 19041 (10.0.19041.1741)
OS uptime: 1 days 7:25 hours

CPU: total 4 (initial active 4) (2 cores per cpu, 2 threads per core) family 6 model 142 stepping 9 microcode 0xb4, cx8, cmov, fxsr, ht, mmx, 3dnowpref, sse, sse2, sse3, ssse3, sse4.1, sse4.2, popcnt, lzcnt, tsc, tscinvbit, aes, erms, clmul, clflush, clflushopt

Memory: 4k page, system-wide physical 4009M (79M free)
TotalPageFile size 16297M (AvailPageFile size 10M)
current process WorkingSet (physical memory assigned to process): 80M, peak: 459M
current process commit charge ("private bytes"): 276M, peak: 612M

vm_info: OpenJDK 64-Bit Server VM (17.0.3+7) for windows-amd64 JRE (17.0.3+7), built on Apr 19 2022 16:55:35 by "" with MS VC++ 16.7 (VS2019)

END.
